2025-12-05 07:05:10 | src.tools.code_executor | [32mINFO[0m | Installing dependencies: ['logging', 'None']
2025-12-05 07:05:34 | src.tools.code_executor | [32mINFO[0m | Dependencies installed successfully
2025-12-05 07:05:34 | src.tools.code_executor | [32mINFO[0m | Executing Python code from C:\Users\Govind\AppData\Local\Temp\tmpm3p_dl3_.py
2025-12-05 07:05:34 | src.tools.code_executor | [32mINFO[0m | Python execution succeeded
2025-12-05 11:53:23 | src.tools.code_executor | [32mINFO[0m | Compiling Java code with Maven: SimplePrinter
2025-12-05 11:53:30 | src.tools.code_executor | [32mINFO[0m | Compiling Java code with Maven: SimplePrinter
2025-12-05 11:53:38 | src.tools.code_executor | [32mINFO[0m | Compiling Java code with Maven: SimplePrinter
2025-12-05 11:53:53 | src.tools.code_executor | [32mINFO[0m | Compiling Java code with Maven: SimplePrinter
2025-12-05 11:54:00 | src.tools.code_executor | [32mINFO[0m | Compiling Java code with Maven: CodeConfirmation
2025-12-05 11:54:07 | src.tools.code_executor | [32mINFO[0m | Compiling Java code with Maven: SimpleTest
2025-12-05 11:54:17 | src.tools.code_executor | [32mINFO[0m | Compiling Java code with Maven: SimplePrinter
2025-12-05 11:54:25 | src.tools.code_executor | [32mINFO[0m | Compiling Java code with Maven: SimplePrinter
2025-12-05 11:58:18 | src.tools.code_executor | [32mINFO[0m | Compiling Java code with Maven: SimpleTest
2025-12-05 11:58:25 | src.tools.code_executor | [32mINFO[0m | Java compilation succeeded, executing...
2025-12-05 11:58:30 | src.tools.code_executor | [32mINFO[0m | Maven exec result: returncode=0
2025-12-05 11:58:30 | src.tools.code_executor | [32mINFO[0m | Exec stdout: [INFO] Scanning for projects...
Downloading from central: https://repo.maven.apache.org/maven2/org/codehaus/mojo/exec-maven-plugin/3.1.1/exec-maven-plugin-3.1.1.pom
Progress (1): 1.0 kB
Progress (1): 3.5 kB
Progress (1): 5.3 kB
Progress (1): 8.7 kB
Progress (1): 12 kB 
Progress (1): 13 kB
Progress (1): 15 kB
                   
Downloaded from central: https://repo.maven.apache.org/maven2/org/codehaus/mojo/exec-maven-plugin/3.1.1/exec-maven-plugin-3.1.1.pom (15 kB at 27 kB/s)
Downloading from central: https://repo.maven.apache.org/maven2/org/codehaus/mojo/mojo-parent/77/mojo-parent-77.pom
Progress (1): 707 B
Progress (1): 2.4 kB
Progress (1): 5.0 kB
Progress (1): 7.6 kB
Progress (1): 9.9 kB
Progress (1): 12 kB 
Progress (1): 14 kB
Progress (1): 20 kB
Progress (1): 24 kB
Progress (1): 27 kB
Progress (1): 29 kB
Progress (1): 31 kB
Progress (1): 36 kB
Progress (1): 36 kB
                   
Downloaded from central: https://repo.maven.apache.org/maven2/org/codehaus/mojo/mojo-parent/77/mojo-parent-77.pom (36 kB at 526 kB/s)
Downloading from central: https://repo.maven.apache.org/maven2/org/codehaus/mojo/exec-maven-plugin/3.1.1/exec-maven-plugin-3.1.1.jar
Progress (1): 0.9/77 kB
Progress (1): 2.3/77 kB
Progress (1): 3.6/77 kB
Progress (1): 5.0/77 kB
Progress (1): 6.4/77 kB
Progress (1): 7.7/77 kB
Progress (1): 9.1/77 kB
Progress (1): 10/77 kB 
Progress (1): 12/77 kB
Progress (1): 13/77 kB
Progress (1): 15/77 kB
Progress (1): 16/77 kB
Progress (1): 17/77 kB
Progress (1): 19/77 kB
Progress (1): 20/77 kB
Progress (1): 20/77 kB
Progress (1): 21/77 kB
Progress (1): 23/77 kB
Progress (1): 24/77 kB
Progress (1): 26/77 kB
Progress (1): 27/77 kB
Progress (1): 28/77 kB
Progress (1): 30/77 kB
Progress (1): 31/77 kB
Progress (1): 32/77 kB
Progress (1): 34/77 kB
Progress (1): 35/77 kB
Progress (1): 37/77 kB
Progress (1): 41/77 kB
Progress (1): 45/77 kB
Progress (1): 49/77 kB
Progress (1): 53/77 kB
Progress (1): 58/77 kB
Progress (1): 62/77 kB
Progress (1): 66/77 kB
Progress (1): 70/77 kB
Progress (1): 75/77 kB
Progress (1): 77 kB   
                   
Downloaded from central: https://repo.maven.apache.org/maven2/org/codehaus/mojo/exec-maven-plugin/3.1.1/exec-maven-plugin-3.1.1.jar (77 kB at 1.2 MB/s)
[INFO] 
[INFO] ---------------------< com.agenticcode:execution >----------------------
[INFO] Building execution 1.0
[INFO]   from pom.xml
[INFO] --------------------------------[ jar ]---------------------------------
[INFO] 
[INFO] --- exec:3.1.1:java (default-cli) @ execution ---
Downloading from central: https://repo.maven.apache.org/maven2/org/apache/maven/resolver/maven-resolver-util/1.4.1/maven-resolver-util-1.4.1.pom
Progress (1): 815 B
Progress (1): 2.8 kB
Progress (1): 2.8 kB
                    
Downloaded from central: https://repo.maven.apache.org/maven2/org/apache/maven/resolver/maven-resolver-util/1.4.1/maven-resolver-util-1.4.1.pom (2.8 kB at 57 kB/s)
Downloading from central: https://repo.maven.apache.org/maven2/org/apache/maven/resolver/maven-resolver/1.4.1/maven-resolver-1.4.1.pom
Progress (1): 769 B
Progress (1): 2.2 kB
Progress (1): 5.9 kB
Progress (1): 9.6 kB
Progress (1): 13 kB 
Progress (1): 16 kB
Progress (1): 18 kB
                   
Downloaded from central: https://repo.maven.apache.org/maven2/org/apache/maven/resolver/maven-resolver/1.4.1/maven-resolver-1.4.1.pom (18 kB at 466 kB/s)
Downloading from central: https://repo.maven.apache.org/maven2/org/apache/maven/maven-parent/33/maven-parent-33.pom
Progress (1): 721 B
Progress (1): 1.9 kB
Progress (1): 5.4 kB
Progress (1): 10 kB 
Progress (1): 15 kB
Progress (1): 19 kB
Progress (1): 24 kB
Progress (1): 26 kB
Progress (1): 26 kB
Progress (1): 28 kB
Progress (1): 32 kB
Progress (1): 35 kB
Progress (1): 38 kB
Progress (1): 41 kB
Progress (1): 44 kB
                   
Downloaded from central: https://repo.maven.apache.org/maven2/org/apache/maven/maven-parent/33/maven-parent-33.pom (44 kB at 1.0 MB/s)
Downloading from central: https://repo.maven.apache.org/maven2/org/apache/apache/21/apache-21.pom
Progress (1): 753 B
Progress (1): 2.1 kB
Progress (1): 3.9 kB
Progress (1): 8.3 kB
Progress (1): 13 kB 
Progress (1): 16 kB
Progress (1): 17 kB
                   
Downloaded from central: https://repo.maven.apache.org/maven2/org/apache/apache/21/apache-21.pom (17 kB at 335 kB/s)
Downloading from central: https://repo.maven.apache.org/maven2/org/apache/maven/resolver/maven-resolver-api/1.4.1/maven-resolver-api-1.4.1.pom
Progress (1): 843 B
Progress (1): 2.6 kB
                    
Downloaded from central: https://repo.maven.apache.org/maven2/org/apache/maven/resolver/maven-resolver-api/1.4.1/maven-resolver-api-1.4.1.pom (2.6 kB at 71 kB/s)
Downloading from central: https://repo.maven.apache.org/maven2/org/apache/commons/commons-exec/1.3/commons-exec-1.3.pom
Progress (1): 786 B
Progress (1): 2.3 kB
Progress (1): 5.3 kB
Progress (1): 7.9 kB
Progress (1): 11 kB 
Progress (1): 11 kB
                   
Downloaded from central: https://repo.maven.apache.org/maven2/org/apache/commons/commons-exec/1.3/commons-exec-1.3.pom (11 kB at 282 kB/s)
Downloading from central: https://repo.maven.apache.org/maven2/org/apache/commons/commons-parent/35/commons-parent-35.pom
Progress (1): 725 B
Progress (1): 2.0 kB
Progress (1): 3.4 kB
Progress (1): 4.9 kB
Progress (1): 8.5 kB
Progress (1): 11 kB 
Progress (1): 15 kB
Progress (1): 18 kB
Progress (1): 19 kB
Progress (1): 22 kB
Progress (1): 25 kB
Progress (1): 27 kB
Progress (1): 31 kB
Progress (1): 34 kB
Progress (1): 38 kB
Progress (1): 44 kB
Progress (1): 46 kB
Progress (1): 48 kB
Progress (1): 51 kB
Progress (1): 53 kB
Progress (1): 56 kB
Progress (1): 57 kB
Progress (1): 58 kB
                   
Downloaded from central: https://repo.maven.apache.org/maven2/org/apache/commons/commons-parent/35/commons-parent-35.pom (58 kB at 1.1 MB/s)
Downloading from central: https://repo.maven.apache.org/maven2/org/apache/apache/15/apache-15.pom
Progress (1): 759 B
Progress (1): 2.1 kB
Progress (1): 4.0 kB
Progress (1): 7.9 kB
Progress (1): 11 kB 
Progress (1): 14 kB
Progress (1): 15 kB
                   
Downloaded from central: https://repo.maven.apache.org/maven2/org/apache/apache/15/apache-15.pom (15 kB at 401 kB/s)
Downloading from central: https://repo.maven.apache.org/maven2/org/apache/maven/resolver/maven-resolver-util/1.4.1/maven-resolver-util-1.4.1.jar
Progress (1): 3.8/168 kB
Progress (1): 8.0/168 kB
Progress (1): 12/168 kB 
Progress (1): 20/168 kB
Progress (1): 37/168 kB
Progress (1): 53/168 kB
Progress (1): 69/168 kB
Progress (1): 86/168 kB
Progress (1): 102/168 kB
Progress (1): 118/168 kB
Progress (1): 135/168 kB
Progress (1): 151/168 kB
Progress (1): 168 kB    
                    
Downloaded from central: https://repo.maven.apache.org/maven2/org/apache/maven/resolver/maven-resolver-util/1.4.1/maven-resolver-util-1.4.1.jar (168 kB at 2.2 MB/s)
Downloading from central: https://repo.maven.apache.org/maven2/org/apache/maven/resolver/maven-resolver-api/1.4.1/maven-resolver-api-1.4.1.jar
Downloading from central: https://repo.maven.apache.org/maven2/org/codehaus/plexus/plexus-component-annotations/2.1.1/plexus-component-annotations-2.1.1.jar
Downloading from central: https://repo.maven.apache.org/maven2/org/apache/commons/commons-exec/1.3/commons-exec-1.3.jar
Progress (1): 4.1 kB
                    
Downloaded from central: https://repo.maven.apache.org/maven2/org/codehaus/plexus/plexus-component-annotations/2.1.1/plexus-component-annotations-2.1.1.jar (4.1 kB at 84 kB/s)
Progress (1): 0.9/54 kB
Progress (1): 2.3/54 kB
Progress (1): 3.6/54 kB
Progress (1): 3.7/54 kB
Progress (1): 5.1/54 kB
Progress (2): 5.1/54 kB | 0.9/149 kB
Progress (2): 6.5/54 kB | 0.9/149 kB
Progress (2): 6.5/54 kB | 2.3/149 kB
Progress (2): 7.8/54 kB | 2.3/149 kB
Progress (2): 7.8/54 kB | 3.6/149 kB
Progress (2): 9.2/54 kB | 3.6/149 kB
Progress (2): 11/54 kB | 3.6/149 kB 
Progress (2): 11/54 kB | 5.0/149 kB
Progress (2): 12/54 kB | 5.0/149 kB
Progress (2): 12/54 kB | 6.4/149 kB
Progress (2): 13/54 kB | 6.4/149 kB
Progress (2): 13/54 kB | 7.7/149 kB
Progress (2): 15/54 kB | 7.7/149 kB
Progress (2): 15/54 kB | 8.2/149 kB
Progress (2): 16/54 kB | 8.2/149 kB
Progress (2): 16/54 kB | 9.6/149 kB
Progress (2): 16/54 kB | 11/149 kB 
Progress (2): 17/54 kB | 11/149 kB
Progress (2): 17/54 kB | 12/149 kB
Progress (2): 19/54 kB | 12/149 kB
Progress (2): 19/54 kB | 14/149 kB
Progress (2): 20/54 kB | 14/149 kB
Progress (2): 22/54 kB | 14/149 kB
Progress (2): 22/54 kB | 15/149 kB
Progress (2): 23/54 kB | 15/149 kB
Progress (2): 23/54 kB | 16/149 kB
Progress (2): 24/54 kB | 16/149 kB
Progress (2): 24/54 kB | 18/149 kB
Progress (2): 26/54 kB | 18/149 kB
Progress (2): 26/54 kB | 19/149 kB
Progress (2): 27/54 kB | 19/149 kB
Progress (2): 27/54 kB | 21/149 kB
Progress (2): 28/54 kB | 21/149 kB
Progress (2): 28/54 kB | 22/149 kB
Progress (2): 30/54 kB | 22/149 kB
Progress (2): 30/54 kB | 23/149 kB
Progress (2): 31/54 kB | 23/149 kB
Progress (2): 31/54 kB | 25/149 kB
Progress (2): 32/54 kB | 25/149 kB
Progress (2): 32/54 kB | 26/149 kB
Progress (2): 34/54 kB | 26/149 kB
Progress (2): 34/54 kB | 27/149 kB
Progress (2): 35/54 kB | 27/149 kB
Progress (2): 35/54 kB | 29/149 kB
Progress (2): 37/54 kB | 29/149 kB
Progress (2): 38/54 kB | 29/149 kB
Progress (2): 39/54 kB | 29/149 kB
Progress (2): 39/54 kB | 30/149 kB
Progress (2): 41/54 kB | 30/149 kB
Progress (2): 41/54 kB | 31/149 kB
Progress (2): 42/54 kB | 31/149 kB
Progress (2): 42/54 kB | 33/149 kB
Progress (2): 43/54 kB | 33/149 kB
Progress (2): 43/54 kB | 34/149 kB
Progress (2): 45/54 kB | 34/149 kB
Progress (2): 45/54 kB | 36/149 kB
Progress (2): 46/54 kB | 36/149 kB
Progress (2): 46/54 kB | 37/149 kB
Progress (2): 48/54 kB | 37/149 kB
Progress (2): 48/54 kB | 38/149 kB
Progress (2): 49/54 kB | 38/149 kB
Progress (2): 49/54 kB | 40/149 kB
Progress (2): 50/54 kB | 40/149 kB
Progress (2): 50/54 kB | 41/149 kB
Progress (2): 52/54 kB | 41/149 kB
Progress (2): 53/54 kB | 41/149 kB
Progress (2): 53/54 kB | 42/149 kB
Progress (2): 54/54 kB | 42/149 kB
Progress (2): 54 kB | 42/149 kB   
Progress (2): 54 kB | 44/149 kB
Progress (2): 54 kB | 45/149 kB
Progress (2): 54 kB | 47/149 kB
Progress (2): 54 kB | 48/149 kB
Progress (2): 54 kB | 49/149 kB
Progress (2): 54 kB | 51/149 kB
Progress (2): 54 kB | 52/149 kB
Progress (2): 54 kB | 53/149 kB
Progress (2): 54 kB | 55/149 kB
Progress (2): 54 kB | 59/149 kB
Progress (2): 54 kB | 63/149 kB
Progress (2): 54 kB | 67/149 kB
Progress (2): 54 kB | 72/149 kB
Progress (2): 54 kB | 76/149 kB
Progress (2): 54 kB | 80/149 kB
Progress (2): 54 kB | 84/149 kB
Progress (2): 54 kB | 89/149 kB
Progress (2): 54 kB | 93/149 kB
Progress (2): 54 kB | 97/149 kB
Progress (2): 54 kB | 101/149 kB
Progress (2): 54 kB | 105/149 kB
Progress (2): 54 kB | 110/149 kB
Progress (2): 54 kB | 114/149 kB
Progress (2): 54 kB | 118/149 kB
Progress (2): 54 kB | 122/149 kB
Progress (2): 54 kB | 127/149 kB
Progress (2): 54 kB | 131/149 kB
Progress (2): 54 kB | 135/149 kB
Progress (2): 54 kB | 139/149 kB
Progress (2): 54 kB | 143/149 kB
Progress (2): 54 kB | 148/149 kB
Progress (2): 54 kB | 149 kB    
                            
Downloaded from central: https://repo.maven.apache.org/maven2/org/apache/commons/commons-exec/1.3/commons-exec-1.3.jar (54 kB at 534 kB/s)
Downloaded from central: https://repo.maven.apache.org/maven2/org/apache/maven/resolver/maven-resolver-api/1.4.1/maven-resolver-api-1.4.1.jar (149 kB at 1.4 MB/s)
your code is working
[INFO] ------------------------------------------------------------------------
[INFO] BUILD SUCCESS
[INFO] ------------------------------------------------------------------------
[INFO] Total time:  2.330 s
[INFO] Finished at: 2025-12-05T11:58:30Z
[INFO] ------------------------------------------------------------------------

2025-12-05 11:58:30 | src.tools.code_executor | [32mINFO[0m | Exec stderr: 
2025-12-05 11:58:30 | src.tools.code_executor | [32mINFO[0m | Java execution succeeded
2025-12-05 12:00:14 | src.tools.code_executor | [32mINFO[0m | Executing Python code from C:\Users\Govind\AppData\Local\Temp\tmp_u39drq4.py
2025-12-05 12:00:15 | src.tools.code_executor | [32mINFO[0m | Python execution succeeded
2025-12-05 12:02:17 | src.tools.code_executor | [32mINFO[0m | Compiling Java code with Maven: BinarySearcher
2025-12-05 12:02:21 | src.tools.code_executor | [32mINFO[0m | Java compilation succeeded, executing...
2025-12-05 12:02:24 | src.tools.code_executor | [32mINFO[0m | Maven exec result: returncode=0
2025-12-05 12:02:24 | src.tools.code_executor | [32mINFO[0m | Exec stdout: [INFO] Scanning for projects...
[INFO] 
[INFO] ---------------------< com.agenticcode:execution >----------------------
[INFO] Building execution 1.0
[INFO]   from pom.xml
[INFO] --------------------------------[ jar ]---------------------------------
[INFO] 
[INFO] --- exec:3.1.1:java (default-cli) @ execution ---
--- Binary Search Demonstration ---
Array: [2, 5, 8, 12, 16, 23, 38, 56, 72, 91]
Target 23 found at index 5 (Value: 23)
Target 2 found at index 0 (Value: 2)
Target 91 found at index 9 (Value: 91)
Target 40 not found.
Target 100 not found.

Testing empty array...
Warning: Array is null or empty.
Target 10 not found.
[INFO] ------------------------------------------------------------------------
[INFO] BUILD SUCCESS
[INFO] ------------------------------------------------------------------------
[INFO] Total time:  0.652 s
[INFO] Finished at: 2025-12-05T12:02:24Z
[INFO] ------------------------------------------------------------------------

2025-12-05 12:02:24 | src.tools.code_executor | [32mINFO[0m | Exec stderr: 
2025-12-05 12:02:24 | src.tools.code_executor | [32mINFO[0m | Java execution succeeded
2025-12-05 12:05:05 | src.tools.code_executor | [32mINFO[0m | Installing dependencies: ['Standard Python 3.10+', 'typing']
2025-12-05 12:05:07 | src.tools.code_executor | [31mERROR[0m | Dependency installation failed: ERROR: Invalid requirement: 'Standard Python 3.10+': Expected end or semicolon (after name and no valid version specifier)
    Standard Python 3.10+
             ^

2025-12-05 12:07:33 | src.tools.code_executor | [32mINFO[0m | Installing dependencies: ['None', 'logging', 'typing']
2025-12-05 12:07:43 | src.tools.code_executor | [32mINFO[0m | Dependencies installed successfully
2025-12-05 12:07:43 | src.tools.code_executor | [32mINFO[0m | Executing Python code from C:\Users\Govind\AppData\Local\Temp\tmpr81c99xy.py
2025-12-05 12:07:43 | src.tools.code_executor | [32mINFO[0m | Python execution succeeded
2025-12-05 12:09:11 | src.tools.code_executor | [32mINFO[0m | Installing dependencies: ['None (Standard Python library)', 'logging', 'typing']
2025-12-05 12:09:12 | src.tools.code_executor | [31mERROR[0m | Dependency installation failed: ERROR: Invalid requirement: 'None (Standard Python library)': Expected matching RIGHT_PARENTHESIS for LEFT_PARENTHESIS, after version specifier
    None (Standard Python library)
         ~^

2025-12-05 12:09:28 | src.tools.code_executor | [32mINFO[0m | Installing dependencies: ['None (Standard Python library)', 'logging', 'typing']
2025-12-05 12:09:29 | src.tools.code_executor | [31mERROR[0m | Dependency installation failed: ERROR: Invalid requirement: 'None (Standard Python library)': Expected matching RIGHT_PARENTHESIS for LEFT_PARENTHESIS, after version specifier
    None (Standard Python library)
         ~^

2025-12-05 12:26:05 | src.tools.code_executor | [32mINFO[0m | Installing dependencies: ['typing', 'None (Standard Python Library)']
2025-12-05 12:26:05 | src.tools.code_executor | [33mWARNING[0m | Removed invalid dependency entries before install: ['None (Standard Python Library)']
2025-12-05 12:26:05 | src.tools.code_executor | [32mINFO[0m | Final pip packages to install: ['typing']
2025-12-05 12:26:06 | src.tools.code_executor | [32mINFO[0m | Dependencies installed successfully
2025-12-05 12:26:06 | src.tools.code_executor | [32mINFO[0m | Executing Python code from C:\Users\Govind\AppData\Local\Temp\tmpu4hsne6m.py
2025-12-05 12:26:06 | src.tools.code_executor | [32mINFO[0m | Python execution succeeded
2025-12-05 12:27:03 | src.tools.code_executor | [32mINFO[0m | Executing Python code from C:\Users\Govind\AppData\Local\Temp\tmp9yvz9_yz.py
2025-12-05 12:27:03 | src.tools.code_executor | [32mINFO[0m | Python execution succeeded
2025-12-05 12:27:45 | src.tools.code_executor | [32mINFO[0m | Executing Python code from C:\Users\Govind\AppData\Local\Temp\tmp4nqnymyk.py
2025-12-05 12:27:46 | src.tools.code_executor | [32mINFO[0m | Python execution succeeded
2025-12-05 12:28:26 | src.tools.code_executor | [32mINFO[0m | Installing dependencies: ['logging', 'typing']
2025-12-05 12:28:26 | src.tools.code_executor | [32mINFO[0m | Final pip packages to install: ['logging', 'typing']
2025-12-05 12:28:27 | src.tools.code_executor | [32mINFO[0m | Dependencies installed successfully
2025-12-05 12:28:27 | src.tools.code_executor | [32mINFO[0m | Executing Python code from C:\Users\Govind\AppData\Local\Temp\tmpyzxlz37w.py
2025-12-05 12:28:27 | src.tools.code_executor | [32mINFO[0m | Python execution succeeded
2025-12-05 12:39:45 | src.tools.code_executor | [32mINFO[0m | Executing Python code from C:\Users\Govind\AppData\Local\Temp\tmpiavpd803.py
2025-12-05 12:39:45 | src.tools.code_executor | [32mINFO[0m | Python execution succeeded
2025-12-05 12:41:28 | src.tools.code_executor | [32mINFO[0m | Installing dependencies: ['logging', 'typing', 'None (Standard Python 3']
2025-12-05 12:41:28 | src.tools.code_executor | [33mWARNING[0m | Removed invalid dependency entries before install: ['None (Standard Python 3']
2025-12-05 12:41:28 | src.tools.code_executor | [32mINFO[0m | Final pip packages to install: ['logging', 'typing']
2025-12-05 12:41:30 | src.tools.code_executor | [32mINFO[0m | Dependencies installed successfully
2025-12-05 12:41:30 | src.tools.code_executor | [32mINFO[0m | Executing Python code from C:\Users\Govind\AppData\Local\Temp\tmp9tejsndb.py
2025-12-05 12:41:30 | src.tools.code_executor | [32mINFO[0m | Python execution succeeded
2025-12-05 12:42:53 | src.tools.code_executor | [32mINFO[0m | Executing Python code from C:\Users\Govind\AppData\Local\Temp\tmp18wjkm_4.py
2025-12-05 12:42:53 | src.tools.code_executor | [32mINFO[0m | Python execution succeeded
2025-12-05 12:43:38 | src.tools.code_executor | [32mINFO[0m | Installing dependencies: ['requests', 'logging', 'beautifulsoup4', 'typing']
2025-12-05 12:43:38 | src.tools.code_executor | [32mINFO[0m | Final pip packages to install: ['requests', 'logging', 'beautifulsoup4', 'typing']
2025-12-05 12:43:39 | src.tools.code_executor | [32mINFO[0m | Dependencies installed successfully
2025-12-05 12:43:39 | src.tools.code_executor | [32mINFO[0m | Executing Python code from C:\Users\Govind\AppData\Local\Temp\tmpfo0k6agr.py
2025-12-05 12:43:39 | src.tools.code_executor | [32mINFO[0m | Python execution failed
2025-12-05 12:44:16 | src.tools.code_executor | [32mINFO[0m | Installing dependencies: ['requests', 'logging', 'beautifulsoup4', 'typing']
2025-12-05 12:44:16 | src.tools.code_executor | [32mINFO[0m | Final pip packages to install: ['requests', 'logging', 'beautifulsoup4', 'typing']
2025-12-05 12:44:17 | src.tools.code_executor | [32mINFO[0m | Dependencies installed successfully
2025-12-05 12:44:17 | src.tools.code_executor | [32mINFO[0m | Executing Python code from C:\Users\Govind\AppData\Local\Temp\tmpn7rqqq44.py
2025-12-05 12:44:17 | src.tools.code_executor | [32mINFO[0m | Python execution failed
2025-12-05 12:44:34 | src.tools.code_executor | [32mINFO[0m | Executing Python code from C:\Users\Govind\AppData\Local\Temp\tmp_xl8n1ua.py
2025-12-05 12:44:34 | src.tools.code_executor | [32mINFO[0m | Python execution succeeded
2025-12-05 12:45:18 | src.tools.code_executor | [32mINFO[0m | Installing dependencies: ['numpy', 'logging', 'typing']
2025-12-05 12:45:18 | src.tools.code_executor | [32mINFO[0m | Final pip packages to install: ['numpy', 'logging', 'typing']
2025-12-05 12:45:19 | src.tools.code_executor | [32mINFO[0m | Dependencies installed successfully
2025-12-05 12:45:19 | src.tools.code_executor | [31mERROR[0m | Python execution error: 'charmap' codec can't encode character '\u03bb' in position 1413: character maps to <undefined>
2025-12-05 12:47:47 | src.tools.code_executor | [32mINFO[0m | Installing dependencies: ['logging', 'typing']
2025-12-05 12:47:47 | src.tools.code_executor | [32mINFO[0m | Final pip packages to install: ['logging', 'typing']
2025-12-05 12:47:47 | src.tools.code_executor | [31mERROR[0m | Dependency installation failed: C:\Users\Govind\Projects\agentic-code-studio\.venv\Scripts\python.exe: No module named pip

2025-12-05 12:48:05 | src.tools.code_executor | [32mINFO[0m | Installing dependencies: ['logging', 'typing', 'standard python libraries only (logging', 'typing)']
2025-12-05 12:48:05 | src.tools.code_executor | [32mINFO[0m | Final pip packages to install: ['logging', 'typing', 'standard python libraries only (logging', 'typing)']
2025-12-05 12:48:05 | src.tools.code_executor | [31mERROR[0m | Dependency installation failed: C:\Users\Govind\Projects\agentic-code-studio\.venv\Scripts\python.exe: No module named pip

2025-12-05 12:48:20 | src.tools.code_executor | [32mINFO[0m | Installing dependencies: ['logging', 'typing', 'None (Standard Python library only)']
2025-12-05 12:48:20 | src.tools.code_executor | [33mWARNING[0m | Removed invalid dependency entries before install: ['None (Standard Python library only)']
2025-12-05 12:48:20 | src.tools.code_executor | [32mINFO[0m | Final pip packages to install: ['logging', 'typing']
2025-12-05 12:48:20 | src.tools.code_executor | [31mERROR[0m | Dependency installation failed: C:\Users\Govind\Projects\agentic-code-studio\.venv\Scripts\python.exe: No module named pip

2025-12-05 12:48:46 | src.tools.code_executor | [32mINFO[0m | Installing dependencies: ['logging', 'typing', 'None']
2025-12-05 12:48:46 | src.tools.code_executor | [32mINFO[0m | Final pip packages to install: ['logging', 'typing', 'None']
2025-12-05 12:48:46 | src.tools.code_executor | [31mERROR[0m | Dependency installation failed: C:\Users\Govind\Projects\agentic-code-studio\.venv\Scripts\python.exe: No module named pip

2025-12-05 12:48:54 | src.tools.code_executor | [32mINFO[0m | Installing dependencies: ['typing']
2025-12-05 12:48:54 | src.tools.code_executor | [32mINFO[0m | Final pip packages to install: ['typing']
2025-12-05 12:48:54 | src.tools.code_executor | [31mERROR[0m | Dependency installation failed: C:\Users\Govind\Projects\agentic-code-studio\.venv\Scripts\python.exe: No module named pip

2025-12-05 12:49:06 | src.tools.code_executor | [32mINFO[0m | Installing dependencies: ['logging', 'typing']
2025-12-05 12:49:06 | src.tools.code_executor | [32mINFO[0m | Final pip packages to install: ['logging', 'typing']
2025-12-05 12:49:06 | src.tools.code_executor | [31mERROR[0m | Dependency installation failed: C:\Users\Govind\Projects\agentic-code-studio\.venv\Scripts\python.exe: No module named pip

2025-12-05 12:49:15 | src.tools.code_executor | [32mINFO[0m | Installing dependencies: ['typing']
2025-12-05 12:49:15 | src.tools.code_executor | [32mINFO[0m | Final pip packages to install: ['typing']
2025-12-05 12:49:15 | src.tools.code_executor | [31mERROR[0m | Dependency installation failed: C:\Users\Govind\Projects\agentic-code-studio\.venv\Scripts\python.exe: No module named pip

2025-12-05 12:49:25 | src.tools.code_executor | [32mINFO[0m | Executing Python code from C:\Users\Govind\AppData\Local\Temp\tmpr0msg6rl.py
2025-12-05 12:49:25 | src.tools.code_executor | [32mINFO[0m | Python execution succeeded
2025-12-05 12:50:28 | src.tools.code_executor | [32mINFO[0m | Installing dependencies: ['requests', 'logging', 'beautifulsoup4', 'typing']
2025-12-05 12:50:28 | src.tools.code_executor | [32mINFO[0m | Final pip packages to install: ['requests', 'logging', 'beautifulsoup4', 'typing']
2025-12-05 12:50:28 | src.tools.code_executor | [31mERROR[0m | Dependency installation failed: C:\Users\Govind\Projects\agentic-code-studio\.venv\Scripts\python.exe: No module named pip

2025-12-05 12:52:40 | src.tools.code_executor | [32mINFO[0m | Installing dependencies: ['typing']
2025-12-05 12:52:40 | src.tools.code_executor | [32mINFO[0m | Final pip packages to install: ['typing']
2025-12-05 12:52:40 | src.tools.code_executor | [33mWARNING[0m | pip module missing; attempting to bootstrap pip via ensurepip
2025-12-05 12:52:54 | src.tools.code_executor | [32mINFO[0m | ensurepip stdout: Looking in links: c:\Users\Govind\AppData\Local\Temp\tmpzs8fmvb4
Processing c:\users\govind\appdata\local\temp\tmpzs8fmvb4\setuptools-79.0.1-py3-none-any.whl
Processing c:\users\govind\appdata\local\temp\tmpzs8fmvb4\pip-24.0-py3-none-any.whl
Installing collected packages: setuptools, pip
Successfully installed pip-24.0 setuptools-79.0.1

2025-12-05 12:52:54 | src.tools.code_executor | [32mINFO[0m | ensurepip stderr: 
2025-12-05 12:53:07 | src.tools.code_executor | [32mINFO[0m | Dependencies installed successfully after ensurepip
2025-12-05 12:53:07 | src.tools.code_executor | [32mINFO[0m | Executing Python code from C:\Users\Govind\AppData\Local\Temp\tmpnv08tcl9.py
2025-12-05 12:53:07 | src.tools.code_executor | [32mINFO[0m | Python execution succeeded
2025-12-05 12:54:09 | src.tools.code_executor | [32mINFO[0m | Installing dependencies: ['logging', 'typing', 'None (Standard Python 3']
2025-12-05 12:54:09 | src.tools.code_executor | [33mWARNING[0m | Removed invalid dependency entries before install: ['None (Standard Python 3']
2025-12-05 12:54:09 | src.tools.code_executor | [32mINFO[0m | Final pip packages to install: ['logging', 'typing']
2025-12-05 12:54:21 | src.tools.code_executor | [32mINFO[0m | Dependencies installed successfully
2025-12-05 12:54:21 | src.tools.code_executor | [32mINFO[0m | Executing Python code from C:\Users\Govind\AppData\Local\Temp\tmpr5vp6x9n.py
2025-12-05 12:54:21 | src.tools.code_executor | [32mINFO[0m | Python execution succeeded
2025-12-05 12:54:53 | src.tools.code_executor | [32mINFO[0m | Executing Python code from C:\Users\Govind\AppData\Local\Temp\tmp_1vqorx4.py
2025-12-05 12:54:53 | src.tools.code_executor | [32mINFO[0m | Python execution succeeded
2025-12-05 12:55:25 | src.tools.code_executor | [32mINFO[0m | Installing dependencies: ['typing']
2025-12-05 12:55:25 | src.tools.code_executor | [32mINFO[0m | Final pip packages to install: ['typing']
2025-12-05 12:55:28 | src.tools.code_executor | [32mINFO[0m | Dependencies installed successfully
2025-12-05 12:55:28 | src.tools.code_executor | [32mINFO[0m | Executing Python code from C:\Users\Govind\AppData\Local\Temp\tmpz2yhoydv.py
2025-12-05 12:55:28 | src.tools.code_executor | [32mINFO[0m | Python execution succeeded
2025-12-05 12:56:29 | src.tools.code_executor | [32mINFO[0m | Installing dependencies: ['logging', 'typing']
2025-12-05 12:56:29 | src.tools.code_executor | [32mINFO[0m | Final pip packages to install: ['logging', 'typing']
2025-12-05 12:56:31 | src.tools.code_executor | [32mINFO[0m | Dependencies installed successfully
2025-12-05 12:56:31 | src.tools.code_executor | [32mINFO[0m | Executing Python code from C:\Users\Govind\AppData\Local\Temp\tmp8859wf2g.py
2025-12-05 12:56:32 | src.tools.code_executor | [32mINFO[0m | Python execution succeeded
2025-12-05 12:57:13 | src.tools.code_executor | [32mINFO[0m | Installing dependencies: ['requests', 'logging', 'beautifulsoup4', 'typing']
2025-12-05 12:57:13 | src.tools.code_executor | [32mINFO[0m | Final pip packages to install: ['requests', 'logging', 'beautifulsoup4', 'typing']
2025-12-05 12:57:18 | src.tools.code_executor | [32mINFO[0m | Dependencies installed successfully
2025-12-05 12:57:18 | src.tools.code_executor | [32mINFO[0m | Executing Python code from C:\Users\Govind\AppData\Local\Temp\tmpo4vlxts4.py
2025-12-05 12:57:20 | src.tools.code_executor | [32mINFO[0m | Python execution succeeded
2025-12-05 12:57:50 | src.tools.code_executor | [32mINFO[0m | Installing dependencies: ['numpy', 'logging', 'typing']
2025-12-05 12:57:50 | src.tools.code_executor | [32mINFO[0m | Final pip packages to install: ['numpy', 'logging', 'typing']
2025-12-05 12:57:52 | src.tools.code_executor | [32mINFO[0m | Dependencies installed successfully
2025-12-05 12:57:52 | src.tools.code_executor | [32mINFO[0m | Executing Python code from C:\Users\Govind\AppData\Local\Temp\tmplaw_iaid.py
2025-12-05 12:57:52 | src.tools.code_executor | [32mINFO[0m | Python execution failed
2025-12-05 13:03:38 | src.tools.code_executor | [32mINFO[0m | Executing Python code from C:\Users\Govind\AppData\Local\Temp\tmp47832is6.py
2025-12-05 13:03:38 | src.tools.code_executor | [32mINFO[0m | Python execution succeeded
2025-12-05 13:04:09 | src.tools.code_executor | [32mINFO[0m | Executing Python code from C:\Users\Govind\AppData\Local\Temp\tmp54zb9n_o.py
2025-12-05 13:04:09 | src.tools.code_executor | [32mINFO[0m | Python execution succeeded
2025-12-05 13:04:29 | src.tools.code_executor | [32mINFO[0m | Installing dependencies: ['requests', 'beautifulsoup4']
2025-12-05 13:04:29 | src.tools.code_executor | [32mINFO[0m | Final pip packages to install: ['requests', 'beautifulsoup4']
2025-12-05 13:04:31 | src.tools.code_executor | [32mINFO[0m | Dependencies installed successfully
2025-12-05 13:04:31 | src.tools.code_executor | [32mINFO[0m | Executing Python code from C:\Users\Govind\AppData\Local\Temp\tmpnec_b7rs.py
2025-12-05 13:04:34 | src.tools.code_executor | [32mINFO[0m | Python execution succeeded
2025-12-05 13:04:53 | src.tools.code_executor | [32mINFO[0m | Executing Python code from C:\Users\Govind\AppData\Local\Temp\tmp2y7345dk.py
2025-12-05 13:04:53 | src.tools.code_executor | [32mINFO[0m | Python execution succeeded
2025-12-05 13:10:44 | src.tools.code_executor | [32mINFO[0m | Executing Python code from C:\Users\Govind\AppData\Local\Temp\tmp7cpwymvb.py
2025-12-05 13:10:44 | src.tools.code_executor | [32mINFO[0m | Python execution succeeded
2025-12-05 13:11:25 | src.tools.code_executor | [32mINFO[0m | Executing Python code from C:\Users\Govind\AppData\Local\Temp\tmppn12oz8x.py
2025-12-05 13:11:26 | src.tools.code_executor | [32mINFO[0m | Python execution succeeded
2025-12-05 13:14:27 | src.tools.code_executor | [32mINFO[0m | Compiling Java code with Maven: KnapsackDP
2025-12-05 13:14:31 | src.tools.code_executor | [32mINFO[0m | Java compilation succeeded, executing...
2025-12-05 13:14:35 | src.tools.code_executor | [32mINFO[0m | Maven exec result: returncode=0
2025-12-05 13:14:35 | src.tools.code_executor | [32mINFO[0m | Exec stdout: [INFO] Scanning for projects...
[INFO] 
[INFO] ---------------------< com.agenticcode:execution >----------------------
[INFO] Building execution 1.0
[INFO]   from pom.xml
[INFO] --------------------------------[ jar ]---------------------------------
[INFO] 
[INFO] --- exec:3.1.1:java (default-cli) @ execution ---
Knapsack Capacity: 50
Items available:
Item 1: Value=60, Weight=10
Item 2: Value=100, Weight=20
Item 3: Value=120, Weight=30

--- DP Table (Max Value at dp[i][w]) ---
W\I | I0 | I1 | I2 | I3 |
----+----------------
  0 |  0 |  0 |  0 |  0 |
  1 |  0 |  0 |  0 |  0 |
  2 |  0 |  0 |  0 |  0 |
  3 |  0 |  0 |  0 |  0 |
  4 |  0 |  0 |  0 |  0 |
  5 |  0 |  0 |  0 |  0 |
  6 |  0 |  0 |  0 |  0 |
  7 |  0 |  0 |  0 |  0 |
  8 |  0 |  0 |  0 |  0 |
  9 |  0 |  0 |  0 |  0 |
 10 |  0 | 60 | 60 | 60 |
 11 |  0 | 60 | 60 | 60 |
 12 |  0 | 60 | 60 | 60 |
 13 |  0 | 60 | 60 | 60 |
 14 |  0 | 60 | 60 | 60 |
 15 |  0 | 60 | 60 | 60 |
 16 |  0 | 60 | 60 | 60 |
 17 |  0 | 60 | 60 | 60 |
 18 |  0 | 60 | 60 | 60 |
 19 |  0 | 60 | 60 | 60 |
 20 |  0 | 60 | 100 | 100 |
 21 |  0 | 60 | 100 | 100 |
 22 |  0 | 60 | 100 | 100 |
 23 |  0 | 60 | 100 | 100 |
 24 |  0 | 60 | 100 | 100 |
 25 |  0 | 60 | 100 | 100 |
 26 |  0 | 60 | 100 | 100 |
 27 |  0 | 60 | 100 | 100 |
 28 |  0 | 60 | 100 | 100 |
 29 |  0 | 60 | 100 | 100 |
 30 |  0 | 60 | 160 | 160 |
 31 |  0 | 60 | 160 | 160 |
 32 |  0 | 60 | 160 | 160 |
 33 |  0 | 60 | 160 | 160 |
 34 |  0 | 60 | 160 | 160 |
 35 |  0 | 60 | 160 | 160 |
 36 |  0 | 60 | 160 | 160 |
 37 |  0 | 60 | 160 | 160 |
 38 |  0 | 60 | 160 | 160 |
 39 |  0 | 60 | 160 | 160 |
 40 |  0 | 60 | 160 | 180 |
 41 |  0 | 60 | 160 | 180 |
 42 |  0 | 60 | 160 | 180 |
 43 |  0 | 60 | 160 | 180 |
 44 |  0 | 60 | 160 | 180 |
 45 |  0 | 60 | 160 | 180 |
 46 |  0 | 60 | 160 | 180 |
 47 |  0 | 60 | 160 | 180 |
 48 |  0 | 60 | 160 | 180 |
 49 |  0 | 60 | 160 | 180 |
 50 |  0 | 60 | 160 | 220 |

--- Items Chosen ---
Item 3: Value=120, Weight=30
Item 2: Value=100, Weight=20
Total Weight Used: 50 / 50

========================================
Maximum Achievable Value: 220
Execution Time: 40.993 ms
========================================
[INFO] ------------------------------------------------------------------------
[INFO] BUILD SUCCESS
[INFO] ------------------------------------------------------------------------
[INFO] Total time:  0.665 s
[INFO] Finished at: 2025-12-05T13:14:34Z
[INFO] ------------------------------------------------------------------------

2025-12-05 13:14:35 | src.tools.code_executor | [32mINFO[0m | Exec stderr: 
2025-12-05 13:14:35 | src.tools.code_executor | [32mINFO[0m | Java execution succeeded
2025-12-05 13:33:05 | __main__ | [32mINFO[0m | Starting Phase 3 Integration Tests
2025-12-05 13:33:05 | __main__ | [32mINFO[0m | Timestamp: 2025-12-05T13:33:05.087955
2025-12-05 13:33:05 | __main__ | [32mINFO[0m | 
================================================================================
2025-12-05 13:33:05 | __main__ | [32mINFO[0m | TEST 1: FastAPI TODO API Generation
2025-12-05 13:33:05 | __main__ | [32mINFO[0m | ================================================================================
2025-12-05 13:33:05 | src.agents.project_scaffold | [32mINFO[0m | Project Scaffold Agent initialized
2025-12-05 13:33:05 | src.agents.project_validator | [32mINFO[0m | Project Validator Agent initialized
2025-12-05 13:33:05 | __main__ | [32mINFO[0m | 
FastAPI Project Generation Results:
2025-12-05 13:33:05 | __main__ | [32mINFO[0m |   Status: ‚ùå FAILED
2025-12-05 13:33:05 | __main__ | [32mINFO[0m |   Iterations: 0
2025-12-05 13:33:05 | __main__ | [32mINFO[0m |   Files Generated: 0
2025-12-05 13:33:05 | __main__ | [32mINFO[0m |   Dependencies: 0
2025-12-05 13:33:05 | __main__ | [32mINFO[0m |   Duration: 0.00s
2025-12-05 13:33:05 | __main__ | [32mINFO[0m | 
================================================================================
2025-12-05 13:33:05 | __main__ | [32mINFO[0m | TEST 2: Spring Boot Auth Microservice Generation
2025-12-05 13:33:05 | __main__ | [32mINFO[0m | ================================================================================
2025-12-05 13:33:05 | src.agents.project_scaffold | [32mINFO[0m | Project Scaffold Agent initialized
2025-12-05 13:33:05 | src.agents.project_validator | [32mINFO[0m | Project Validator Agent initialized
2025-12-05 13:33:05 | __main__ | [32mINFO[0m | 
Spring Boot Project Generation Results:
2025-12-05 13:33:05 | __main__ | [32mINFO[0m |   Status: ‚ùå FAILED
2025-12-05 13:33:05 | __main__ | [32mINFO[0m |   Iterations: 0
2025-12-05 13:33:05 | __main__ | [32mINFO[0m |   Files Generated: 0
2025-12-05 13:33:05 | __main__ | [32mINFO[0m |   Dependencies: 0
2025-12-05 13:33:05 | __main__ | [32mINFO[0m |   Duration: 0.00s
2025-12-05 13:33:05 | __main__ | [32mINFO[0m | 
================================================================================
2025-12-05 13:33:05 | __main__ | [32mINFO[0m | TEST 3: Python ML Pipeline Package Generation
2025-12-05 13:33:05 | __main__ | [32mINFO[0m | ================================================================================
2025-12-05 13:33:05 | src.agents.project_scaffold | [32mINFO[0m | Project Scaffold Agent initialized
2025-12-05 13:33:05 | src.agents.project_validator | [32mINFO[0m | Project Validator Agent initialized
2025-12-05 13:33:05 | __main__ | [32mINFO[0m | 
ML Pipeline Package Generation Results:
2025-12-05 13:33:05 | __main__ | [32mINFO[0m |   Status: ‚ùå FAILED
2025-12-05 13:33:05 | __main__ | [32mINFO[0m |   Iterations: 0
2025-12-05 13:33:05 | __main__ | [32mINFO[0m |   Files Generated: 0
2025-12-05 13:33:05 | __main__ | [32mINFO[0m |   Dependencies: 0
2025-12-05 13:33:05 | __main__ | [32mINFO[0m |   Duration: 0.00s
2025-12-05 13:33:05 | __main__ | [32mINFO[0m | 
================================================================================
2025-12-05 13:33:05 | __main__ | [32mINFO[0m | INTEGRATION TEST SUMMARY
2025-12-05 13:33:05 | __main__ | [32mINFO[0m | ================================================================================
2025-12-05 13:33:05 | __main__ | [32mINFO[0m | 
Total Tests: 3
2025-12-05 13:33:05 | __main__ | [32mINFO[0m | Passed: ‚úÖ 0
2025-12-05 13:33:05 | __main__ | [32mINFO[0m | Failed: ‚ùå 3
2025-12-05 13:33:05 | __main__ | [32mINFO[0m | Success Rate: 0.0%
2025-12-05 13:33:05 | __main__ | [32mINFO[0m | 
Detailed Results:
2025-12-05 13:33:05 | __main__ | [32mINFO[0m |   FastAPI TODO API: ‚ùå FAILED
2025-12-05 13:33:05 | __main__ | [32mINFO[0m |   Spring Boot Auth Microservice: ‚ùå FAILED
2025-12-05 13:33:05 | __main__ | [32mINFO[0m |   Python ML Pipeline: ‚ùå FAILED
2025-12-05 13:33:05 | __main__ | [32mINFO[0m | 
================================================================================
2025-12-05 13:33:59 | __main__ | [32mINFO[0m | Starting Phase 3 Integration Tests
2025-12-05 13:33:59 | __main__ | [32mINFO[0m | Timestamp: 2025-12-05T13:33:59.054720
2025-12-05 13:33:59 | __main__ | [32mINFO[0m | 
================================================================================
2025-12-05 13:33:59 | __main__ | [32mINFO[0m | TEST 1: FastAPI TODO API Generation
2025-12-05 13:33:59 | __main__ | [32mINFO[0m | ================================================================================
2025-12-05 13:33:59 | src.agents.project_scaffold | [32mINFO[0m | Project Scaffold Agent initialized
2025-12-05 13:33:59 | src.agents.project_validator | [32mINFO[0m | Project Validator Agent initialized
2025-12-05 13:33:59 | src.agents.project_scaffold | [32mINFO[0m | Scaffolding project 'todo_app' with template 'fastapi'
2025-12-05 13:33:59 | src.agents.project_scaffold | [31mERROR[0m | Project scaffolding failed: unsupported operand type(s) for /: 'NoneType' and 'str'
2025-12-05 13:33:59 | __main__ | [32mINFO[0m | 
FastAPI Project Generation Results:
2025-12-05 13:33:59 | __main__ | [32mINFO[0m |   Status: ‚ùå FAILED
2025-12-05 13:33:59 | __main__ | [32mINFO[0m |   Iterations: 0
2025-12-05 13:33:59 | __main__ | [32mINFO[0m |   Files Generated: 0
2025-12-05 13:33:59 | __main__ | [32mINFO[0m |   Dependencies: 0
2025-12-05 13:33:59 | __main__ | [32mINFO[0m |   Duration: 0.00s
2025-12-05 13:33:59 | __main__ | [32mINFO[0m | 
================================================================================
2025-12-05 13:33:59 | __main__ | [32mINFO[0m | TEST 2: Spring Boot Auth Microservice Generation
2025-12-05 13:33:59 | __main__ | [32mINFO[0m | ================================================================================
2025-12-05 13:33:59 | src.agents.project_scaffold | [32mINFO[0m | Project Scaffold Agent initialized
2025-12-05 13:33:59 | src.agents.project_validator | [32mINFO[0m | Project Validator Agent initialized
2025-12-05 13:33:59 | src.agents.project_scaffold | [32mINFO[0m | Scaffolding project 'auth_service' with template 'spring_boot'
2025-12-05 13:33:59 | src.agents.project_scaffold | [31mERROR[0m | Project scaffolding failed: unsupported operand type(s) for /: 'NoneType' and 'str'
2025-12-05 13:33:59 | __main__ | [32mINFO[0m | 
Spring Boot Project Generation Results:
2025-12-05 13:33:59 | __main__ | [32mINFO[0m |   Status: ‚ùå FAILED
2025-12-05 13:33:59 | __main__ | [32mINFO[0m |   Iterations: 0
2025-12-05 13:33:59 | __main__ | [32mINFO[0m |   Files Generated: 0
2025-12-05 13:33:59 | __main__ | [32mINFO[0m |   Dependencies: 0
2025-12-05 13:33:59 | __main__ | [32mINFO[0m |   Duration: 0.00s
2025-12-05 13:33:59 | __main__ | [32mINFO[0m | 
================================================================================
2025-12-05 13:33:59 | __main__ | [32mINFO[0m | TEST 3: Python ML Pipeline Package Generation
2025-12-05 13:33:59 | __main__ | [32mINFO[0m | ================================================================================
2025-12-05 13:33:59 | src.agents.project_scaffold | [32mINFO[0m | Project Scaffold Agent initialized
2025-12-05 13:33:59 | src.agents.project_validator | [32mINFO[0m | Project Validator Agent initialized
2025-12-05 13:33:59 | src.agents.project_scaffold | [32mINFO[0m | Scaffolding project 'ml_pipeline' with template 'python_package'
2025-12-05 13:33:59 | src.agents.project_scaffold | [31mERROR[0m | Project scaffolding failed: unsupported operand type(s) for /: 'NoneType' and 'str'
2025-12-05 13:33:59 | __main__ | [32mINFO[0m | 
ML Pipeline Package Generation Results:
2025-12-05 13:33:59 | __main__ | [32mINFO[0m |   Status: ‚ùå FAILED
2025-12-05 13:33:59 | __main__ | [32mINFO[0m |   Iterations: 0
2025-12-05 13:33:59 | __main__ | [32mINFO[0m |   Files Generated: 0
2025-12-05 13:33:59 | __main__ | [32mINFO[0m |   Dependencies: 0
2025-12-05 13:33:59 | __main__ | [32mINFO[0m |   Duration: 0.00s
2025-12-05 13:33:59 | __main__ | [32mINFO[0m | 
================================================================================
2025-12-05 13:33:59 | __main__ | [32mINFO[0m | INTEGRATION TEST SUMMARY
2025-12-05 13:33:59 | __main__ | [32mINFO[0m | ================================================================================
2025-12-05 13:33:59 | __main__ | [32mINFO[0m | 
Total Tests: 3
2025-12-05 13:33:59 | __main__ | [32mINFO[0m | Passed: ‚úÖ 0
2025-12-05 13:33:59 | __main__ | [32mINFO[0m | Failed: ‚ùå 3
2025-12-05 13:33:59 | __main__ | [32mINFO[0m | Success Rate: 0.0%
2025-12-05 13:33:59 | __main__ | [32mINFO[0m | 
Detailed Results:
2025-12-05 13:33:59 | __main__ | [32mINFO[0m |   FastAPI TODO API: ‚ùå FAILED
2025-12-05 13:33:59 | __main__ | [32mINFO[0m |   Spring Boot Auth Microservice: ‚ùå FAILED
2025-12-05 13:33:59 | __main__ | [32mINFO[0m |   Python ML Pipeline: ‚ùå FAILED
2025-12-05 13:33:59 | __main__ | [32mINFO[0m | 
================================================================================
2025-12-05 13:34:31 | __main__ | [32mINFO[0m | Starting Phase 3 Integration Tests
2025-12-05 13:34:31 | __main__ | [32mINFO[0m | Timestamp: 2025-12-05T13:34:31.543380
2025-12-05 13:34:31 | __main__ | [32mINFO[0m | 
================================================================================
2025-12-05 13:34:31 | __main__ | [32mINFO[0m | TEST 1: FastAPI TODO API Generation
2025-12-05 13:34:31 | __main__ | [32mINFO[0m | ================================================================================
2025-12-05 13:34:31 | src.agents.project_scaffold | [32mINFO[0m | Project Scaffold Agent initialized
2025-12-05 13:34:31 | src.agents.project_validator | [32mINFO[0m | Project Validator Agent initialized
2025-12-05 13:34:31 | src.agents.project_scaffold | [32mINFO[0m | Scaffolding project 'todo_app' with template 'fastapi'
2025-12-05 13:34:31 | src.agents.project_scaffold | [32mINFO[0m | Created directory: src
2025-12-05 13:34:31 | src.agents.project_scaffold | [32mINFO[0m | Created file: src\main.py
2025-12-05 13:34:31 | src.agents.project_scaffold | [32mINFO[0m | Created file: src\models.py
2025-12-05 13:34:31 | src.agents.project_scaffold | [32mINFO[0m | Created file: src\schemas.py
2025-12-05 13:34:31 | src.agents.project_scaffold | [32mINFO[0m | Created file: src\database.py
2025-12-05 13:34:31 | src.agents.project_scaffold | [32mINFO[0m | Created file: src\crud.py
2025-12-05 13:34:31 | src.agents.project_scaffold | [32mINFO[0m | Created file: src\config.py
2025-12-05 13:34:31 | src.agents.project_scaffold | [32mINFO[0m | Created directory: tests
2025-12-05 13:34:31 | src.agents.project_scaffold | [32mINFO[0m | Created file: tests\test_main.py
2025-12-05 13:34:31 | src.agents.project_scaffold | [32mINFO[0m | Created file: tests\conftest.py
2025-12-05 13:34:31 | src.agents.project_scaffold | [32mINFO[0m | Created config file: .gitignore
2025-12-05 13:34:31 | src.agents.project_scaffold | [32mINFO[0m | Created config file: requirements.txt
2025-12-05 13:34:31 | src.agents.project_scaffold | [32mINFO[0m | Created config file: Dockerfile
2025-12-05 13:34:31 | src.agents.project_scaffold | [32mINFO[0m | Created config file: .github/workflows/ci.yml
2025-12-05 13:34:31 | src.agents.project_scaffold | [32mINFO[0m | Created config file: README.md
2025-12-05 13:34:31 | src.agents.project_scaffold | [32mINFO[0m | Project scaffolded successfully. Created 15 files.
2025-12-05 13:34:31 | __main__ | [31mERROR[0m | FastAPI test failed: 1 validation error for IterationLog
iteration_number
  Field required [type=missing, input_value={'iteration': 1}, input_type=dict]
    For further information visit https://errors.pydantic.dev/2.12/v/missing
Traceback (most recent call last):
  File "C:\Users\Govind\Projects\agentic-code-studio\scripts\integration_tests.py", line 45, in test_fastapi_todo_api
    session = orchestrator.generate_project(
              ^^^^^^^^^^^^^^^^^^^^^^^^^^^^^^
  File "C:\Users\Govind\Projects\agentic-code-studio\src\agents\orchestrator.py", line 389, in generate_project
    iteration_log = IterationLog(iteration=iteration)
                    ^^^^^^^^^^^^^^^^^^^^^^^^^^^^^^^^^
  File "C:\Users\Govind\Projects\agentic-code-studio\.venv\Lib\site-packages\pydantic\main.py", line 250, in __init__
    validated_self = self.__pydantic_validator__.validate_python(data, self_instance=self)
                     ^^^^^^^^^^^^^^^^^^^^^^^^^^^^^^^^^^^^^^^^^^^^^^^^^^^^^^^^^^^^^^^^^^^^^
pydantic_core._pydantic_core.ValidationError: 1 validation error for IterationLog
iteration_number
  Field required [type=missing, input_value={'iteration': 1}, input_type=dict]
    For further information visit https://errors.pydantic.dev/2.12/v/missing
2025-12-05 13:34:31 | __main__ | [32mINFO[0m | 
================================================================================
2025-12-05 13:34:31 | __main__ | [32mINFO[0m | TEST 2: Spring Boot Auth Microservice Generation
2025-12-05 13:34:31 | __main__ | [32mINFO[0m | ================================================================================
2025-12-05 13:34:31 | src.agents.project_scaffold | [32mINFO[0m | Project Scaffold Agent initialized
2025-12-05 13:34:31 | src.agents.project_validator | [32mINFO[0m | Project Validator Agent initialized
2025-12-05 13:34:31 | src.agents.project_scaffold | [32mINFO[0m | Scaffolding project 'auth_service' with template 'spring_boot'
2025-12-05 13:34:31 | src.agents.project_scaffold | [32mINFO[0m | Created directory: src\main\java\com\example
2025-12-05 13:34:31 | src.agents.project_scaffold | [32mINFO[0m | Created file: src\main\java\com\example\controller
2025-12-05 13:34:31 | src.agents.project_scaffold | [32mINFO[0m | Created file: src\main\java\com\example\service
2025-12-05 13:34:31 | src.agents.project_scaffold | [32mINFO[0m | Created file: src\main\java\com\example\model
2025-12-05 13:34:31 | src.agents.project_scaffold | [32mINFO[0m | Created file: src\main\java\com\example\repository
2025-12-05 13:34:31 | src.agents.project_scaffold | [32mINFO[0m | Created file: src\main\java\com\example\security
2025-12-05 13:34:31 | src.agents.project_scaffold | [32mINFO[0m | Created file: src\main\java\com\example\config
2025-12-05 13:34:31 | src.agents.project_scaffold | [32mINFO[0m | Created directory: src\main\resources
2025-12-05 13:34:31 | src.agents.project_scaffold | [32mINFO[0m | Created file: src\main\resources\application.yml
2025-12-05 13:34:31 | src.agents.project_scaffold | [32mINFO[0m | Created directory: src\test\java\com\example
2025-12-05 13:34:31 | src.agents.project_scaffold | [32mINFO[0m | Created file: src\test\java\com\example\controller
2025-12-05 13:34:31 | src.agents.project_scaffold | [32mINFO[0m | Created file: src\test\java\com\example\service
2025-12-05 13:34:31 | src.agents.project_scaffold | [32mINFO[0m | Created config file: pom.xml
2025-12-05 13:34:31 | src.agents.project_scaffold | [32mINFO[0m | Created config file: Dockerfile
2025-12-05 13:34:31 | src.agents.project_scaffold | [32mINFO[0m | Created config file: docker-compose.yml
2025-12-05 13:34:31 | src.agents.project_scaffold | [32mINFO[0m | Created config file: .gitignore
2025-12-05 13:34:31 | src.agents.project_scaffold | [32mINFO[0m | Created config file: README.md
2025-12-05 13:34:31 | src.agents.project_scaffold | [32mINFO[0m | Project scaffolded successfully. Created 17 files.
2025-12-05 13:34:31 | __main__ | [31mERROR[0m | Spring Boot test failed: 1 validation error for IterationLog
iteration_number
  Field required [type=missing, input_value={'iteration': 1}, input_type=dict]
    For further information visit https://errors.pydantic.dev/2.12/v/missing
Traceback (most recent call last):
  File "C:\Users\Govind\Projects\agentic-code-studio\scripts\integration_tests.py", line 117, in test_spring_boot_auth
    session = orchestrator.generate_project(
              ^^^^^^^^^^^^^^^^^^^^^^^^^^^^^^
  File "C:\Users\Govind\Projects\agentic-code-studio\src\agents\orchestrator.py", line 389, in generate_project
    iteration_log = IterationLog(iteration=iteration)
                    ^^^^^^^^^^^^^^^^^^^^^^^^^^^^^^^^^
  File "C:\Users\Govind\Projects\agentic-code-studio\.venv\Lib\site-packages\pydantic\main.py", line 250, in __init__
    validated_self = self.__pydantic_validator__.validate_python(data, self_instance=self)
                     ^^^^^^^^^^^^^^^^^^^^^^^^^^^^^^^^^^^^^^^^^^^^^^^^^^^^^^^^^^^^^^^^^^^^^
pydantic_core._pydantic_core.ValidationError: 1 validation error for IterationLog
iteration_number
  Field required [type=missing, input_value={'iteration': 1}, input_type=dict]
    For further information visit https://errors.pydantic.dev/2.12/v/missing
2025-12-05 13:34:31 | __main__ | [32mINFO[0m | 
================================================================================
2025-12-05 13:34:31 | __main__ | [32mINFO[0m | TEST 3: Python ML Pipeline Package Generation
2025-12-05 13:34:31 | __main__ | [32mINFO[0m | ================================================================================
2025-12-05 13:34:31 | src.agents.project_scaffold | [32mINFO[0m | Project Scaffold Agent initialized
2025-12-05 13:34:31 | src.agents.project_validator | [32mINFO[0m | Project Validator Agent initialized
2025-12-05 13:34:31 | src.agents.project_scaffold | [32mINFO[0m | Scaffolding project 'ml_pipeline' with template 'python_package'
2025-12-05 13:34:31 | src.agents.project_scaffold | [32mINFO[0m | Created directory: src
2025-12-05 13:34:31 | src.agents.project_scaffold | [32mINFO[0m | Created file: src\main.py
2025-12-05 13:34:31 | src.agents.project_scaffold | [32mINFO[0m | Created file: src\utils.py
2025-12-05 13:34:31 | src.agents.project_scaffold | [32mINFO[0m | Created file: src\__init__.py
2025-12-05 13:34:31 | src.agents.project_scaffold | [32mINFO[0m | Created directory: tests
2025-12-05 13:34:31 | src.agents.project_scaffold | [32mINFO[0m | Created file: tests\test_main.py
2025-12-05 13:34:31 | src.agents.project_scaffold | [32mINFO[0m | Created file: tests\conftest.py
2025-12-05 13:34:32 | src.agents.project_scaffold | [32mINFO[0m | Created file: tests\__init__.py
2025-12-05 13:34:32 | src.agents.project_scaffold | [32mINFO[0m | Created directory: docs
2025-12-05 13:34:32 | src.agents.project_scaffold | [32mINFO[0m | Created file: docs\index.md
2025-12-05 13:34:32 | src.agents.project_scaffold | [32mINFO[0m | Created config file: setup.py
2025-12-05 13:34:32 | src.agents.project_scaffold | [32mINFO[0m | Created config file: pyproject.toml
2025-12-05 13:34:32 | src.agents.project_scaffold | [32mINFO[0m | Created config file: requirements.txt
2025-12-05 13:34:32 | src.agents.project_scaffold | [32mINFO[0m | Created config file: .gitignore
2025-12-05 13:34:32 | src.agents.project_scaffold | [32mINFO[0m | Created config file: README.md
2025-12-05 13:34:32 | src.agents.project_scaffold | [32mINFO[0m | Project scaffolded successfully. Created 15 files.
2025-12-05 13:34:32 | __main__ | [31mERROR[0m | ML Pipeline test failed: 1 validation error for IterationLog
iteration_number
  Field required [type=missing, input_value={'iteration': 1}, input_type=dict]
    For further information visit https://errors.pydantic.dev/2.12/v/missing
Traceback (most recent call last):
  File "C:\Users\Govind\Projects\agentic-code-studio\scripts\integration_tests.py", line 190, in test_python_ml_pipeline
    session = orchestrator.generate_project(
              ^^^^^^^^^^^^^^^^^^^^^^^^^^^^^^
  File "C:\Users\Govind\Projects\agentic-code-studio\src\agents\orchestrator.py", line 389, in generate_project
    iteration_log = IterationLog(iteration=iteration)
                    ^^^^^^^^^^^^^^^^^^^^^^^^^^^^^^^^^
  File "C:\Users\Govind\Projects\agentic-code-studio\.venv\Lib\site-packages\pydantic\main.py", line 250, in __init__
    validated_self = self.__pydantic_validator__.validate_python(data, self_instance=self)
                     ^^^^^^^^^^^^^^^^^^^^^^^^^^^^^^^^^^^^^^^^^^^^^^^^^^^^^^^^^^^^^^^^^^^^^
pydantic_core._pydantic_core.ValidationError: 1 validation error for IterationLog
iteration_number
  Field required [type=missing, input_value={'iteration': 1}, input_type=dict]
    For further information visit https://errors.pydantic.dev/2.12/v/missing
2025-12-05 13:34:32 | __main__ | [32mINFO[0m | 
================================================================================
2025-12-05 13:34:32 | __main__ | [32mINFO[0m | INTEGRATION TEST SUMMARY
2025-12-05 13:34:32 | __main__ | [32mINFO[0m | ================================================================================
2025-12-05 13:34:32 | __main__ | [32mINFO[0m | 
Total Tests: 3
2025-12-05 13:34:32 | __main__ | [32mINFO[0m | Passed: ‚úÖ 0
2025-12-05 13:34:32 | __main__ | [32mINFO[0m | Failed: ‚ùå 3
2025-12-05 13:34:32 | __main__ | [32mINFO[0m | Success Rate: 0.0%
2025-12-05 13:34:32 | __main__ | [32mINFO[0m | 
Detailed Results:
2025-12-05 13:34:32 | __main__ | [32mINFO[0m |   FastAPI TODO API: ‚ùå FAILED
2025-12-05 13:34:32 | __main__ | [32mINFO[0m |   Spring Boot Auth Microservice: ‚ùå FAILED
2025-12-05 13:34:32 | __main__ | [32mINFO[0m |   Python ML Pipeline: ‚ùå FAILED
2025-12-05 13:34:32 | __main__ | [32mINFO[0m | 
================================================================================
2025-12-05 13:35:04 | __main__ | [32mINFO[0m | Starting Phase 3 Integration Tests
2025-12-05 13:35:04 | __main__ | [32mINFO[0m | Timestamp: 2025-12-05T13:35:04.627664
2025-12-05 13:35:04 | __main__ | [32mINFO[0m | 
================================================================================
2025-12-05 13:35:04 | __main__ | [32mINFO[0m | TEST 1: FastAPI TODO API Generation
2025-12-05 13:35:04 | __main__ | [32mINFO[0m | ================================================================================
2025-12-05 13:35:04 | src.agents.project_scaffold | [32mINFO[0m | Project Scaffold Agent initialized
2025-12-05 13:35:04 | src.agents.project_validator | [32mINFO[0m | Project Validator Agent initialized
2025-12-05 13:35:04 | src.agents.project_scaffold | [32mINFO[0m | Scaffolding project 'todo_app' with template 'fastapi'
2025-12-05 13:35:04 | src.agents.project_scaffold | [32mINFO[0m | Created directory: src
2025-12-05 13:35:04 | src.agents.project_scaffold | [32mINFO[0m | Created file: src\main.py
2025-12-05 13:35:04 | src.agents.project_scaffold | [32mINFO[0m | Created file: src\models.py
2025-12-05 13:35:04 | src.agents.project_scaffold | [32mINFO[0m | Created file: src\schemas.py
2025-12-05 13:35:04 | src.agents.project_scaffold | [32mINFO[0m | Created file: src\database.py
2025-12-05 13:35:04 | src.agents.project_scaffold | [32mINFO[0m | Created file: src\crud.py
2025-12-05 13:35:04 | src.agents.project_scaffold | [32mINFO[0m | Created file: src\config.py
2025-12-05 13:35:04 | src.agents.project_scaffold | [32mINFO[0m | Created directory: tests
2025-12-05 13:35:04 | src.agents.project_scaffold | [32mINFO[0m | Created file: tests\test_main.py
2025-12-05 13:35:04 | src.agents.project_scaffold | [32mINFO[0m | Created file: tests\conftest.py
2025-12-05 13:35:04 | src.agents.project_scaffold | [32mINFO[0m | Created config file: .gitignore
2025-12-05 13:35:04 | src.agents.project_scaffold | [32mINFO[0m | Created config file: requirements.txt
2025-12-05 13:35:04 | src.agents.project_scaffold | [32mINFO[0m | Created config file: Dockerfile
2025-12-05 13:35:04 | src.agents.project_scaffold | [32mINFO[0m | Created config file: .github/workflows/ci.yml
2025-12-05 13:35:04 | src.agents.project_scaffold | [32mINFO[0m | Created config file: README.md
2025-12-05 13:35:04 | src.agents.project_scaffold | [32mINFO[0m | Project scaffolded successfully. Created 15 files.
2025-12-05 13:35:04 | __main__ | [31mERROR[0m | FastAPI test failed: "IterationLog" object has no field "generation_status"
Traceback (most recent call last):
  File "C:\Users\Govind\Projects\agentic-code-studio\scripts\integration_tests.py", line 45, in test_fastapi_todo_api
    session = orchestrator.generate_project(
              ^^^^^^^^^^^^^^^^^^^^^^^^^^^^^^
  File "C:\Users\Govind\Projects\agentic-code-studio\src\agents\orchestrator.py", line 401, in generate_project
    iteration_log.generation_status = AgentStatus.RUNNING
    ^^^^^^^^^^^^^^^^^^^^^^^^^^^^^^^
  File "C:\Users\Govind\Projects\agentic-code-studio\.venv\Lib\site-packages\pydantic\main.py", line 1032, in __setattr__
    elif (setattr_handler := self._setattr_handler(name, value)) is not None:
                             ^^^^^^^^^^^^^^^^^^^^^^^^^^^^^^^^^^
  File "C:\Users\Govind\Projects\agentic-code-studio\.venv\Lib\site-packages\pydantic\main.py", line 1079, in _setattr_handler
    raise ValueError(f'"{cls.__name__}" object has no field "{name}"')
ValueError: "IterationLog" object has no field "generation_status"
2025-12-05 13:35:04 | __main__ | [32mINFO[0m | 
================================================================================
2025-12-05 13:35:04 | __main__ | [32mINFO[0m | TEST 2: Spring Boot Auth Microservice Generation
2025-12-05 13:35:04 | __main__ | [32mINFO[0m | ================================================================================
2025-12-05 13:35:04 | src.agents.project_scaffold | [32mINFO[0m | Project Scaffold Agent initialized
2025-12-05 13:35:04 | src.agents.project_validator | [32mINFO[0m | Project Validator Agent initialized
2025-12-05 13:35:04 | src.agents.project_scaffold | [32mINFO[0m | Scaffolding project 'auth_service' with template 'spring_boot'
2025-12-05 13:35:04 | src.agents.project_scaffold | [32mINFO[0m | Created directory: src\main\java\com\example
2025-12-05 13:35:05 | src.agents.project_scaffold | [32mINFO[0m | Created file: src\main\java\com\example\controller
2025-12-05 13:35:05 | src.agents.project_scaffold | [32mINFO[0m | Created file: src\main\java\com\example\service
2025-12-05 13:35:05 | src.agents.project_scaffold | [32mINFO[0m | Created file: src\main\java\com\example\model
2025-12-05 13:35:05 | src.agents.project_scaffold | [32mINFO[0m | Created file: src\main\java\com\example\repository
2025-12-05 13:35:05 | src.agents.project_scaffold | [32mINFO[0m | Created file: src\main\java\com\example\security
2025-12-05 13:35:05 | src.agents.project_scaffold | [32mINFO[0m | Created file: src\main\java\com\example\config
2025-12-05 13:35:05 | src.agents.project_scaffold | [32mINFO[0m | Created directory: src\main\resources
2025-12-05 13:35:05 | src.agents.project_scaffold | [32mINFO[0m | Created file: src\main\resources\application.yml
2025-12-05 13:35:05 | src.agents.project_scaffold | [32mINFO[0m | Created directory: src\test\java\com\example
2025-12-05 13:35:05 | src.agents.project_scaffold | [32mINFO[0m | Created file: src\test\java\com\example\controller
2025-12-05 13:35:05 | src.agents.project_scaffold | [32mINFO[0m | Created file: src\test\java\com\example\service
2025-12-05 13:35:05 | src.agents.project_scaffold | [32mINFO[0m | Created config file: pom.xml
2025-12-05 13:35:05 | src.agents.project_scaffold | [32mINFO[0m | Created config file: Dockerfile
2025-12-05 13:35:05 | src.agents.project_scaffold | [32mINFO[0m | Created config file: docker-compose.yml
2025-12-05 13:35:05 | src.agents.project_scaffold | [32mINFO[0m | Created config file: .gitignore
2025-12-05 13:35:05 | src.agents.project_scaffold | [32mINFO[0m | Created config file: README.md
2025-12-05 13:35:05 | src.agents.project_scaffold | [32mINFO[0m | Project scaffolded successfully. Created 17 files.
2025-12-05 13:35:05 | __main__ | [31mERROR[0m | Spring Boot test failed: "IterationLog" object has no field "generation_status"
Traceback (most recent call last):
  File "C:\Users\Govind\Projects\agentic-code-studio\scripts\integration_tests.py", line 117, in test_spring_boot_auth
    session = orchestrator.generate_project(
              ^^^^^^^^^^^^^^^^^^^^^^^^^^^^^^
  File "C:\Users\Govind\Projects\agentic-code-studio\src\agents\orchestrator.py", line 401, in generate_project
    iteration_log.generation_status = AgentStatus.RUNNING
    ^^^^^^^^^^^^^^^^^^^^^^^^^^^^^^^
  File "C:\Users\Govind\Projects\agentic-code-studio\.venv\Lib\site-packages\pydantic\main.py", line 1032, in __setattr__
    elif (setattr_handler := self._setattr_handler(name, value)) is not None:
                             ^^^^^^^^^^^^^^^^^^^^^^^^^^^^^^^^^^
  File "C:\Users\Govind\Projects\agentic-code-studio\.venv\Lib\site-packages\pydantic\main.py", line 1079, in _setattr_handler
    raise ValueError(f'"{cls.__name__}" object has no field "{name}"')
ValueError: "IterationLog" object has no field "generation_status"
2025-12-05 13:35:05 | __main__ | [32mINFO[0m | 
================================================================================
2025-12-05 13:35:05 | __main__ | [32mINFO[0m | TEST 3: Python ML Pipeline Package Generation
2025-12-05 13:35:05 | __main__ | [32mINFO[0m | ================================================================================
2025-12-05 13:35:05 | src.agents.project_scaffold | [32mINFO[0m | Project Scaffold Agent initialized
2025-12-05 13:35:05 | src.agents.project_validator | [32mINFO[0m | Project Validator Agent initialized
2025-12-05 13:35:05 | src.agents.project_scaffold | [32mINFO[0m | Scaffolding project 'ml_pipeline' with template 'python_package'
2025-12-05 13:35:05 | src.agents.project_scaffold | [32mINFO[0m | Created directory: src
2025-12-05 13:35:05 | src.agents.project_scaffold | [32mINFO[0m | Created file: src\main.py
2025-12-05 13:35:05 | src.agents.project_scaffold | [32mINFO[0m | Created file: src\utils.py
2025-12-05 13:35:05 | src.agents.project_scaffold | [32mINFO[0m | Created file: src\__init__.py
2025-12-05 13:35:05 | src.agents.project_scaffold | [32mINFO[0m | Created directory: tests
2025-12-05 13:35:05 | src.agents.project_scaffold | [32mINFO[0m | Created file: tests\test_main.py
2025-12-05 13:35:05 | src.agents.project_scaffold | [32mINFO[0m | Created file: tests\conftest.py
2025-12-05 13:35:05 | src.agents.project_scaffold | [32mINFO[0m | Created file: tests\__init__.py
2025-12-05 13:35:05 | src.agents.project_scaffold | [32mINFO[0m | Created directory: docs
2025-12-05 13:35:05 | src.agents.project_scaffold | [32mINFO[0m | Created file: docs\index.md
2025-12-05 13:35:05 | src.agents.project_scaffold | [32mINFO[0m | Created config file: setup.py
2025-12-05 13:35:05 | src.agents.project_scaffold | [32mINFO[0m | Created config file: pyproject.toml
2025-12-05 13:35:05 | src.agents.project_scaffold | [32mINFO[0m | Created config file: requirements.txt
2025-12-05 13:35:05 | src.agents.project_scaffold | [32mINFO[0m | Created config file: .gitignore
2025-12-05 13:35:05 | src.agents.project_scaffold | [32mINFO[0m | Created config file: README.md
2025-12-05 13:35:05 | src.agents.project_scaffold | [32mINFO[0m | Project scaffolded successfully. Created 15 files.
2025-12-05 13:35:05 | __main__ | [31mERROR[0m | ML Pipeline test failed: "IterationLog" object has no field "generation_status"
Traceback (most recent call last):
  File "C:\Users\Govind\Projects\agentic-code-studio\scripts\integration_tests.py", line 190, in test_python_ml_pipeline
    session = orchestrator.generate_project(
              ^^^^^^^^^^^^^^^^^^^^^^^^^^^^^^
  File "C:\Users\Govind\Projects\agentic-code-studio\src\agents\orchestrator.py", line 401, in generate_project
    iteration_log.generation_status = AgentStatus.RUNNING
    ^^^^^^^^^^^^^^^^^^^^^^^^^^^^^^^
  File "C:\Users\Govind\Projects\agentic-code-studio\.venv\Lib\site-packages\pydantic\main.py", line 1032, in __setattr__
    elif (setattr_handler := self._setattr_handler(name, value)) is not None:
                             ^^^^^^^^^^^^^^^^^^^^^^^^^^^^^^^^^^
  File "C:\Users\Govind\Projects\agentic-code-studio\.venv\Lib\site-packages\pydantic\main.py", line 1079, in _setattr_handler
    raise ValueError(f'"{cls.__name__}" object has no field "{name}"')
ValueError: "IterationLog" object has no field "generation_status"
2025-12-05 13:35:05 | __main__ | [32mINFO[0m | 
================================================================================
2025-12-05 13:35:05 | __main__ | [32mINFO[0m | INTEGRATION TEST SUMMARY
2025-12-05 13:35:05 | __main__ | [32mINFO[0m | ================================================================================
2025-12-05 13:35:05 | __main__ | [32mINFO[0m | 
Total Tests: 3
2025-12-05 13:35:05 | __main__ | [32mINFO[0m | Passed: ‚úÖ 0
2025-12-05 13:35:05 | __main__ | [32mINFO[0m | Failed: ‚ùå 3
2025-12-05 13:35:05 | __main__ | [32mINFO[0m | Success Rate: 0.0%
2025-12-05 13:35:05 | __main__ | [32mINFO[0m | 
Detailed Results:
2025-12-05 13:35:05 | __main__ | [32mINFO[0m |   FastAPI TODO API: ‚ùå FAILED
2025-12-05 13:35:05 | __main__ | [32mINFO[0m |   Spring Boot Auth Microservice: ‚ùå FAILED
2025-12-05 13:35:05 | __main__ | [32mINFO[0m |   Python ML Pipeline: ‚ùå FAILED
2025-12-05 13:35:05 | __main__ | [32mINFO[0m | 
================================================================================
2025-12-05 13:35:50 | __main__ | [32mINFO[0m | Starting Phase 3 Integration Tests
2025-12-05 13:35:50 | __main__ | [32mINFO[0m | Timestamp: 2025-12-05T13:35:50.786504
2025-12-05 13:35:50 | __main__ | [32mINFO[0m | 
================================================================================
2025-12-05 13:35:50 | __main__ | [32mINFO[0m | TEST 1: FastAPI TODO API Generation
2025-12-05 13:35:50 | __main__ | [32mINFO[0m | ================================================================================
2025-12-05 13:35:50 | src.agents.project_scaffold | [32mINFO[0m | Project Scaffold Agent initialized
2025-12-05 13:35:50 | src.agents.project_validator | [32mINFO[0m | Project Validator Agent initialized
2025-12-05 13:35:50 | src.agents.project_scaffold | [32mINFO[0m | Scaffolding project 'todo_app' with template 'fastapi'
2025-12-05 13:35:50 | src.agents.project_scaffold | [32mINFO[0m | Created directory: src
2025-12-05 13:35:50 | src.agents.project_scaffold | [32mINFO[0m | Created file: src\main.py
2025-12-05 13:35:50 | src.agents.project_scaffold | [32mINFO[0m | Created file: src\models.py
2025-12-05 13:35:50 | src.agents.project_scaffold | [32mINFO[0m | Created file: src\schemas.py
2025-12-05 13:35:50 | src.agents.project_scaffold | [32mINFO[0m | Created file: src\database.py
2025-12-05 13:35:50 | src.agents.project_scaffold | [32mINFO[0m | Created file: src\crud.py
2025-12-05 13:35:50 | src.agents.project_scaffold | [32mINFO[0m | Created file: src\config.py
2025-12-05 13:35:50 | src.agents.project_scaffold | [32mINFO[0m | Created directory: tests
2025-12-05 13:35:50 | src.agents.project_scaffold | [32mINFO[0m | Created file: tests\test_main.py
2025-12-05 13:35:50 | src.agents.project_scaffold | [32mINFO[0m | Created file: tests\conftest.py
2025-12-05 13:35:50 | src.agents.project_scaffold | [32mINFO[0m | Created config file: .gitignore
2025-12-05 13:35:50 | src.agents.project_scaffold | [32mINFO[0m | Created config file: requirements.txt
2025-12-05 13:35:50 | src.agents.project_scaffold | [32mINFO[0m | Created config file: Dockerfile
2025-12-05 13:35:50 | src.agents.project_scaffold | [32mINFO[0m | Created config file: .github/workflows/ci.yml
2025-12-05 13:35:50 | src.agents.project_scaffold | [32mINFO[0m | Created config file: README.md
2025-12-05 13:35:50 | src.agents.project_scaffold | [32mINFO[0m | Project scaffolded successfully. Created 15 files.
2025-12-05 13:39:34 | __main__ | [32mINFO[0m | Starting Phase 3 Integration Tests
2025-12-05 13:39:34 | __main__ | [32mINFO[0m | Timestamp: 2025-12-05T13:39:34.646657
2025-12-05 13:39:34 | __main__ | [32mINFO[0m | 
================================================================================
2025-12-05 13:39:34 | __main__ | [32mINFO[0m | TEST 1: FastAPI TODO API Generation
2025-12-05 13:39:34 | __main__ | [32mINFO[0m | ================================================================================
2025-12-05 13:39:34 | src.agents.project_scaffold | [32mINFO[0m | Project Scaffold Agent initialized
2025-12-05 13:39:34 | src.agents.project_validator | [32mINFO[0m | Project Validator Agent initialized
2025-12-05 13:39:34 | src.agents.project_scaffold | [32mINFO[0m | Scaffolding project 'todo_app' with template 'fastapi'
2025-12-05 13:39:34 | src.agents.project_scaffold | [32mINFO[0m | Created directory: src
2025-12-05 13:39:34 | src.agents.project_scaffold | [32mINFO[0m | Created file: src\main.py
2025-12-05 13:39:34 | src.agents.project_scaffold | [32mINFO[0m | Created file: src\models.py
2025-12-05 13:39:34 | src.agents.project_scaffold | [32mINFO[0m | Created file: src\schemas.py
2025-12-05 13:39:34 | src.agents.project_scaffold | [32mINFO[0m | Created file: src\database.py
2025-12-05 13:39:34 | src.agents.project_scaffold | [32mINFO[0m | Created file: src\crud.py
2025-12-05 13:39:34 | src.agents.project_scaffold | [32mINFO[0m | Created file: src\config.py
2025-12-05 13:39:34 | src.agents.project_scaffold | [32mINFO[0m | Created directory: tests
2025-12-05 13:39:34 | src.agents.project_scaffold | [32mINFO[0m | Created file: tests\test_main.py
2025-12-05 13:39:34 | src.agents.project_scaffold | [32mINFO[0m | Created file: tests\conftest.py
2025-12-05 13:39:34 | src.agents.project_scaffold | [32mINFO[0m | Created config file: .gitignore
2025-12-05 13:39:34 | src.agents.project_scaffold | [32mINFO[0m | Created config file: requirements.txt
2025-12-05 13:39:34 | src.agents.project_scaffold | [32mINFO[0m | Created config file: Dockerfile
2025-12-05 13:39:34 | src.agents.project_scaffold | [32mINFO[0m | Created config file: .github/workflows/ci.yml
2025-12-05 13:39:34 | src.agents.project_scaffold | [32mINFO[0m | Created config file: README.md
2025-12-05 13:39:34 | src.agents.project_scaffold | [32mINFO[0m | Project scaffolded successfully. Created 15 files.
2025-12-05 13:40:32 | src.agents.project_validator | [32mINFO[0m | Validating python project with 1 files
2025-12-05 13:40:32 | src.agents.project_validator | [32mINFO[0m | Project validation passed
2025-12-05 13:41:33 | src.agents.project_validator | [32mINFO[0m | Validating python project with 1 files
2025-12-05 13:41:33 | src.agents.project_validator | [32mINFO[0m | Project validation passed
2025-12-05 13:41:33 | src.tools.code_executor | [32mINFO[0m | Installing dependencies: ['pydantic_settings']
2025-12-05 13:41:33 | src.tools.code_executor | [32mINFO[0m | Final pip packages to install: ['pydantic_settings']
2025-12-05 13:41:36 | src.tools.code_executor | [32mINFO[0m | Dependencies installed successfully
2025-12-05 13:41:36 | __main__ | [32mINFO[0m | 
FastAPI Project Generation Results:
2025-12-05 13:41:36 | __main__ | [32mINFO[0m |   Status: ‚úÖ SUCCESS
2025-12-05 13:41:36 | __main__ | [32mINFO[0m |   Iterations: 2
2025-12-05 13:41:36 | __main__ | [32mINFO[0m |   Files Generated: 1
2025-12-05 13:41:36 | __main__ | [32mINFO[0m |   Dependencies: 1
2025-12-05 13:41:36 | __main__ | [32mINFO[0m |   Duration: 122.06s
2025-12-05 13:41:36 | __main__ | [32mINFO[0m | 
  Generated Files:
2025-12-05 13:41:36 | __main__ | [32mINFO[0m |     - generated_script_20251205_134133.py (548 bytes)
2025-12-05 13:41:36 | __main__ | [32mINFO[0m | 
  Dependencies:
2025-12-05 13:41:36 | __main__ | [32mINFO[0m |     - pydantic_settings
2025-12-05 13:41:36 | __main__ | [32mINFO[0m | 
  Iteration 1:
2025-12-05 13:41:36 | __main__ | [31mERROR[0m | FastAPI test failed: 'IterationLog' object has no attribute 'generation_status'
Traceback (most recent call last):
  File "C:\Users\Govind\Projects\agentic-code-studio\scripts\integration_tests.py", line 76, in test_fastapi_todo_api
    logger.info(f"    Generation: {iter_log.generation_status}")
                                   ^^^^^^^^^^^^^^^^^^^^^^^^^^
  File "C:\Users\Govind\Projects\agentic-code-studio\.venv\Lib\site-packages\pydantic\main.py", line 1026, in __getattr__
    raise AttributeError(f'{type(self).__name__!r} object has no attribute {item!r}')
AttributeError: 'IterationLog' object has no attribute 'generation_status'
2025-12-05 13:41:36 | __main__ | [32mINFO[0m | 
================================================================================
2025-12-05 13:41:36 | __main__ | [32mINFO[0m | TEST 2: Spring Boot Auth Microservice Generation
2025-12-05 13:41:36 | __main__ | [32mINFO[0m | ================================================================================
2025-12-05 13:41:36 | src.agents.project_scaffold | [32mINFO[0m | Project Scaffold Agent initialized
2025-12-05 13:41:36 | src.agents.project_validator | [32mINFO[0m | Project Validator Agent initialized
2025-12-05 13:41:36 | src.agents.project_scaffold | [32mINFO[0m | Scaffolding project 'auth_service' with template 'spring_boot'
2025-12-05 13:41:36 | src.agents.project_scaffold | [32mINFO[0m | Created directory: src\main\java\com\example
2025-12-05 13:41:36 | src.agents.project_scaffold | [32mINFO[0m | Created file: src\main\java\com\example\controller
2025-12-05 13:41:36 | src.agents.project_scaffold | [32mINFO[0m | Created file: src\main\java\com\example\service
2025-12-05 13:41:36 | src.agents.project_scaffold | [32mINFO[0m | Created file: src\main\java\com\example\model
2025-12-05 13:41:36 | src.agents.project_scaffold | [32mINFO[0m | Created file: src\main\java\com\example\repository
2025-12-05 13:41:36 | src.agents.project_scaffold | [32mINFO[0m | Created file: src\main\java\com\example\security
2025-12-05 13:41:36 | src.agents.project_scaffold | [32mINFO[0m | Created file: src\main\java\com\example\config
2025-12-05 13:41:36 | src.agents.project_scaffold | [32mINFO[0m | Created directory: src\main\resources
2025-12-05 13:41:36 | src.agents.project_scaffold | [32mINFO[0m | Created file: src\main\resources\application.yml
2025-12-05 13:41:36 | src.agents.project_scaffold | [32mINFO[0m | Created directory: src\test\java\com\example
2025-12-05 13:41:36 | src.agents.project_scaffold | [32mINFO[0m | Created file: src\test\java\com\example\controller
2025-12-05 13:41:36 | src.agents.project_scaffold | [32mINFO[0m | Created file: src\test\java\com\example\service
2025-12-05 13:41:36 | src.agents.project_scaffold | [32mINFO[0m | Created config file: pom.xml
2025-12-05 13:41:36 | src.agents.project_scaffold | [32mINFO[0m | Created config file: Dockerfile
2025-12-05 13:41:36 | src.agents.project_scaffold | [32mINFO[0m | Created config file: docker-compose.yml
2025-12-05 13:41:36 | src.agents.project_scaffold | [32mINFO[0m | Created config file: .gitignore
2025-12-05 13:41:36 | src.agents.project_scaffold | [32mINFO[0m | Created config file: README.md
2025-12-05 13:41:36 | src.agents.project_scaffold | [32mINFO[0m | Project scaffolded successfully. Created 17 files.
2025-12-05 13:42:18 | src.agents.project_validator | [32mINFO[0m | Validating java project with 1 files
2025-12-05 13:42:18 | src.agents.project_validator | [33mWARNING[0m | Java files should be in src/main/java/ directory
2025-12-05 13:42:18 | src.agents.project_validator | [33mWARNING[0m | Project validation found 1 errors
2025-12-05 13:42:57 | src.agents.project_validator | [32mINFO[0m | Validating java project with 1 files
2025-12-05 13:42:57 | src.agents.project_validator | [33mWARNING[0m | Java files should be in src/main/java/ directory
2025-12-05 13:42:57 | src.agents.project_validator | [33mWARNING[0m | Project validation found 1 errors
2025-12-05 13:43:41 | src.agents.project_validator | [32mINFO[0m | Validating java project with 1 files
2025-12-05 13:43:41 | src.agents.project_validator | [33mWARNING[0m | Java files should be in src/main/java/ directory
2025-12-05 13:43:41 | src.agents.project_validator | [33mWARNING[0m | Project validation found 1 errors
2025-12-05 13:43:41 | __main__ | [32mINFO[0m | 
Spring Boot Project Generation Results:
2025-12-05 13:43:41 | __main__ | [32mINFO[0m |   Status: ‚ùå FAILED
2025-12-05 13:43:41 | __main__ | [32mINFO[0m |   Iterations: 3
2025-12-05 13:43:41 | __main__ | [32mINFO[0m |   Files Generated: 1
2025-12-05 13:43:41 | __main__ | [32mINFO[0m |   Dependencies: 0
2025-12-05 13:43:41 | __main__ | [32mINFO[0m |   Duration: 124.37s
2025-12-05 13:43:41 | __main__ | [32mINFO[0m | 
  Generated Files:
2025-12-05 13:43:41 | __main__ | [32mINFO[0m |     - AuthApplication.java (437 bytes)
2025-12-05 13:43:41 | __main__ | [32mINFO[0m | 
  Iteration 1:
2025-12-05 13:43:41 | __main__ | [31mERROR[0m | Spring Boot test failed: 'IterationLog' object has no attribute 'generation_status'
Traceback (most recent call last):
  File "C:\Users\Govind\Projects\agentic-code-studio\scripts\integration_tests.py", line 148, in test_spring_boot_auth
    logger.info(f"    Generation: {iter_log.generation_status}")
                                   ^^^^^^^^^^^^^^^^^^^^^^^^^^
  File "C:\Users\Govind\Projects\agentic-code-studio\.venv\Lib\site-packages\pydantic\main.py", line 1026, in __getattr__
    raise AttributeError(f'{type(self).__name__!r} object has no attribute {item!r}')
AttributeError: 'IterationLog' object has no attribute 'generation_status'
2025-12-05 13:43:41 | __main__ | [32mINFO[0m | 
================================================================================
2025-12-05 13:43:41 | __main__ | [32mINFO[0m | TEST 3: Python ML Pipeline Package Generation
2025-12-05 13:43:41 | __main__ | [32mINFO[0m | ================================================================================
2025-12-05 13:43:41 | src.agents.project_scaffold | [32mINFO[0m | Project Scaffold Agent initialized
2025-12-05 13:43:41 | src.agents.project_validator | [32mINFO[0m | Project Validator Agent initialized
2025-12-05 13:43:41 | src.agents.project_scaffold | [32mINFO[0m | Scaffolding project 'ml_pipeline' with template 'python_package'
2025-12-05 13:43:41 | src.agents.project_scaffold | [32mINFO[0m | Created directory: src
2025-12-05 13:43:41 | src.agents.project_scaffold | [32mINFO[0m | Created file: src\main.py
2025-12-05 13:43:41 | src.agents.project_scaffold | [32mINFO[0m | Created file: src\utils.py
2025-12-05 13:43:41 | src.agents.project_scaffold | [32mINFO[0m | Created file: src\__init__.py
2025-12-05 13:43:41 | src.agents.project_scaffold | [32mINFO[0m | Created directory: tests
2025-12-05 13:43:41 | src.agents.project_scaffold | [32mINFO[0m | Created file: tests\test_main.py
2025-12-05 13:43:41 | src.agents.project_scaffold | [32mINFO[0m | Created file: tests\conftest.py
2025-12-05 13:43:41 | src.agents.project_scaffold | [32mINFO[0m | Created file: tests\__init__.py
2025-12-05 13:43:41 | src.agents.project_scaffold | [32mINFO[0m | Created directory: docs
2025-12-05 13:43:41 | src.agents.project_scaffold | [32mINFO[0m | Created file: docs\index.md
2025-12-05 13:43:41 | src.agents.project_scaffold | [32mINFO[0m | Created config file: setup.py
2025-12-05 13:43:41 | src.agents.project_scaffold | [32mINFO[0m | Created config file: pyproject.toml
2025-12-05 13:43:41 | src.agents.project_scaffold | [32mINFO[0m | Created config file: requirements.txt
2025-12-05 13:43:41 | src.agents.project_scaffold | [32mINFO[0m | Created config file: .gitignore
2025-12-05 13:43:41 | src.agents.project_scaffold | [32mINFO[0m | Created config file: README.md
2025-12-05 13:43:41 | src.agents.project_scaffold | [32mINFO[0m | Project scaffolded successfully. Created 15 files.
2025-12-05 13:44:55 | src.agents.project_validator | [32mINFO[0m | Validating python project with 1 files
2025-12-05 13:44:55 | src.agents.project_validator | [32mINFO[0m | Project validation passed
2025-12-05 13:44:55 | src.tools.code_executor | [32mINFO[0m | Installing dependencies: ['pandas', 'numpy', 'ml_workflow_package']
2025-12-05 13:44:55 | src.tools.code_executor | [32mINFO[0m | Final pip packages to install: ['pandas', 'numpy', 'ml_workflow_package']
2025-12-05 13:44:57 | src.tools.code_executor | [31mERROR[0m | Dependency installation failed: ERROR: Could not find a version that satisfies the requirement ml_workflow_package (from versions: none)
ERROR: No matching distribution found for ml_workflow_package

[notice] A new release of pip is available: 24.0 -> 25.3
[notice] To update, run: C:\Users\Govind\Projects\agentic-code-studio\.venv\Scripts\python.exe -m pip install --upgrade pip

2025-12-05 13:46:13 | src.agents.project_validator | [32mINFO[0m | Validating python project with 1 files
2025-12-05 13:46:13 | src.agents.project_validator | [32mINFO[0m | Project validation passed
2025-12-05 13:46:13 | src.tools.code_executor | [32mINFO[0m | Installing dependencies: ['pandas', 'ml_workflow']
2025-12-05 13:46:13 | src.tools.code_executor | [32mINFO[0m | Final pip packages to install: ['pandas', 'ml_workflow']
2025-12-05 13:49:24 | src.tools.code_executor | [32mINFO[0m | Dependencies installed successfully
2025-12-05 13:49:24 | __main__ | [32mINFO[0m | 
ML Pipeline Package Generation Results:
2025-12-05 13:49:24 | __main__ | [32mINFO[0m |   Status: ‚úÖ SUCCESS
2025-12-05 13:49:24 | __main__ | [32mINFO[0m |   Iterations: 2
2025-12-05 13:49:24 | __main__ | [32mINFO[0m |   Files Generated: 1
2025-12-05 13:49:24 | __main__ | [32mINFO[0m |   Dependencies: 2
2025-12-05 13:49:24 | __main__ | [32mINFO[0m |   Duration: 343.50s
2025-12-05 13:49:24 | __main__ | [32mINFO[0m | 
  Generated Files:
2025-12-05 13:49:24 | __main__ | [32mINFO[0m |     - generated_script_20251205_134613.py (1591 bytes)
2025-12-05 13:49:24 | __main__ | [32mINFO[0m | 
  Dependencies:
2025-12-05 13:49:24 | __main__ | [32mINFO[0m |     - pandas
2025-12-05 13:49:24 | __main__ | [32mINFO[0m |     - ml_workflow
2025-12-05 13:49:24 | __main__ | [32mINFO[0m | 
  Iteration 1:
2025-12-05 13:49:24 | __main__ | [31mERROR[0m | ML Pipeline test failed: 'IterationLog' object has no attribute 'generation_status'
Traceback (most recent call last):
  File "C:\Users\Govind\Projects\agentic-code-studio\scripts\integration_tests.py", line 221, in test_python_ml_pipeline
    logger.info(f"    Generation: {iter_log.generation_status}")
                                   ^^^^^^^^^^^^^^^^^^^^^^^^^^
  File "C:\Users\Govind\Projects\agentic-code-studio\.venv\Lib\site-packages\pydantic\main.py", line 1026, in __getattr__
    raise AttributeError(f'{type(self).__name__!r} object has no attribute {item!r}')
AttributeError: 'IterationLog' object has no attribute 'generation_status'
2025-12-05 13:49:24 | __main__ | [32mINFO[0m | 
================================================================================
2025-12-05 13:49:24 | __main__ | [32mINFO[0m | INTEGRATION TEST SUMMARY
2025-12-05 13:49:24 | __main__ | [32mINFO[0m | ================================================================================
2025-12-05 13:49:24 | __main__ | [32mINFO[0m | 
Total Tests: 3
2025-12-05 13:49:24 | __main__ | [32mINFO[0m | Passed: ‚úÖ 0
2025-12-05 13:49:24 | __main__ | [32mINFO[0m | Failed: ‚ùå 3
2025-12-05 13:49:24 | __main__ | [32mINFO[0m | Success Rate: 0.0%
2025-12-05 13:49:24 | __main__ | [32mINFO[0m | 
Detailed Results:
2025-12-05 13:49:24 | __main__ | [32mINFO[0m |   FastAPI TODO API: ‚ùå FAILED
2025-12-05 13:49:24 | __main__ | [32mINFO[0m |   Spring Boot Auth Microservice: ‚ùå FAILED
2025-12-05 13:49:24 | __main__ | [32mINFO[0m |   Python ML Pipeline: ‚ùå FAILED
2025-12-05 13:49:24 | __main__ | [32mINFO[0m | 
================================================================================
2025-12-05 13:53:37 | __main__ | [32mINFO[0m | Starting Phase 3 Integration Tests
2025-12-05 13:53:37 | __main__ | [32mINFO[0m | Timestamp: 2025-12-05T13:53:37.388464
2025-12-05 13:53:37 | __main__ | [32mINFO[0m | 
================================================================================
2025-12-05 13:53:37 | __main__ | [32mINFO[0m | TEST 1: FastAPI TODO API Generation
2025-12-05 13:53:37 | __main__ | [32mINFO[0m | ================================================================================
2025-12-05 13:53:37 | src.agents.project_scaffold | [32mINFO[0m | Project Scaffold Agent initialized
2025-12-05 13:53:37 | src.agents.project_validator | [32mINFO[0m | Project Validator Agent initialized
2025-12-05 13:53:37 | src.agents.project_scaffold | [32mINFO[0m | Scaffolding project 'todo_app' with template 'fastapi'
2025-12-05 13:53:37 | src.agents.project_scaffold | [32mINFO[0m | Created directory: src
2025-12-05 13:53:37 | src.agents.project_scaffold | [32mINFO[0m | Created file: src\main.py
2025-12-05 13:53:37 | src.agents.project_scaffold | [32mINFO[0m | Created file: src\models.py
2025-12-05 13:53:37 | src.agents.project_scaffold | [32mINFO[0m | Created file: src\schemas.py
2025-12-05 13:53:37 | src.agents.project_scaffold | [32mINFO[0m | Created file: src\database.py
2025-12-05 13:53:37 | src.agents.project_scaffold | [32mINFO[0m | Created file: src\crud.py
2025-12-05 13:53:37 | src.agents.project_scaffold | [32mINFO[0m | Created file: src\config.py
2025-12-05 13:53:37 | src.agents.project_scaffold | [32mINFO[0m | Created directory: tests
2025-12-05 13:53:37 | src.agents.project_scaffold | [32mINFO[0m | Created file: tests\test_main.py
2025-12-05 13:53:37 | src.agents.project_scaffold | [32mINFO[0m | Created file: tests\conftest.py
2025-12-05 13:53:37 | src.agents.project_scaffold | [32mINFO[0m | Created config file: .gitignore
2025-12-05 13:53:37 | src.agents.project_scaffold | [32mINFO[0m | Created config file: requirements.txt
2025-12-05 13:53:37 | src.agents.project_scaffold | [32mINFO[0m | Created config file: Dockerfile
2025-12-05 13:53:37 | src.agents.project_scaffold | [32mINFO[0m | Created config file: .github/workflows/ci.yml
2025-12-05 13:53:37 | src.agents.project_scaffold | [32mINFO[0m | Created config file: README.md
2025-12-05 13:53:37 | src.agents.project_scaffold | [32mINFO[0m | Project scaffolded successfully. Created 15 files.
2025-12-05 13:55:28 | src.agents.project_validator | [32mINFO[0m | Validating python project with 1 files
2025-12-05 13:55:28 | src.agents.project_validator | [32mINFO[0m | Project validation passed
2025-12-05 13:56:05 | __main__ | [32mINFO[0m | 
FastAPI Project Generation Results:
2025-12-05 13:56:05 | __main__ | [32mINFO[0m |   Status: ‚ùå FAILED
2025-12-05 13:56:05 | __main__ | [32mINFO[0m |   Iterations: 3
2025-12-05 13:56:05 | __main__ | [32mINFO[0m |   Files Generated: 1
2025-12-05 13:56:05 | __main__ | [32mINFO[0m |   Dependencies: 16
2025-12-05 13:56:05 | __main__ | [32mINFO[0m |   Duration: 148.12s
2025-12-05 13:56:05 | __main__ | [32mINFO[0m | 
  Generated Files:
2025-12-05 13:56:05 | __main__ | [32mINFO[0m |     - generated_script_20251205_135528.py (23656 bytes)
2025-12-05 13:56:05 | __main__ | [32mINFO[0m | 
  Dependencies:
2025-12-05 13:56:05 | __main__ | [32mINFO[0m |     - uvicorn
2025-12-05 13:56:05 | __main__ | [32mINFO[0m |     - pytest
2025-12-05 13:56:05 | __main__ | [32mINFO[0m |     - httpx
2025-12-05 13:56:05 | __main__ | [32mINFO[0m |     - asyncio
2025-12-05 13:56:05 | __main__ | [32mINFO[0m |     - pydantic_settings
2025-12-05 13:56:05 | __main__ | [32mINFO[0m |     - sqlalchemy
2025-12-05 13:56:05 | __main__ | [32mINFO[0m |     - app
2025-12-05 13:56:05 | __main__ | [32mINFO[0m |     - pydantic
2025-12-05 13:56:05 | __main__ | [32mINFO[0m |     - fastapi
2025-12-05 13:56:05 | __main__ | [32mINFO[0m |     - jose
2025-12-05 13:56:05 | __main__ | [32mINFO[0m |     - passlib
2025-12-05 13:56:05 | __main__ | [32mINFO[0m |     - contextlib
2025-12-05 13:56:05 | __main__ | [32mINFO[0m |     - pydantic-settings
2025-12-05 13:56:05 | __main__ | [32mINFO[0m |     - python-jose
2025-12-05 13:56:05 | __main__ | [32mINFO[0m |     - aiosqlite
2025-12-05 13:56:05 | __main__ | [32mINFO[0m |     - python-multipart
2025-12-05 13:56:05 | __main__ | [32mINFO[0m | 
  Iteration 1:
2025-12-05 13:56:05 | __main__ | [32mINFO[0m |     Generation: AgentStatus.FAILED
2025-12-05 13:56:05 | __main__ | [32mINFO[0m |     Build: AgentStatus.PENDING
2025-12-05 13:56:05 | __main__ | [32mINFO[0m |     Test: AgentStatus.PENDING
2025-12-05 13:56:05 | __main__ | [32mINFO[0m | 
  Iteration 2:
2025-12-05 13:56:05 | __main__ | [32mINFO[0m |     Generation: AgentStatus.SUCCESS
2025-12-05 13:56:05 | __main__ | [32mINFO[0m |     Build: AgentStatus.FAILED
2025-12-05 13:56:05 | __main__ | [32mINFO[0m |     Test: AgentStatus.PENDING
2025-12-05 13:56:05 | __main__ | [33mWARNING[0m |     Error: generated_script_20251205_135528.py:4 - invalid syntax
2025-12-05 13:56:05 | __main__ | [32mINFO[0m | 
  Iteration 3:
2025-12-05 13:56:05 | __main__ | [32mINFO[0m |     Generation: AgentStatus.FAILED
2025-12-05 13:56:05 | __main__ | [32mINFO[0m |     Build: AgentStatus.PENDING
2025-12-05 13:56:05 | __main__ | [32mINFO[0m |     Test: AgentStatus.PENDING
2025-12-05 13:56:05 | __main__ | [32mINFO[0m | 
================================================================================
2025-12-05 13:56:05 | __main__ | [32mINFO[0m | TEST 2: Spring Boot Auth Microservice Generation
2025-12-05 13:56:05 | __main__ | [32mINFO[0m | ================================================================================
2025-12-05 13:56:05 | src.agents.project_scaffold | [32mINFO[0m | Project Scaffold Agent initialized
2025-12-05 13:56:05 | src.agents.project_validator | [32mINFO[0m | Project Validator Agent initialized
2025-12-05 13:56:05 | src.agents.project_scaffold | [32mINFO[0m | Scaffolding project 'auth_service' with template 'spring_boot'
2025-12-05 13:56:05 | src.agents.project_scaffold | [32mINFO[0m | Created directory: src\main\java\com\example
2025-12-05 13:56:05 | src.agents.project_scaffold | [32mINFO[0m | Created file: src\main\java\com\example\controller
2025-12-05 13:56:05 | src.agents.project_scaffold | [32mINFO[0m | Created file: src\main\java\com\example\service
2025-12-05 13:56:05 | src.agents.project_scaffold | [32mINFO[0m | Created file: src\main\java\com\example\model
2025-12-05 13:56:05 | src.agents.project_scaffold | [32mINFO[0m | Created file: src\main\java\com\example\repository
2025-12-05 13:56:05 | src.agents.project_scaffold | [32mINFO[0m | Created file: src\main\java\com\example\security
2025-12-05 13:56:05 | src.agents.project_scaffold | [32mINFO[0m | Created file: src\main\java\com\example\config
2025-12-05 13:56:05 | src.agents.project_scaffold | [32mINFO[0m | Created directory: src\main\resources
2025-12-05 13:56:05 | src.agents.project_scaffold | [32mINFO[0m | Created file: src\main\resources\application.yml
2025-12-05 13:56:05 | src.agents.project_scaffold | [32mINFO[0m | Created directory: src\test\java\com\example
2025-12-05 13:56:05 | src.agents.project_scaffold | [32mINFO[0m | Created file: src\test\java\com\example\controller
2025-12-05 13:56:05 | src.agents.project_scaffold | [32mINFO[0m | Created file: src\test\java\com\example\service
2025-12-05 13:56:05 | src.agents.project_scaffold | [32mINFO[0m | Created config file: pom.xml
2025-12-05 13:56:05 | src.agents.project_scaffold | [32mINFO[0m | Created config file: Dockerfile
2025-12-05 13:56:05 | src.agents.project_scaffold | [32mINFO[0m | Created config file: docker-compose.yml
2025-12-05 13:56:05 | src.agents.project_scaffold | [32mINFO[0m | Created config file: .gitignore
2025-12-05 13:56:05 | src.agents.project_scaffold | [32mINFO[0m | Created config file: README.md
2025-12-05 13:56:05 | src.agents.project_scaffold | [32mINFO[0m | Project scaffolded successfully. Created 17 files.
2025-12-05 13:56:51 | src.agents.project_validator | [32mINFO[0m | Validating java project with 1 files
2025-12-05 13:56:51 | src.agents.project_validator | [33mWARNING[0m | Java files should be in src/main/java/ directory
2025-12-05 13:56:51 | src.agents.project_validator | [33mWARNING[0m | Project validation found 1 errors
2025-12-05 13:57:42 | src.agents.project_validator | [32mINFO[0m | Validating java project with 1 files
2025-12-05 13:57:42 | src.agents.project_validator | [33mWARNING[0m | Java files should be in src/main/java/ directory
2025-12-05 13:57:42 | src.agents.project_validator | [33mWARNING[0m | Project validation found 1 errors
2025-12-05 13:58:26 | src.agents.project_validator | [32mINFO[0m | Validating java project with 1 files
2025-12-05 13:58:26 | src.agents.project_validator | [33mWARNING[0m | Java files should be in src/main/java/ directory
2025-12-05 13:58:26 | src.agents.project_validator | [33mWARNING[0m | Project validation found 1 errors
2025-12-05 13:58:26 | __main__ | [32mINFO[0m | 
Spring Boot Project Generation Results:
2025-12-05 13:58:26 | __main__ | [32mINFO[0m |   Status: ‚ùå FAILED
2025-12-05 13:58:26 | __main__ | [32mINFO[0m |   Iterations: 3
2025-12-05 13:58:26 | __main__ | [32mINFO[0m |   Files Generated: 1
2025-12-05 13:58:26 | __main__ | [32mINFO[0m |   Dependencies: 1
2025-12-05 13:58:26 | __main__ | [32mINFO[0m |   Duration: 140.66s
2025-12-05 13:58:26 | __main__ | [32mINFO[0m | 
  Generated Files:
2025-12-05 13:58:26 | __main__ | [32mINFO[0m |     - AuthApplication.java (34202 bytes)
2025-12-05 13:58:26 | __main__ | [32mINFO[0m | 
  Dependencies:
2025-12-05 13:58:26 | __main__ | [32mINFO[0m |     - {'groupId': 'com.fasterxml.jackson.core', 'artifactId': 'jackson-databind', 'version': '2.16.0'}
2025-12-05 13:58:26 | __main__ | [32mINFO[0m | 
  Iteration 1:
2025-12-05 13:58:26 | __main__ | [32mINFO[0m |     Generation: AgentStatus.SUCCESS
2025-12-05 13:58:26 | __main__ | [32mINFO[0m |     Build: AgentStatus.FAILED
2025-12-05 13:58:26 | __main__ | [32mINFO[0m |     Test: AgentStatus.PENDING
2025-12-05 13:58:26 | __main__ | [33mWARNING[0m |     Error: Java file AuthApplication.java package 'com.example.auth' doesn't match path
2025-12-05 13:58:26 | __main__ | [32mINFO[0m | 
  Iteration 2:
2025-12-05 13:58:26 | __main__ | [32mINFO[0m |     Generation: AgentStatus.SUCCESS
2025-12-05 13:58:26 | __main__ | [32mINFO[0m |     Build: AgentStatus.FAILED
2025-12-05 13:58:26 | __main__ | [32mINFO[0m |     Test: AgentStatus.PENDING
2025-12-05 13:58:26 | __main__ | [33mWARNING[0m |     Error: Java file AuthApplication.java package 'com.example.auth' doesn't match path
2025-12-05 13:58:26 | __main__ | [32mINFO[0m | 
  Iteration 3:
2025-12-05 13:58:26 | __main__ | [32mINFO[0m |     Generation: AgentStatus.SUCCESS
2025-12-05 13:58:26 | __main__ | [32mINFO[0m |     Build: AgentStatus.FAILED
2025-12-05 13:58:26 | __main__ | [32mINFO[0m |     Test: AgentStatus.PENDING
2025-12-05 13:58:26 | __main__ | [33mWARNING[0m |     Error: Java file AuthApplication.java package 'com.example.auth' doesn't match path
2025-12-05 13:58:26 | __main__ | [32mINFO[0m | 
================================================================================
2025-12-05 13:58:26 | __main__ | [32mINFO[0m | TEST 3: Python ML Pipeline Package Generation
2025-12-05 13:58:26 | __main__ | [32mINFO[0m | ================================================================================
2025-12-05 13:58:26 | src.agents.project_scaffold | [32mINFO[0m | Project Scaffold Agent initialized
2025-12-05 13:58:26 | src.agents.project_validator | [32mINFO[0m | Project Validator Agent initialized
2025-12-05 13:58:26 | src.agents.project_scaffold | [32mINFO[0m | Scaffolding project 'ml_pipeline' with template 'python_package'
2025-12-05 13:58:26 | src.agents.project_scaffold | [32mINFO[0m | Created directory: src
2025-12-05 13:58:26 | src.agents.project_scaffold | [32mINFO[0m | Created file: src\main.py
2025-12-05 13:58:26 | src.agents.project_scaffold | [32mINFO[0m | Created file: src\utils.py
2025-12-05 13:58:26 | src.agents.project_scaffold | [32mINFO[0m | Created file: src\__init__.py
2025-12-05 13:58:26 | src.agents.project_scaffold | [32mINFO[0m | Created directory: tests
2025-12-05 13:58:26 | src.agents.project_scaffold | [32mINFO[0m | Created file: tests\test_main.py
2025-12-05 13:58:26 | src.agents.project_scaffold | [32mINFO[0m | Created file: tests\conftest.py
2025-12-05 13:58:26 | src.agents.project_scaffold | [32mINFO[0m | Created file: tests\__init__.py
2025-12-05 13:58:26 | src.agents.project_scaffold | [32mINFO[0m | Created directory: docs
2025-12-05 13:58:26 | src.agents.project_scaffold | [32mINFO[0m | Created file: docs\index.md
2025-12-05 13:58:26 | src.agents.project_scaffold | [32mINFO[0m | Created config file: setup.py
2025-12-05 13:58:26 | src.agents.project_scaffold | [32mINFO[0m | Created config file: pyproject.toml
2025-12-05 13:58:26 | src.agents.project_scaffold | [32mINFO[0m | Created config file: requirements.txt
2025-12-05 13:58:26 | src.agents.project_scaffold | [32mINFO[0m | Created config file: .gitignore
2025-12-05 13:58:26 | src.agents.project_scaffold | [32mINFO[0m | Created config file: README.md
2025-12-05 13:58:26 | src.agents.project_scaffold | [32mINFO[0m | Project scaffolded successfully. Created 15 files.
2025-12-05 13:59:43 | src.agents.project_validator | [32mINFO[0m | Validating python project with 1 files
2025-12-05 13:59:43 | src.agents.project_validator | [32mINFO[0m | Project validation passed
2025-12-05 13:59:43 | src.tools.code_executor | [32mINFO[0m | Installing dependencies: ['setuptools']
2025-12-05 13:59:43 | src.tools.code_executor | [32mINFO[0m | Final pip packages to install: ['setuptools']
2025-12-05 13:59:46 | src.tools.code_executor | [32mINFO[0m | Dependencies installed successfully
2025-12-05 13:59:46 | __main__ | [32mINFO[0m | 
ML Pipeline Package Generation Results:
2025-12-05 13:59:46 | __main__ | [32mINFO[0m |   Status: ‚úÖ SUCCESS
2025-12-05 13:59:46 | __main__ | [32mINFO[0m |   Iterations: 1
2025-12-05 13:59:46 | __main__ | [32mINFO[0m |   Files Generated: 1
2025-12-05 13:59:46 | __main__ | [32mINFO[0m |   Dependencies: 1
2025-12-05 13:59:46 | __main__ | [32mINFO[0m |   Duration: 80.54s
2025-12-05 13:59:46 | __main__ | [32mINFO[0m | 
  Generated Files:
2025-12-05 13:59:46 | __main__ | [32mINFO[0m |     - generated_script_20251205_135943.py (704 bytes)
2025-12-05 13:59:46 | __main__ | [32mINFO[0m | 
  Dependencies:
2025-12-05 13:59:46 | __main__ | [32mINFO[0m |     - setuptools
2025-12-05 13:59:46 | __main__ | [32mINFO[0m | 
  Iteration 1:
2025-12-05 13:59:46 | __main__ | [32mINFO[0m |     Generation: AgentStatus.SUCCESS
2025-12-05 13:59:46 | __main__ | [32mINFO[0m |     Build: AgentStatus.SUCCESS
2025-12-05 13:59:46 | __main__ | [32mINFO[0m |     Test: AgentStatus.SUCCESS
2025-12-05 13:59:46 | __main__ | [32mINFO[0m | 
================================================================================
2025-12-05 13:59:46 | __main__ | [32mINFO[0m | INTEGRATION TEST SUMMARY
2025-12-05 13:59:46 | __main__ | [32mINFO[0m | ================================================================================
2025-12-05 13:59:46 | __main__ | [32mINFO[0m | 
Total Tests: 3
2025-12-05 13:59:46 | __main__ | [32mINFO[0m | Passed: ‚úÖ 1
2025-12-05 13:59:46 | __main__ | [32mINFO[0m | Failed: ‚ùå 2
2025-12-05 13:59:46 | __main__ | [32mINFO[0m | Success Rate: 33.3%
2025-12-05 13:59:46 | __main__ | [32mINFO[0m | 
Detailed Results:
2025-12-05 13:59:46 | __main__ | [32mINFO[0m |   FastAPI TODO API: ‚ùå FAILED
2025-12-05 13:59:46 | __main__ | [32mINFO[0m |   Spring Boot Auth Microservice: ‚ùå FAILED
2025-12-05 13:59:46 | __main__ | [32mINFO[0m |   Python ML Pipeline: ‚úÖ PASSED
2025-12-05 13:59:46 | __main__ | [32mINFO[0m | 
================================================================================
2025-12-05 14:07:45 | __main__ | [32mINFO[0m | Starting Phase 3 Integration Tests
2025-12-05 14:07:45 | __main__ | [32mINFO[0m | Timestamp: 2025-12-05T14:07:45.609689
2025-12-05 14:07:45 | __main__ | [32mINFO[0m | 
================================================================================
2025-12-05 14:07:45 | __main__ | [32mINFO[0m | TEST 1: FastAPI TODO API Generation
2025-12-05 14:07:45 | __main__ | [32mINFO[0m | ================================================================================
2025-12-05 14:07:45 | src.agents.project_scaffold | [32mINFO[0m | Project Scaffold Agent initialized
2025-12-05 14:07:45 | src.agents.project_validator | [32mINFO[0m | Project Validator Agent initialized
2025-12-05 14:07:45 | src.agents.project_scaffold | [32mINFO[0m | Scaffolding project 'todo_app' with template 'fastapi'
2025-12-05 14:07:45 | src.agents.project_scaffold | [32mINFO[0m | Created directory: src
2025-12-05 14:07:45 | src.agents.project_scaffold | [32mINFO[0m | Created file: src\main.py
2025-12-05 14:07:45 | src.agents.project_scaffold | [32mINFO[0m | Created file: src\models.py
2025-12-05 14:07:45 | src.agents.project_scaffold | [32mINFO[0m | Created file: src\schemas.py
2025-12-05 14:07:45 | src.agents.project_scaffold | [32mINFO[0m | Created file: src\database.py
2025-12-05 14:07:45 | src.agents.project_scaffold | [32mINFO[0m | Created file: src\crud.py
2025-12-05 14:07:45 | src.agents.project_scaffold | [32mINFO[0m | Created file: src\config.py
2025-12-05 14:07:45 | src.agents.project_scaffold | [32mINFO[0m | Created directory: tests
2025-12-05 14:07:45 | src.agents.project_scaffold | [32mINFO[0m | Created file: tests\test_main.py
2025-12-05 14:07:45 | src.agents.project_scaffold | [32mINFO[0m | Created file: tests\conftest.py
2025-12-05 14:07:45 | src.agents.project_scaffold | [32mINFO[0m | Created config file: .gitignore
2025-12-05 14:07:45 | src.agents.project_scaffold | [32mINFO[0m | Created config file: requirements.txt
2025-12-05 14:07:45 | src.agents.project_scaffold | [32mINFO[0m | Created config file: Dockerfile
2025-12-05 14:07:45 | src.agents.project_scaffold | [32mINFO[0m | Created config file: .github/workflows/ci.yml
2025-12-05 14:07:45 | src.agents.project_scaffold | [32mINFO[0m | Created config file: README.md
2025-12-05 14:07:45 | src.agents.project_scaffold | [32mINFO[0m | Project scaffolded successfully. Created 15 files.
2025-12-05 14:08:23 | src.agents.project_validator | [32mINFO[0m | Validating python project with 10 files
2025-12-05 14:08:23 | src.agents.project_validator | [33mWARNING[0m | Missing __init__.py in tests
2025-12-05 14:08:23 | src.agents.project_validator | [33mWARNING[0m | Project validation found 1 errors
2025-12-05 14:08:50 | src.agents.project_validator | [32mINFO[0m | Validating python project with 14 files
2025-12-05 14:08:50 | src.agents.project_validator | [33mWARNING[0m | Missing __init__.py in app/routers
2025-12-05 14:08:50 | src.agents.project_validator | [33mWARNING[0m | Missing __init__.py in tests
2025-12-05 14:08:50 | src.agents.project_validator | [33mWARNING[0m | Missing __init__.py in app
2025-12-05 14:08:50 | src.agents.project_validator | [33mWARNING[0m | Project validation found 1 errors
2025-12-05 14:09:27 | src.agents.project_validator | [32mINFO[0m | Validating python project with 14 files
2025-12-05 14:09:27 | src.agents.project_validator | [33mWARNING[0m | Missing __init__.py in routers
2025-12-05 14:09:27 | src.agents.project_validator | [33mWARNING[0m | Project validation found 1 errors
2025-12-05 14:09:27 | __main__ | [32mINFO[0m | 
FastAPI Project Generation Results:
2025-12-05 14:09:27 | __main__ | [32mINFO[0m |   Status: ‚ùå FAILED
2025-12-05 14:09:27 | __main__ | [32mINFO[0m |   Iterations: 3
2025-12-05 14:09:27 | __main__ | [32mINFO[0m |   Files Generated: 14
2025-12-05 14:09:27 | __main__ | [32mINFO[0m |   Dependencies: 19
2025-12-05 14:09:27 | __main__ | [32mINFO[0m |   Duration: 102.04s
2025-12-05 14:09:27 | __main__ | [32mINFO[0m | 
  Generated Files:
2025-12-05 14:09:27 | __main__ | [32mINFO[0m |     - requirements.txt (230 bytes)
2025-12-05 14:09:27 | __main__ | [32mINFO[0m |     - config.py (377 bytes)
2025-12-05 14:09:27 | __main__ | [32mINFO[0m |     - database.py (1338 bytes)
2025-12-05 14:09:27 | __main__ | [32mINFO[0m |     - models.py (1035 bytes)
2025-12-05 14:09:27 | __main__ | [32mINFO[0m |     - schemas.py (881 bytes)
2025-12-05 14:09:27 | __main__ | [32mINFO[0m |     - auth.py (2699 bytes)
2025-12-05 14:09:27 | __main__ | [32mINFO[0m |     - crud.py (2104 bytes)
2025-12-05 14:09:27 | __main__ | [32mINFO[0m |     - routers/auth.py (1776 bytes)
2025-12-05 14:09:27 | __main__ | [32mINFO[0m |     - routers/todos.py (2698 bytes)
2025-12-05 14:09:27 | __main__ | [32mINFO[0m |     - main.py (1471 bytes)
2025-12-05 14:09:27 | __main__ | [32mINFO[0m |     - test_api.py (5286 bytes)
2025-12-05 14:09:27 | __main__ | [32mINFO[0m |     - Dockerfile (504 bytes)
2025-12-05 14:09:27 | __main__ | [32mINFO[0m |     - docker-compose.yml (497 bytes)
2025-12-05 14:09:27 | __main__ | [32mINFO[0m |     - .github/workflows/ci.yml (1321 bytes)
2025-12-05 14:09:27 | __main__ | [32mINFO[0m | 
  Dependencies:
2025-12-05 14:09:27 | __main__ | [32mINFO[0m |     - pytest
2025-12-05 14:09:27 | __main__ | [32mINFO[0m |     - httpx
2025-12-05 14:09:27 | __main__ | [32mINFO[0m |     - pydantic_settings
2025-12-05 14:09:27 | __main__ | [32mINFO[0m |     - sqlalchemy
2025-12-05 14:09:27 | __main__ | [32mINFO[0m |     - config
2025-12-05 14:09:27 | __main__ | [32mINFO[0m |     - database
2025-12-05 14:09:27 | __main__ | [32mINFO[0m |     - pydantic
2025-12-05 14:09:27 | __main__ | [32mINFO[0m |     - fastapi
2025-12-05 14:09:27 | __main__ | [32mINFO[0m |     - jose
2025-12-05 14:09:27 | __main__ | [32mINFO[0m |     - passlib
2025-12-05 14:09:27 | __main__ | [32mINFO[0m |     - models
2025-12-05 14:09:27 | __main__ | [32mINFO[0m |     - schemas
2025-12-05 14:09:27 | __main__ | [32mINFO[0m |     - auth
2025-12-05 14:09:27 | __main__ | [32mINFO[0m |     - crud
2025-12-05 14:09:27 | __main__ | [32mINFO[0m |     - contextlib
2025-12-05 14:09:27 | __main__ | [32mINFO[0m |     - routers
2025-12-05 14:09:27 | __main__ | [32mINFO[0m |     - main
2025-12-05 14:09:27 | __main__ | [32mINFO[0m |     - sqlalchemy[asyncio]
2025-12-05 14:09:27 | __main__ | [32mINFO[0m |     - aiosqlite
2025-12-05 14:09:27 | __main__ | [32mINFO[0m | 
  Iteration 1:
2025-12-05 14:09:27 | __main__ | [32mINFO[0m |     Generation: AgentStatus.SUCCESS
2025-12-05 14:09:27 | __main__ | [32mINFO[0m |     Build: AgentStatus.FAILED
2025-12-05 14:09:27 | __main__ | [32mINFO[0m |     Test: AgentStatus.PENDING
2025-12-05 14:09:27 | __main__ | [33mWARNING[0m |     Error: Circular imports detected: config.py <-> database.py
2025-12-05 14:09:27 | __main__ | [32mINFO[0m | 
  Iteration 2:
2025-12-05 14:09:27 | __main__ | [32mINFO[0m |     Generation: AgentStatus.SUCCESS
2025-12-05 14:09:27 | __main__ | [32mINFO[0m |     Build: AgentStatus.FAILED
2025-12-05 14:09:27 | __main__ | [32mINFO[0m |     Test: AgentStatus.PENDING
2025-12-05 14:09:27 | __main__ | [33mWARNING[0m |     Error: Circular imports detected: app/config.py <-> app/database.py
2025-12-05 14:09:27 | __main__ | [32mINFO[0m | 
  Iteration 3:
2025-12-05 14:09:27 | __main__ | [32mINFO[0m |     Generation: AgentStatus.SUCCESS
2025-12-05 14:09:27 | __main__ | [32mINFO[0m |     Build: AgentStatus.FAILED
2025-12-05 14:09:27 | __main__ | [32mINFO[0m |     Test: AgentStatus.PENDING
2025-12-05 14:09:27 | __main__ | [33mWARNING[0m |     Error: Circular imports detected: config.py <-> database.py
2025-12-05 14:09:27 | __main__ | [32mINFO[0m | 
================================================================================
2025-12-05 14:09:27 | __main__ | [32mINFO[0m | TEST 2: Spring Boot Auth Microservice Generation
2025-12-05 14:09:27 | __main__ | [32mINFO[0m | ================================================================================
2025-12-05 14:09:27 | src.agents.project_scaffold | [32mINFO[0m | Project Scaffold Agent initialized
2025-12-05 14:09:27 | src.agents.project_validator | [32mINFO[0m | Project Validator Agent initialized
2025-12-05 14:09:27 | src.agents.project_scaffold | [32mINFO[0m | Scaffolding project 'auth_service' with template 'spring_boot'
2025-12-05 14:09:27 | src.agents.project_scaffold | [32mINFO[0m | Created directory: src\main\java\com\example
2025-12-05 14:09:27 | src.agents.project_scaffold | [32mINFO[0m | Created file: src\main\java\com\example\controller
2025-12-05 14:09:27 | src.agents.project_scaffold | [32mINFO[0m | Created file: src\main\java\com\example\service
2025-12-05 14:09:27 | src.agents.project_scaffold | [32mINFO[0m | Created file: src\main\java\com\example\model
2025-12-05 14:09:27 | src.agents.project_scaffold | [32mINFO[0m | Created file: src\main\java\com\example\repository
2025-12-05 14:09:27 | src.agents.project_scaffold | [32mINFO[0m | Created file: src\main\java\com\example\security
2025-12-05 14:09:27 | src.agents.project_scaffold | [32mINFO[0m | Created file: src\main\java\com\example\config
2025-12-05 14:09:27 | src.agents.project_scaffold | [32mINFO[0m | Created directory: src\main\resources
2025-12-05 14:09:27 | src.agents.project_scaffold | [32mINFO[0m | Created file: src\main\resources\application.yml
2025-12-05 14:09:27 | src.agents.project_scaffold | [32mINFO[0m | Created directory: src\test\java\com\example
2025-12-05 14:09:27 | src.agents.project_scaffold | [32mINFO[0m | Created file: src\test\java\com\example\controller
2025-12-05 14:09:27 | src.agents.project_scaffold | [32mINFO[0m | Created file: src\test\java\com\example\service
2025-12-05 14:09:27 | src.agents.project_scaffold | [32mINFO[0m | Created config file: pom.xml
2025-12-05 14:09:27 | src.agents.project_scaffold | [32mINFO[0m | Created config file: Dockerfile
2025-12-05 14:09:27 | src.agents.project_scaffold | [32mINFO[0m | Created config file: docker-compose.yml
2025-12-05 14:09:27 | src.agents.project_scaffold | [32mINFO[0m | Created config file: .gitignore
2025-12-05 14:09:27 | src.agents.project_scaffold | [32mINFO[0m | Created config file: README.md
2025-12-05 14:09:27 | src.agents.project_scaffold | [32mINFO[0m | Project scaffolded successfully. Created 17 files.
2025-12-05 14:10:55 | src.agents.project_validator | [32mINFO[0m | Validating java project with 1 files
2025-12-05 14:10:55 | src.agents.project_validator | [33mWARNING[0m | Note: Java files should ideally be in src/main/java/ directory for Maven compatibility. However, proceeding with validation.
2025-12-05 14:10:55 | src.agents.project_validator | [32mINFO[0m | Project validation passed
2025-12-05 14:12:28 | src.agents.project_validator | [32mINFO[0m | Validating java project with 1 files
2025-12-05 14:12:28 | src.agents.project_validator | [33mWARNING[0m | Note: Java files should ideally be in src/main/java/ directory for Maven compatibility. However, proceeding with validation.
2025-12-05 14:12:28 | src.agents.project_validator | [32mINFO[0m | Project validation passed
2025-12-05 14:13:14 | src.agents.project_validator | [32mINFO[0m | Validating java project with 19 files
2025-12-05 14:13:14 | src.agents.project_validator | [33mWARNING[0m | Note: Java files should ideally be in src/main/java/ directory for Maven compatibility. However, proceeding with validation.
2025-12-05 14:13:14 | src.agents.project_validator | [33mWARNING[0m | Java file pom.xml (Maven Dependencies - Required for project setup) has no package declaration
2025-12-05 14:13:14 | src.agents.project_validator | [33mWARNING[0m | Java file src/main/resources/application.yml has no package declaration
2025-12-05 14:13:14 | src.agents.project_validator | [33mWARNING[0m | Java file Dockerfile has no package declaration
2025-12-05 14:13:14 | src.agents.project_validator | [33mWARNING[0m | Java file docker-compose.yml has no package declaration
2025-12-05 14:13:14 | src.agents.project_validator | [32mINFO[0m | Project validation passed
2025-12-08 07:33:26 | __main__ | [32mINFO[0m | Starting Phase 3 Integration Tests
2025-12-08 07:33:26 | __main__ | [32mINFO[0m | Timestamp: 2025-12-08T07:33:26.792978
2025-12-08 07:33:26 | __main__ | [32mINFO[0m | 
================================================================================
2025-12-08 07:33:26 | __main__ | [32mINFO[0m | TEST 1: FastAPI TODO API Generation
2025-12-08 07:33:26 | __main__ | [32mINFO[0m | ================================================================================
2025-12-08 07:33:26 | src.agents.project_scaffold | [32mINFO[0m | Project Scaffold Agent initialized
2025-12-08 07:33:26 | src.agents.project_validator | [32mINFO[0m | Project Validator Agent initialized
2025-12-08 07:33:26 | src.agents.project_scaffold | [32mINFO[0m | Scaffolding project 'todo_app' with template 'fastapi'
2025-12-08 07:33:26 | src.agents.project_scaffold | [32mINFO[0m | Created directory: src
2025-12-08 07:33:26 | src.agents.project_scaffold | [32mINFO[0m | Created file: src\main.py
2025-12-08 07:33:26 | src.agents.project_scaffold | [32mINFO[0m | Created file: src\models.py
2025-12-08 07:33:26 | src.agents.project_scaffold | [32mINFO[0m | Created file: src\schemas.py
2025-12-08 07:33:26 | src.agents.project_scaffold | [32mINFO[0m | Created file: src\database.py
2025-12-08 07:33:26 | src.agents.project_scaffold | [32mINFO[0m | Created file: src\crud.py
2025-12-08 07:33:26 | src.agents.project_scaffold | [32mINFO[0m | Created file: src\config.py
2025-12-08 07:33:26 | src.agents.project_scaffold | [32mINFO[0m | Created directory: tests
2025-12-08 07:33:26 | src.agents.project_scaffold | [32mINFO[0m | Created file: tests\test_main.py
2025-12-08 07:33:26 | src.agents.project_scaffold | [32mINFO[0m | Created file: tests\conftest.py
2025-12-08 07:33:26 | src.agents.project_scaffold | [32mINFO[0m | Created config file: .gitignore
2025-12-08 07:33:26 | src.agents.project_scaffold | [32mINFO[0m | Created config file: requirements.txt
2025-12-08 07:33:26 | src.agents.project_scaffold | [32mINFO[0m | Created config file: Dockerfile
2025-12-08 07:33:26 | src.agents.project_scaffold | [32mINFO[0m | Created config file: .github/workflows/ci.yml
2025-12-08 07:33:26 | src.agents.project_scaffold | [32mINFO[0m | Created config file: README.md
2025-12-08 07:33:26 | src.agents.project_scaffold | [32mINFO[0m | Project scaffolded successfully. Created 15 files.
2025-12-08 07:34:01 | src.agents.project_validator | [32mINFO[0m | Validating python project with 13 files
2025-12-08 07:34:01 | src.agents.project_validator | [33mWARNING[0m | Potential circular imports detected: config.py <-> database.py
2025-12-08 07:34:01 | src.agents.project_validator | [33mWARNING[0m | Missing __init__.py in routers
2025-12-08 07:34:01 | src.agents.project_validator | [32mINFO[0m | Project validation passed
2025-12-08 07:34:35 | src.agents.project_validator | [32mINFO[0m | Validating python project with 16 files
2025-12-08 07:34:35 | src.agents.project_validator | [33mWARNING[0m | Potential circular imports detected: app/config.py <-> app/database.py
2025-12-08 07:34:35 | src.agents.project_validator | [33mWARNING[0m | Missing __init__.py in app
2025-12-08 07:34:35 | src.agents.project_validator | [33mWARNING[0m | Missing __init__.py in app/routers
2025-12-08 07:34:35 | src.agents.project_validator | [33mWARNING[0m | Missing __init__.py in tests
2025-12-08 07:34:35 | src.agents.project_validator | [32mINFO[0m | Project validation passed
2025-12-08 07:35:13 | src.agents.project_validator | [32mINFO[0m | Validating python project with 16 files
2025-12-08 07:35:13 | src.agents.project_validator | [33mWARNING[0m | Potential circular imports detected: app/config.py <-> app/database.py
2025-12-08 07:35:13 | src.agents.project_validator | [33mWARNING[0m | Missing __init__.py in app
2025-12-08 07:35:13 | src.agents.project_validator | [33mWARNING[0m | Missing __init__.py in app/routers
2025-12-08 07:35:13 | src.agents.project_validator | [33mWARNING[0m | Missing __init__.py in tests
2025-12-08 07:35:13 | src.agents.project_validator | [32mINFO[0m | Project validation passed
2025-12-08 07:35:13 | __main__ | [32mINFO[0m | 
FastAPI Project Generation Results:
2025-12-08 07:35:13 | __main__ | [32mINFO[0m |   Status: ‚ùå FAILED
2025-12-08 07:35:13 | __main__ | [32mINFO[0m |   Iterations: 3
2025-12-08 07:35:13 | __main__ | [32mINFO[0m |   Files Generated: 16
2025-12-08 07:35:13 | __main__ | [32mINFO[0m |   Dependencies: 16
2025-12-08 07:35:13 | __main__ | [32mINFO[0m |   Duration: 107.15s
2025-12-08 07:35:13 | __main__ | [32mINFO[0m | 
  Generated Files:
2025-12-08 07:35:13 | __main__ | [32mINFO[0m |     - requirements.txt (163 bytes)
2025-12-08 07:35:13 | __main__ | [32mINFO[0m |     - Dockerfile (445 bytes)
2025-12-08 07:35:13 | __main__ | [32mINFO[0m |     - docker-compose.yml (784 bytes)
2025-12-08 07:35:13 | __main__ | [32mINFO[0m |     - .github/workflows/ci.yml (882 bytes)
2025-12-08 07:35:13 | __main__ | [32mINFO[0m |     - app/config.py (507 bytes)
2025-12-08 07:35:13 | __main__ | [32mINFO[0m |     - app/database.py (1264 bytes)
2025-12-08 07:35:13 | __main__ | [32mINFO[0m |     - app/models.py (828 bytes)
2025-12-08 07:35:13 | __main__ | [32mINFO[0m |     - app/schemas.py (770 bytes)
2025-12-08 07:35:13 | __main__ | [32mINFO[0m |     - app/auth.py (2560 bytes)
2025-12-08 07:35:13 | __main__ | [32mINFO[0m |     - app/crud.py (2446 bytes)
2025-12-08 07:35:13 | __main__ | [32mINFO[0m |     - app/routers/user.py (1900 bytes)
2025-12-08 07:35:13 | __main__ | [32mINFO[0m |     - app/routers/todo.py (2574 bytes)
2025-12-08 07:35:13 | __main__ | [32mINFO[0m |     - app/main.py (1310 bytes)
2025-12-08 07:35:13 | __main__ | [32mINFO[0m |     - tests/conftest.py (3067 bytes)
2025-12-08 07:35:13 | __main__ | [32mINFO[0m |     - tests/test_todo.py (3512 bytes)
2025-12-08 07:35:13 | __main__ | [32mINFO[0m |     - tests/test_user.py (2268 bytes)
2025-12-08 07:35:13 | __main__ | [32mINFO[0m | 
  Dependencies:
2025-12-08 07:35:13 | __main__ | [32mINFO[0m |     - asyncio
2025-12-08 07:35:13 | __main__ | [32mINFO[0m |     - pytest
2025-12-08 07:35:13 | __main__ | [32mINFO[0m |     - pydantic_settings
2025-12-08 07:35:13 | __main__ | [32mINFO[0m |     - sqlalchemy
2025-12-08 07:35:13 | __main__ | [32mINFO[0m |     - app
2025-12-08 07:35:13 | __main__ | [32mINFO[0m |     - pydantic
2025-12-08 07:35:13 | __main__ | [32mINFO[0m |     - fastapi
2025-12-08 07:35:13 | __main__ | [32mINFO[0m |     - jose
2025-12-08 07:35:13 | __main__ | [32mINFO[0m |     - passlib
2025-12-08 07:35:13 | __main__ | [32mINFO[0m |     - contextlib
2025-12-08 07:35:13 | __main__ | [32mINFO[0m |     - httpx
2025-12-08 07:35:13 | __main__ | [32mINFO[0m |     - uvicorn
2025-12-08 07:35:13 | __main__ | [32mINFO[0m |     - python-jose[cryptography]
2025-12-08 07:35:13 | __main__ | [32mINFO[0m |     - passlib[bcrypt]
2025-12-08 07:35:13 | __main__ | [32mINFO[0m |     - pytest-asyncio
2025-12-08 07:35:13 | __main__ | [32mINFO[0m |     - asyncpg
2025-12-08 07:35:13 | __main__ | [32mINFO[0m | 
  Iteration 1:
2025-12-08 07:35:13 | __main__ | [32mINFO[0m |     Generation: AgentStatus.SUCCESS
2025-12-08 07:35:14 | __main__ | [32mINFO[0m |     Build: AgentStatus.FAILED
2025-12-08 07:35:14 | __main__ | [32mINFO[0m |     Test: AgentStatus.PENDING
2025-12-08 07:35:14 | __main__ | [33mWARNING[0m |     Error: Dockerfile:2 - invalid syntax
.github/workflows/ci.yml:1 - invalid syntax
2025-12-08 07:35:14 | __main__ | [32mINFO[0m | 
  Iteration 2:
2025-12-08 07:35:14 | __main__ | [32mINFO[0m |     Generation: AgentStatus.SUCCESS
2025-12-08 07:35:14 | __main__ | [32mINFO[0m |     Build: AgentStatus.FAILED
2025-12-08 07:35:14 | __main__ | [32mINFO[0m |     Test: AgentStatus.PENDING
2025-12-08 07:35:14 | __main__ | [33mWARNING[0m |     Error: Dockerfile:2 - invalid syntax
docker-compose.yml:3 - invalid syntax
.github/workflows/ci.yml:1 - invalid syntax
2025-12-08 07:35:14 | __main__ | [32mINFO[0m | 
  Iteration 3:
2025-12-08 07:35:14 | __main__ | [32mINFO[0m |     Generation: AgentStatus.SUCCESS
2025-12-08 07:35:14 | __main__ | [32mINFO[0m |     Build: AgentStatus.FAILED
2025-12-08 07:35:14 | __main__ | [32mINFO[0m |     Test: AgentStatus.PENDING
2025-12-08 07:35:14 | __main__ | [33mWARNING[0m |     Error: Dockerfile:2 - invalid syntax
docker-compose.yml:3 - invalid syntax
.github/workflows/ci.yml:1 - invalid syntax
tests/test_user.py:64 - invalid syntax
2025-12-08 07:35:14 | __main__ | [32mINFO[0m | 
================================================================================
2025-12-08 07:35:14 | __main__ | [32mINFO[0m | TEST 2: Spring Boot Auth Microservice Generation
2025-12-08 07:35:14 | __main__ | [32mINFO[0m | ================================================================================
2025-12-08 07:35:14 | src.agents.project_scaffold | [32mINFO[0m | Project Scaffold Agent initialized
2025-12-08 07:35:14 | src.agents.project_validator | [32mINFO[0m | Project Validator Agent initialized
2025-12-08 07:35:14 | src.agents.project_scaffold | [32mINFO[0m | Scaffolding project 'auth_service' with template 'spring_boot'
2025-12-08 07:35:14 | src.agents.project_scaffold | [32mINFO[0m | Created directory: src\main\java\com\example
2025-12-08 07:35:14 | src.agents.project_scaffold | [32mINFO[0m | Created file: src\main\java\com\example\controller
2025-12-08 07:35:14 | src.agents.project_scaffold | [32mINFO[0m | Created file: src\main\java\com\example\service
2025-12-08 07:35:14 | src.agents.project_scaffold | [32mINFO[0m | Created file: src\main\java\com\example\model
2025-12-08 07:35:14 | src.agents.project_scaffold | [32mINFO[0m | Created file: src\main\java\com\example\repository
2025-12-08 07:35:14 | src.agents.project_scaffold | [32mINFO[0m | Created file: src\main\java\com\example\security
2025-12-08 07:35:14 | src.agents.project_scaffold | [32mINFO[0m | Created file: src\main\java\com\example\config
2025-12-08 07:35:14 | src.agents.project_scaffold | [32mINFO[0m | Created directory: src\main\resources
2025-12-08 07:35:14 | src.agents.project_scaffold | [32mINFO[0m | Created file: src\main\resources\application.yml
2025-12-08 07:35:14 | src.agents.project_scaffold | [32mINFO[0m | Created directory: src\test\java\com\example
2025-12-08 07:35:14 | src.agents.project_scaffold | [32mINFO[0m | Created file: src\test\java\com\example\controller
2025-12-08 07:35:14 | src.agents.project_scaffold | [32mINFO[0m | Created file: src\test\java\com\example\service
2025-12-08 07:35:14 | src.agents.project_scaffold | [32mINFO[0m | Created config file: pom.xml
2025-12-08 07:35:14 | src.agents.project_scaffold | [32mINFO[0m | Created config file: Dockerfile
2025-12-08 07:35:14 | src.agents.project_scaffold | [32mINFO[0m | Created config file: docker-compose.yml
2025-12-08 07:35:14 | src.agents.project_scaffold | [32mINFO[0m | Created config file: .gitignore
2025-12-08 07:35:14 | src.agents.project_scaffold | [32mINFO[0m | Created config file: README.md
2025-12-08 07:35:14 | src.agents.project_scaffold | [32mINFO[0m | Project scaffolded successfully. Created 17 files.
2025-12-08 07:35:58 | src.agents.project_validator | [32mINFO[0m | Validating java project with 18 files
2025-12-08 07:35:58 | src.agents.project_validator | [33mWARNING[0m | Note: Java files should ideally be in src/main/java/ directory for Maven compatibility. However, proceeding with validation.
2025-12-08 07:35:58 | src.agents.project_validator | [33mWARNING[0m | Java file pom.xml has no package declaration
2025-12-08 07:35:58 | src.agents.project_validator | [33mWARNING[0m | Java file src/main/resources/application.yml has no package declaration
2025-12-08 07:35:58 | src.agents.project_validator | [33mWARNING[0m | Java file Dockerfile has no package declaration
2025-12-08 07:35:58 | src.agents.project_validator | [33mWARNING[0m | Java file docker-compose.yml has no package declaration
2025-12-08 07:35:58 | src.agents.project_validator | [32mINFO[0m | Project validation passed
2025-12-08 07:37:11 | src.agents.project_validator | [32mINFO[0m | Validating java project with 14 files
2025-12-08 07:37:11 | src.agents.project_validator | [33mWARNING[0m | Note: Java files should ideally be in src/main/java/ directory for Maven compatibility. However, proceeding with validation.
2025-12-08 07:37:11 | src.agents.project_validator | [32mINFO[0m | Project validation passed
2025-12-08 07:38:02 | src.agents.project_validator | [32mINFO[0m | Validating java project with 1 files
2025-12-08 07:38:02 | src.agents.project_validator | [33mWARNING[0m | Note: Java files should ideally be in src/main/java/ directory for Maven compatibility. However, proceeding with validation.
2025-12-08 07:38:02 | src.agents.project_validator | [32mINFO[0m | Project validation passed
2025-12-08 07:38:07 | __main__ | [32mINFO[0m | 
Spring Boot Project Generation Results:
2025-12-08 07:38:07 | __main__ | [32mINFO[0m |   Status: ‚ùå FAILED
2025-12-08 07:38:07 | __main__ | [32mINFO[0m |   Iterations: 3
2025-12-08 07:38:07 | __main__ | [32mINFO[0m |   Files Generated: 1
2025-12-08 07:38:07 | __main__ | [32mINFO[0m |   Dependencies: 0
2025-12-08 07:38:07 | __main__ | [32mINFO[0m |   Duration: 172.97s
2025-12-08 07:38:07 | __main__ | [32mINFO[0m | 
  Generated Files:
2025-12-08 07:38:07 | __main__ | [32mINFO[0m |     - AuthApplication.java (315 bytes)
2025-12-08 07:38:07 | __main__ | [32mINFO[0m | 
  Iteration 1:
2025-12-08 07:38:07 | __main__ | [32mINFO[0m |     Generation: AgentStatus.SUCCESS
2025-12-08 07:38:07 | __main__ | [32mINFO[0m |     Build: AgentStatus.FAILED
2025-12-08 07:38:07 | __main__ | [32mINFO[0m |     Test: AgentStatus.PENDING
2025-12-08 07:38:07 | __main__ | [33mWARNING[0m |     Error: [INFO] Scanning for projects...
[INFO] 
[INFO] -----------------< com.agenticcode:generated-project >------------------
[INFO] Building generated-project 1.0-SNAPSHOT
[INFO]   from pom.xml
[INFO] ----
2025-12-08 07:38:07 | __main__ | [32mINFO[0m | 
  Iteration 2:
2025-12-08 07:38:07 | __main__ | [32mINFO[0m |     Generation: AgentStatus.SUCCESS
2025-12-08 07:38:07 | __main__ | [32mINFO[0m |     Build: AgentStatus.FAILED
2025-12-08 07:38:07 | __main__ | [32mINFO[0m |     Test: AgentStatus.PENDING
2025-12-08 07:38:07 | __main__ | [33mWARNING[0m |     Error: [INFO] Scanning for projects...
[INFO] 
[INFO] -----------------< com.agenticcode:generated-project >------------------
[INFO] Building generated-project 1.0-SNAPSHOT
[INFO]   from pom.xml
[INFO] ----
2025-12-08 07:38:07 | __main__ | [32mINFO[0m | 
  Iteration 3:
2025-12-08 07:38:07 | __main__ | [32mINFO[0m |     Generation: AgentStatus.SUCCESS
2025-12-08 07:38:07 | __main__ | [32mINFO[0m |     Build: AgentStatus.FAILED
2025-12-08 07:38:07 | __main__ | [32mINFO[0m |     Test: AgentStatus.PENDING
2025-12-08 07:38:07 | __main__ | [33mWARNING[0m |     Error: [INFO] Scanning for projects...
[INFO] 
[INFO] -----------------< com.agenticcode:generated-project >------------------
[INFO] Building generated-project 1.0-SNAPSHOT
[INFO]   from pom.xml
[INFO] ----
2025-12-08 07:38:07 | __main__ | [32mINFO[0m | 
================================================================================
2025-12-08 07:38:07 | __main__ | [32mINFO[0m | TEST 3: Python ML Pipeline Package Generation
2025-12-08 07:38:07 | __main__ | [32mINFO[0m | ================================================================================
2025-12-08 07:38:07 | src.agents.project_scaffold | [32mINFO[0m | Project Scaffold Agent initialized
2025-12-08 07:38:07 | src.agents.project_validator | [32mINFO[0m | Project Validator Agent initialized
2025-12-08 07:38:07 | src.agents.project_scaffold | [32mINFO[0m | Scaffolding project 'ml_pipeline' with template 'python_package'
2025-12-08 07:38:07 | src.agents.project_scaffold | [32mINFO[0m | Created directory: src
2025-12-08 07:38:07 | src.agents.project_scaffold | [32mINFO[0m | Created file: src\main.py
2025-12-08 07:38:07 | src.agents.project_scaffold | [32mINFO[0m | Created file: src\utils.py
2025-12-08 07:38:07 | src.agents.project_scaffold | [32mINFO[0m | Created file: src\__init__.py
2025-12-08 07:38:07 | src.agents.project_scaffold | [32mINFO[0m | Created directory: tests
2025-12-08 07:38:07 | src.agents.project_scaffold | [32mINFO[0m | Created file: tests\test_main.py
2025-12-08 07:38:07 | src.agents.project_scaffold | [32mINFO[0m | Created file: tests\conftest.py
2025-12-08 07:38:07 | src.agents.project_scaffold | [32mINFO[0m | Created file: tests\__init__.py
2025-12-08 07:38:07 | src.agents.project_scaffold | [32mINFO[0m | Created directory: docs
2025-12-08 07:38:07 | src.agents.project_scaffold | [32mINFO[0m | Created file: docs\index.md
2025-12-08 07:38:07 | src.agents.project_scaffold | [32mINFO[0m | Created config file: setup.py
2025-12-08 07:38:07 | src.agents.project_scaffold | [32mINFO[0m | Created config file: pyproject.toml
2025-12-08 07:38:07 | src.agents.project_scaffold | [32mINFO[0m | Created config file: requirements.txt
2025-12-08 07:38:07 | src.agents.project_scaffold | [32mINFO[0m | Created config file: .gitignore
2025-12-08 07:38:07 | src.agents.project_scaffold | [32mINFO[0m | Created config file: README.md
2025-12-08 07:38:07 | src.agents.project_scaffold | [32mINFO[0m | Project scaffolded successfully. Created 15 files.
2025-12-08 07:39:30 | src.agents.project_validator | [32mINFO[0m | Validating python project with 1 files
2025-12-08 07:39:30 | src.agents.project_validator | [32mINFO[0m | Project validation passed
2025-12-08 07:39:30 | src.tools.code_executor | [32mINFO[0m | Installing dependencies: ['pandas', 'numpy', 'ml_workflow_package', 'scikit-learn']
2025-12-08 07:39:30 | src.tools.code_executor | [32mINFO[0m | Final pip packages to install: ['pandas', 'numpy', 'ml_workflow_package', 'scikit-learn']
2025-12-08 07:39:32 | src.tools.code_executor | [31mERROR[0m | Dependency installation failed: ERROR: Could not find a version that satisfies the requirement ml_workflow_package (from versions: none)
ERROR: No matching distribution found for ml_workflow_package

[notice] A new release of pip is available: 24.0 -> 25.3
[notice] To update, run: C:\Users\Govind\Projects\agentic-code-studio\.venv\Scripts\python.exe -m pip install --upgrade pip

2025-12-08 07:40:41 | src.agents.project_validator | [32mINFO[0m | Validating python project with 1 files
2025-12-08 07:40:41 | src.agents.project_validator | [32mINFO[0m | Project validation passed
2025-12-08 07:40:41 | src.tools.code_executor | [32mINFO[0m | Installing dependencies: ['pandas', 'scikit-learn', 'ml_workflow_package']
2025-12-08 07:40:41 | src.tools.code_executor | [32mINFO[0m | Final pip packages to install: ['pandas', 'scikit-learn', 'ml_workflow_package']
2025-12-08 07:40:44 | src.tools.code_executor | [31mERROR[0m | Dependency installation failed: ERROR: Could not find a version that satisfies the requirement ml_workflow_package (from versions: none)
ERROR: No matching distribution found for ml_workflow_package

[notice] A new release of pip is available: 24.0 -> 25.3
[notice] To update, run: C:\Users\Govind\Projects\agentic-code-studio\.venv\Scripts\python.exe -m pip install --upgrade pip

2025-12-08 07:42:02 | src.agents.project_validator | [32mINFO[0m | Validating python project with 1 files
2025-12-08 07:42:02 | src.agents.project_validator | [32mINFO[0m | Project validation passed
2025-12-08 07:42:02 | src.tools.code_executor | [32mINFO[0m | Installing dependencies: ['pandas', 'numpy', 'ml_workflow_package']
2025-12-08 07:42:02 | src.tools.code_executor | [32mINFO[0m | Final pip packages to install: ['pandas', 'numpy', 'ml_workflow_package']
2025-12-08 07:42:04 | src.tools.code_executor | [31mERROR[0m | Dependency installation failed: ERROR: Could not find a version that satisfies the requirement ml_workflow_package (from versions: none)
ERROR: No matching distribution found for ml_workflow_package

[notice] A new release of pip is available: 24.0 -> 25.3
[notice] To update, run: C:\Users\Govind\Projects\agentic-code-studio\.venv\Scripts\python.exe -m pip install --upgrade pip

2025-12-08 07:42:04 | __main__ | [32mINFO[0m | 
ML Pipeline Package Generation Results:
2025-12-08 07:42:04 | __main__ | [32mINFO[0m |   Status: ‚ùå FAILED
2025-12-08 07:42:04 | __main__ | [32mINFO[0m |   Iterations: 3
2025-12-08 07:42:04 | __main__ | [32mINFO[0m |   Files Generated: 1
2025-12-08 07:42:04 | __main__ | [32mINFO[0m |   Dependencies: 3
2025-12-08 07:42:04 | __main__ | [32mINFO[0m |   Duration: 237.74s
2025-12-08 07:42:04 | __main__ | [32mINFO[0m | 
  Generated Files:
2025-12-08 07:42:04 | __main__ | [32mINFO[0m |     - generated_script_20251208_074202.py (2583 bytes)
2025-12-08 07:42:04 | __main__ | [32mINFO[0m | 
  Dependencies:
2025-12-08 07:42:04 | __main__ | [32mINFO[0m |     - pandas
2025-12-08 07:42:04 | __main__ | [32mINFO[0m |     - numpy
2025-12-08 07:42:04 | __main__ | [32mINFO[0m |     - ml_workflow_package
2025-12-08 07:42:04 | __main__ | [32mINFO[0m | 
  Iteration 1:
2025-12-08 07:42:04 | __main__ | [32mINFO[0m |     Generation: AgentStatus.SUCCESS
2025-12-08 07:42:04 | __main__ | [32mINFO[0m |     Build: AgentStatus.FAILED
2025-12-08 07:42:04 | __main__ | [32mINFO[0m |     Test: AgentStatus.PENDING
2025-12-08 07:42:04 | __main__ | [33mWARNING[0m |     Error: Failed to install dependencies: ERROR: Could not find a version that satisfies the requirement ml_workflow_package (from versions: none)
ERROR: No matching distribution found for ml_workflow_package


2025-12-08 07:42:04 | __main__ | [32mINFO[0m | 
  Iteration 2:
2025-12-08 07:42:04 | __main__ | [32mINFO[0m |     Generation: AgentStatus.SUCCESS
2025-12-08 07:42:04 | __main__ | [32mINFO[0m |     Build: AgentStatus.FAILED
2025-12-08 07:42:04 | __main__ | [32mINFO[0m |     Test: AgentStatus.PENDING
2025-12-08 07:42:04 | __main__ | [33mWARNING[0m |     Error: Failed to install dependencies: ERROR: Could not find a version that satisfies the requirement ml_workflow_package (from versions: none)
ERROR: No matching distribution found for ml_workflow_package


2025-12-08 07:42:04 | __main__ | [32mINFO[0m | 
  Iteration 3:
2025-12-08 07:42:04 | __main__ | [32mINFO[0m |     Generation: AgentStatus.SUCCESS
2025-12-08 07:42:04 | __main__ | [32mINFO[0m |     Build: AgentStatus.FAILED
2025-12-08 07:42:04 | __main__ | [32mINFO[0m |     Test: AgentStatus.PENDING
2025-12-08 07:42:04 | __main__ | [33mWARNING[0m |     Error: Failed to install dependencies: ERROR: Could not find a version that satisfies the requirement ml_workflow_package (from versions: none)
ERROR: No matching distribution found for ml_workflow_package


2025-12-08 07:42:04 | __main__ | [32mINFO[0m | 
================================================================================
2025-12-08 07:42:04 | __main__ | [32mINFO[0m | INTEGRATION TEST SUMMARY
2025-12-08 07:42:04 | __main__ | [32mINFO[0m | ================================================================================
2025-12-08 07:42:04 | __main__ | [32mINFO[0m | 
Total Tests: 3
2025-12-08 07:42:04 | __main__ | [32mINFO[0m | Passed: 0
2025-12-08 07:42:04 | __main__ | [32mINFO[0m | Failed: 3
2025-12-08 07:42:04 | __main__ | [32mINFO[0m | Success Rate: 0.0%
2025-12-08 07:42:04 | __main__ | [32mINFO[0m | 
Detailed Results:
2025-12-08 07:42:04 | __main__ | [32mINFO[0m |   FastAPI TODO API: FAILED
2025-12-08 07:42:04 | __main__ | [32mINFO[0m |   Spring Boot Auth Microservice: FAILED
2025-12-08 07:42:04 | __main__ | [32mINFO[0m |   Python ML Pipeline: FAILED
2025-12-08 07:42:04 | __main__ | [32mINFO[0m | 
================================================================================
2025-12-08 07:43:11 | __main__ | [32mINFO[0m | Starting Phase 3 Integration Tests
2025-12-08 07:43:11 | __main__ | [32mINFO[0m | Timestamp: 2025-12-08T07:43:11.157674
2025-12-08 07:43:11 | __main__ | [32mINFO[0m | 
================================================================================
2025-12-08 07:43:11 | __main__ | [32mINFO[0m | TEST 1: FastAPI TODO API Generation
2025-12-08 07:43:11 | __main__ | [32mINFO[0m | ================================================================================
2025-12-08 07:43:11 | src.agents.project_scaffold | [32mINFO[0m | Project Scaffold Agent initialized
2025-12-08 07:43:11 | src.agents.project_validator | [32mINFO[0m | Project Validator Agent initialized
2025-12-08 07:43:11 | src.agents.project_scaffold | [32mINFO[0m | Scaffolding project 'todo_app' with template 'fastapi'
2025-12-08 07:43:11 | src.agents.project_scaffold | [32mINFO[0m | Created directory: src
2025-12-08 07:43:11 | src.agents.project_scaffold | [32mINFO[0m | Created file: src\main.py
2025-12-08 07:43:11 | src.agents.project_scaffold | [32mINFO[0m | Created file: src\models.py
2025-12-08 07:43:11 | src.agents.project_scaffold | [32mINFO[0m | Created file: src\schemas.py
2025-12-08 07:43:11 | src.agents.project_scaffold | [32mINFO[0m | Created file: src\database.py
2025-12-08 07:43:11 | src.agents.project_scaffold | [32mINFO[0m | Created file: src\crud.py
2025-12-08 07:43:11 | src.agents.project_scaffold | [32mINFO[0m | Created file: src\config.py
2025-12-08 07:43:11 | src.agents.project_scaffold | [32mINFO[0m | Created directory: tests
2025-12-08 07:43:11 | src.agents.project_scaffold | [32mINFO[0m | Created file: tests\test_main.py
2025-12-08 07:43:11 | src.agents.project_scaffold | [32mINFO[0m | Created file: tests\conftest.py
2025-12-08 07:43:11 | src.agents.project_scaffold | [32mINFO[0m | Created config file: .gitignore
2025-12-08 07:43:11 | src.agents.project_scaffold | [32mINFO[0m | Created config file: requirements.txt
2025-12-08 07:43:11 | src.agents.project_scaffold | [32mINFO[0m | Created config file: Dockerfile
2025-12-08 07:43:11 | src.agents.project_scaffold | [32mINFO[0m | Created config file: .github/workflows/ci.yml
2025-12-08 07:43:11 | src.agents.project_scaffold | [32mINFO[0m | Created config file: README.md
2025-12-08 07:43:11 | src.agents.project_scaffold | [32mINFO[0m | Project scaffolded successfully. Created 15 files.
2025-12-08 07:43:41 | src.agents.project_validator | [32mINFO[0m | Validating python project with 14 files
2025-12-08 07:43:41 | src.agents.project_validator | [33mWARNING[0m | Potential circular imports detected: app/config.py <-> app/database.py
2025-12-08 07:43:41 | src.agents.project_validator | [33mWARNING[0m | Missing __init__.py in tests
2025-12-08 07:43:41 | src.agents.project_validator | [33mWARNING[0m | Missing __init__.py in app/routers
2025-12-08 07:43:41 | src.agents.project_validator | [33mWARNING[0m | Missing __init__.py in app
2025-12-08 07:43:41 | src.agents.project_validator | [32mINFO[0m | Project validation passed
2025-12-08 07:47:54 | src.agents.project_validator | [32mINFO[0m | Validating python project with 1 files
2025-12-08 07:47:54 | src.agents.project_validator | [32mINFO[0m | Project validation passed
2025-12-08 07:47:54 | __main__ | [32mINFO[0m | 
FastAPI Project Generation Results:
2025-12-08 07:47:54 | __main__ | [32mINFO[0m |   Status: ‚úÖ SUCCESS
2025-12-08 07:47:54 | __main__ | [32mINFO[0m |   Iterations: 2
2025-12-08 07:47:54 | __main__ | [32mINFO[0m |   Files Generated: 1
2025-12-08 07:47:54 | __main__ | [32mINFO[0m |   Dependencies: 0
2025-12-08 07:47:54 | __main__ | [32mINFO[0m |   Duration: 283.25s
2025-12-08 07:47:54 | __main__ | [32mINFO[0m | 
  Generated Files:
2025-12-08 07:47:54 | __main__ | [32mINFO[0m |     - generated_script_20251208_074754.py (2622 bytes)
2025-12-08 07:47:54 | __main__ | [32mINFO[0m | 
  Iteration 1:
2025-12-08 07:47:54 | __main__ | [32mINFO[0m |     Generation: AgentStatus.SUCCESS
2025-12-08 07:47:54 | __main__ | [32mINFO[0m |     Build: AgentStatus.FAILED
2025-12-08 07:47:54 | __main__ | [32mINFO[0m |     Test: AgentStatus.PENDING
2025-12-08 07:47:54 | __main__ | [33mWARNING[0m |     Error: Dockerfile:2 - invalid syntax
docker-compose.yml:3 - invalid syntax
.github/workflows/ci.yml:1 - invalid syntax
2025-12-08 07:47:54 | __main__ | [32mINFO[0m | 
  Iteration 2:
2025-12-08 07:47:54 | __main__ | [32mINFO[0m |     Generation: AgentStatus.SUCCESS
2025-12-08 07:47:54 | __main__ | [32mINFO[0m |     Build: AgentStatus.SUCCESS
2025-12-08 07:47:54 | __main__ | [32mINFO[0m |     Test: AgentStatus.SUCCESS
2025-12-08 07:47:54 | __main__ | [32mINFO[0m | 
================================================================================
2025-12-08 07:47:54 | __main__ | [32mINFO[0m | TEST 2: Spring Boot Auth Microservice Generation
2025-12-08 07:47:54 | __main__ | [32mINFO[0m | ================================================================================
2025-12-08 07:47:54 | src.agents.project_scaffold | [32mINFO[0m | Project Scaffold Agent initialized
2025-12-08 07:47:54 | src.agents.project_validator | [32mINFO[0m | Project Validator Agent initialized
2025-12-08 07:47:54 | src.agents.project_scaffold | [32mINFO[0m | Scaffolding project 'auth_service' with template 'spring_boot'
2025-12-08 07:47:54 | src.agents.project_scaffold | [32mINFO[0m | Created directory: src\main\java\com\example
2025-12-08 07:47:54 | src.agents.project_scaffold | [32mINFO[0m | Created file: src\main\java\com\example\controller
2025-12-08 07:47:54 | src.agents.project_scaffold | [32mINFO[0m | Created file: src\main\java\com\example\service
2025-12-08 07:47:54 | src.agents.project_scaffold | [32mINFO[0m | Created file: src\main\java\com\example\model
2025-12-08 07:47:54 | src.agents.project_scaffold | [32mINFO[0m | Created file: src\main\java\com\example\repository
2025-12-08 07:47:54 | src.agents.project_scaffold | [32mINFO[0m | Created file: src\main\java\com\example\security
2025-12-08 07:47:54 | src.agents.project_scaffold | [32mINFO[0m | Created file: src\main\java\com\example\config
2025-12-08 07:47:54 | src.agents.project_scaffold | [32mINFO[0m | Created directory: src\main\resources
2025-12-08 07:47:54 | src.agents.project_scaffold | [32mINFO[0m | Created file: src\main\resources\application.yml
2025-12-08 07:47:54 | src.agents.project_scaffold | [32mINFO[0m | Created directory: src\test\java\com\example
2025-12-08 07:47:54 | src.agents.project_scaffold | [32mINFO[0m | Created file: src\test\java\com\example\controller
2025-12-08 07:47:54 | src.agents.project_scaffold | [32mINFO[0m | Created file: src\test\java\com\example\service
2025-12-08 07:47:54 | src.agents.project_scaffold | [32mINFO[0m | Created config file: pom.xml
2025-12-08 07:47:54 | src.agents.project_scaffold | [32mINFO[0m | Created config file: Dockerfile
2025-12-08 07:47:54 | src.agents.project_scaffold | [32mINFO[0m | Created config file: docker-compose.yml
2025-12-08 07:47:54 | src.agents.project_scaffold | [32mINFO[0m | Created config file: .gitignore
2025-12-08 07:47:54 | src.agents.project_scaffold | [32mINFO[0m | Created config file: README.md
2025-12-08 07:47:54 | src.agents.project_scaffold | [32mINFO[0m | Project scaffolded successfully. Created 17 files.
2025-12-08 07:48:40 | src.agents.project_validator | [32mINFO[0m | Validating java project with 1 files
2025-12-08 07:48:40 | src.agents.project_validator | [33mWARNING[0m | Note: Java files should ideally be in src/main/java/ directory for Maven compatibility. However, proceeding with validation.
2025-12-08 07:48:40 | src.agents.project_validator | [32mINFO[0m | Project validation passed
2025-12-08 07:48:46 | __main__ | [32mINFO[0m | 
Spring Boot Project Generation Results:
2025-12-08 07:48:46 | __main__ | [32mINFO[0m |   Status: ‚úÖ SUCCESS
2025-12-08 07:48:46 | __main__ | [32mINFO[0m |   Iterations: 1
2025-12-08 07:48:46 | __main__ | [32mINFO[0m |   Files Generated: 1
2025-12-08 07:48:46 | __main__ | [32mINFO[0m |   Dependencies: 0
2025-12-08 07:48:46 | __main__ | [32mINFO[0m |   Duration: 51.75s
2025-12-08 07:48:46 | __main__ | [32mINFO[0m | 
  Generated Files:
2025-12-08 07:48:46 | __main__ | [32mINFO[0m |     - src/main/java/com/example/auth/AuthApplication.java (316 bytes)
2025-12-08 07:48:46 | __main__ | [32mINFO[0m | 
  Iteration 1:
2025-12-08 07:48:46 | __main__ | [32mINFO[0m |     Generation: AgentStatus.SUCCESS
2025-12-08 07:48:46 | __main__ | [32mINFO[0m |     Build: AgentStatus.SUCCESS
2025-12-08 07:48:46 | __main__ | [32mINFO[0m |     Test: AgentStatus.SUCCESS
2025-12-08 07:48:46 | __main__ | [32mINFO[0m | 
================================================================================
2025-12-08 07:48:46 | __main__ | [32mINFO[0m | TEST 3: Python ML Pipeline Package Generation
2025-12-08 07:48:46 | __main__ | [32mINFO[0m | ================================================================================
2025-12-08 07:48:46 | src.agents.project_scaffold | [32mINFO[0m | Project Scaffold Agent initialized
2025-12-08 07:48:46 | src.agents.project_validator | [32mINFO[0m | Project Validator Agent initialized
2025-12-08 07:48:46 | src.agents.project_scaffold | [32mINFO[0m | Scaffolding project 'ml_pipeline' with template 'python_package'
2025-12-08 07:48:46 | src.agents.project_scaffold | [32mINFO[0m | Created directory: src
2025-12-08 07:48:46 | src.agents.project_scaffold | [32mINFO[0m | Created file: src\main.py
2025-12-08 07:48:46 | src.agents.project_scaffold | [32mINFO[0m | Created file: src\utils.py
2025-12-08 07:48:46 | src.agents.project_scaffold | [32mINFO[0m | Created file: src\__init__.py
2025-12-08 07:48:46 | src.agents.project_scaffold | [32mINFO[0m | Created directory: tests
2025-12-08 07:48:46 | src.agents.project_scaffold | [32mINFO[0m | Created file: tests\test_main.py
2025-12-08 07:48:46 | src.agents.project_scaffold | [32mINFO[0m | Created file: tests\conftest.py
2025-12-08 07:48:46 | src.agents.project_scaffold | [32mINFO[0m | Created file: tests\__init__.py
2025-12-08 07:48:46 | src.agents.project_scaffold | [32mINFO[0m | Created directory: docs
2025-12-08 07:48:46 | src.agents.project_scaffold | [32mINFO[0m | Created file: docs\index.md
2025-12-08 07:48:46 | src.agents.project_scaffold | [32mINFO[0m | Created config file: setup.py
2025-12-08 07:48:46 | src.agents.project_scaffold | [32mINFO[0m | Created config file: pyproject.toml
2025-12-08 07:48:46 | src.agents.project_scaffold | [32mINFO[0m | Created config file: requirements.txt
2025-12-08 07:48:46 | src.agents.project_scaffold | [32mINFO[0m | Created config file: .gitignore
2025-12-08 07:48:46 | src.agents.project_scaffold | [32mINFO[0m | Created config file: README.md
2025-12-08 07:48:46 | src.agents.project_scaffold | [32mINFO[0m | Project scaffolded successfully. Created 15 files.
2025-12-08 07:49:59 | src.agents.project_validator | [32mINFO[0m | Validating python project with 1 files
2025-12-08 07:49:59 | src.agents.project_validator | [32mINFO[0m | Project validation passed
2025-12-08 07:51:10 | src.agents.project_validator | [32mINFO[0m | Validating python project with 1 files
2025-12-08 07:51:10 | src.agents.project_validator | [32mINFO[0m | Project validation passed
2025-12-08 07:51:10 | src.tools.code_executor | [32mINFO[0m | Installing dependencies: ['setuptools']
2025-12-08 07:51:10 | src.tools.code_executor | [32mINFO[0m | Final pip packages to install: ['setuptools']
2025-12-08 07:51:13 | src.tools.code_executor | [32mINFO[0m | Dependencies installed successfully
2025-12-08 07:51:13 | __main__ | [32mINFO[0m | 
ML Pipeline Package Generation Results:
2025-12-08 07:51:13 | __main__ | [32mINFO[0m |   Status: ‚úÖ SUCCESS
2025-12-08 07:51:13 | __main__ | [32mINFO[0m |   Iterations: 2
2025-12-08 07:51:13 | __main__ | [32mINFO[0m |   Files Generated: 1
2025-12-08 07:51:13 | __main__ | [32mINFO[0m |   Dependencies: 1
2025-12-08 07:51:13 | __main__ | [32mINFO[0m |   Duration: 146.87s
2025-12-08 07:51:13 | __main__ | [32mINFO[0m | 
  Generated Files:
2025-12-08 07:51:13 | __main__ | [32mINFO[0m |     - generated_script_20251208_075110.py (1052 bytes)
2025-12-08 07:51:13 | __main__ | [32mINFO[0m | 
  Dependencies:
2025-12-08 07:51:13 | __main__ | [32mINFO[0m |     - setuptools
2025-12-08 07:51:13 | __main__ | [32mINFO[0m | 
  Iteration 1:
2025-12-08 07:51:13 | __main__ | [32mINFO[0m |     Generation: AgentStatus.SUCCESS
2025-12-08 07:51:13 | __main__ | [32mINFO[0m |     Build: AgentStatus.FAILED
2025-12-08 07:51:13 | __main__ | [32mINFO[0m |     Test: AgentStatus.PENDING
2025-12-08 07:51:13 | __main__ | [33mWARNING[0m |     Error: generated_script_20251208_074959.py:3 - invalid syntax
2025-12-08 07:51:13 | __main__ | [32mINFO[0m | 
  Iteration 2:
2025-12-08 07:51:13 | __main__ | [32mINFO[0m |     Generation: AgentStatus.SUCCESS
2025-12-08 07:51:13 | __main__ | [32mINFO[0m |     Build: AgentStatus.SUCCESS
2025-12-08 07:51:13 | __main__ | [32mINFO[0m |     Test: AgentStatus.SUCCESS
2025-12-08 07:51:13 | __main__ | [32mINFO[0m | 
================================================================================
2025-12-08 07:51:13 | __main__ | [32mINFO[0m | INTEGRATION TEST SUMMARY
2025-12-08 07:51:13 | __main__ | [32mINFO[0m | ================================================================================
2025-12-08 07:51:13 | __main__ | [32mINFO[0m | 
Total Tests: 3
2025-12-08 07:51:13 | __main__ | [32mINFO[0m | Passed: 3
2025-12-08 07:51:13 | __main__ | [32mINFO[0m | Failed: 0
2025-12-08 07:51:13 | __main__ | [32mINFO[0m | Success Rate: 100.0%
2025-12-08 07:51:13 | __main__ | [32mINFO[0m | 
Detailed Results:
2025-12-08 07:51:13 | __main__ | [32mINFO[0m |   FastAPI TODO API: PASSED
2025-12-08 07:51:13 | __main__ | [32mINFO[0m |   Spring Boot Auth Microservice: PASSED
2025-12-08 07:51:13 | __main__ | [32mINFO[0m |   Python ML Pipeline: PASSED
2025-12-08 07:51:13 | __main__ | [32mINFO[0m | 
================================================================================
2025-12-08 08:00:41 | src.agents.project_scaffold | [32mINFO[0m | Project Scaffold Agent initialized
2025-12-08 08:00:41 | src.agents.project_validator | [32mINFO[0m | Project Validator Agent initialized
2025-12-08 08:23:12 | src.agents.project_scaffold | [32mINFO[0m | Project Scaffold Agent initialized
2025-12-08 08:23:12 | src.agents.project_validator | [32mINFO[0m | Project Validator Agent initialized
2025-12-08 08:23:19 | src.agents.project_scaffold | [32mINFO[0m | Project Scaffold Agent initialized
2025-12-08 08:23:19 | src.agents.project_validator | [32mINFO[0m | Project Validator Agent initialized
2025-12-08 08:23:40 | src.agents.project_scaffold | [32mINFO[0m | Project Scaffold Agent initialized
2025-12-08 08:23:40 | src.agents.project_validator | [32mINFO[0m | Project Validator Agent initialized
2025-12-08 08:26:14 | src.agents.project_scaffold | [32mINFO[0m | Scaffolding project 'FastAPI-Project' with template 'FastAPI REST API'
2025-12-08 08:34:13 | src.agents.project_scaffold | [32mINFO[0m | Project Scaffold Agent initialized
2025-12-08 08:34:13 | src.agents.project_validator | [32mINFO[0m | Project Validator Agent initialized
2025-12-08 08:34:39 | src.agents.project_scaffold | [32mINFO[0m | Scaffolding project 'my_project' with template 'FastAPI REST API'
2025-12-08 08:45:26 | src.agents.project_scaffold | [32mINFO[0m | Project Scaffold Agent initialized
2025-12-08 08:45:26 | src.agents.project_validator | [32mINFO[0m | Project Validator Agent initialized
2025-12-08 08:45:35 | src.agents.project_scaffold | [32mINFO[0m | Scaffolding project 'my_project' with template 'FastAPI REST API'
2025-12-08 08:58:43 | src.agents.project_scaffold | [32mINFO[0m | Project Scaffold Agent initialized
2025-12-08 08:58:43 | src.agents.project_validator | [32mINFO[0m | Project Validator Agent initialized
2025-12-08 08:58:57 | src.agents.project_scaffold | [32mINFO[0m | Scaffolding project 'my_project' with template 'fastapi'
2025-12-08 08:58:57 | src.agents.project_scaffold | [32mINFO[0m | Created directory: src
2025-12-08 08:58:57 | src.agents.project_scaffold | [32mINFO[0m | Created file: src\main.py
2025-12-08 08:58:57 | src.agents.project_scaffold | [32mINFO[0m | Created file: src\models.py
2025-12-08 08:58:57 | src.agents.project_scaffold | [32mINFO[0m | Created file: src\schemas.py
2025-12-08 08:58:57 | src.agents.project_scaffold | [32mINFO[0m | Created file: src\database.py
2025-12-08 08:58:57 | src.agents.project_scaffold | [32mINFO[0m | Created file: src\crud.py
2025-12-08 08:58:57 | src.agents.project_scaffold | [32mINFO[0m | Created file: src\config.py
2025-12-08 08:58:57 | src.agents.project_scaffold | [32mINFO[0m | Created directory: tests
2025-12-08 08:58:57 | src.agents.project_scaffold | [32mINFO[0m | Created file: tests\test_main.py
2025-12-08 08:58:57 | src.agents.project_scaffold | [32mINFO[0m | Created file: tests\conftest.py
2025-12-08 08:58:57 | src.agents.project_scaffold | [32mINFO[0m | Created config file: .gitignore
2025-12-08 08:58:57 | src.agents.project_scaffold | [32mINFO[0m | Created config file: requirements.txt
2025-12-08 08:58:57 | src.agents.project_scaffold | [32mINFO[0m | Created config file: Dockerfile
2025-12-08 08:58:57 | src.agents.project_scaffold | [32mINFO[0m | Created config file: .github/workflows/ci.yml
2025-12-08 08:58:57 | src.agents.project_scaffold | [32mINFO[0m | Created config file: README.md
2025-12-08 08:58:57 | src.agents.project_scaffold | [32mINFO[0m | Project scaffolded successfully. Created 15 files.
2025-12-08 08:59:21 | src.agents.project_validator | [32mINFO[0m | Validating python project with 10 files
2025-12-08 08:59:21 | src.agents.project_validator | [33mWARNING[0m | Potential circular imports detected: database.py <-> models.py
2025-12-08 08:59:21 | src.agents.project_validator | [33mWARNING[0m | Missing __init__.py in routers
2025-12-08 08:59:21 | src.agents.project_validator | [32mINFO[0m | Project validation passed
2025-12-08 08:59:44 | src.agents.project_validator | [32mINFO[0m | Validating python project with 9 files
2025-12-08 08:59:44 | src.agents.project_validator | [33mWARNING[0m | Potential circular imports detected: config.py <-> database.py
2025-12-08 08:59:44 | src.agents.project_validator | [32mINFO[0m | Project validation passed
2025-12-08 09:00:23 | src.agents.project_validator | [32mINFO[0m | Validating python project with 11 files
2025-12-08 09:00:23 | src.agents.project_validator | [33mWARNING[0m | Potential circular imports detected: config.py <-> database.py
2025-12-08 09:00:23 | src.agents.project_validator | [33mWARNING[0m | Missing __init__.py in routers
2025-12-08 09:00:23 | src.agents.project_validator | [32mINFO[0m | Project validation passed
2025-12-08 09:00:47 | src.agents.project_validator | [32mINFO[0m | Validating python project with 10 files
2025-12-08 09:00:47 | src.agents.project_validator | [33mWARNING[0m | Potential circular imports detected: schemas.py <-> auth.py
2025-12-08 09:00:47 | src.agents.project_validator | [33mWARNING[0m | Missing __init__.py in routers
2025-12-08 09:00:47 | src.agents.project_validator | [32mINFO[0m | Project validation passed
2025-12-08 09:01:09 | src.agents.project_validator | [32mINFO[0m | Validating python project with 10 files
2025-12-08 09:01:09 | src.agents.project_validator | [33mWARNING[0m | Missing __init__.py in routers
2025-12-08 09:01:09 | src.agents.project_validator | [32mINFO[0m | Project validation passed
2025-12-08 09:04:15 | src.agents.project_scaffold | [32mINFO[0m | Project Scaffold Agent initialized
2025-12-08 09:04:15 | src.agents.project_validator | [32mINFO[0m | Project Validator Agent initialized
2025-12-08 09:04:42 | src.agents.project_scaffold | [32mINFO[0m | Scaffolding project 'p1' with template 'fastapi'
2025-12-08 09:04:42 | src.agents.project_scaffold | [32mINFO[0m | Created directory: src
2025-12-08 09:04:43 | src.agents.project_scaffold | [32mINFO[0m | Created file: src\main.py
2025-12-08 09:04:43 | src.agents.project_scaffold | [32mINFO[0m | Created file: src\models.py
2025-12-08 09:04:43 | src.agents.project_scaffold | [32mINFO[0m | Created file: src\schemas.py
2025-12-08 09:04:43 | src.agents.project_scaffold | [32mINFO[0m | Created file: src\database.py
2025-12-08 09:04:43 | src.agents.project_scaffold | [32mINFO[0m | Created file: src\crud.py
2025-12-08 09:04:43 | src.agents.project_scaffold | [32mINFO[0m | Created file: src\config.py
2025-12-08 09:04:43 | src.agents.project_scaffold | [32mINFO[0m | Created directory: tests
2025-12-08 09:04:43 | src.agents.project_scaffold | [32mINFO[0m | Created file: tests\test_main.py
2025-12-08 09:04:43 | src.agents.project_scaffold | [32mINFO[0m | Created file: tests\conftest.py
2025-12-08 09:04:43 | src.agents.project_scaffold | [32mINFO[0m | Created config file: .gitignore
2025-12-08 09:04:43 | src.agents.project_scaffold | [32mINFO[0m | Created config file: requirements.txt
2025-12-08 09:04:43 | src.agents.project_scaffold | [32mINFO[0m | Created config file: Dockerfile
2025-12-08 09:04:43 | src.agents.project_scaffold | [32mINFO[0m | Created config file: .github/workflows/ci.yml
2025-12-08 09:04:43 | src.agents.project_scaffold | [32mINFO[0m | Created config file: README.md
2025-12-08 09:04:43 | src.agents.project_scaffold | [32mINFO[0m | Project scaffolded successfully. Created 15 files.
2025-12-08 09:05:07 | src.agents.project_validator | [32mINFO[0m | Validating python project with 9 files
2025-12-08 09:05:07 | src.agents.project_validator | [33mWARNING[0m | Potential circular imports detected: schemas.py <-> auth.py
2025-12-08 09:05:07 | src.agents.project_validator | [32mINFO[0m | Project validation passed
2025-12-08 09:05:08 | src.tools.code_executor | [32mINFO[0m | Installing dependencies: ['sqlalchemy', 'pydantic', 'fastapi', 'jose', 'passlib', 'uvicorn[standard]', 'passlib[bcrypt]', 'python-jose[cryptography]', 'python-multipart']
2025-12-08 09:05:08 | src.tools.code_executor | [32mINFO[0m | Final pip packages to install: ['sqlalchemy', 'pydantic', 'fastapi', 'jose', 'passlib', 'uvicorn[standard]', 'passlib[bcrypt]', 'python-jose[cryptography]', 'python-multipart']
2025-12-08 09:05:34 | src.tools.code_executor | [32mINFO[0m | Dependencies installed successfully
2025-12-08 09:06:12 | src.agents.project_validator | [32mINFO[0m | Validating python project with 10 files
2025-12-08 09:06:12 | src.agents.project_validator | [33mWARNING[0m | Potential circular imports detected: schemas.py <-> auth.py
2025-12-08 09:06:12 | src.agents.project_validator | [33mWARNING[0m | Missing __init__.py in routers
2025-12-08 09:06:12 | src.agents.project_validator | [32mINFO[0m | Project validation passed
2025-12-08 09:06:12 | src.tools.code_executor | [32mINFO[0m | Installing dependencies: ['sqlalchemy', 'pydantic', 'fastapi', 'jose', 'passlib', 'contextlib', 'uvicorn', 'python-jose[cryptography]', 'passlib[bcrypt]']
2025-12-08 09:06:12 | src.tools.code_executor | [32mINFO[0m | Final pip packages to install: ['sqlalchemy', 'pydantic', 'fastapi', 'jose', 'passlib', 'contextlib', 'uvicorn', 'python-jose[cryptography]', 'passlib[bcrypt]']
2025-12-08 09:06:15 | src.tools.code_executor | [31mERROR[0m | Dependency installation failed: ERROR: Could not find a version that satisfies the requirement contextlib (from versions: none)
ERROR: No matching distribution found for contextlib

[notice] A new release of pip is available: 24.0 -> 25.3
[notice] To update, run: python.exe -m pip install --upgrade pip

2025-12-08 09:06:39 | src.agents.project_validator | [32mINFO[0m | Validating python project with 10 files
2025-12-08 09:06:39 | src.agents.project_validator | [33mWARNING[0m | Missing __init__.py in routers
2025-12-08 09:06:39 | src.agents.project_validator | [32mINFO[0m | Project validation passed
2025-12-08 09:06:39 | src.tools.code_executor | [32mINFO[0m | Installing dependencies: ['sqlalchemy', 'pydantic', 'fastapi', 'jose', 'passlib', 'contextlib']
2025-12-08 09:06:39 | src.tools.code_executor | [32mINFO[0m | Final pip packages to install: ['sqlalchemy', 'pydantic', 'fastapi', 'jose', 'passlib', 'contextlib']
2025-12-08 09:06:41 | src.tools.code_executor | [31mERROR[0m | Dependency installation failed: ERROR: Could not find a version that satisfies the requirement contextlib (from versions: none)
ERROR: No matching distribution found for contextlib

[notice] A new release of pip is available: 24.0 -> 25.3
[notice] To update, run: python.exe -m pip install --upgrade pip

2025-12-08 09:07:06 | src.agents.project_validator | [32mINFO[0m | Validating python project with 11 files
2025-12-08 09:07:06 | src.agents.project_validator | [33mWARNING[0m | Potential circular imports detected: app/config.py <-> app/database.py
2025-12-08 09:07:06 | src.agents.project_validator | [33mWARNING[0m | Missing __init__.py in app/routers
2025-12-08 09:07:06 | src.agents.project_validator | [33mWARNING[0m | Missing __init__.py in app
2025-12-08 09:07:06 | src.agents.project_validator | [32mINFO[0m | Project validation passed
2025-12-08 09:07:06 | src.tools.code_executor | [32mINFO[0m | Installing dependencies: ['uvicorn', 'sqlalchemy', 'app', 'pydantic', 'fastapi', 'jose', 'passlib', 'uvicorn[standard]', 'python-jose[cryptography]', 'passlib[bcrypt]']
2025-12-08 09:07:06 | src.tools.code_executor | [32mINFO[0m | Final pip packages to install: ['uvicorn', 'sqlalchemy', 'app', 'pydantic', 'fastapi', 'jose', 'passlib', 'uvicorn[standard]', 'python-jose[cryptography]', 'passlib[bcrypt]']
2025-12-08 09:07:18 | src.tools.code_executor | [32mINFO[0m | Dependencies installed successfully
2025-12-08 09:07:40 | src.agents.project_validator | [32mINFO[0m | Validating python project with 4 files
2025-12-08 09:07:40 | src.agents.project_validator | [32mINFO[0m | Project validation passed
2025-12-08 09:07:41 | src.tools.code_executor | [32mINFO[0m | Installing dependencies: ['fastapi', 'sqlalchemy', 'passlib', 'jose', 'pydantic', 'uvicorn[standard]', 'python-jose[cryptography]', 'passlib[bcrypt]']
2025-12-08 09:07:41 | src.tools.code_executor | [32mINFO[0m | Final pip packages to install: ['fastapi', 'sqlalchemy', 'passlib', 'jose', 'pydantic', 'uvicorn[standard]', 'python-jose[cryptography]', 'passlib[bcrypt]']
2025-12-08 09:07:43 | src.tools.code_executor | [32mINFO[0m | Dependencies installed successfully
2025-12-08 09:56:28 | src.agents.project_scaffold | [32mINFO[0m | Project Scaffold Agent initialized
2025-12-08 09:56:28 | src.agents.project_validator | [32mINFO[0m | Project Validator Agent initialized
2025-12-08 09:56:52 | src.agents.project_scaffold | [32mINFO[0m | Scaffolding project 'my_project' with template 'fastapi'
2025-12-08 09:56:52 | src.agents.project_scaffold | [32mINFO[0m | Created directory: src
2025-12-08 09:56:52 | src.agents.project_scaffold | [32mINFO[0m | Created file: src\main.py
2025-12-08 09:56:52 | src.agents.project_scaffold | [32mINFO[0m | Created file: src\models.py
2025-12-08 09:56:52 | src.agents.project_scaffold | [32mINFO[0m | Created file: src\schemas.py
2025-12-08 09:56:52 | src.agents.project_scaffold | [32mINFO[0m | Created file: src\database.py
2025-12-08 09:56:52 | src.agents.project_scaffold | [32mINFO[0m | Created file: src\crud.py
2025-12-08 09:56:52 | src.agents.project_scaffold | [32mINFO[0m | Created file: src\config.py
2025-12-08 09:56:52 | src.agents.project_scaffold | [32mINFO[0m | Created directory: tests
2025-12-08 09:56:52 | src.agents.project_scaffold | [32mINFO[0m | Created file: tests\test_main.py
2025-12-08 09:56:52 | src.agents.project_scaffold | [32mINFO[0m | Created file: tests\conftest.py
2025-12-08 09:56:52 | src.agents.project_scaffold | [32mINFO[0m | Created config file: .gitignore
2025-12-08 09:56:52 | src.agents.project_scaffold | [32mINFO[0m | Created config file: requirements.txt
2025-12-08 09:56:52 | src.agents.project_scaffold | [32mINFO[0m | Created config file: Dockerfile
2025-12-08 09:56:52 | src.agents.project_scaffold | [32mINFO[0m | Created config file: .github/workflows/ci.yml
2025-12-08 09:56:52 | src.agents.project_scaffold | [32mINFO[0m | Created config file: README.md
2025-12-08 09:56:52 | src.agents.project_scaffold | [32mINFO[0m | Project scaffolded successfully. Created 15 files.
2025-12-08 09:57:31 | src.agents.project_validator | [32mINFO[0m | Validating python project with 8 files
2025-12-08 09:57:31 | src.agents.project_validator | [33mWARNING[0m | Potential circular imports detected: schemas.py <-> auth.py
2025-12-08 09:57:31 | src.agents.project_validator | [32mINFO[0m | Project validation passed
2025-12-08 09:57:31 | src.tools.code_executor | [32mINFO[0m | Installing dependencies: ['sqlalchemy', 'pydantic', 'fastapi', 'jose', 'passlib', 'uvicorn[standard]', 'python-jose[cryptography]', 'passlib[bcrypt]']
2025-12-08 09:57:31 | src.tools.code_executor | [32mINFO[0m | Final pip packages to install: ['sqlalchemy', 'pydantic', 'fastapi', 'jose', 'passlib', 'uvicorn[standard]', 'python-jose[cryptography]', 'passlib[bcrypt]']
2025-12-08 09:57:34 | src.tools.code_executor | [32mINFO[0m | Dependencies installed successfully
2025-12-08 10:14:53 | src.agents.project_scaffold | [32mINFO[0m | Project Scaffold Agent initialized
2025-12-08 10:14:53 | src.agents.project_validator | [32mINFO[0m | Project Validator Agent initialized
2025-12-08 10:15:32 | src.tools.code_executor | [32mINFO[0m | Installing dependencies: ['psycopg2-binary', 'faker']
2025-12-08 10:15:32 | src.tools.code_executor | [32mINFO[0m | Final pip packages to install: ['psycopg2-binary', 'faker']
2025-12-08 10:15:44 | src.tools.code_executor | [32mINFO[0m | Dependencies installed successfully
2025-12-08 10:15:44 | src.tools.code_executor | [32mINFO[0m | Executing Python code from C:\Users\Govind\AppData\Local\Temp\tmpw8aivbbw.py
2025-12-08 10:15:46 | src.tools.code_executor | [32mINFO[0m | Python execution failed
2025-12-08 10:16:01 | src.tools.code_executor | [32mINFO[0m | Installing dependencies: ['psycopg2-binary']
2025-12-08 10:16:01 | src.tools.code_executor | [32mINFO[0m | Final pip packages to install: ['psycopg2-binary']
2025-12-08 10:16:04 | src.tools.code_executor | [32mINFO[0m | Dependencies installed successfully
2025-12-08 10:16:04 | src.tools.code_executor | [32mINFO[0m | Executing Python code from C:\Users\Govind\AppData\Local\Temp\tmpuwi_70ms.py
2025-12-08 10:16:04 | src.tools.code_executor | [32mINFO[0m | Python execution succeeded
2025-12-08 10:33:54 | src.agents.project_scaffold | [32mINFO[0m | Project Scaffold Agent initialized
2025-12-08 10:33:54 | src.agents.project_validator | [32mINFO[0m | Project Validator Agent initialized
2025-12-08 10:47:31 | src.agents.project_scaffold | [32mINFO[0m | Project Scaffold Agent initialized
2025-12-08 10:47:31 | src.agents.project_validator | [32mINFO[0m | Project Validator Agent initialized
2025-12-08 10:49:13 | src.agents.project_scaffold | [32mINFO[0m | Project Scaffold Agent initialized
2025-12-08 10:49:13 | src.agents.project_validator | [32mINFO[0m | Project Validator Agent initialized
2025-12-08 10:49:14 | src.agents.project_scaffold | [32mINFO[0m | Project Scaffold Agent initialized
2025-12-08 10:49:14 | src.agents.project_validator | [32mINFO[0m | Project Validator Agent initialized
2025-12-08 10:51:39 | src.agents.project_scaffold | [32mINFO[0m | Project Scaffold Agent initialized
2025-12-08 10:51:39 | src.agents.project_validator | [32mINFO[0m | Project Validator Agent initialized
2025-12-08 10:51:39 | src.agents.project_scaffold | [32mINFO[0m | Project Scaffold Agent initialized
2025-12-08 10:51:39 | src.agents.project_validator | [32mINFO[0m | Project Validator Agent initialized
