2025-12-05 06:45:20 | build_agent | [32mINFO[0m | Build Agent initialized
2025-12-05 06:49:44 | build_agent | [32mINFO[0m | Build Agent initialized
2025-12-05 06:49:45 | build_agent | [32mINFO[0m | Build Agent initialized
2025-12-05 06:59:21 | build_agent | [32mINFO[0m | Build Agent initialized
2025-12-05 07:01:45 | build_agent | [32mINFO[0m | Build Agent initialized
2025-12-05 07:01:46 | build_agent | [32mINFO[0m | Build Agent initialized
2025-12-05 07:04:54 | build_agent | [32mINFO[0m | Build Agent initialized
2025-12-05 07:04:55 | build_agent | [32mINFO[0m | Build Agent initialized
2025-12-05 07:05:10 | build_agent | [32mINFO[0m | Analyzing python code for build
2025-12-05 07:05:10 | build_agent | [32mINFO[0m | Python syntax validation passed
2025-12-05 07:05:10 | build_agent | [32mINFO[0m | Installing Python dependencies: ['logging', 'None']
2025-12-05 07:05:34 | build_agent | [32mINFO[0m | Python build completed successfully
2025-12-05 07:06:56 | build_agent | [32mINFO[0m | Analyzing java code for build
2025-12-05 07:06:57 | build_agent | [32mINFO[0m | Created Maven project in C:\Users\Govind\AppData\Local\Temp\tmp3krsv_0d
2025-12-05 07:06:57 | build_agent | [31mERROR[0m | Java build error: [WinError 2] The system cannot find the file specified
2025-12-05 07:07:12 | build_agent | [32mINFO[0m | Analyzing java code for build
2025-12-05 07:07:12 | build_agent | [32mINFO[0m | Created Maven project in C:\Users\Govind\AppData\Local\Temp\tmp94banezv
2025-12-05 07:07:12 | build_agent | [31mERROR[0m | Java build error: [WinError 2] The system cannot find the file specified
2025-12-05 07:07:30 | build_agent | [32mINFO[0m | Analyzing java code for build
2025-12-05 07:07:30 | build_agent | [32mINFO[0m | Created Maven project in C:\Users\Govind\AppData\Local\Temp\tmpxdxckxto
2025-12-05 07:07:30 | build_agent | [31mERROR[0m | Java build error: [WinError 2] The system cannot find the file specified
2025-12-05 07:36:40 | build_agent | [32mINFO[0m | Build Agent initialized
2025-12-05 07:40:37 | build_agent | [32mINFO[0m | Analyzing java code for build
2025-12-05 07:40:37 | build_agent | [32mINFO[0m | Detected dependencies: []
2025-12-05 07:40:37 | build_agent | [32mINFO[0m | Created Maven project in C:\Users\Govind\AppData\Local\Temp\tmpis6lsh0j
2025-12-05 07:40:54 | build_agent | [32mINFO[0m | Analyzing java code for build
2025-12-05 07:40:54 | build_agent | [32mINFO[0m | Detected dependencies: []
2025-12-05 07:40:54 | build_agent | [32mINFO[0m | Created Maven project in C:\Users\Govind\AppData\Local\Temp\tmpybhas4gs
2025-12-05 07:41:11 | build_agent | [32mINFO[0m | Analyzing java code for build
2025-12-05 07:41:11 | build_agent | [32mINFO[0m | Detected dependencies: []
2025-12-05 07:41:11 | build_agent | [32mINFO[0m | Created Maven project in C:\Users\Govind\AppData\Local\Temp\tmpkd73ik63
2025-12-05 08:14:41 | build_agent | [32mINFO[0m | Build Agent initialized
2025-12-05 08:14:52 | build_agent | [32mINFO[0m | Analyzing java code for build
2025-12-05 08:14:52 | build_agent | [32mINFO[0m | Detected dependencies: []
2025-12-05 08:14:52 | build_agent | [32mINFO[0m | Created Maven project in C:\Users\Govind\AppData\Local\Temp\tmp5n8smu8d
2025-12-05 08:15:10 | build_agent | [32mINFO[0m | Analyzing java code for build
2025-12-05 08:15:10 | build_agent | [32mINFO[0m | Detected dependencies: []
2025-12-05 08:15:10 | build_agent | [32mINFO[0m | Created Maven project in C:\Users\Govind\AppData\Local\Temp\tmpoueyugzk
2025-12-05 08:15:29 | build_agent | [32mINFO[0m | Analyzing java code for build
2025-12-05 08:15:29 | build_agent | [32mINFO[0m | Detected dependencies: []
2025-12-05 08:15:29 | build_agent | [32mINFO[0m | Created Maven project in C:\Users\Govind\AppData\Local\Temp\tmppv7961_8
2025-12-05 08:19:18 | build_agent | [32mINFO[0m | Build Agent initialized
2025-12-05 08:19:50 | build_agent | [32mINFO[0m | Analyzing java code for build
2025-12-05 08:19:51 | build_agent | [32mINFO[0m | Detected dependencies: []
2025-12-05 08:19:51 | build_agent | [32mINFO[0m | Created Maven project in C:\Users\Govind\AppData\Local\Temp\tmpmonzt8v5
2025-12-05 08:58:41 | build_agent | [32mINFO[0m | Build Agent initialized
2025-12-05 08:59:00 | build_agent | [32mINFO[0m | Analyzing java code for build
2025-12-05 08:59:00 | build_agent | [31mERROR[0m | Java build error: name 'detected_deps' is not defined
2025-12-05 08:59:06 | build_agent | [32mINFO[0m | Analyzing java code for build
2025-12-05 08:59:06 | build_agent | [31mERROR[0m | Java build error: name 'detected_deps' is not defined
2025-12-05 09:00:01 | build_agent | [32mINFO[0m | Build Agent initialized
2025-12-05 09:00:13 | build_agent | [32mINFO[0m | Analyzing java code for build
2025-12-05 09:00:13 | build_agent | [31mERROR[0m | Java build error: name 'detected_deps' is not defined
2025-12-05 09:07:02 | build_agent | [32mINFO[0m | Build Agent initialized
2025-12-05 09:07:13 | build_agent | [32mINFO[0m | Analyzing java code for build
2025-12-05 09:07:13 | build_agent | [31mERROR[0m | Java build error: name 'detected_deps' is not defined
2025-12-05 09:07:17 | build_agent | [32mINFO[0m | Analyzing java code for build
2025-12-05 09:07:17 | build_agent | [31mERROR[0m | Java build error: name 'detected_deps' is not defined
2025-12-05 09:07:20 | build_agent | [32mINFO[0m | Analyzing java code for build
2025-12-05 09:07:20 | build_agent | [31mERROR[0m | Java build error: name 'detected_deps' is not defined
2025-12-05 09:43:37 | build_agent | [32mINFO[0m | Build Agent initialized
2025-12-05 09:43:50 | build_agent | [32mINFO[0m | Analyzing java code for build
2025-12-05 09:43:50 | build_agent | [31mERROR[0m | Java build error: name 'detected_deps' is not defined
2025-12-05 09:43:55 | build_agent | [32mINFO[0m | Analyzing java code for build
2025-12-05 09:43:55 | build_agent | [31mERROR[0m | Java build error: name 'detected_deps' is not defined
2025-12-05 09:44:37 | build_agent | [32mINFO[0m | Analyzing java code for build
2025-12-05 09:44:37 | build_agent | [31mERROR[0m | Java build error: name 'detected_deps' is not defined
2025-12-05 09:44:40 | build_agent | [32mINFO[0m | Analyzing java code for build
2025-12-05 09:44:40 | build_agent | [31mERROR[0m | Java build error: name 'detected_deps' is not defined
2025-12-05 09:44:43 | build_agent | [32mINFO[0m | Analyzing java code for build
2025-12-05 09:44:43 | build_agent | [31mERROR[0m | Java build error: name 'detected_deps' is not defined
2025-12-05 09:48:12 | build_agent | [32mINFO[0m | Build Agent initialized
2025-12-05 09:53:00 | build_agent | [32mINFO[0m | Build Agent initialized
2025-12-05 09:53:35 | build_agent | [32mINFO[0m | Analyzing java code for build
2025-12-05 09:53:35 | build_agent | [32mINFO[0m | Detected dependencies (pom): []
2025-12-05 09:53:35 | build_agent | [32mINFO[0m | Dependencies (result): []
2025-12-05 09:53:35 | build_agent | [32mINFO[0m | Created Maven project in C:\Users\Govind\AppData\Local\Temp\tmpwj6z_0bh
2025-12-05 09:53:35 | build_agent | [31mERROR[0m | Maven compilation failed
2025-12-05 10:02:57 | build_agent | [32mINFO[0m | Build Agent initialized
2025-12-05 10:04:10 | build_agent | [32mINFO[0m | Analyzing java code for build
2025-12-05 10:04:10 | build_agent | [32mINFO[0m | Detected dependencies (pom): []
2025-12-05 10:04:10 | build_agent | [32mINFO[0m | Dependencies (result): []
2025-12-05 10:04:10 | build_agent | [32mINFO[0m | Created Maven project in C:\Users\Govind\AppData\Local\Temp\tmpicstltbm
2025-12-05 10:08:21 | build_agent | [32mINFO[0m | Build Agent initialized
2025-12-05 10:09:12 | build_agent | [32mINFO[0m | Analyzing java code for build
2025-12-05 10:09:12 | build_agent | [32mINFO[0m | Detected dependencies (pom): []
2025-12-05 10:09:12 | build_agent | [32mINFO[0m | Dependencies (result): []
2025-12-05 10:09:12 | build_agent | [32mINFO[0m | Created Maven project in C:\Users\Govind\AppData\Local\Temp\tmp_chfgb8v
2025-12-05 10:13:02 | build_agent | [32mINFO[0m | Build Agent initialized
2025-12-05 10:13:20 | build_agent | [32mINFO[0m | Analyzing java code for build
2025-12-05 10:13:20 | build_agent | [32mINFO[0m | Detected dependencies (pom): []
2025-12-05 10:13:20 | build_agent | [32mINFO[0m | Dependencies (result): []
2025-12-05 10:13:20 | build_agent | [32mINFO[0m | Created Maven project in C:\Users\Govind\AppData\Local\Temp\tmprb0dr7gz
2025-12-05 10:13:24 | build_agent | [32mINFO[0m | Analyzing java code for build
2025-12-05 10:13:24 | build_agent | [32mINFO[0m | Detected dependencies (pom): []
2025-12-05 10:13:24 | build_agent | [32mINFO[0m | Dependencies (result): []
2025-12-05 10:13:24 | build_agent | [32mINFO[0m | Created Maven project in C:\Users\Govind\AppData\Local\Temp\tmplx0j3m5p
2025-12-05 10:13:28 | build_agent | [32mINFO[0m | Analyzing java code for build
2025-12-05 10:13:28 | build_agent | [32mINFO[0m | Detected dependencies (pom): []
2025-12-05 10:13:28 | build_agent | [32mINFO[0m | Dependencies (result): []
2025-12-05 10:13:28 | build_agent | [32mINFO[0m | Created Maven project in C:\Users\Govind\AppData\Local\Temp\tmpjffzaleb
2025-12-05 11:35:30 | build_agent | [32mINFO[0m | Build Agent initialized
2025-12-05 11:35:33 | build_agent | [32mINFO[0m | Analyzing java code for build
2025-12-05 11:35:33 | build_agent | [32mINFO[0m | Detected dependencies (pom): []
2025-12-05 11:35:33 | build_agent | [32mINFO[0m | Dependencies (result): []
2025-12-05 11:35:33 | build_agent | [32mINFO[0m | Created Maven project in C:\Users\Govind\AppData\Local\Temp\tmpx0k31h7r
2025-12-05 11:35:36 | build_agent | [32mINFO[0m | Analyzing java code for build
2025-12-05 11:35:36 | build_agent | [32mINFO[0m | Detected dependencies (pom): []
2025-12-05 11:35:36 | build_agent | [32mINFO[0m | Dependencies (result): []
2025-12-05 11:35:36 | build_agent | [32mINFO[0m | Created Maven project in C:\Users\Govind\AppData\Local\Temp\tmpabj24tg4
2025-12-05 11:35:39 | build_agent | [32mINFO[0m | Analyzing java code for build
2025-12-05 11:35:39 | build_agent | [32mINFO[0m | Detected dependencies (pom): []
2025-12-05 11:35:39 | build_agent | [32mINFO[0m | Dependencies (result): []
2025-12-05 11:35:39 | build_agent | [32mINFO[0m | Created Maven project in C:\Users\Govind\AppData\Local\Temp\tmpgh8ohnzc
2025-12-05 11:40:42 | build_agent | [32mINFO[0m | Build Agent initialized
2025-12-05 11:42:06 | build_agent | [32mINFO[0m | Analyzing java code for build
2025-12-05 11:42:06 | build_agent | [32mINFO[0m | Detected dependencies (pom): []
2025-12-05 11:42:06 | build_agent | [32mINFO[0m | Dependencies (result): []
2025-12-05 11:42:06 | build_agent | [32mINFO[0m | Created Maven project in C:\Users\Govind\AppData\Local\Temp\tmpkv_ymiog
2025-12-05 11:42:16 | build_agent | [31mERROR[0m | Maven compilation failed
2025-12-05 11:42:19 | build_agent | [32mINFO[0m | Analyzing java code for build
2025-12-05 11:42:19 | build_agent | [32mINFO[0m | Detected dependencies (pom): []
2025-12-05 11:42:19 | build_agent | [32mINFO[0m | Dependencies (result): []
2025-12-05 11:42:19 | build_agent | [32mINFO[0m | Created Maven project in C:\Users\Govind\AppData\Local\Temp\tmp5op_smhy
2025-12-05 11:42:22 | build_agent | [31mERROR[0m | Maven compilation failed
2025-12-05 11:42:25 | build_agent | [32mINFO[0m | Analyzing java code for build
2025-12-05 11:42:25 | build_agent | [32mINFO[0m | Detected dependencies (pom): []
2025-12-05 11:42:25 | build_agent | [32mINFO[0m | Dependencies (result): []
2025-12-05 11:42:25 | build_agent | [32mINFO[0m | Created Maven project in C:\Users\Govind\AppData\Local\Temp\tmpqkn_x5at
2025-12-05 11:42:29 | build_agent | [31mERROR[0m | Maven compilation failed
2025-12-05 11:49:49 | build_agent | [32mINFO[0m | Build Agent initialized
2025-12-05 11:50:01 | build_agent | [32mINFO[0m | Analyzing java code for build
2025-12-05 11:50:01 | build_agent | [32mINFO[0m | Detected dependencies (pom): []
2025-12-05 11:50:01 | build_agent | [32mINFO[0m | Dependencies (result): []
2025-12-05 11:50:01 | build_agent | [32mINFO[0m | Created Maven project in C:\Users\Govind\AppData\Local\Temp\tmp8qh5d1el
2025-12-05 11:50:06 | build_agent | [31mERROR[0m | Maven compilation failed with return code 1
2025-12-05 11:50:06 | build_agent | [31mERROR[0m | Maven stdout: [INFO] Scanning for projects...
[INFO] 
[INFO] -----------------< com.agenticcode:generated-project >------------------
[INFO] Building generated-project 1.0-SNAPSHOT
[INFO]   from pom.xml
[INFO] --------------------------------[ jar ]---------------------------------
[INFO] 
[INFO] --- clean:3.2.0:clean (default-clean) @ generated-project ---
[INFO] 
[INFO] --- resources:3.3.1:resources (default-resources) @ generated-project ---
[INFO] skip non existing resourceDirectory C:\Users\Govind\AppData\Local\Temp\tmp8qh5d1el\src\main\resources
[INFO] 
[INFO] --- compiler:3.11.0:compile (default-compile) @ generated-project ---
[INFO] Changes detected - recompiling the module! :source
[INFO] Compiling 1 source file with javac [debug target 11] to target\classes
[INFO] -------------------------------------------------------------
[WARNING] COMPILATION WARNING : 
[INFO] -------------------------------------------------------------
[WARNING] system modules path not set in conjunction with -source 11
[INFO] 1 warning
[INFO] -------------------------------------------------------------
[INFO] -------------------------------------------------------------
[ERROR] COMPILATION ERROR : 
[INFO] -------------------------------------------------------------
[ERROR] /C:/Users/Govind/AppData/Local/Temp/tmp8qh5d1el/src/main/java/com/example/utility/CodeChecker.java:[1,1] class, interface, or enum expected
[ERROR] /C:/Users/Govind/AppData/Local/Temp/tmp8qh5d1el/src/main/java/com/example/utility/CodeChecker.java:[1,2] unclosed character literal
[ERROR] /C:/Users/Govind/AppData/Local/Temp/tmp8qh5d1el/src/main/java/com/example/utility/CodeChecker.java:[1,7] unclosed character literal
[ERROR] /C:/Users/Govind/AppData/Local/Temp/tmp8qh5d1el/src/main/java/com/example/utility/CodeChecker.java:[1,10] unclosed character literal
[ERROR] /C:/Users/Govind/AppData/Local/Temp/tmp8qh5d1el/src/main/java/com/example/utility/CodeChecker.java:[1,15] unclosed character literal
[ERROR] /C:/Users/Govind/AppData/Local/Temp/tmp8qh5d1el/src/main/java/com/example/utility/CodeChecker.java:[1,18] unclosed character literal
[ERROR] /C:/Users/Govind/AppData/Local/Temp/tmp8qh5d1el/src/main/java/com/example/utility/CodeChecker.java:[1,23] unclosed character literal
[ERROR] /C:/Users/Govind/AppData/Local/Temp/tmp8qh5d1el/src/main/java/com/example/utility/CodeChecker.java:[1,26] unclosed character literal
[ERROR] /C:/Users/Govind/AppData/Local/Temp/tmp8qh5d1el/src/main/java/com/example/utility/CodeChecker.java:[1,28] illegal character: '`'
[ERROR] /C:/Users/Govind/AppData/Local/Temp/tmp8qh5d1el/src/main/java/com/example/utility/CodeChecker.java:[1,29] illegal character: '`'
[ERROR] /C:/Users/Govind/AppData/Local/Temp/tmp8qh5d1el/src/main/java/com/example/utility/CodeChecker.java:[1,34] illegal character: '\'
[ERROR] /C:/Users/Govind/AppData/Local/Temp/tmp8qh5d1el/src/main/java/com/example/utility/CodeChecker.java:[1,64] illegal character: '\'
[ERROR] /C:/Users/Govind/AppData/Local/Temp/tmp8qh5d1el/src/main/java/com/example/utility/CodeChecker.java:[1,66] illegal character: '\'
[ERROR] /C:/Users/Govind/AppData/Local/Temp/tmp8qh5d1el/src/main/java/com/example/utility/CodeChecker.java:[1,207] illegal character: '\'
[ERROR] /C:/Users/Govind/AppData/Local/Temp/tmp8qh5d1el/src/main/java/com/example/utility/CodeChecker.java:[1,235] illegal character: '\'
[ERROR] /C:/Users/Govind/AppData/Local/Temp/tmp8qh5d1el/src/main/java/com/example/utility/CodeChecker.java:[1,237] illegal character: '\'
[ERROR] /C:/Users/Govind/AppData/Local/Temp/tmp8qh5d1el/src/main/java/com/example/utility/CodeChecker.java:[1,362] illegal character: '\'
[ERROR] /C:/Users/Govind/AppData/Local/Temp/tmp8qh5d1el/src/main/java/com/example/utility/CodeChecker.java:[1,408] illegal character: '\'
[ERROR] /C:/Users/Govind/AppData/Local/Temp/tmp8qh5d1el/src/main/java/com/example/utility/CodeChecker.java:[1,409] not a statement
[ERROR] /C:/Users/Govind/AppData/Local/Temp/tmp8qh5d1el/src/main/java/com/example/utility/CodeChecker.java:[1,410] reached end of file while parsing
[INFO] 20 errors 
[INFO] -------------------------------------------------------------
[INFO] ------------------------------------------------------------------------
[INFO] BUILD FAILURE
[INFO] ------------------------------------------------------------------------
[INFO] Total time:  1.568 s
[INFO] Finished at: 2025-12-05T11:50:06Z
[INFO] ------------------------------------------------------------------------
[ERROR] Failed to execute goal org.apache.maven.plugins:maven-compiler-plugin:3.11.0:compile (default-compile) on project generated-project: Compilation failure: Compilation failure: 
[ERROR] /C:/Users/Govind/AppData/Local/Temp/tmp8qh5d1el/src/main/java/com/example/utility/CodeChecker.java:[1,1] class, interface, or enum expected
[ERROR] /C:/Users/Govind/AppData/Local/Temp/tmp8qh5d1el/src/main/java/com/example/utility/CodeChecker.java:[1,2] unclosed character literal
[ERROR] /C:/Users/Govind/AppData/Local/Temp/tmp8qh5d1el/src/main/java/com/example/utility/CodeChecker.java:[1,7] unclosed character literal
[ERROR] /C:/Users/Govind/AppData/Local/Temp/tmp8qh5d1el/src/main/java/com/example/utility/CodeChecker.java:[1,10] unclosed character literal
[ERROR] /C:/Users/Govind/AppData/Local/Temp/tmp8qh5d1el/src/main/java/com/example/utility/CodeChecker.java:[1,15] unclosed character literal
[ERROR] /C:/Users/Govind/AppData/Local/Temp/tmp8qh5d1el/src/main/java/com/example/utility/CodeChecker.java:[1,18] unclosed character literal
[ERROR] /C:/Users/Govind/AppData/Local/Temp/tmp8qh5d1el/src/main/java/com/example/utility/CodeChecker.java:[1,23] unclosed character literal
[ERROR] /C:/Users/Govind/AppData/Local/Temp/tmp8qh5d1el/src/main/java/com/example/utility/CodeChecker.java:[1,26] unclosed character literal
[ERROR] /C:/Users/Govind/AppData/Local/Temp/tmp8qh5d1el/src/main/java/com/example/utility/CodeChecker.java:[1,28] illegal character: '`'
[ERROR] /C:/Users/Govind/AppData/Local/Temp/tmp8qh5d1el/src/main/java/com/example/utility/CodeChecker.java:[1,29] illegal character: '`'
[ERROR] /C:/Users/Govind/AppData/Local/Temp/tmp8qh5d1el/src/main/java/com/example/utility/CodeChecker.java:[1,34] illegal character: '\'
[ERROR] /C:/Users/Govind/AppData/Local/Temp/tmp8qh5d1el/src/main/java/com/example/utility/CodeChecker.java:[1,64] illegal character: '\'
[ERROR] /C:/Users/Govind/AppData/Local/Temp/tmp8qh5d1el/src/main/java/com/example/utility/CodeChecker.java:[1,66] illegal character: '\'
[ERROR] /C:/Users/Govind/AppData/Local/Temp/tmp8qh5d1el/src/main/java/com/example/utility/CodeChecker.java:[1,207] illegal character: '\'
[ERROR] /C:/Users/Govind/AppData/Local/Temp/tmp8qh5d1el/src/main/java/com/example/utility/CodeChecker.java:[1,235] illegal character: '\'
[ERROR] /C:/Users/Govind/AppData/Local/Temp/tmp8qh5d1el/src/main/java/com/example/utility/CodeChecker.java:[1,237] illegal character: '\'
[ERROR] /C:/Users/Govind/AppData/Local/Temp/tmp8qh5d1el/src/main/java/com/example/utility/CodeChecker.java:[1,362] illegal character: '\'
[ERROR] /C:/Users/Govind/AppData/Local/Temp/tmp8qh5d1el/src/main/java/com/example/utility/CodeChecker.java:[1,408] illegal character: '\'
[ERROR] /C:/Users/Govind/AppData/Local/Temp/tmp8qh5d1el/src/main/java/com/example/utility/CodeChecker.java:[1,409] not a statement
[ERROR] /C:/Users/Govind/AppData/Local/Temp/tmp8qh5d1el/src/main/java/com/example/utility/CodeChecker.java:[1,410] reached end of file while parsing
[ERROR] -> [Help 1]
[ERROR] 
[ERROR] To see the full stack trace of the errors, re-run Maven with the -e switch.
[ERROR] Re-run Maven using the -X switch to enable full debug logging.
[ERROR] 
[ERROR] For more information about the errors and possible solutions, please read the following articles:
[ERROR] [Help 1] http://cwiki.apache.org/confluence/display/MAVEN/MojoFailureException

2025-12-05 11:50:06 | build_agent | [31mERROR[0m | Maven stderr: 
2025-12-05 11:50:06 | build_agent | [31mERROR[0m | Maven compilation failed
2025-12-05 11:50:08 | build_agent | [32mINFO[0m | Analyzing java code for build
2025-12-05 11:50:08 | build_agent | [32mINFO[0m | Detected dependencies (pom): []
2025-12-05 11:50:08 | build_agent | [32mINFO[0m | Dependencies (result): []
2025-12-05 11:50:08 | build_agent | [32mINFO[0m | Created Maven project in C:\Users\Govind\AppData\Local\Temp\tmpoedu058j
2025-12-05 11:50:12 | build_agent | [31mERROR[0m | Maven compilation failed with return code 1
2025-12-05 11:50:12 | build_agent | [31mERROR[0m | Maven stdout: [INFO] Scanning for projects...
[INFO] 
[INFO] -----------------< com.agenticcode:generated-project >------------------
[INFO] Building generated-project 1.0-SNAPSHOT
[INFO]   from pom.xml
[INFO] --------------------------------[ jar ]---------------------------------
[INFO] 
[INFO] --- clean:3.2.0:clean (default-clean) @ generated-project ---
[INFO] 
[INFO] --- resources:3.3.1:resources (default-resources) @ generated-project ---
[INFO] skip non existing resourceDirectory C:\Users\Govind\AppData\Local\Temp\tmpoedu058j\src\main\resources
[INFO] 
[INFO] --- compiler:3.11.0:compile (default-compile) @ generated-project ---
[INFO] Changes detected - recompiling the module! :source
[INFO] Compiling 1 source file with javac [debug target 11] to target\classes
[INFO] -------------------------------------------------------------
[WARNING] COMPILATION WARNING : 
[INFO] -------------------------------------------------------------
[WARNING] system modules path not set in conjunction with -source 11
[INFO] 1 warning
[INFO] -------------------------------------------------------------
[INFO] -------------------------------------------------------------
[ERROR] COMPILATION ERROR : 
[INFO] -------------------------------------------------------------
[ERROR] /C:/Users/Govind/AppData/Local/Temp/tmpoedu058j/src/main/java/com/example/utility/CodeChecker.java:[1,1] class, interface, or enum expected
[ERROR] /C:/Users/Govind/AppData/Local/Temp/tmpoedu058j/src/main/java/com/example/utility/CodeChecker.java:[1,2] unclosed character literal
[ERROR] /C:/Users/Govind/AppData/Local/Temp/tmpoedu058j/src/main/java/com/example/utility/CodeChecker.java:[1,7] unclosed character literal
[ERROR] /C:/Users/Govind/AppData/Local/Temp/tmpoedu058j/src/main/java/com/example/utility/CodeChecker.java:[1,10] unclosed character literal
[ERROR] /C:/Users/Govind/AppData/Local/Temp/tmpoedu058j/src/main/java/com/example/utility/CodeChecker.java:[1,15] unclosed character literal
[ERROR] /C:/Users/Govind/AppData/Local/Temp/tmpoedu058j/src/main/java/com/example/utility/CodeChecker.java:[1,18] unclosed character literal
[ERROR] /C:/Users/Govind/AppData/Local/Temp/tmpoedu058j/src/main/java/com/example/utility/CodeChecker.java:[1,23] unclosed character literal
[ERROR] /C:/Users/Govind/AppData/Local/Temp/tmpoedu058j/src/main/java/com/example/utility/CodeChecker.java:[1,26] unclosed character literal
[ERROR] /C:/Users/Govind/AppData/Local/Temp/tmpoedu058j/src/main/java/com/example/utility/CodeChecker.java:[1,28] illegal character: '`'
[ERROR] /C:/Users/Govind/AppData/Local/Temp/tmpoedu058j/src/main/java/com/example/utility/CodeChecker.java:[1,29] illegal character: '`'
[ERROR] /C:/Users/Govind/AppData/Local/Temp/tmpoedu058j/src/main/java/com/example/utility/CodeChecker.java:[1,34] illegal character: '\'
[ERROR] /C:/Users/Govind/AppData/Local/Temp/tmpoedu058j/src/main/java/com/example/utility/CodeChecker.java:[1,226] illegal character: '\'
[ERROR] /C:/Users/Govind/AppData/Local/Temp/tmpoedu058j/src/main/java/com/example/utility/CodeChecker.java:[1,256] illegal character: '\'
[ERROR] /C:/Users/Govind/AppData/Local/Temp/tmpoedu058j/src/main/java/com/example/utility/CodeChecker.java:[1,258] illegal character: '\'
[ERROR] /C:/Users/Govind/AppData/Local/Temp/tmpoedu058j/src/main/java/com/example/utility/CodeChecker.java:[1,286] illegal character: '\'
[ERROR] /C:/Users/Govind/AppData/Local/Temp/tmpoedu058j/src/main/java/com/example/utility/CodeChecker.java:[1,288] illegal character: '\'
[ERROR] /C:/Users/Govind/AppData/Local/Temp/tmpoedu058j/src/main/java/com/example/utility/CodeChecker.java:[1,427] illegal character: '\'
[ERROR] /C:/Users/Govind/AppData/Local/Temp/tmpoedu058j/src/main/java/com/example/utility/CodeChecker.java:[1,473] illegal character: '\'
[ERROR] /C:/Users/Govind/AppData/Local/Temp/tmpoedu058j/src/main/java/com/example/utility/CodeChecker.java:[1,474] not a statement
[ERROR] /C:/Users/Govind/AppData/Local/Temp/tmpoedu058j/src/main/java/com/example/utility/CodeChecker.java:[1,475] reached end of file while parsing
[INFO] 20 errors 
[INFO] -------------------------------------------------------------
[INFO] ------------------------------------------------------------------------
[INFO] BUILD FAILURE
[INFO] ------------------------------------------------------------------------
[INFO] Total time:  1.218 s
[INFO] Finished at: 2025-12-05T11:50:12Z
[INFO] ------------------------------------------------------------------------
[ERROR] Failed to execute goal org.apache.maven.plugins:maven-compiler-plugin:3.11.0:compile (default-compile) on project generated-project: Compilation failure: Compilation failure: 
[ERROR] /C:/Users/Govind/AppData/Local/Temp/tmpoedu058j/src/main/java/com/example/utility/CodeChecker.java:[1,1] class, interface, or enum expected
[ERROR] /C:/Users/Govind/AppData/Local/Temp/tmpoedu058j/src/main/java/com/example/utility/CodeChecker.java:[1,2] unclosed character literal
[ERROR] /C:/Users/Govind/AppData/Local/Temp/tmpoedu058j/src/main/java/com/example/utility/CodeChecker.java:[1,7] unclosed character literal
[ERROR] /C:/Users/Govind/AppData/Local/Temp/tmpoedu058j/src/main/java/com/example/utility/CodeChecker.java:[1,10] unclosed character literal
[ERROR] /C:/Users/Govind/AppData/Local/Temp/tmpoedu058j/src/main/java/com/example/utility/CodeChecker.java:[1,15] unclosed character literal
[ERROR] /C:/Users/Govind/AppData/Local/Temp/tmpoedu058j/src/main/java/com/example/utility/CodeChecker.java:[1,18] unclosed character literal
[ERROR] /C:/Users/Govind/AppData/Local/Temp/tmpoedu058j/src/main/java/com/example/utility/CodeChecker.java:[1,23] unclosed character literal
[ERROR] /C:/Users/Govind/AppData/Local/Temp/tmpoedu058j/src/main/java/com/example/utility/CodeChecker.java:[1,26] unclosed character literal
[ERROR] /C:/Users/Govind/AppData/Local/Temp/tmpoedu058j/src/main/java/com/example/utility/CodeChecker.java:[1,28] illegal character: '`'
[ERROR] /C:/Users/Govind/AppData/Local/Temp/tmpoedu058j/src/main/java/com/example/utility/CodeChecker.java:[1,29] illegal character: '`'
[ERROR] /C:/Users/Govind/AppData/Local/Temp/tmpoedu058j/src/main/java/com/example/utility/CodeChecker.java:[1,34] illegal character: '\'
[ERROR] /C:/Users/Govind/AppData/Local/Temp/tmpoedu058j/src/main/java/com/example/utility/CodeChecker.java:[1,226] illegal character: '\'
[ERROR] /C:/Users/Govind/AppData/Local/Temp/tmpoedu058j/src/main/java/com/example/utility/CodeChecker.java:[1,256] illegal character: '\'
[ERROR] /C:/Users/Govind/AppData/Local/Temp/tmpoedu058j/src/main/java/com/example/utility/CodeChecker.java:[1,258] illegal character: '\'
[ERROR] /C:/Users/Govind/AppData/Local/Temp/tmpoedu058j/src/main/java/com/example/utility/CodeChecker.java:[1,286] illegal character: '\'
[ERROR] /C:/Users/Govind/AppData/Local/Temp/tmpoedu058j/src/main/java/com/example/utility/CodeChecker.java:[1,288] illegal character: '\'
[ERROR] /C:/Users/Govind/AppData/Local/Temp/tmpoedu058j/src/main/java/com/example/utility/CodeChecker.java:[1,427] illegal character: '\'
[ERROR] /C:/Users/Govind/AppData/Local/Temp/tmpoedu058j/src/main/java/com/example/utility/CodeChecker.java:[1,473] illegal character: '\'
[ERROR] /C:/Users/Govind/AppData/Local/Temp/tmpoedu058j/src/main/java/com/example/utility/CodeChecker.java:[1,474] not a statement
[ERROR] /C:/Users/Govind/AppData/Local/Temp/tmpoedu058j/src/main/java/com/example/utility/CodeChecker.java:[1,475] reached end of file while parsing
[ERROR] -> [Help 1]
[ERROR] 
[ERROR] To see the full stack trace of the errors, re-run Maven with the -e switch.
[ERROR] Re-run Maven using the -X switch to enable full debug logging.
[ERROR] 
[ERROR] For more information about the errors and possible solutions, please read the following articles:
[ERROR] [Help 1] http://cwiki.apache.org/confluence/display/MAVEN/MojoFailureException

2025-12-05 11:50:12 | build_agent | [31mERROR[0m | Maven stderr: 
2025-12-05 11:50:12 | build_agent | [31mERROR[0m | Maven compilation failed
2025-12-05 11:50:15 | build_agent | [32mINFO[0m | Analyzing java code for build
2025-12-05 11:50:15 | build_agent | [32mINFO[0m | Detected dependencies (pom): []
2025-12-05 11:50:15 | build_agent | [32mINFO[0m | Dependencies (result): []
2025-12-05 11:50:15 | build_agent | [32mINFO[0m | Created Maven project in C:\Users\Govind\AppData\Local\Temp\tmptrot5wyc
2025-12-05 11:50:19 | build_agent | [31mERROR[0m | Maven compilation failed with return code 1
2025-12-05 11:50:19 | build_agent | [31mERROR[0m | Maven stdout: [INFO] Scanning for projects...
[INFO] 
[INFO] -----------------< com.agenticcode:generated-project >------------------
[INFO] Building generated-project 1.0-SNAPSHOT
[INFO]   from pom.xml
[INFO] --------------------------------[ jar ]---------------------------------
[INFO] 
[INFO] --- clean:3.2.0:clean (default-clean) @ generated-project ---
[INFO] 
[INFO] --- resources:3.3.1:resources (default-resources) @ generated-project ---
[INFO] skip non existing resourceDirectory C:\Users\Govind\AppData\Local\Temp\tmptrot5wyc\src\main\resources
[INFO] 
[INFO] --- compiler:3.11.0:compile (default-compile) @ generated-project ---
[INFO] Changes detected - recompiling the module! :source
[INFO] Compiling 1 source file with javac [debug target 11] to target\classes
[INFO] -------------------------------------------------------------
[WARNING] COMPILATION WARNING : 
[INFO] -------------------------------------------------------------
[WARNING] system modules path not set in conjunction with -source 11
[INFO] 1 warning
[INFO] -------------------------------------------------------------
[INFO] -------------------------------------------------------------
[ERROR] COMPILATION ERROR : 
[INFO] -------------------------------------------------------------
[ERROR] /C:/Users/Govind/AppData/Local/Temp/tmptrot5wyc/src/main/java/com/example/app/CodeChecker.java:[1,1] class, interface, or enum expected
[ERROR] /C:/Users/Govind/AppData/Local/Temp/tmptrot5wyc/src/main/java/com/example/app/CodeChecker.java:[1,2] unclosed character literal
[ERROR] /C:/Users/Govind/AppData/Local/Temp/tmptrot5wyc/src/main/java/com/example/app/CodeChecker.java:[1,7] unclosed character literal
[ERROR] /C:/Users/Govind/AppData/Local/Temp/tmptrot5wyc/src/main/java/com/example/app/CodeChecker.java:[1,10] unclosed character literal
[ERROR] /C:/Users/Govind/AppData/Local/Temp/tmptrot5wyc/src/main/java/com/example/app/CodeChecker.java:[1,15] unclosed character literal
[ERROR] /C:/Users/Govind/AppData/Local/Temp/tmptrot5wyc/src/main/java/com/example/app/CodeChecker.java:[1,18] unclosed character literal
[ERROR] /C:/Users/Govind/AppData/Local/Temp/tmptrot5wyc/src/main/java/com/example/app/CodeChecker.java:[1,23] unclosed character literal
[ERROR] /C:/Users/Govind/AppData/Local/Temp/tmptrot5wyc/src/main/java/com/example/app/CodeChecker.java:[1,26] unclosed character literal
[ERROR] /C:/Users/Govind/AppData/Local/Temp/tmptrot5wyc/src/main/java/com/example/app/CodeChecker.java:[1,68] illegal character: '\'
[ERROR] /C:/Users/Govind/AppData/Local/Temp/tmptrot5wyc/src/main/java/com/example/app/CodeChecker.java:[1,94] illegal character: '\'
[ERROR] /C:/Users/Govind/AppData/Local/Temp/tmptrot5wyc/src/main/java/com/example/app/CodeChecker.java:[1,96] illegal character: '\'
[ERROR] /C:/Users/Govind/AppData/Local/Temp/tmptrot5wyc/src/main/java/com/example/app/CodeChecker.java:[1,289] illegal character: '\'
[ERROR] /C:/Users/Govind/AppData/Local/Temp/tmptrot5wyc/src/main/java/com/example/app/CodeChecker.java:[1,317] illegal character: '\'
[ERROR] /C:/Users/Govind/AppData/Local/Temp/tmptrot5wyc/src/main/java/com/example/app/CodeChecker.java:[1,319] illegal character: '\'
[ERROR] /C:/Users/Govind/AppData/Local/Temp/tmptrot5wyc/src/main/java/com/example/app/CodeChecker.java:[1,532] illegal character: '\'
[ERROR] /C:/Users/Govind/AppData/Local/Temp/tmptrot5wyc/src/main/java/com/example/app/CodeChecker.java:[1,578] illegal character: '\'
[ERROR] /C:/Users/Govind/AppData/Local/Temp/tmptrot5wyc/src/main/java/com/example/app/CodeChecker.java:[1,579] not a statement
[ERROR] /C:/Users/Govind/AppData/Local/Temp/tmptrot5wyc/src/main/java/com/example/app/CodeChecker.java:[1,580] reached end of file while parsing
[INFO] 18 errors 
[INFO] -------------------------------------------------------------
[INFO] ------------------------------------------------------------------------
[INFO] BUILD FAILURE
[INFO] ------------------------------------------------------------------------
[INFO] Total time:  1.185 s
[INFO] Finished at: 2025-12-05T11:50:19Z
[INFO] ------------------------------------------------------------------------
[ERROR] Failed to execute goal org.apache.maven.plugins:maven-compiler-plugin:3.11.0:compile (default-compile) on project generated-project: Compilation failure: Compilation failure: 
[ERROR] /C:/Users/Govind/AppData/Local/Temp/tmptrot5wyc/src/main/java/com/example/app/CodeChecker.java:[1,1] class, interface, or enum expected
[ERROR] /C:/Users/Govind/AppData/Local/Temp/tmptrot5wyc/src/main/java/com/example/app/CodeChecker.java:[1,2] unclosed character literal
[ERROR] /C:/Users/Govind/AppData/Local/Temp/tmptrot5wyc/src/main/java/com/example/app/CodeChecker.java:[1,7] unclosed character literal
[ERROR] /C:/Users/Govind/AppData/Local/Temp/tmptrot5wyc/src/main/java/com/example/app/CodeChecker.java:[1,10] unclosed character literal
[ERROR] /C:/Users/Govind/AppData/Local/Temp/tmptrot5wyc/src/main/java/com/example/app/CodeChecker.java:[1,15] unclosed character literal
[ERROR] /C:/Users/Govind/AppData/Local/Temp/tmptrot5wyc/src/main/java/com/example/app/CodeChecker.java:[1,18] unclosed character literal
[ERROR] /C:/Users/Govind/AppData/Local/Temp/tmptrot5wyc/src/main/java/com/example/app/CodeChecker.java:[1,23] unclosed character literal
[ERROR] /C:/Users/Govind/AppData/Local/Temp/tmptrot5wyc/src/main/java/com/example/app/CodeChecker.java:[1,26] unclosed character literal
[ERROR] /C:/Users/Govind/AppData/Local/Temp/tmptrot5wyc/src/main/java/com/example/app/CodeChecker.java:[1,68] illegal character: '\'
[ERROR] /C:/Users/Govind/AppData/Local/Temp/tmptrot5wyc/src/main/java/com/example/app/CodeChecker.java:[1,94] illegal character: '\'
[ERROR] /C:/Users/Govind/AppData/Local/Temp/tmptrot5wyc/src/main/java/com/example/app/CodeChecker.java:[1,96] illegal character: '\'
[ERROR] /C:/Users/Govind/AppData/Local/Temp/tmptrot5wyc/src/main/java/com/example/app/CodeChecker.java:[1,289] illegal character: '\'
[ERROR] /C:/Users/Govind/AppData/Local/Temp/tmptrot5wyc/src/main/java/com/example/app/CodeChecker.java:[1,317] illegal character: '\'
[ERROR] /C:/Users/Govind/AppData/Local/Temp/tmptrot5wyc/src/main/java/com/example/app/CodeChecker.java:[1,319] illegal character: '\'
[ERROR] /C:/Users/Govind/AppData/Local/Temp/tmptrot5wyc/src/main/java/com/example/app/CodeChecker.java:[1,532] illegal character: '\'
[ERROR] /C:/Users/Govind/AppData/Local/Temp/tmptrot5wyc/src/main/java/com/example/app/CodeChecker.java:[1,578] illegal character: '\'
[ERROR] /C:/Users/Govind/AppData/Local/Temp/tmptrot5wyc/src/main/java/com/example/app/CodeChecker.java:[1,579] not a statement
[ERROR] /C:/Users/Govind/AppData/Local/Temp/tmptrot5wyc/src/main/java/com/example/app/CodeChecker.java:[1,580] reached end of file while parsing
[ERROR] -> [Help 1]
[ERROR] 
[ERROR] To see the full stack trace of the errors, re-run Maven with the -e switch.
[ERROR] Re-run Maven using the -X switch to enable full debug logging.
[ERROR] 
[ERROR] For more information about the errors and possible solutions, please read the following articles:
[ERROR] [Help 1] http://cwiki.apache.org/confluence/display/MAVEN/MojoFailureException

2025-12-05 11:50:19 | build_agent | [31mERROR[0m | Maven stderr: 
2025-12-05 11:50:19 | build_agent | [31mERROR[0m | Maven compilation failed
2025-12-05 11:52:50 | build_agent | [32mINFO[0m | Build Agent initialized
2025-12-05 11:53:18 | build_agent | [32mINFO[0m | Analyzing java code for build
2025-12-05 11:53:18 | build_agent | [32mINFO[0m | Detected dependencies (pom): []
2025-12-05 11:53:18 | build_agent | [32mINFO[0m | Dependencies (result): []
2025-12-05 11:53:18 | build_agent | [32mINFO[0m | Created Maven project in C:\Users\Govind\AppData\Local\Temp\tmpvvrhakkf
2025-12-05 11:53:23 | build_agent | [32mINFO[0m | Java build completed successfully
2025-12-05 11:53:26 | build_agent | [32mINFO[0m | Analyzing java code for build
2025-12-05 11:53:26 | build_agent | [32mINFO[0m | Detected dependencies (pom): []
2025-12-05 11:53:26 | build_agent | [32mINFO[0m | Dependencies (result): []
2025-12-05 11:53:26 | build_agent | [32mINFO[0m | Created Maven project in C:\Users\Govind\AppData\Local\Temp\tmp0ymbfymg
2025-12-05 11:53:30 | build_agent | [32mINFO[0m | Java build completed successfully
2025-12-05 11:53:34 | build_agent | [32mINFO[0m | Analyzing java code for build
2025-12-05 11:53:34 | build_agent | [32mINFO[0m | Detected dependencies (pom): []
2025-12-05 11:53:34 | build_agent | [32mINFO[0m | Dependencies (result): []
2025-12-05 11:53:34 | build_agent | [32mINFO[0m | Created Maven project in C:\Users\Govind\AppData\Local\Temp\tmplz04oa77
2025-12-05 11:53:38 | build_agent | [32mINFO[0m | Java build completed successfully
2025-12-05 11:53:49 | build_agent | [32mINFO[0m | Analyzing java code for build
2025-12-05 11:53:49 | build_agent | [32mINFO[0m | Detected dependencies (pom): []
2025-12-05 11:53:49 | build_agent | [32mINFO[0m | Dependencies (result): []
2025-12-05 11:53:49 | build_agent | [32mINFO[0m | Created Maven project in C:\Users\Govind\AppData\Local\Temp\tmpet06ns_s
2025-12-05 11:53:53 | build_agent | [32mINFO[0m | Java build completed successfully
2025-12-05 11:53:56 | build_agent | [32mINFO[0m | Analyzing java code for build
2025-12-05 11:53:56 | build_agent | [32mINFO[0m | Detected dependencies (pom): []
2025-12-05 11:53:56 | build_agent | [32mINFO[0m | Dependencies (result): []
2025-12-05 11:53:56 | build_agent | [32mINFO[0m | Created Maven project in C:\Users\Govind\AppData\Local\Temp\tmpj9bmo0u7
2025-12-05 11:54:00 | build_agent | [32mINFO[0m | Java build completed successfully
2025-12-05 11:54:03 | build_agent | [32mINFO[0m | Analyzing java code for build
2025-12-05 11:54:03 | build_agent | [32mINFO[0m | Detected dependencies (pom): []
2025-12-05 11:54:03 | build_agent | [32mINFO[0m | Dependencies (result): []
2025-12-05 11:54:03 | build_agent | [32mINFO[0m | Created Maven project in C:\Users\Govind\AppData\Local\Temp\tmpzng5l_cl
2025-12-05 11:54:07 | build_agent | [32mINFO[0m | Java build completed successfully
2025-12-05 11:54:11 | build_agent | [32mINFO[0m | Analyzing java code for build
2025-12-05 11:54:11 | build_agent | [32mINFO[0m | Detected dependencies (pom): []
2025-12-05 11:54:11 | build_agent | [32mINFO[0m | Dependencies (result): []
2025-12-05 11:54:11 | build_agent | [32mINFO[0m | Created Maven project in C:\Users\Govind\AppData\Local\Temp\tmp44r2h3x2
2025-12-05 11:54:17 | build_agent | [32mINFO[0m | Java build completed successfully
2025-12-05 11:54:21 | build_agent | [32mINFO[0m | Analyzing java code for build
2025-12-05 11:54:21 | build_agent | [32mINFO[0m | Detected dependencies (pom): []
2025-12-05 11:54:21 | build_agent | [32mINFO[0m | Dependencies (result): []
2025-12-05 11:54:21 | build_agent | [32mINFO[0m | Created Maven project in C:\Users\Govind\AppData\Local\Temp\tmpb_70hpxf
2025-12-05 11:54:25 | build_agent | [32mINFO[0m | Java build completed successfully
2025-12-05 11:56:24 | build_agent | [32mINFO[0m | Build Agent initialized
2025-12-05 11:57:21 | build_agent | [32mINFO[0m | Analyzing python code for build
2025-12-05 11:57:21 | build_agent | [31mERROR[0m | Syntax error at line 23: invalid syntax
2025-12-05 11:57:24 | build_agent | [32mINFO[0m | Analyzing python code for build
2025-12-05 11:57:24 | build_agent | [31mERROR[0m | Syntax error at line 21: invalid syntax
2025-12-05 11:57:27 | build_agent | [32mINFO[0m | Analyzing python code for build
2025-12-05 11:57:27 | build_agent | [31mERROR[0m | Syntax error at line 13: invalid syntax
2025-12-05 11:58:14 | build_agent | [32mINFO[0m | Analyzing java code for build
2025-12-05 11:58:14 | build_agent | [32mINFO[0m | Detected dependencies (pom): []
2025-12-05 11:58:14 | build_agent | [32mINFO[0m | Dependencies (result): []
2025-12-05 11:58:14 | build_agent | [32mINFO[0m | Created Maven project in C:\Users\Govind\AppData\Local\Temp\tmpr6lk2kmj
2025-12-05 11:58:18 | build_agent | [32mINFO[0m | Java build completed successfully
2025-12-05 11:59:00 | build_agent | [32mINFO[0m | Analyzing python code for build
2025-12-05 11:59:00 | build_agent | [31mERROR[0m | Syntax error at line 13: invalid syntax
2025-12-05 11:59:10 | build_agent | [32mINFO[0m | Analyzing python code for build
2025-12-05 11:59:10 | build_agent | [31mERROR[0m | Syntax error at line 18: invalid syntax
2025-12-05 11:59:13 | build_agent | [32mINFO[0m | Analyzing python code for build
2025-12-05 11:59:13 | build_agent | [31mERROR[0m | Syntax error at line 19: invalid syntax
2025-12-05 12:00:08 | build_agent | [32mINFO[0m | Analyzing python code for build
2025-12-05 12:00:08 | build_agent | [31mERROR[0m | Syntax error at line 13: invalid syntax
2025-12-05 12:00:11 | build_agent | [32mINFO[0m | Analyzing python code for build
2025-12-05 12:00:11 | build_agent | [31mERROR[0m | Syntax error at line 14: invalid syntax
2025-12-05 12:00:14 | build_agent | [32mINFO[0m | Analyzing python code for build
2025-12-05 12:00:14 | build_agent | [32mINFO[0m | Python syntax validation passed
2025-12-05 12:00:14 | build_agent | [32mINFO[0m | Python build completed successfully
2025-12-05 12:02:13 | build_agent | [32mINFO[0m | Analyzing java code for build
2025-12-05 12:02:13 | build_agent | [32mINFO[0m | Detected dependencies (pom): []
2025-12-05 12:02:13 | build_agent | [32mINFO[0m | Dependencies (result): []
2025-12-05 12:02:13 | build_agent | [32mINFO[0m | Created Maven project in C:\Users\Govind\AppData\Local\Temp\tmph55yu9re
2025-12-05 12:02:17 | build_agent | [32mINFO[0m | Java build completed successfully
2025-12-05 12:04:10 | build_agent | [32mINFO[0m | Analyzing python code for build
2025-12-05 12:04:10 | build_agent | [31mERROR[0m | Syntax error at line 154: invalid syntax
2025-12-05 12:04:30 | build_agent | [32mINFO[0m | Analyzing python code for build
2025-12-05 12:04:30 | build_agent | [31mERROR[0m | Syntax error at line 166: invalid syntax
2025-12-05 12:04:49 | build_agent | [32mINFO[0m | Analyzing python code for build
2025-12-05 12:04:49 | build_agent | [31mERROR[0m | Syntax error at line 176: invalid syntax
2025-12-05 12:05:05 | build_agent | [32mINFO[0m | Analyzing python code for build
2025-12-05 12:05:05 | build_agent | [32mINFO[0m | Python syntax validation passed
2025-12-05 12:05:05 | build_agent | [32mINFO[0m | Installing Python dependencies: ['Standard Python 3.10+', 'typing']
2025-12-05 12:05:26 | build_agent | [32mINFO[0m | Analyzing python code for build
2025-12-05 12:05:26 | build_agent | [31mERROR[0m | Syntax error at line 185: invalid syntax
2025-12-05 12:07:17 | build_agent | [32mINFO[0m | Analyzing python code for build
2025-12-05 12:07:17 | build_agent | [31mERROR[0m | Syntax error at line 152: invalid syntax
2025-12-05 12:07:33 | build_agent | [32mINFO[0m | Analyzing python code for build
2025-12-05 12:07:33 | build_agent | [32mINFO[0m | Python syntax validation passed
2025-12-05 12:07:33 | build_agent | [32mINFO[0m | Installing Python dependencies: ['None', 'logging', 'typing']
2025-12-05 12:07:43 | build_agent | [32mINFO[0m | Python build completed successfully
2025-12-05 12:08:18 | build_agent | [32mINFO[0m | Analyzing python code for build
2025-12-05 12:08:18 | build_agent | [31mERROR[0m | Syntax error at line 172: invalid syntax
2025-12-05 12:08:35 | build_agent | [32mINFO[0m | Analyzing python code for build
2025-12-05 12:08:35 | build_agent | [31mERROR[0m | Syntax error at line 153: invalid syntax
2025-12-05 12:08:53 | build_agent | [32mINFO[0m | Analyzing python code for build
2025-12-05 12:08:53 | build_agent | [31mERROR[0m | Syntax error at line 163: invalid syntax
2025-12-05 12:09:11 | build_agent | [32mINFO[0m | Analyzing python code for build
2025-12-05 12:09:11 | build_agent | [32mINFO[0m | Python syntax validation passed
2025-12-05 12:09:11 | build_agent | [32mINFO[0m | Installing Python dependencies: ['None (Standard Python library)', 'logging', 'typing']
2025-12-05 12:09:28 | build_agent | [32mINFO[0m | Analyzing python code for build
2025-12-05 12:09:28 | build_agent | [32mINFO[0m | Python syntax validation passed
2025-12-05 12:09:28 | build_agent | [32mINFO[0m | Installing Python dependencies: ['None (Standard Python library)', 'logging', 'typing']
2025-12-05 12:25:29 | build_agent | [32mINFO[0m | Build Agent initialized
2025-12-05 12:26:05 | build_agent | [32mINFO[0m | Analyzing python code for build
2025-12-05 12:26:05 | build_agent | [32mINFO[0m | Python syntax validation passed
2025-12-05 12:26:05 | build_agent | [32mINFO[0m | Installing Python dependencies: ['typing', 'None (Standard Python Library)']
2025-12-05 12:26:06 | build_agent | [32mINFO[0m | Python build completed successfully
2025-12-05 12:26:43 | build_agent | [32mINFO[0m | Analyzing python code for build
2025-12-05 12:26:43 | build_agent | [31mERROR[0m | Syntax error at line 207: invalid syntax
2025-12-05 12:27:03 | build_agent | [32mINFO[0m | Analyzing python code for build
2025-12-05 12:27:03 | build_agent | [32mINFO[0m | Python syntax validation passed
2025-12-05 12:27:03 | build_agent | [32mINFO[0m | Python build completed successfully
2025-12-05 12:27:45 | build_agent | [32mINFO[0m | Analyzing python code for build
2025-12-05 12:27:45 | build_agent | [32mINFO[0m | Python syntax validation passed
2025-12-05 12:27:45 | build_agent | [32mINFO[0m | Python build completed successfully
2025-12-05 12:28:26 | build_agent | [32mINFO[0m | Analyzing python code for build
2025-12-05 12:28:26 | build_agent | [32mINFO[0m | Python syntax validation passed
2025-12-05 12:28:26 | build_agent | [32mINFO[0m | Installing Python dependencies: ['logging', 'typing']
2025-12-05 12:28:27 | build_agent | [32mINFO[0m | Python build completed successfully
2025-12-05 12:39:33 | build_agent | [32mINFO[0m | Build Agent initialized
2025-12-05 12:39:45 | build_agent | [32mINFO[0m | Analyzing python code for build
2025-12-05 12:39:45 | build_agent | [32mINFO[0m | Python syntax validation passed
2025-12-05 12:39:45 | build_agent | [32mINFO[0m | Python build completed successfully
2025-12-05 12:40:26 | build_agent | [32mINFO[0m | Analyzing python code for build
2025-12-05 12:40:26 | build_agent | [31mERROR[0m | Syntax error at line 167: invalid syntax
2025-12-05 12:40:43 | build_agent | [32mINFO[0m | Analyzing python code for build
2025-12-05 12:40:43 | build_agent | [31mERROR[0m | Syntax error at line 187: invalid syntax
2025-12-05 12:41:07 | build_agent | [32mINFO[0m | Analyzing python code for build
2025-12-05 12:41:07 | build_agent | [31mERROR[0m | Syntax error at line 224: invalid syntax
2025-12-05 12:41:28 | build_agent | [32mINFO[0m | Analyzing python code for build
2025-12-05 12:41:28 | build_agent | [32mINFO[0m | Python syntax validation passed
2025-12-05 12:41:28 | build_agent | [32mINFO[0m | Installing Python dependencies: ['logging', 'typing', 'None (Standard Python 3']
2025-12-05 12:41:30 | build_agent | [32mINFO[0m | Python build completed successfully
2025-12-05 12:42:08 | build_agent | [32mINFO[0m | Analyzing python code for build
2025-12-05 12:42:08 | build_agent | [31mERROR[0m | Syntax error at line 98: invalid syntax
2025-12-05 12:42:22 | build_agent | [32mINFO[0m | Analyzing python code for build
2025-12-05 12:42:22 | build_agent | [31mERROR[0m | Syntax error at line 155: invalid syntax
2025-12-05 12:42:33 | build_agent | [32mINFO[0m | Analyzing python code for build
2025-12-05 12:42:33 | build_agent | [31mERROR[0m | Syntax error at line 128: invalid syntax
2025-12-05 12:42:53 | build_agent | [32mINFO[0m | Analyzing python code for build
2025-12-05 12:42:53 | build_agent | [32mINFO[0m | Python syntax validation passed
2025-12-05 12:42:53 | build_agent | [32mINFO[0m | Python build completed successfully
2025-12-05 12:43:32 | build_agent | [32mINFO[0m | Analyzing python code for build
2025-12-05 12:43:32 | build_agent | [31mERROR[0m | Syntax error at line 150: invalid syntax
2025-12-05 12:43:38 | build_agent | [32mINFO[0m | Analyzing python code for build
2025-12-05 12:43:38 | build_agent | [32mINFO[0m | Python syntax validation passed
2025-12-05 12:43:38 | build_agent | [32mINFO[0m | Installing Python dependencies: ['requests', 'logging', 'beautifulsoup4', 'typing']
2025-12-05 12:43:39 | build_agent | [32mINFO[0m | Python build completed successfully
2025-12-05 12:43:48 | build_agent | [32mINFO[0m | Analyzing python code for build
2025-12-05 12:43:48 | build_agent | [31mERROR[0m | Syntax error at line 88: invalid syntax
2025-12-05 12:44:06 | build_agent | [32mINFO[0m | Analyzing python code for build
2025-12-05 12:44:06 | build_agent | [31mERROR[0m | Syntax error at line 129: invalid syntax
2025-12-05 12:44:16 | build_agent | [32mINFO[0m | Analyzing python code for build
2025-12-05 12:44:16 | build_agent | [32mINFO[0m | Python syntax validation passed
2025-12-05 12:44:16 | build_agent | [32mINFO[0m | Installing Python dependencies: ['requests', 'logging', 'beautifulsoup4', 'typing']
2025-12-05 12:44:17 | build_agent | [32mINFO[0m | Python build completed successfully
2025-12-05 12:44:26 | build_agent | [32mINFO[0m | Analyzing python code for build
2025-12-05 12:44:26 | build_agent | [31mERROR[0m | Syntax error at line 89: invalid syntax
2025-12-05 12:44:34 | build_agent | [32mINFO[0m | Analyzing python code for build
2025-12-05 12:44:34 | build_agent | [32mINFO[0m | Python syntax validation passed
2025-12-05 12:44:34 | build_agent | [32mINFO[0m | Python build completed successfully
2025-12-05 12:45:09 | build_agent | [32mINFO[0m | Analyzing python code for build
2025-12-05 12:45:09 | build_agent | [31mERROR[0m | Syntax error at line 92: invalid syntax
2025-12-05 12:45:18 | build_agent | [32mINFO[0m | Analyzing python code for build
2025-12-05 12:45:18 | build_agent | [32mINFO[0m | Python syntax validation passed
2025-12-05 12:45:18 | build_agent | [32mINFO[0m | Installing Python dependencies: ['numpy', 'logging', 'typing']
2025-12-05 12:45:19 | build_agent | [32mINFO[0m | Python build completed successfully
2025-12-05 12:45:27 | build_agent | [32mINFO[0m | Analyzing python code for build
2025-12-05 12:45:27 | build_agent | [31mERROR[0m | Syntax error at line 121: invalid syntax
2025-12-05 12:45:37 | build_agent | [32mINFO[0m | Analyzing python code for build
2025-12-05 12:45:37 | build_agent | [31mERROR[0m | Syntax error at line 87: invalid syntax
2025-12-05 12:46:57 | build_agent | [32mINFO[0m | Build Agent initialized
2025-12-05 12:47:10 | build_agent | [32mINFO[0m | Analyzing python code for build
2025-12-05 12:47:10 | build_agent | [31mERROR[0m | Syntax error at line 148: invalid syntax
2025-12-05 12:47:32 | build_agent | [32mINFO[0m | Analyzing python code for build
2025-12-05 12:47:32 | build_agent | [31mERROR[0m | Syntax error at line 151: invalid syntax
2025-12-05 12:47:47 | build_agent | [32mINFO[0m | Analyzing python code for build
2025-12-05 12:47:47 | build_agent | [32mINFO[0m | Python syntax validation passed
2025-12-05 12:47:47 | build_agent | [32mINFO[0m | Installing Python dependencies: ['logging', 'typing']
2025-12-05 12:48:05 | build_agent | [32mINFO[0m | Analyzing python code for build
2025-12-05 12:48:05 | build_agent | [32mINFO[0m | Python syntax validation passed
2025-12-05 12:48:05 | build_agent | [32mINFO[0m | Installing Python dependencies: ['logging', 'typing', 'standard python libraries only (logging', 'typing)']
2025-12-05 12:48:20 | build_agent | [32mINFO[0m | Analyzing python code for build
2025-12-05 12:48:20 | build_agent | [32mINFO[0m | Python syntax validation passed
2025-12-05 12:48:20 | build_agent | [32mINFO[0m | Installing Python dependencies: ['logging', 'typing', 'None (Standard Python library only)']
2025-12-05 12:48:30 | build_agent | [32mINFO[0m | Analyzing python code for build
2025-12-05 12:48:30 | build_agent | [31mERROR[0m | Syntax error at line 155: invalid syntax
2025-12-05 12:48:46 | build_agent | [32mINFO[0m | Analyzing python code for build
2025-12-05 12:48:46 | build_agent | [32mINFO[0m | Python syntax validation passed
2025-12-05 12:48:46 | build_agent | [32mINFO[0m | Installing Python dependencies: ['logging', 'typing', 'None']
2025-12-05 12:48:54 | build_agent | [32mINFO[0m | Analyzing python code for build
2025-12-05 12:48:54 | build_agent | [32mINFO[0m | Python syntax validation passed
2025-12-05 12:48:54 | build_agent | [32mINFO[0m | Installing Python dependencies: ['typing']
2025-12-05 12:49:06 | build_agent | [32mINFO[0m | Analyzing python code for build
2025-12-05 12:49:06 | build_agent | [32mINFO[0m | Python syntax validation passed
2025-12-05 12:49:06 | build_agent | [32mINFO[0m | Installing Python dependencies: ['logging', 'typing']
2025-12-05 12:49:15 | build_agent | [32mINFO[0m | Analyzing python code for build
2025-12-05 12:49:15 | build_agent | [32mINFO[0m | Python syntax validation passed
2025-12-05 12:49:15 | build_agent | [32mINFO[0m | Installing Python dependencies: ['typing']
2025-12-05 12:49:25 | build_agent | [32mINFO[0m | Analyzing python code for build
2025-12-05 12:49:25 | build_agent | [32mINFO[0m | Python syntax validation passed
2025-12-05 12:49:25 | build_agent | [32mINFO[0m | Python build completed successfully
2025-12-05 12:49:53 | build_agent | [32mINFO[0m | Analyzing python code for build
2025-12-05 12:49:53 | build_agent | [31mERROR[0m | Syntax error at line 99: invalid syntax
2025-12-05 12:50:07 | build_agent | [32mINFO[0m | Analyzing python code for build
2025-12-05 12:50:07 | build_agent | [31mERROR[0m | Syntax error at line 115: invalid syntax
2025-12-05 12:50:28 | build_agent | [32mINFO[0m | Analyzing python code for build
2025-12-05 12:50:28 | build_agent | [32mINFO[0m | Python syntax validation passed
2025-12-05 12:50:28 | build_agent | [32mINFO[0m | Installing Python dependencies: ['requests', 'logging', 'beautifulsoup4', 'typing']
2025-12-05 12:50:38 | build_agent | [32mINFO[0m | Analyzing python code for build
2025-12-05 12:50:38 | build_agent | [31mERROR[0m | Syntax error at line 94: invalid syntax
2025-12-05 12:50:45 | build_agent | [32mINFO[0m | Analyzing python code for build
2025-12-05 12:50:45 | build_agent | [31mERROR[0m | Syntax error at line 68: invalid syntax
2025-12-05 12:50:55 | build_agent | [32mINFO[0m | Analyzing python code for build
2025-12-05 12:50:55 | build_agent | [31mERROR[0m | Syntax error at line 90: invalid syntax
2025-12-05 12:51:05 | build_agent | [32mINFO[0m | Analyzing python code for build
2025-12-05 12:51:05 | build_agent | [31mERROR[0m | Syntax error at line 95: invalid syntax
2025-12-05 12:51:16 | build_agent | [32mINFO[0m | Analyzing python code for build
2025-12-05 12:51:16 | build_agent | [31mERROR[0m | Syntax error at line 94: invalid syntax
2025-12-05 12:51:25 | build_agent | [32mINFO[0m | Analyzing python code for build
2025-12-05 12:51:25 | build_agent | [31mERROR[0m | Syntax error at line 81: invalid syntax
2025-12-05 12:52:26 | build_agent | [32mINFO[0m | Build Agent initialized
2025-12-05 12:52:40 | build_agent | [32mINFO[0m | Analyzing python code for build
2025-12-05 12:52:40 | build_agent | [32mINFO[0m | Python syntax validation passed
2025-12-05 12:52:40 | build_agent | [32mINFO[0m | Installing Python dependencies: ['typing']
2025-12-05 12:53:07 | build_agent | [32mINFO[0m | Python build completed successfully
2025-12-05 12:53:47 | build_agent | [32mINFO[0m | Analyzing python code for build
2025-12-05 12:53:47 | build_agent | [31mERROR[0m | Syntax error at line 196: invalid syntax
2025-12-05 12:54:09 | build_agent | [32mINFO[0m | Analyzing python code for build
2025-12-05 12:54:09 | build_agent | [32mINFO[0m | Python syntax validation passed
2025-12-05 12:54:09 | build_agent | [32mINFO[0m | Installing Python dependencies: ['logging', 'typing', 'None (Standard Python 3']
2025-12-05 12:54:21 | build_agent | [32mINFO[0m | Python build completed successfully
2025-12-05 12:54:53 | build_agent | [32mINFO[0m | Analyzing python code for build
2025-12-05 12:54:53 | build_agent | [32mINFO[0m | Python syntax validation passed
2025-12-05 12:54:53 | build_agent | [32mINFO[0m | Python build completed successfully
2025-12-05 12:55:25 | build_agent | [32mINFO[0m | Analyzing python code for build
2025-12-05 12:55:25 | build_agent | [32mINFO[0m | Python syntax validation passed
2025-12-05 12:55:25 | build_agent | [32mINFO[0m | Installing Python dependencies: ['typing']
2025-12-05 12:55:28 | build_agent | [32mINFO[0m | Python build completed successfully
2025-12-05 12:56:06 | build_agent | [32mINFO[0m | Analyzing python code for build
2025-12-05 12:56:06 | build_agent | [31mERROR[0m | Syntax error at line 161: invalid syntax
2025-12-05 12:56:19 | build_agent | [32mINFO[0m | Analyzing python code for build
2025-12-05 12:56:19 | build_agent | [31mERROR[0m | Syntax error at line 146: invalid syntax
2025-12-05 12:56:29 | build_agent | [32mINFO[0m | Analyzing python code for build
2025-12-05 12:56:29 | build_agent | [32mINFO[0m | Python syntax validation passed
2025-12-05 12:56:29 | build_agent | [32mINFO[0m | Installing Python dependencies: ['logging', 'typing']
2025-12-05 12:56:31 | build_agent | [32mINFO[0m | Python build completed successfully
2025-12-05 12:57:06 | build_agent | [32mINFO[0m | Analyzing python code for build
2025-12-05 12:57:06 | build_agent | [31mERROR[0m | Syntax error at line 179: invalid syntax
2025-12-05 12:57:13 | build_agent | [32mINFO[0m | Analyzing python code for build
2025-12-05 12:57:13 | build_agent | [32mINFO[0m | Python syntax validation passed
2025-12-05 12:57:13 | build_agent | [32mINFO[0m | Installing Python dependencies: ['requests', 'logging', 'beautifulsoup4', 'typing']
2025-12-05 12:57:18 | build_agent | [32mINFO[0m | Python build completed successfully
2025-12-05 12:57:36 | build_agent | [32mINFO[0m | Analyzing python code for build
2025-12-05 12:57:36 | build_agent | [31mERROR[0m | Syntax error at line 66: invalid syntax
2025-12-05 12:57:50 | build_agent | [32mINFO[0m | Analyzing python code for build
2025-12-05 12:57:50 | build_agent | [32mINFO[0m | Python syntax validation passed
2025-12-05 12:57:50 | build_agent | [32mINFO[0m | Installing Python dependencies: ['numpy', 'logging', 'typing']
2025-12-05 12:57:52 | build_agent | [32mINFO[0m | Python build completed successfully
2025-12-05 12:58:02 | build_agent | [32mINFO[0m | Analyzing python code for build
2025-12-05 12:58:02 | build_agent | [31mERROR[0m | Syntax error at line 88: invalid syntax
2025-12-05 12:58:10 | build_agent | [32mINFO[0m | Analyzing python code for build
2025-12-05 12:58:10 | build_agent | [31mERROR[0m | Syntax error at line 95: invalid syntax
2025-12-05 12:58:17 | build_agent | [32mINFO[0m | Analyzing python code for build
2025-12-05 12:58:17 | build_agent | [31mERROR[0m | Syntax error at line 85: invalid syntax
2025-12-05 13:03:25 | build_agent | [32mINFO[0m | Build Agent initialized
2025-12-05 13:03:38 | build_agent | [32mINFO[0m | Analyzing python code for build
2025-12-05 13:03:38 | build_agent | [32mINFO[0m | Python syntax validation passed
2025-12-05 13:03:38 | build_agent | [32mINFO[0m | Python build completed successfully
2025-12-05 13:04:09 | build_agent | [32mINFO[0m | Analyzing python code for build
2025-12-05 13:04:09 | build_agent | [32mINFO[0m | Python syntax validation passed
2025-12-05 13:04:09 | build_agent | [32mINFO[0m | Python build completed successfully
2025-12-05 13:04:29 | build_agent | [32mINFO[0m | Analyzing python code for build
2025-12-05 13:04:29 | build_agent | [32mINFO[0m | Python syntax validation passed
2025-12-05 13:04:29 | build_agent | [32mINFO[0m | Installing Python dependencies: ['requests', 'beautifulsoup4']
2025-12-05 13:04:31 | build_agent | [32mINFO[0m | Python build completed successfully
2025-12-05 13:04:53 | build_agent | [32mINFO[0m | Analyzing python code for build
2025-12-05 13:04:53 | build_agent | [32mINFO[0m | Python syntax validation passed
2025-12-05 13:04:53 | build_agent | [32mINFO[0m | Python build completed successfully
2025-12-05 13:09:20 | build_agent | [32mINFO[0m | Build Agent initialized
2025-12-05 13:09:53 | build_agent | [32mINFO[0m | Analyzing python code for build
2025-12-05 13:09:53 | build_agent | [31mERROR[0m | Syntax error at line 167: invalid syntax
2025-12-05 13:10:21 | build_agent | [32mINFO[0m | Analyzing python code for build
2025-12-05 13:10:21 | build_agent | [31mERROR[0m | Syntax error at line 191: invalid syntax
2025-12-05 13:10:44 | build_agent | [32mINFO[0m | Analyzing python code for build
2025-12-05 13:10:44 | build_agent | [32mINFO[0m | Python syntax validation passed
2025-12-05 13:10:44 | build_agent | [32mINFO[0m | Python build completed successfully
2025-12-05 13:11:25 | build_agent | [32mINFO[0m | Analyzing python code for build
2025-12-05 13:11:25 | build_agent | [32mINFO[0m | Python syntax validation passed
2025-12-05 13:11:25 | build_agent | [32mINFO[0m | Python build completed successfully
2025-12-05 13:14:23 | build_agent | [32mINFO[0m | Analyzing java code for build
2025-12-05 13:14:23 | build_agent | [32mINFO[0m | Detected dependencies (pom): []
2025-12-05 13:14:23 | build_agent | [32mINFO[0m | Dependencies (result): []
2025-12-05 13:14:23 | build_agent | [32mINFO[0m | Created Maven project in C:\Users\Govind\AppData\Local\Temp\tmpeu3ndbpq
2025-12-05 13:14:27 | build_agent | [32mINFO[0m | Java build completed successfully
2025-12-05 13:33:05 | build_agent | [32mINFO[0m | Build Agent initialized
2025-12-05 13:33:05 | build_agent | [32mINFO[0m | Build Agent initialized
2025-12-05 13:33:05 | build_agent | [32mINFO[0m | Build Agent initialized
2025-12-05 13:33:59 | build_agent | [32mINFO[0m | Build Agent initialized
2025-12-05 13:33:59 | build_agent | [32mINFO[0m | Build Agent initialized
2025-12-05 13:33:59 | build_agent | [32mINFO[0m | Build Agent initialized
2025-12-05 13:34:31 | build_agent | [32mINFO[0m | Build Agent initialized
2025-12-05 13:34:31 | build_agent | [32mINFO[0m | Build Agent initialized
2025-12-05 13:34:31 | build_agent | [32mINFO[0m | Build Agent initialized
2025-12-05 13:35:04 | build_agent | [32mINFO[0m | Build Agent initialized
2025-12-05 13:35:04 | build_agent | [32mINFO[0m | Build Agent initialized
2025-12-05 13:35:05 | build_agent | [32mINFO[0m | Build Agent initialized
2025-12-05 13:35:50 | build_agent | [32mINFO[0m | Build Agent initialized
2025-12-05 13:39:34 | build_agent | [32mINFO[0m | Build Agent initialized
2025-12-05 13:40:32 | build_agent | [32mINFO[0m | Building multi-file python project with 1 files
2025-12-05 13:40:32 | build_agent | [32mINFO[0m | Validating 1 Python files
2025-12-05 13:40:32 | build_agent | [31mERROR[0m | generated_script_20251205_134032.py:15 - invalid syntax
2025-12-05 13:41:33 | build_agent | [32mINFO[0m | Building multi-file python project with 1 files
2025-12-05 13:41:33 | build_agent | [32mINFO[0m | Validating 1 Python files
2025-12-05 13:41:33 | build_agent | [32mINFO[0m | ✓ Syntax valid: generated_script_20251205_134133.py
2025-12-05 13:41:33 | build_agent | [32mINFO[0m | Installing project dependencies: ['pydantic_settings']
2025-12-05 13:41:36 | build_agent | [32mINFO[0m | Python project build completed successfully
2025-12-05 13:41:36 | build_agent | [32mINFO[0m | Build Agent initialized
2025-12-05 13:43:41 | build_agent | [32mINFO[0m | Build Agent initialized
2025-12-05 13:44:55 | build_agent | [32mINFO[0m | Building multi-file python project with 1 files
2025-12-05 13:44:55 | build_agent | [32mINFO[0m | Validating 1 Python files
2025-12-05 13:44:55 | build_agent | [32mINFO[0m | ✓ Syntax valid: generated_script_20251205_134455.py
2025-12-05 13:44:55 | build_agent | [32mINFO[0m | Installing project dependencies: ['pandas', 'numpy', 'ml_workflow_package']
2025-12-05 13:46:13 | build_agent | [32mINFO[0m | Building multi-file python project with 1 files
2025-12-05 13:46:13 | build_agent | [32mINFO[0m | Validating 1 Python files
2025-12-05 13:46:13 | build_agent | [32mINFO[0m | ✓ Syntax valid: generated_script_20251205_134613.py
2025-12-05 13:46:13 | build_agent | [32mINFO[0m | Installing project dependencies: ['pandas', 'ml_workflow']
2025-12-05 13:49:24 | build_agent | [32mINFO[0m | Python project build completed successfully
2025-12-05 13:53:37 | build_agent | [32mINFO[0m | Build Agent initialized
2025-12-05 13:55:28 | build_agent | [32mINFO[0m | Building multi-file python project with 1 files
2025-12-05 13:55:28 | build_agent | [32mINFO[0m | Validating 1 Python files
2025-12-05 13:55:28 | build_agent | [31mERROR[0m | generated_script_20251205_135528.py:4 - invalid syntax
2025-12-05 13:56:05 | build_agent | [32mINFO[0m | Build Agent initialized
2025-12-05 13:58:26 | build_agent | [32mINFO[0m | Build Agent initialized
2025-12-05 13:59:43 | build_agent | [32mINFO[0m | Building multi-file python project with 1 files
2025-12-05 13:59:43 | build_agent | [32mINFO[0m | Validating 1 Python files
2025-12-05 13:59:43 | build_agent | [32mINFO[0m | ✓ Syntax valid: generated_script_20251205_135943.py
2025-12-05 13:59:43 | build_agent | [32mINFO[0m | Installing project dependencies: ['setuptools']
2025-12-05 13:59:46 | build_agent | [32mINFO[0m | Python project build completed successfully
2025-12-05 14:07:45 | build_agent | [32mINFO[0m | Build Agent initialized
2025-12-05 14:09:27 | build_agent | [32mINFO[0m | Build Agent initialized
2025-12-05 14:10:55 | build_agent | [32mINFO[0m | Building multi-file java project with 1 files
2025-12-05 14:10:55 | build_agent | [32mINFO[0m | Creating Maven project in C:\Users\Govind\AppData\Local\Temp\tmp6k4aa_7c
2025-12-05 14:10:55 | build_agent | [32mINFO[0m | Created C:\Users\Govind\AppData\Local\Temp\tmp6k4aa_7c\src\main\java\com\example\auth\AuthApplication.java
2025-12-05 14:10:55 | build_agent | [32mINFO[0m | Created pom.xml
2025-12-05 14:11:00 | build_agent | [31mERROR[0m | Maven compilation failed
2025-12-05 14:11:00 | build_agent | [31mERROR[0m | Stdout: [INFO] Scanning for projects...
[INFO] 
[INFO] -----------------< com.agenticcode:generated-project >------------------
[INFO] Building generated-project 1.0-SNAPSHOT
[INFO]   from pom.xml
[INFO] --------------------------------[ jar ]---------------------------------
[INFO] 
[INFO] --- clean:3.2.0:clean (default-clean) @ generated-project ---
[INFO] 
[INFO] --- resources:3.3.1:resources (default-resources) @ generated-project ---
[INFO] skip non existing resourceDirectory C:\Users\Govind\AppData\Local\Temp\tmp6k4aa_7c\src\main\resources
[INFO] 
[INFO] --- compiler:3.11.0:compile (default-compile) @ generated-project ---
[INFO] Changes detected - recompiling the module! :source
[INFO] Compiling 1 source file with javac [debug target 11] to target\classes
[INFO] -------------------------------------------------------------
[WARNING] COMPILATION WARNING : 
[INFO] -------------------------------------------------------------
[WARNING] system modules path not set in conjunction with -source 11
[INFO] 1 warning
[INFO] -------------------------------------------------------------
[INFO] -------------------------------------------------------------
[ERROR] COMPILATION ERROR : 
[INFO] -------------------------------------------------------------
[ERROR] /C:/Users/Govind/AppData/Local/Temp/tmp6k4aa_7c/src/main/java/com/example/auth/AuthApplication.java:[3,32] package org.springframework.boot does not exist
[ERROR] /C:/Users/Govind/AppData/Local/Temp/tmp6k4aa_7c/src/main/java/com/example/auth/AuthApplication.java:[4,46] package org.springframework.boot.autoconfigure does not exist
[ERROR] /C:/Users/Govind/AppData/Local/Temp/tmp6k4aa_7c/src/main/java/com/example/auth/AuthApplication.java:[6,2] cannot find symbol
  symbol: class SpringBootApplication
[ERROR] /C:/Users/Govind/AppData/Local/Temp/tmp6k4aa_7c/src/main/java/com/example/auth/AuthApplication.java:[10,9] cannot find symbol
  symbol:   variable SpringApplication
  location: class com.example.auth.AuthApplication
[INFO] 4 errors 
[INFO] -------------------------------------------------------------
[INFO] ------------------------------------------------------------------------
[INFO] BUILD FAILURE
[INFO] ------------------------------------------------------------------------
[INFO] Total time:  1.794 s
[INFO] Finished at: 2025-12-05T14:10:59Z
[INFO] ------------------------------------------------------------------------
[ERROR] Failed to execute goal org.apache.maven.plugins:maven-compiler-plugin:3.11.0:compile (default-compile) on project generated-project: Compilation failure: Compilation failure: 
[ERROR] /C:/Users/Govind/AppData/Local/Temp/tmp6k4aa_7c/src/main/java/com/example/auth/AuthApplication.java:[3,32] package org.springframework.boot does not exist
[ERROR] /C:/Users/Govind/AppData/Local/Temp/tmp6k4aa_7c/src/main/java/com/example/auth/AuthApplication.java:[4,46] package org.springframework.boot.autoconfigure does not exist
[ERROR] /C:/Users/Govind/AppData/Local/Temp/tmp6k4aa_7c/src/main/java/com/example/auth/AuthApplication.java:[6,2] cannot find symbol
[ERROR]   symbol: class SpringBootApplication
[ERROR] /C:/Users/Govind/AppData/Local/Temp/tmp6k4aa_7c/src/main/java/com/example/auth/AuthApplication.java:[10,9] cannot find symbol
[ERROR]   symbol:   variable SpringApplication
[ERROR]   location: class com.example.auth.AuthApplication
[ERROR] -> [Help 1]
[ERROR] 
[ERROR] To see the full stack trace of the errors, re-run Maven with the -e switch.
[ERROR] Re-run Maven using the -X switch to enable full debug logging.
[ERROR] 
[ERROR] For more information about the errors and possible solutions, please read the following articles:
[ERROR] [Help 1] http://cwiki.apache.org/confluence/display/MAVEN/MojoFailureException

2025-12-05 14:11:00 | build_agent | [31mERROR[0m | Stderr: 
2025-12-05 14:12:28 | build_agent | [32mINFO[0m | Building multi-file java project with 1 files
2025-12-05 14:12:28 | build_agent | [32mINFO[0m | Creating Maven project in C:\Users\Govind\AppData\Local\Temp\tmp1w1aot74
2025-12-05 14:12:28 | build_agent | [32mINFO[0m | Created C:\Users\Govind\AppData\Local\Temp\tmp1w1aot74\src\main\java\com\example\auth\AuthApplication.java
2025-12-05 14:12:28 | build_agent | [32mINFO[0m | Created pom.xml
2025-12-05 14:12:32 | build_agent | [31mERROR[0m | Maven compilation failed
2025-12-05 14:12:32 | build_agent | [31mERROR[0m | Stdout: [INFO] Scanning for projects...
[INFO] 
[INFO] -----------------< com.agenticcode:generated-project >------------------
[INFO] Building generated-project 1.0-SNAPSHOT
[INFO]   from pom.xml
[INFO] --------------------------------[ jar ]---------------------------------
[INFO] 
[INFO] --- clean:3.2.0:clean (default-clean) @ generated-project ---
[INFO] 
[INFO] --- resources:3.3.1:resources (default-resources) @ generated-project ---
[INFO] skip non existing resourceDirectory C:\Users\Govind\AppData\Local\Temp\tmp1w1aot74\src\main\resources
[INFO] 
[INFO] --- compiler:3.11.0:compile (default-compile) @ generated-project ---
[INFO] Changes detected - recompiling the module! :source
[INFO] Compiling 1 source file with javac [debug target 11] to target\classes
[INFO] -------------------------------------------------------------
[WARNING] COMPILATION WARNING : 
[INFO] -------------------------------------------------------------
[WARNING] system modules path not set in conjunction with -source 11
[INFO] 1 warning
[INFO] -------------------------------------------------------------
[INFO] -------------------------------------------------------------
[ERROR] COMPILATION ERROR : 
[INFO] -------------------------------------------------------------
[ERROR] /C:/Users/Govind/AppData/Local/Temp/tmp1w1aot74/src/main/java/com/example/auth/AuthApplication.java:[3,32] package org.springframework.boot does not exist
[ERROR] /C:/Users/Govind/AppData/Local/Temp/tmp1w1aot74/src/main/java/com/example/auth/AuthApplication.java:[4,46] package org.springframework.boot.autoconfigure does not exist
[ERROR] /C:/Users/Govind/AppData/Local/Temp/tmp1w1aot74/src/main/java/com/example/auth/AuthApplication.java:[6,2] cannot find symbol
  symbol: class SpringBootApplication
[ERROR] /C:/Users/Govind/AppData/Local/Temp/tmp1w1aot74/src/main/java/com/example/auth/AuthApplication.java:[10,9] cannot find symbol
  symbol:   variable SpringApplication
  location: class com.example.auth.AuthApplication
[INFO] 4 errors 
[INFO] -------------------------------------------------------------
[INFO] ------------------------------------------------------------------------
[INFO] BUILD FAILURE
[INFO] ------------------------------------------------------------------------
[INFO] Total time:  1.498 s
[INFO] Finished at: 2025-12-05T14:12:32Z
[INFO] ------------------------------------------------------------------------
[ERROR] Failed to execute goal org.apache.maven.plugins:maven-compiler-plugin:3.11.0:compile (default-compile) on project generated-project: Compilation failure: Compilation failure: 
[ERROR] /C:/Users/Govind/AppData/Local/Temp/tmp1w1aot74/src/main/java/com/example/auth/AuthApplication.java:[3,32] package org.springframework.boot does not exist
[ERROR] /C:/Users/Govind/AppData/Local/Temp/tmp1w1aot74/src/main/java/com/example/auth/AuthApplication.java:[4,46] package org.springframework.boot.autoconfigure does not exist
[ERROR] /C:/Users/Govind/AppData/Local/Temp/tmp1w1aot74/src/main/java/com/example/auth/AuthApplication.java:[6,2] cannot find symbol
[ERROR]   symbol: class SpringBootApplication
[ERROR] /C:/Users/Govind/AppData/Local/Temp/tmp1w1aot74/src/main/java/com/example/auth/AuthApplication.java:[10,9] cannot find symbol
[ERROR]   symbol:   variable SpringApplication
[ERROR]   location: class com.example.auth.AuthApplication
[ERROR] -> [Help 1]
[ERROR] 
[ERROR] To see the full stack trace of the errors, re-run Maven with the -e switch.
[ERROR] Re-run Maven using the -X switch to enable full debug logging.
[ERROR] 
[ERROR] For more information about the errors and possible solutions, please read the following articles:
[ERROR] [Help 1] http://cwiki.apache.org/confluence/display/MAVEN/MojoFailureException

2025-12-05 14:12:32 | build_agent | [31mERROR[0m | Stderr: 
2025-12-05 14:13:14 | build_agent | [32mINFO[0m | Building multi-file java project with 19 files
2025-12-05 14:13:14 | build_agent | [32mINFO[0m | Creating Maven project in C:\Users\Govind\AppData\Local\Temp\tmpqxytj7_b
2025-12-05 14:13:14 | build_agent | [32mINFO[0m | Created C:\Users\Govind\AppData\Local\Temp\tmpqxytj7_b\src\main\java\Main.java
2025-12-05 14:13:14 | build_agent | [32mINFO[0m | Created C:\Users\Govind\AppData\Local\Temp\tmpqxytj7_b\src\main\java\Main.java
2025-12-05 14:13:14 | build_agent | [32mINFO[0m | Created C:\Users\Govind\AppData\Local\Temp\tmpqxytj7_b\src\main\java\com\example\auth\AuthApplication.java
2025-12-05 14:13:14 | build_agent | [32mINFO[0m | Created C:\Users\Govind\AppData\Local\Temp\tmpqxytj7_b\src\main\java\com\example\auth\entity\User.java
2025-12-05 14:13:14 | build_agent | [32mINFO[0m | Created C:\Users\Govind\AppData\Local\Temp\tmpqxytj7_b\src\main\java\com\example\auth\repository\Main.java
2025-12-05 14:13:14 | build_agent | [32mINFO[0m | Created C:\Users\Govind\AppData\Local\Temp\tmpqxytj7_b\src\main\java\com\example\auth\dto\RegisterRequest.java
2025-12-05 14:13:14 | build_agent | [32mINFO[0m | Created C:\Users\Govind\AppData\Local\Temp\tmpqxytj7_b\src\main\java\com\example\auth\dto\LoginRequest.java
2025-12-05 14:13:14 | build_agent | [32mINFO[0m | Created C:\Users\Govind\AppData\Local\Temp\tmpqxytj7_b\src\main\java\com\example\auth\dto\AuthResponse.java
2025-12-05 14:13:14 | build_agent | [32mINFO[0m | Created C:\Users\Govind\AppData\Local\Temp\tmpqxytj7_b\src\main\java\com\example\auth\security\JwtUtil.java
2025-12-05 14:13:14 | build_agent | [32mINFO[0m | Created C:\Users\Govind\AppData\Local\Temp\tmpqxytj7_b\src\main\java\com\example\auth\security\UserDetailsServiceImpl.java
2025-12-05 14:13:14 | build_agent | [32mINFO[0m | Created C:\Users\Govind\AppData\Local\Temp\tmpqxytj7_b\src\main\java\com\example\auth\security\JwtRequestFilter.java
2025-12-05 14:13:14 | build_agent | [32mINFO[0m | Created C:\Users\Govind\AppData\Local\Temp\tmpqxytj7_b\src\main\java\com\example\auth\security\SecurityConfig.java
2025-12-05 14:13:14 | build_agent | [32mINFO[0m | Created C:\Users\Govind\AppData\Local\Temp\tmpqxytj7_b\src\main\java\com\example\auth\security\JwtAuthenticationEntryPoint.java
2025-12-05 14:13:14 | build_agent | [32mINFO[0m | Created C:\Users\Govind\AppData\Local\Temp\tmpqxytj7_b\src\main\java\com\example\auth\service\AuthService.java
2025-12-05 14:13:14 | build_agent | [32mINFO[0m | Created C:\Users\Govind\AppData\Local\Temp\tmpqxytj7_b\src\main\java\com\example\auth\controller\UserController.java
2025-12-05 14:13:14 | build_agent | [32mINFO[0m | Created C:\Users\Govind\AppData\Local\Temp\tmpqxytj7_b\src\main\java\com\example\auth\service\Main.java
2025-12-05 14:13:14 | build_agent | [32mINFO[0m | Created C:\Users\Govind\AppData\Local\Temp\tmpqxytj7_b\src\main\java\com\example\auth\controller\Main.java
2025-12-05 14:13:14 | build_agent | [32mINFO[0m | Created C:\Users\Govind\AppData\Local\Temp\tmpqxytj7_b\src\main\java\Main.java
2025-12-05 14:13:14 | build_agent | [32mINFO[0m | Created C:\Users\Govind\AppData\Local\Temp\tmpqxytj7_b\src\main\java\Main.java
2025-12-05 14:13:14 | build_agent | [32mINFO[0m | Created pom.xml
2025-12-05 14:13:21 | build_agent | [31mERROR[0m | Maven compilation failed
2025-12-08 07:33:26 | build_agent | [32mINFO[0m | Build Agent initialized
2025-12-08 07:34:01 | build_agent | [32mINFO[0m | Building multi-file python project with 13 files
2025-12-08 07:34:01 | build_agent | [32mINFO[0m | Validating 13 Python files
2025-12-08 07:34:01 | build_agent | [32mINFO[0m | ✓ Syntax valid: requirements.txt
2025-12-08 07:34:01 | build_agent | [32mINFO[0m | ✓ Syntax valid: config.py
2025-12-08 07:34:01 | build_agent | [32mINFO[0m | ✓ Syntax valid: database.py
2025-12-08 07:34:01 | build_agent | [32mINFO[0m | ✓ Syntax valid: models.py
2025-12-08 07:34:01 | build_agent | [32mINFO[0m | ✓ Syntax valid: schemas.py
2025-12-08 07:34:01 | build_agent | [32mINFO[0m | ✓ Syntax valid: auth.py
2025-12-08 07:34:01 | build_agent | [32mINFO[0m | ✓ Syntax valid: crud.py
2025-12-08 07:34:01 | build_agent | [32mINFO[0m | ✓ Syntax valid: routers/user.py
2025-12-08 07:34:01 | build_agent | [32mINFO[0m | ✓ Syntax valid: routers/todo.py
2025-12-08 07:34:01 | build_agent | [32mINFO[0m | ✓ Syntax valid: main.py
2025-12-08 07:34:01 | build_agent | [32mINFO[0m | ✓ Syntax valid: test_main.py
2025-12-08 07:34:01 | build_agent | [31mERROR[0m | Dockerfile:2 - invalid syntax
2025-12-08 07:34:01 | build_agent | [31mERROR[0m | .github/workflows/ci.yml:1 - invalid syntax
2025-12-08 07:34:35 | build_agent | [32mINFO[0m | Building multi-file python project with 16 files
2025-12-08 07:34:35 | build_agent | [32mINFO[0m | Validating 16 Python files
2025-12-08 07:34:35 | build_agent | [32mINFO[0m | ✓ Syntax valid: requirements.txt
2025-12-08 07:34:35 | build_agent | [32mINFO[0m | ✓ Syntax valid: app/config.py
2025-12-08 07:34:35 | build_agent | [32mINFO[0m | ✓ Syntax valid: app/database.py
2025-12-08 07:34:35 | build_agent | [32mINFO[0m | ✓ Syntax valid: app/models.py
2025-12-08 07:34:35 | build_agent | [32mINFO[0m | ✓ Syntax valid: app/schemas.py
2025-12-08 07:34:35 | build_agent | [32mINFO[0m | ✓ Syntax valid: app/security.py
2025-12-08 07:34:35 | build_agent | [32mINFO[0m | ✓ Syntax valid: app/crud.py
2025-12-08 07:34:35 | build_agent | [32mINFO[0m | ✓ Syntax valid: app/dependencies.py
2025-12-08 07:34:35 | build_agent | [32mINFO[0m | ✓ Syntax valid: app/routers/auth.py
2025-12-08 07:34:35 | build_agent | [32mINFO[0m | ✓ Syntax valid: app/routers/todos.py
2025-12-08 07:34:35 | build_agent | [32mINFO[0m | ✓ Syntax valid: app/main.py
2025-12-08 07:34:35 | build_agent | [32mINFO[0m | ✓ Syntax valid: tests/conftest.py
2025-12-08 07:34:35 | build_agent | [32mINFO[0m | ✓ Syntax valid: tests/test_todos.py
2025-12-08 07:34:35 | build_agent | [31mERROR[0m | Dockerfile:2 - invalid syntax
2025-12-08 07:34:35 | build_agent | [31mERROR[0m | docker-compose.yml:3 - invalid syntax
2025-12-08 07:34:35 | build_agent | [31mERROR[0m | .github/workflows/ci.yml:1 - invalid syntax
2025-12-08 07:35:13 | build_agent | [32mINFO[0m | Building multi-file python project with 16 files
2025-12-08 07:35:13 | build_agent | [32mINFO[0m | Validating 16 Python files
2025-12-08 07:35:13 | build_agent | [32mINFO[0m | ✓ Syntax valid: requirements.txt
2025-12-08 07:35:13 | build_agent | [31mERROR[0m | Dockerfile:2 - invalid syntax
2025-12-08 07:35:13 | build_agent | [31mERROR[0m | docker-compose.yml:3 - invalid syntax
2025-12-08 07:35:13 | build_agent | [31mERROR[0m | .github/workflows/ci.yml:1 - invalid syntax
2025-12-08 07:35:13 | build_agent | [32mINFO[0m | ✓ Syntax valid: app/config.py
2025-12-08 07:35:13 | build_agent | [32mINFO[0m | ✓ Syntax valid: app/database.py
2025-12-08 07:35:13 | build_agent | [32mINFO[0m | ✓ Syntax valid: app/models.py
2025-12-08 07:35:13 | build_agent | [32mINFO[0m | ✓ Syntax valid: app/schemas.py
2025-12-08 07:35:13 | build_agent | [32mINFO[0m | ✓ Syntax valid: app/auth.py
2025-12-08 07:35:13 | build_agent | [32mINFO[0m | ✓ Syntax valid: app/crud.py
2025-12-08 07:35:13 | build_agent | [32mINFO[0m | ✓ Syntax valid: app/routers/user.py
2025-12-08 07:35:13 | build_agent | [32mINFO[0m | ✓ Syntax valid: app/routers/todo.py
2025-12-08 07:35:13 | build_agent | [32mINFO[0m | ✓ Syntax valid: app/main.py
2025-12-08 07:35:13 | build_agent | [32mINFO[0m | ✓ Syntax valid: tests/conftest.py
2025-12-08 07:35:13 | build_agent | [32mINFO[0m | ✓ Syntax valid: tests/test_todo.py
2025-12-08 07:35:13 | build_agent | [31mERROR[0m | tests/test_user.py:64 - invalid syntax
2025-12-08 07:35:14 | build_agent | [32mINFO[0m | Build Agent initialized
2025-12-08 07:35:58 | build_agent | [32mINFO[0m | Building multi-file java project with 18 files
2025-12-08 07:35:58 | build_agent | [32mINFO[0m | Creating Maven project in C:\Users\Govind\AppData\Local\Temp\tmpivzy0_8x
2025-12-08 07:35:58 | build_agent | [32mINFO[0m | Created C:\Users\Govind\AppData\Local\Temp\tmpivzy0_8x\src\main\java\com\example\auth\AuthApplication.java
2025-12-08 07:35:58 | build_agent | [32mINFO[0m | Created C:\Users\Govind\AppData\Local\Temp\tmpivzy0_8x\src\main\java\com\example\auth\entity\User.java
2025-12-08 07:35:58 | build_agent | [32mINFO[0m | Created C:\Users\Govind\AppData\Local\Temp\tmpivzy0_8x\src\main\java\com\example\auth\repository\Main.java
2025-12-08 07:35:58 | build_agent | [32mINFO[0m | Created C:\Users\Govind\AppData\Local\Temp\tmpivzy0_8x\src\main\java\com\example\auth\dto\RegisterRequest.java
2025-12-08 07:35:58 | build_agent | [32mINFO[0m | Created C:\Users\Govind\AppData\Local\Temp\tmpivzy0_8x\src\main\java\com\example\auth\dto\LoginRequest.java
2025-12-08 07:35:58 | build_agent | [32mINFO[0m | Created C:\Users\Govind\AppData\Local\Temp\tmpivzy0_8x\src\main\java\com\example\auth\dto\AuthResponse.java
2025-12-08 07:35:58 | build_agent | [32mINFO[0m | Created C:\Users\Govind\AppData\Local\Temp\tmpivzy0_8x\src\main\java\com\example\auth\util\JwtUtil.java
2025-12-08 07:35:58 | build_agent | [32mINFO[0m | Created C:\Users\Govind\AppData\Local\Temp\tmpivzy0_8x\src\main\java\com\example\auth\security\UserDetailsServiceImpl.java
2025-12-08 07:35:58 | build_agent | [32mINFO[0m | Created C:\Users\Govind\AppData\Local\Temp\tmpivzy0_8x\src\main\java\com\example\auth\security\JwtRequestFilter.java
2025-12-08 07:35:58 | build_agent | [32mINFO[0m | Created C:\Users\Govind\AppData\Local\Temp\tmpivzy0_8x\src\main\java\com\example\auth\security\SecurityConfig.java
2025-12-08 07:35:58 | build_agent | [32mINFO[0m | Created C:\Users\Govind\AppData\Local\Temp\tmpivzy0_8x\src\main\java\com\example\auth\service\AuthService.java
2025-12-08 07:35:58 | build_agent | [32mINFO[0m | Created C:\Users\Govind\AppData\Local\Temp\tmpivzy0_8x\src\main\java\com\example\auth\controller\UserController.java
2025-12-08 07:35:58 | build_agent | [32mINFO[0m | Created C:\Users\Govind\AppData\Local\Temp\tmpivzy0_8x\src\main\java\com\example\auth\service\Main.java
2025-12-08 07:35:58 | build_agent | [32mINFO[0m | Created C:\Users\Govind\AppData\Local\Temp\tmpivzy0_8x\src\main\java\com\example\auth\controller\Main.java
2025-12-08 07:35:58 | build_agent | [32mINFO[0m | Created pom.xml
2025-12-08 07:36:05 | build_agent | [31mERROR[0m | Maven compilation failed
2025-12-08 07:36:05 | build_agent | [31mERROR[0m | Stdout: [INFO] Scanning for projects...
[INFO] 
[INFO] -----------------< com.agenticcode:generated-project >------------------
[INFO] Building generated-project 1.0-SNAPSHOT
[INFO]   from pom.xml
[INFO] --------------------------------[ jar ]---------------------------------
[INFO] 
[INFO] --- clean:3.2.0:clean (default-clean) @ generated-project ---
[INFO] 
[INFO] --- resources:3.3.1:resources (default-resources) @ generated-project ---
[INFO] skip non existing resourceDirectory C:\Users\Govind\AppData\Local\Temp\tmpivzy0_8x\src\main\resources
[INFO] 
[INFO] --- compiler:3.11.0:compile (default-compile) @ generated-project ---
[INFO] Changes detected - recompiling the module! :source
[INFO] Compiling 14 source files with javac [debug target 11] to target\classes
[INFO] -------------------------------------------------------------
[WARNING] COMPILATION WARNING : 
[INFO] -------------------------------------------------------------
[WARNING] system modules path not set in conjunction with -source 11
[INFO] 1 warning
[INFO] -------------------------------------------------------------
[INFO] -------------------------------------------------------------
[ERROR] COMPILATION ERROR : 
[INFO] -------------------------------------------------------------
[ERROR] /C:/Users/Govind/AppData/Local/Temp/tmpivzy0_8x/src/main/java/com/example/auth/repository/Main.java:[13,8] interface UserRepository is public, should be declared in a file named UserRepository.java
[ERROR] /C:/Users/Govind/AppData/Local/Temp/tmpivzy0_8x/src/main/java/com/example/auth/dto/AuthResponse.java:[3,14] package lombok does not exist
[ERROR] /C:/Users/Govind/AppData/Local/Temp/tmpivzy0_8x/src/main/java/com/example/auth/dto/AuthResponse.java:[4,14] package lombok does not exist
[ERROR] /C:/Users/Govind/AppData/Local/Temp/tmpivzy0_8x/src/main/java/com/example/auth/dto/AuthResponse.java:[9,2] cannot find symbol
  symbol: class Data
[ERROR] /C:/Users/Govind/AppData/Local/Temp/tmpivzy0_8x/src/main/java/com/example/auth/dto/AuthResponse.java:[10,2] cannot find symbol
  symbol: class AllArgsConstructor
[ERROR] /C:/Users/Govind/AppData/Local/Temp/tmpivzy0_8x/src/main/java/com/example/auth/controller/Main.java:[9,29] package org.junit.jupiter.api does not exist
[ERROR] /C:/Users/Govind/AppData/Local/Temp/tmpivzy0_8x/src/main/java/com/example/auth/controller/Main.java:[10,52] package org.springframework.beans.factory.annotation does not exist
[ERROR] /C:/Users/Govind/AppData/Local/Temp/tmpivzy0_8x/src/main/java/com/example/auth/controller/Main.java:[11,63] package org.springframework.boot.test.autoconfigure.web.servlet does not exist
[ERROR] /C:/Users/Govind/AppData/Local/Temp/tmpivzy0_8x/src/main/java/com/example/auth/controller/Main.java:[12,50] package org.springframework.boot.test.mock.mockito does not exist
[ERROR] /C:/Users/Govind/AppData/Local/Temp/tmpivzy0_8x/src/main/java/com/example/auth/controller/Main.java:[13,46] package org.springframework.context.annotation does not exist
[ERROR] /C:/Users/Govind/AppData/Local/Temp/tmpivzy0_8x/src/main/java/com/example/auth/controller/Main.java:[14,32] package org.springframework.http does not exist
[ERROR] /C:/Users/Govind/AppData/Local/Temp/tmpivzy0_8x/src/main/java/com/example/auth/controller/Main.java:[15,51] package org.springframework.security.authentication does not exist
[ERROR] /C:/Users/Govind/AppData/Local/Temp/tmpivzy0_8x/src/main/java/com/example/auth/controller/Main.java:[16,57] package org.springframework.security.test.context.support does not exist
[ERROR] /C:/Users/Govind/AppData/Local/Temp/tmpivzy0_8x/src/main/java/com/example/auth/controller/Main.java:[17,44] package org.springframework.test.web.servlet does not exist
[ERROR] /C:/Users/Govind/AppData/Local/Temp/tmpivzy0_8x/src/main/java/com/example/auth/controller/Main.java:[19,26] package org.mockito does not exist
[ERROR] /C:/Users/Govind/AppData/Local/Temp/tmpivzy0_8x/src/main/java/com/example/auth/controller/Main.java:[19,1] static import only from classes and interfaces
[ERROR] /C:/Users/Govind/AppData/Local/Temp/tmpivzy0_8x/src/main/java/com/example/auth/controller/Main.java:[20,26] package org.mockito does not exist
[ERROR] /C:/Users/Govind/AppData/Local/Temp/tmpivzy0_8x/src/main/java/com/example/auth/controller/Main.java:[20,1] static import only from classes and interfaces
[ERROR] /C:/Users/Govind/AppData/Local/Temp/tmpivzy0_8x/src/main/java/com/example/auth/controller/Main.java:[21,59] package org.springframework.test.web.servlet.request does not exist
[ERROR] /C:/Users/Govind/AppData/Local/Temp/tmpivzy0_8x/src/main/java/com/example/auth/controller/Main.java:[21,1] static import only from classes and interfaces
[ERROR] /C:/Users/Govind/AppData/Local/Temp/tmpivzy0_8x/src/main/java/com/example/auth/controller/Main.java:[22,59] package org.springframework.test.web.servlet.request does not exist
[ERROR] /C:/Users/Govind/AppData/Local/Temp/tmpivzy0_8x/src/main/java/com/example/auth/controller/Main.java:[22,1] static import only from classes and interfaces
[ERROR] /C:/Users/Govind/AppData/Local/Temp/tmpivzy0_8x/src/main/java/com/example/auth/controller/Main.java:[23,58] package org.springframework.test.web.servlet.result does not exist
[ERROR] /C:/Users/Govind/AppData/Local/Temp/tmpivzy0_8x/src/main/java/com/example/auth/controller/Main.java:[23,1] static import only from classes and interfaces
[ERROR] /C:/Users/Govind/AppData/Local/Temp/tmpivzy0_8x/src/main/java/com/example/auth/controller/Main.java:[24,58] package org.springframework.test.web.servlet.result does not exist
[ERROR] /C:/Users/Govind/AppData/Local/Temp/tmpivzy0_8x/src/main/java/com/example/auth/controller/Main.java:[24,1] static import only from classes and interfaces
[ERROR] /C:/Users/Govind/AppData/Local/Temp/tmpivzy0_8x/src/main/java/com/example/auth/controller/Main.java:[28,2] cannot find symbol
  symbol: class WebMvcTest
[ERROR] /C:/Users/Govind/AppData/Local/Temp/tmpivzy0_8x/src/main/java/com/example/auth/controller/Main.java:[29,2] cannot find symbol
  symbol: class Import
[ERROR] /C:/Users/Govind/AppData/Local/Temp/tmpivzy0_8x/src/main/java/com/example/auth/controller/Main.java:[33,13] cannot find symbol
  symbol:   class MockMvc
  location: class com.example.auth.controller.UserControllerTest
[ERROR] /C:/Users/Govind/AppData/Local/Temp/tmpivzy0_8x/src/main/java/com/example/auth/service/AuthService.java:[9,17] package org.slf4j does not exist
[ERROR] /C:/Users/Govind/AppData/Local/Temp/tmpivzy0_8x/src/main/java/com/example/auth/service/AuthService.java:[10,17] package org.slf4j does not exist
[ERROR] /C:/Users/Govind/AppData/Local/Temp/tmpivzy0_8x/src/main/java/com/example/auth/service/AuthService.java:[11,51] package org.springframework.security.authentication does not exist
[ERROR] /C:/Users/Govind/AppData/Local/Temp/tmpivzy0_8x/src/main/java/com/example/auth/service/AuthService.java:[12,51] package org.springframework.security.authentication does not exist
[ERROR] /C:/Users/Govind/AppData/Local/Temp/tmpivzy0_8x/src/main/java/com/example/auth/service/AuthService.java:[13,41] package org.springframework.security.core does not exist
[ERROR] /C:/Users/Govind/AppData/Local/Temp/tmpivzy0_8x/src/main/java/com/example/auth/service/AuthService.java:[14,53] package org.springframework.security.core.userdetails does not exist
[ERROR] /C:/Users/Govind/AppData/Local/Temp/tmpivzy0_8x/src/main/java/com/example/auth/service/AuthService.java:[15,53] package org.springframework.security.core.userdetails does not exist
[ERROR] /C:/Users/Govind/AppData/Local/Temp/tmpivzy0_8x/src/main/java/com/example/auth/service/AuthService.java:[16,52] package org.springframework.security.crypto.password does not exist
[ERROR] /C:/Users/Govind/AppData/Local/Temp/tmpivzy0_8x/src/main/java/com/example/auth/service/AuthService.java:[17,38] package org.springframework.stereotype does not exist
[ERROR] /C:/Users/Govind/AppData/Local/Temp/tmpivzy0_8x/src/main/java/com/example/auth/service/AuthService.java:[22,2] cannot find symbol
  symbol: class Service
[ERROR] /C:/Users/Govind/AppData/Local/Temp/tmpivzy0_8x/src/main/java/com/example/auth/util/JwtUtil.java:[3,23] package io.jsonwebtoken does not exist
[ERROR] /C:/Users/Govind/AppData/Local/Temp/tmpivzy0_8x/src/main/java/com/example/auth/util/JwtUtil.java:[4,23] package io.jsonwebtoken does not exist
[ERROR] /C:/Users/Govind/AppData/Local/Temp/tmpivzy0_8x/src/main/java/com/example/auth/util/JwtUtil.java:[5,23] package io.jsonwebtoken does not exist
[ERROR] /C:/Users/Govind/AppData/Local/Temp/tmpivzy0_8x/src/main/java/com/example/auth/util/JwtUtil.java:[6,26] package io.jsonwebtoken.io does not exist
[ERROR] /C:/Users/Govind/AppData/Local/Temp/tmpivzy0_8x/src/main/java/com/example/auth/util/JwtUtil.java:[7,32] package io.jsonwebtoken.security does not exist
[ERROR] /C:/Users/Govind/AppData/Local/Temp/tmpivzy0_8x/src/main/java/com/example/auth/util/JwtUtil.java:[8,17] package org.slf4j does not exist
[ERROR] /C:/Users/Govind/AppData/Local/Temp/tmpivzy0_8x/src/main/java/com/example/auth/util/JwtUtil.java:[9,17] package org.slf4j does not exist
[ERROR] /C:/Users/Govind/AppData/Local/Temp/tmpivzy0_8x/src/main/java/com/example/auth/util/JwtUtil.java:[10,52] package org.springframework.beans.factory.annotation does not exist
[ERROR] /C:/Users/Govind/AppData/Local/Temp/tmpivzy0_8x/src/main/java/com/example/auth/util/JwtUtil.java:[11,53] package org.springframework.security.core.userdetails does not exist
[ERROR] /C:/Users/Govind/AppData/Local/Temp/tmpivzy0_8x/src/main/java/com/example/auth/util/JwtUtil.java:[12,38] package org.springframework.stereotype does not exist
[ERROR] /C:/Users/Govind/AppData/Local/Temp/tmpivzy0_8x/src/main/java/com/example/auth/util/JwtUtil.java:[23,2] cannot find symbol
  symbol: class Component
[ERROR] /C:/Users/Govind/AppData/Local/Temp/tmpivzy0_8x/src/main/java/com/example/auth/security/UserDetailsServiceImpl.java:[4,53] package org.springframework.security.core.userdetails does not exist
[ERROR] /C:/Users/Govind/AppData/Local/Temp/tmpivzy0_8x/src/main/java/com/example/auth/security/UserDetailsServiceImpl.java:[5,53] package org.springframework.security.core.userdetails does not exist
[ERROR] /C:/Users/Govind/AppData/Local/Temp/tmpivzy0_8x/src/main/java/com/example/auth/security/UserDetailsServiceImpl.java:[6,53] package org.springframework.security.core.userdetails does not exist
[ERROR] /C:/Users/Govind/AppData/Local/Temp/tmpivzy0_8x/src/main/java/com/example/auth/security/UserDetailsServiceImpl.java:[7,38] package org.springframework.stereotype does not exist
[ERROR] /C:/Users/Govind/AppData/Local/Temp/tmpivzy0_8x/src/main/java/com/example/auth/security/UserDetailsServiceImpl.java:[16,48] cannot find symbol
  symbol: class UserDetailsService
[ERROR] /C:/Users/Govind/AppData/Local/Temp/tmpivzy0_8x/src/main/java/com/example/auth/security/UserDetailsServiceImpl.java:[15,2] cannot find symbol
  symbol: class Service
[ERROR] /C:/Users/Govind/AppData/Local/Temp/tmpivzy0_8x/src/main/java/com/example/auth/repository/Main.java:[4,47] package org.springframework.data.jpa.repository does not exist
[ERROR] /C:/Users/Govind/AppData/Local/Temp/tmpivzy0_8x/src/main/java/com/example/auth/repository/Main.java:[5,38] package org.springframework.stereotype does not exist
[ERROR] /C:/Users/Govind/AppData/Local/Temp/tmpivzy0_8x/src/main/java/com/example/auth/repository/Main.java:[13,41] cannot find symbol
  symbol: class JpaRepository
[ERROR] /C:/Users/Govind/AppData/Local/Temp/tmpivzy0_8x/src/main/java/com/example/auth/repository/Main.java:[12,2] cannot find symbol
  symbol: class Repository
[ERROR] /C:/Users/Govind/AppData/Local/Temp/tmpivzy0_8x/src/main/java/com/example/auth/entity/User.java:[4,14] package lombok does not exist
[ERROR] /C:/Users/Govind/AppData/Local/Temp/tmpivzy0_8x/src/main/java/com/example/auth/entity/User.java:[5,14] package lombok does not exist
[ERROR] /C:/Users/Govind/AppData/Local/Temp/tmpivzy0_8x/src/main/java/com/example/auth/entity/User.java:[6,14] package lombok does not exist
[ERROR] /C:/Users/Govind/AppData/Local/Temp/tmpivzy0_8x/src/main/java/com/example/auth/entity/User.java:[11,2] cannot find symbol
  symbol: class Entity
[ERROR] /C:/Users/Govind/AppData/Local/Temp/tmpivzy0_8x/src/main/java/com/example/auth/entity/User.java:[12,2] cannot find symbol
  symbol: class Table
[ERROR] /C:/Users/Govind/AppData/Local/Temp/tmpivzy0_8x/src/main/java/com/example/auth/entity/User.java:[13,2] cannot find symbol
  symbol: class Data
[ERROR] /C:/Users/Govind/AppData/Local/Temp/tmpivzy0_8x/src/main/java/com/example/auth/entity/User.java:[14,2] cannot find symbol
  symbol: class NoArgsConstructor
[ERROR] /C:/Users/Govind/AppData/Local/Temp/tmpivzy0_8x/src/main/java/com/example/auth/entity/User.java:[15,2] cannot find symbol
  symbol: class AllArgsConstructor
[ERROR] /C:/Users/Govind/AppData/Local/Temp/tmpivzy0_8x/src/main/java/com/example/auth/security/UserDetailsServiceImpl.java:[25,12] cannot find symbol
  symbol:   class UserDetails
  location: class com.example.auth.security.UserDetailsServiceImpl
[ERROR] /C:/Users/Govind/AppData/Local/Temp/tmpivzy0_8x/src/main/java/com/example/auth/security/UserDetailsServiceImpl.java:[25,64] cannot find symbol
  symbol:   class UsernameNotFoundException
  location: class com.example.auth.security.UserDetailsServiceImpl
[ERROR] /C:/Users/Govind/AppData/Local/Temp/tmpivzy0_8x/src/main/java/com/example/auth/util/JwtUtil.java:[26,26] cannot find symbol
  symbol:   class Logger
  location: class com.example.auth.util.JwtUtil
[ERROR] /C:/Users/Govind/AppData/Local/Temp/tmpivzy0_8x/src/main/java/com/example/auth/util/JwtUtil.java:[43,33] cannot find symbol
  symbol:   class UserDetails
  location: class com.example.auth.util.JwtUtil
[ERROR] /C:/Users/Govind/AppData/Local/Temp/tmpivzy0_8x/src/main/java/com/example/auth/util/JwtUtil.java:[63,48] cannot find symbol
  symbol:   class UserDetails
  location: class com.example.auth.util.JwtUtil
[ERROR] /C:/Users/Govind/AppData/Local/Temp/tmpivzy0_8x/src/main/java/com/example/auth/util/JwtUtil.java:[80,54] cannot find symbol
  symbol:   class Claims
  location: class com.example.auth.util.JwtUtil
[ERROR] /C:/Users/Govind/AppData/Local/Temp/tmpivzy0_8x/src/main/java/com/example/auth/util/JwtUtil.java:[85,13] cannot find symbol
  symbol:   class Claims
  location: class com.example.auth.util.JwtUtil
[ERROR] /C:/Users/Govind/AppData/Local/Temp/tmpivzy0_8x/src/main/java/com/example/auth/service/AuthService.java:[25,26] cannot find symbol
  symbol:   class Logger
  location: class com.example.auth.service.AuthService
[ERROR] /C:/Users/Govind/AppData/Local/Temp/tmpivzy0_8x/src/main/java/com/example/auth/service/AuthService.java:[28,19] cannot find symbol
  symbol:   class PasswordEncoder
  location: class com.example.auth.service.AuthService
[ERROR] /C:/Users/Govind/AppData/Local/Temp/tmpivzy0_8x/src/main/java/com/example/auth/service/AuthService.java:[29,19] cannot find symbol
  symbol:   class AuthenticationManager
  location: class com.example.auth.service.AuthService
[ERROR] /C:/Users/Govind/AppData/Local/Temp/tmpivzy0_8x/src/main/java/com/example/auth/service/AuthService.java:[30,19] cannot find symbol
  symbol:   class UserDetailsService
  location: class com.example.auth.service.AuthService
[ERROR] /C:/Users/Govind/AppData/Local/Temp/tmpivzy0_8x/src/main/java/com/example/auth/service/AuthService.java:[33,55] cannot find symbol
  symbol:   class PasswordEncoder
  location: class com.example.auth.service.AuthService
[ERROR] /C:/Users/Govind/AppData/Local/Temp/tmpivzy0_8x/src/main/java/com/example/auth/service/AuthService.java:[34,24] cannot find symbol
  symbol:   class AuthenticationManager
  location: class com.example.auth.service.AuthService
[ERROR] /C:/Users/Govind/AppData/Local/Temp/tmpivzy0_8x/src/main/java/com/example/auth/service/AuthService.java:[34,69] cannot find symbol
  symbol:   class UserDetailsService
  location: class com.example.auth.service.AuthService
[ERROR] /C:/Users/Govind/AppData/Local/Temp/tmpivzy0_8x/src/main/java/com/example/auth/dto/RegisterRequest.java:[3,38] package jakarta.validation.constraints does not exist
[ERROR] /C:/Users/Govind/AppData/Local/Temp/tmpivzy0_8x/src/main/java/com/example/auth/dto/RegisterRequest.java:[4,38] package jakarta.validation.constraints does not exist
[ERROR] /C:/Users/Govind/AppData/Local/Temp/tmpivzy0_8x/src/main/java/com/example/auth/dto/RegisterRequest.java:[5,38] package jakarta.validation.constraints does not exist
[ERROR] /C:/Users/Govind/AppData/Local/Temp/tmpivzy0_8x/src/main/java/com/example/auth/dto/RegisterRequest.java:[6,14] package lombok does not exist
[ERROR] /C:/Users/Govind/AppData/Local/Temp/tmpivzy0_8x/src/main/java/com/example/auth/dto/RegisterRequest.java:[11,2] cannot find symbol
  symbol: class Data
[ERROR] /C:/Users/Govind/AppData/Local/Temp/tmpivzy0_8x/src/main/java/com/example/auth/dto/LoginRequest.java:[3,38] package jakarta.validation.constraints does not exist
[ERROR] /C:/Users/Govind/AppData/Local/Temp/tmpivzy0_8x/src/main/java/com/example/auth/dto/LoginRequest.java:[4,38] package jakarta.validation.constraints does not exist
[ERROR] /C:/Users/Govind/AppData/Local/Temp/tmpivzy0_8x/src/main/java/com/example/auth/dto/LoginRequest.java:[5,14] package lombok does not exist
[ERROR] /C:/Users/Govind/AppData/Local/Temp/tmpivzy0_8x/src/main/java/com/example/auth/dto/LoginRequest.java:[10,2] cannot find symbol
  symbol: class Data
[ERROR] /C:/Users/Govind/AppData/Local/Temp/tmpivzy0_8x/src/main/java/com/example/auth/service/AuthService.java:[70,64] cannot find symbol
  symbol:   class AuthenticationException
  location: class com.example.auth.service.AuthService
[ERROR] /C:/Users/Govind/AppData/Local/Temp/tmpivzy0_8x/src/main/java/com/example/auth/entity/User.java:[3,1] package jakarta.persistence does not exist
[ERROR] /C:/Users/Govind/AppData/Local/Temp/tmpivzy0_8x/src/main/java/com/example/auth/security/JwtRequestFilter.java:[4,23] package jakarta.servlet does not exist
[ERROR] /C:/Users/Govind/AppData/Local/Temp/tmpivzy0_8x/src/main/java/com/example/auth/security/JwtRequestFilter.java:[5,23] package jakarta.servlet does not exist
[ERROR] /C:/Users/Govind/AppData/Local/Temp/tmpivzy0_8x/src/main/java/com/example/auth/security/JwtRequestFilter.java:[6,28] package jakarta.servlet.http does not exist
[ERROR] /C:/Users/Govind/AppData/Local/Temp/tmpivzy0_8x/src/main/java/com/example/auth/security/JwtRequestFilter.java:[7,28] package jakarta.servlet.http does not exist
[ERROR] /C:/Users/Govind/AppData/Local/Temp/tmpivzy0_8x/src/main/java/com/example/auth/security/JwtRequestFilter.java:[8,51] package org.springframework.security.authentication does not exist
[ERROR] /C:/Users/Govind/AppData/Local/Temp/tmpivzy0_8x/src/main/java/com/example/auth/security/JwtRequestFilter.java:[9,49] package org.springframework.security.core.context does not exist
[ERROR] /C:/Users/Govind/AppData/Local/Temp/tmpivzy0_8x/src/main/java/com/example/auth/security/JwtRequestFilter.java:[10,53] package org.springframework.security.core.userdetails does not exist
[INFO] 100 errors 
[INFO] -------------------------------------------------------------
[INFO] ------------------------------------------------------------------------
[INFO] BUILD FAILURE
[INFO] ------------------------------------------------------------------------
[INFO] Total time:  2.811 s
[INFO] Finished at: 2025-12-08T07:36:05Z
[INFO] ------------------------------------------------------------------------
[ERROR] Failed to execute goal org.apache.maven.plugins:maven-compiler-plugin:3.11.0:compile (default-compile) on project generated-project: Compilation failure: Compilation failure: 
[ERROR] /C:/Users/Govind/AppData/Local/Temp/tmpivzy0_8x/src/main/java/com/example/auth/repository/Main.java:[13,8] interface UserRepository is public, should be declared in a file named UserRepository.java
[ERROR] /C:/Users/Govind/AppData/Local/Temp/tmpivzy0_8x/src/main/java/com/example/auth/dto/AuthResponse.java:[3,14] package lombok does not exist
[ERROR] /C:/Users/Govind/AppData/Local/Temp/tmpivzy0_8x/src/main/java/com/example/auth/dto/AuthResponse.java:[4,14] package lombok does not exist
[ERROR] /C:/Users/Govind/AppData/Local/Temp/tmpivzy0_8x/src/main/java/com/example/auth/dto/AuthResponse.java:[9,2] cannot find symbol
[ERROR]   symbol: class Data
[ERROR] /C:/Users/Govind/AppData/Local/Temp/tmpivzy0_8x/src/main/java/com/example/auth/dto/AuthResponse.java:[10,2] cannot find symbol
[ERROR]   symbol: class AllArgsConstructor
[ERROR] /C:/Users/Govind/AppData/Local/Temp/tmpivzy0_8x/src/main/java/com/example/auth/controller/Main.java:[9,29] package org.junit.jupiter.api does not exist
[ERROR] /C:/Users/Govind/AppData/Local/Temp/tmpivzy0_8x/src/main/java/com/example/auth/controller/Main.java:[10,52] package org.springframework.beans.factory.annotation does not exist
[ERROR] /C:/Users/Govind/AppData/Local/Temp/tmpivzy0_8x/src/main/java/com/example/auth/controller/Main.java:[11,63] package org.springframework.boot.test.autoconfigure.web.servlet does not exist
[ERROR] /C:/Users/Govind/AppData/Local/Temp/tmpivzy0_8x/src/main/java/com/example/auth/controller/Main.java:[12,50] package org.springframework.boot.test.mock.mockito does not exist
[ERROR] /C:/Users/Govind/AppData/Local/Temp/tmpivzy0_8x/src/main/java/com/example/auth/controller/Main.java:[13,46] package org.springframework.context.annotation does not exist
[ERROR] /C:/Users/Govind/AppData/Local/Temp/tmpivzy0_8x/src/main/java/com/example/auth/controller/Main.java:[14,32] package org.springframework.http does not exist
[ERROR] /C:/Users/Govind/AppData/Local/Temp/tmpivzy0_8x/src/main/java/com/example/auth/controller/Main.java:[15,51] package org.springframework.security.authentication does not exist
[ERROR] /C:/Users/Govind/AppData/Local/Temp/tmpivzy0_8x/src/main/java/com/example/auth/controller/Main.java:[16,57] package org.springframework.security.test.context.support does not exist
[ERROR] /C:/Users/Govind/AppData/Local/Temp/tmpivzy0_8x/src/main/java/com/example/auth/controller/Main.java:[17,44] package org.springframework.test.web.servlet does not exist
[ERROR] /C:/Users/Govind/AppData/Local/Temp/tmpivzy0_8x/src/main/java/com/example/auth/controller/Main.java:[19,26] package org.mockito does not exist
[ERROR] /C:/Users/Govind/AppData/Local/Temp/tmpivzy0_8x/src/main/java/com/example/auth/controller/Main.java:[19,1] static import only from classes and interfaces
[ERROR] /C:/Users/Govind/AppData/Local/Temp/tmpivzy0_8x/src/main/java/com/example/auth/controller/Main.java:[20,26] package org.mockito does not exist
[ERROR] /C:/Users/Govind/AppData/Local/Temp/tmpivzy0_8x/src/main/java/com/example/auth/controller/Main.java:[20,1] static import only from classes and interfaces
[ERROR] /C:/Users/Govind/AppData/Local/Temp/tmpivzy0_8x/src/main/java/com/example/auth/controller/Main.java:[21,59] package org.springframework.test.web.servlet.request does not exist
[ERROR] /C:/Users/Govind/AppData/Local/Temp/tmpivzy0_8x/src/main/java/com/example/auth/controller/Main.java:[21,1] static import only from classes and interfaces
[ERROR] /C:/Users/Govind/AppData/Local/Temp/tmpivzy0_8x/src/main/java/com/example/auth/controller/Main.java:[22,59] package org.springframework.test.web.servlet.request does not exist
[ERROR] /C:/Users/Govind/AppData/Local/Temp/tmpivzy0_8x/src/main/java/com/example/auth/controller/Main.java:[22,1] static import only from classes and interfaces
[ERROR] /C:/Users/Govind/AppData/Local/Temp/tmpivzy0_8x/src/main/java/com/example/auth/controller/Main.java:[23,58] package org.springframework.test.web.servlet.result does not exist
[ERROR] /C:/Users/Govind/AppData/Local/Temp/tmpivzy0_8x/src/main/java/com/example/auth/controller/Main.java:[23,1] static import only from classes and interfaces
[ERROR] /C:/Users/Govind/AppData/Local/Temp/tmpivzy0_8x/src/main/java/com/example/auth/controller/Main.java:[24,58] package org.springframework.test.web.servlet.result does not exist
[ERROR] /C:/Users/Govind/AppData/Local/Temp/tmpivzy0_8x/src/main/java/com/example/auth/controller/Main.java:[24,1] static import only from classes and interfaces
[ERROR] /C:/Users/Govind/AppData/Local/Temp/tmpivzy0_8x/src/main/java/com/example/auth/controller/Main.java:[28,2] cannot find symbol
[ERROR]   symbol: class WebMvcTest
[ERROR] /C:/Users/Govind/AppData/Local/Temp/tmpivzy0_8x/src/main/java/com/example/auth/controller/Main.java:[29,2] cannot find symbol
[ERROR]   symbol: class Import
[ERROR] /C:/Users/Govind/AppData/Local/Temp/tmpivzy0_8x/src/main/java/com/example/auth/controller/Main.java:[33,13] cannot find symbol
[ERROR]   symbol:   class MockMvc
[ERROR]   location: class com.example.auth.controller.UserControllerTest
[ERROR] /C:/Users/Govind/AppData/Local/Temp/tmpivzy0_8x/src/main/java/com/example/auth/service/AuthService.java:[9,17] package org.slf4j does not exist
[ERROR] /C:/Users/Govind/AppData/Local/Temp/tmpivzy0_8x/src/main/java/com/example/auth/service/AuthService.java:[10,17] package org.slf4j does not exist
[ERROR] /C:/Users/Govind/AppData/Local/Temp/tmpivzy0_8x/src/main/java/com/example/auth/service/AuthService.java:[11,51] package org.springframework.security.authentication does not exist
[ERROR] /C:/Users/Govind/AppData/Local/Temp/tmpivzy0_8x/src/main/java/com/example/auth/service/AuthService.java:[12,51] package org.springframework.security.authentication does not exist
[ERROR] /C:/Users/Govind/AppData/Local/Temp/tmpivzy0_8x/src/main/java/com/example/auth/service/AuthService.java:[13,41] package org.springframework.security.core does not exist
[ERROR] /C:/Users/Govind/AppData/Local/Temp/tmpivzy0_8x/src/main/java/com/example/auth/service/AuthService.java:[14,53] package org.springframework.security.core.userdetails does not exist
[ERROR] /C:/Users/Govind/AppData/Local/Temp/tmpivzy0_8x/src/main/java/com/example/auth/service/AuthService.java:[15,53] package org.springframework.security.core.userdetails does not exist
[ERROR] /C:/Users/Govind/AppData/Local/Temp/tmpivzy0_8x/src/main/java/com/example/auth/service/AuthService.java:[16,52] package org.springframework.security.crypto.password does not exist
[ERROR] /C:/Users/Govind/AppData/Local/Temp/tmpivzy0_8x/src/main/java/com/example/auth/service/AuthService.java:[17,38] package org.springframework.stereotype does not exist
[ERROR] /C:/Users/Govind/AppData/Local/Temp/tmpivzy0_8x/src/main/java/com/example/auth/service/AuthService.java:[22,2] cannot find symbol
[ERROR]   symbol: class Service
[ERROR] /C:/Users/Govind/AppData/Local/Temp/tmpivzy0_8x/src/main/java/com/example/auth/util/JwtUtil.java:[3,23] package io.jsonwebtoken does not exist
[ERROR] /C:/Users/Govind/AppData/Local/Temp/tmpivzy0_8x/src/main/java/com/example/auth/util/JwtUtil.java:[4,23] package io.jsonwebtoken does not exist
[ERROR] /C:/Users/Govind/AppData/Local/Temp/tmpivzy0_8x/src/main/java/com/example/auth/util/JwtUtil.java:[5,23] package io.jsonwebtoken does not exist
[ERROR] /C:/Users/Govind/AppData/Local/Temp/tmpivzy0_8x/src/main/java/com/example/auth/util/JwtUtil.java:[6,26] package io.jsonwebtoken.io does not exist
[ERROR] /C:/Users/Govind/AppData/Local/Temp/tmpivzy0_8x/src/main/java/com/example/auth/util/JwtUtil.java:[7,32] package io.jsonwebtoken.security does not exist
[ERROR] /C:/Users/Govind/AppData/Local/Temp/tmpivzy0_8x/src/main/java/com/example/auth/util/JwtUtil.java:[8,17] package org.slf4j does not exist
[ERROR] /C:/Users/Govind/AppData/Local/Temp/tmpivzy0_8x/src/main/java/com/example/auth/util/JwtUtil.java:[9,17] package org.slf4j does not exist
[ERROR] /C:/Users/Govind/AppData/Local/Temp/tmpivzy0_8x/src/main/java/com/example/auth/util/JwtUtil.java:[10,52] package org.springframework.beans.factory.annotation does not exist
[ERROR] /C:/Users/Govind/AppData/Local/Temp/tmpivzy0_8x/src/main/java/com/example/auth/util/JwtUtil.java:[11,53] package org.springframework.security.core.userdetails does not exist
[ERROR] /C:/Users/Govind/AppData/Local/Temp/tmpivzy0_8x/src/main/java/com/example/auth/util/JwtUtil.java:[12,38] package org.springframework.stereotype does not exist
[ERROR] /C:/Users/Govind/AppData/Local/Temp/tmpivzy0_8x/src/main/java/com/example/auth/util/JwtUtil.java:[23,2] cannot find symbol
[ERROR]   symbol: class Component
[ERROR] /C:/Users/Govind/AppData/Local/Temp/tmpivzy0_8x/src/main/java/com/example/auth/security/UserDetailsServiceImpl.java:[4,53] package org.springframework.security.core.userdetails does not exist
[ERROR] /C:/Users/Govind/AppData/Local/Temp/tmpivzy0_8x/src/main/java/com/example/auth/security/UserDetailsServiceImpl.java:[5,53] package org.springframework.security.core.userdetails does not exist
[ERROR] /C:/Users/Govind/AppData/Local/Temp/tmpivzy0_8x/src/main/java/com/example/auth/security/UserDetailsServiceImpl.java:[6,53] package org.springframework.security.core.userdetails does not exist
[ERROR] /C:/Users/Govind/AppData/Local/Temp/tmpivzy0_8x/src/main/java/com/example/auth/security/UserDetailsServiceImpl.java:[7,38] package org.springframework.stereotype does not exist
[ERROR] /C:/Users/Govind/AppData/Local/Temp/tmpivzy0_8x/src/main/java/com/example/auth/security/UserDetailsServiceImpl.java:[16,48] cannot find symbol
[ERROR]   symbol: class UserDetailsService
[ERROR] /C:/Users/Govind/AppData/Local/Temp/tmpivzy0_8x/src/main/java/com/example/auth/security/UserDetailsServiceImpl.java:[15,2] cannot find symbol
[ERROR]   symbol: class Service
[ERROR] /C:/Users/Govind/AppData/Local/Temp/tmpivzy0_8x/src/main/java/com/example/auth/repository/Main.java:[4,47] package org.springframework.data.jpa.repository does not exist
[ERROR] /C:/Users/Govind/AppData/Local/Temp/tmpivzy0_8x/src/main/java/com/example/auth/repository/Main.java:[5,38] package org.springframework.stereotype does not exist
[ERROR] /C:/Users/Govind/AppData/Local/Temp/tmpivzy0_8x/src/main/java/com/example/auth/repository/Main.java:[13,41] cannot find symbol
[ERROR]   symbol: class JpaRepository
[ERROR] /C:/Users/Govind/AppData/Local/Temp/tmpivzy0_8x/src/main/java/com/example/auth/repository/Main.java:[12,2] cannot find symbol
[ERROR]   symbol: class Repository
[ERROR] /C:/Users/Govind/AppData/Local/Temp/tmpivzy0_8x/src/main/java/com/example/auth/entity/User.java:[4,14] package lombok does not exist
[ERROR] /C:/Users/Govind/AppData/Local/Temp/tmpivzy0_8x/src/main/java/com/example/auth/entity/User.java:[5,14] package lombok does not exist
[ERROR] /C:/Users/Govind/AppData/Local/Temp/tmpivzy0_8x/src/main/java/com/example/auth/entity/User.java:[6,14] package lombok does not exist
[ERROR] /C:/Users/Govind/AppData/Local/Temp/tmpivzy0_8x/src/main/java/com/example/auth/entity/User.java:[11,2] cannot find symbol
[ERROR]   symbol: class Entity
[ERROR] /C:/Users/Govind/AppData/Local/Temp/tmpivzy0_8x/src/main/java/com/example/auth/entity/User.java:[12,2] cannot find symbol
[ERROR]   symbol: class Table
[ERROR] /C:/Users/Govind/AppData/Local/Temp/tmpivzy0_8x/src/main/java/com/example/auth/entity/User.java:[13,2] cannot find symbol
[ERROR]   symbol: class Data
[ERROR] /C:/Users/Govind/AppData/Local/Temp/tmpivzy0_8x/src/main/java/com/example/auth/entity/User.java:[14,2] cannot find symbol
[ERROR]   symbol: class NoArgsConstructor
[ERROR] /C:/Users/Govind/AppData/Local/Temp/tmpivzy0_8x/src/main/java/com/example/auth/entity/User.java:[15,2] cannot find symbol
[ERROR]   symbol: class AllArgsConstructor
[ERROR] /C:/Users/Govind/AppData/Local/Temp/tmpivzy0_8x/src/main/java/com/example/auth/security/UserDetailsServiceImpl.java:[25,12] cannot find symbol
[ERROR]   symbol:   class UserDetails
[ERROR]   location: class com.example.auth.security.UserDetailsServiceImpl
[ERROR] /C:/Users/Govind/AppData/Local/Temp/tmpivzy0_8x/src/main/java/com/example/auth/security/UserDetailsServiceImpl.java:[25,64] cannot find symbol
[ERROR]   symbol:   class UsernameNotFoundException
[ERROR]   location: class com.example.auth.security.UserDetailsServiceImpl
[ERROR] /C:/Users/Govind/AppData/Local/Temp/tmpivzy0_8x/src/main/java/com/example/auth/util/JwtUtil.java:[26,26] cannot find symbol
[ERROR]   symbol:   class Logger
[ERROR]   location: class com.example.auth.util.JwtUtil
[ERROR] /C:/Users/Govind/AppData/Local/Temp/tmpivzy0_8x/src/main/java/com/example/auth/util/JwtUtil.java:[43,33] cannot find symbol
[ERROR]   symbol:   class UserDetails
[ERROR]   location: class com.example.auth.util.JwtUtil
[ERROR] /C:/Users/Govind/AppData/Local/Temp/tmpivzy0_8x/src/main/java/com/example/auth/util/JwtUtil.java:[63,48] cannot find symbol
[ERROR]   symbol:   class UserDetails
[ERROR]   location: class com.example.auth.util.JwtUtil
[ERROR] /C:/Users/Govind/AppData/Local/Temp/tmpivzy0_8x/src/main/java/com/example/auth/util/JwtUtil.java:[80,54] cannot find symbol
[ERROR]   symbol:   class Claims
[ERROR]   location: class com.example.auth.util.JwtUtil
[ERROR] /C:/Users/Govind/AppData/Local/Temp/tmpivzy0_8x/src/main/java/com/example/auth/util/JwtUtil.java:[85,13] cannot find symbol
[ERROR]   symbol:   class Claims
[ERROR]   location: class com.example.auth.util.JwtUtil
[ERROR] /C:/Users/Govind/AppData/Local/Temp/tmpivzy0_8x/src/main/java/com/example/auth/service/AuthService.java:[25,26] cannot find symbol
[ERROR]   symbol:   class Logger
[ERROR]   location: class com.example.auth.service.AuthService
[ERROR] /C:/Users/Govind/AppData/Local/Temp/tmpivzy0_8x/src/main/java/com/example/auth/service/AuthService.java:[28,19] cannot find symbol
[ERROR]   symbol:   class PasswordEncoder
[ERROR]   location: class com.example.auth.service.AuthService
[ERROR] /C:/Users/Govind/AppData/Local/Temp/tmpivzy0_8x/src/main/java/com/example/auth/service/AuthService.java:[29,19] cannot find symbol
[ERROR]   symbol:   class AuthenticationManager
[ERROR]   location: class com.example.auth.service.AuthService
[ERROR] /C:/Users/Govind/AppData/Local/Temp/tmpivzy0_8x/src/main/java/com/example/auth/service/AuthService.java:[30,19] cannot find symbol
[ERROR]   symbol:   class UserDetailsService
[ERROR]   location: class com.example.auth.service.AuthService
[ERROR] /C:/Users/Govind/AppData/Local/Temp/tmpivzy0_8x/src/main/java/com/example/auth/service/AuthService.java:[33,55] cannot find symbol
[ERROR]   symbol:   class PasswordEncoder
[ERROR]   location: class com.example.auth.service.AuthService
[ERROR] /C:/Users/Govind/AppData/Local/Temp/tmpivzy0_8x/src/main/java/com/example/auth/service/AuthService.java:[34,24] cannot find symbol
[ERROR]   symbol:   class AuthenticationManager
[ERROR]   location: class com.example.auth.service.AuthService
[ERROR] /C:/Users/Govind/AppData/Local/Temp/tmpivzy0_8x/src/main/java/com/example/auth/service/AuthService.java:[34,69] cannot find symbol
[ERROR]   symbol:   class UserDetailsService
[ERROR]   location: class com.example.auth.service.AuthService
[ERROR] /C:/Users/Govind/AppData/Local/Temp/tmpivzy0_8x/src/main/java/com/example/auth/dto/RegisterRequest.java:[3,38] package jakarta.validation.constraints does not exist
[ERROR] /C:/Users/Govind/AppData/Local/Temp/tmpivzy0_8x/src/main/java/com/example/auth/dto/RegisterRequest.java:[4,38] package jakarta.validation.constraints does not exist
[ERROR] /C:/Users/Govind/AppData/Local/Temp/tmpivzy0_8x/src/main/java/com/example/auth/dto/RegisterRequest.java:[5,38] package jakarta.validation.constraints does not exist
[ERROR] /C:/Users/Govind/AppData/Local/Temp/tmpivzy0_8x/src/main/java/com/example/auth/dto/RegisterRequest.java:[6,14] package lombok does not exist
[ERROR] /C:/Users/Govind/AppData/Local/Temp/tmpivzy0_8x/src/main/java/com/example/auth/dto/RegisterRequest.java:[11,2] cannot find symbol
[ERROR]   symbol: class Data
[ERROR] /C:/Users/Govind/AppData/Local/Temp/tmpivzy0_8x/src/main/java/com/example/auth/dto/LoginRequest.java:[3,38] package jakarta.validation.constraints does not exist
[ERROR] /C:/Users/Govind/AppData/Local/Temp/tmpivzy0_8x/src/main/java/com/example/auth/dto/LoginRequest.java:[4,38] package jakarta.validation.constraints does not exist
[ERROR] /C:/Users/Govind/AppData/Local/Temp/tmpivzy0_8x/src/main/java/com/example/auth/dto/LoginRequest.java:[5,14] package lombok does not exist
[ERROR] /C:/Users/Govind/AppData/Local/Temp/tmpivzy0_8x/src/main/java/com/example/auth/dto/LoginRequest.java:[10,2] cannot find symbol
[ERROR]   symbol: class Data
[ERROR] /C:/Users/Govind/AppData/Local/Temp/tmpivzy0_8x/src/main/java/com/example/auth/service/AuthService.java:[70,64] cannot find symbol
[ERROR]   symbol:   class AuthenticationException
[ERROR]   location: class com.example.auth.service.AuthService
[ERROR] /C:/Users/Govind/AppData/Local/Temp/tmpivzy0_8x/src/main/java/com/example/auth/entity/User.java:[3,1] package jakarta.persistence does not exist
[ERROR] /C:/Users/Govind/AppData/Local/Temp/tmpivzy0_8x/src/main/java/com/example/auth/security/JwtRequestFilter.java:[4,23] package jakarta.servlet does not exist
[ERROR] /C:/Users/Govind/AppData/Local/Temp/tmpivzy0_8x/src/main/java/com/example/auth/security/JwtRequestFilter.java:[5,23] package jakarta.servlet does not exist
[ERROR] /C:/Users/Govind/AppData/Local/Temp/tmpivzy0_8x/src/main/java/com/example/auth/security/JwtRequestFilter.java:[6,28] package jakarta.servlet.http does not exist
[ERROR] /C:/Users/Govind/AppData/Local/Temp/tmpivzy0_8x/src/main/java/com/example/auth/security/JwtRequestFilter.java:[7,28] package jakarta.servlet.http does not exist
[ERROR] /C:/Users/Govind/AppData/Local/Temp/tmpivzy0_8x/src/main/java/com/example/auth/security/JwtRequestFilter.java:[8,51] package org.springframework.security.authentication does not exist
[ERROR] /C:/Users/Govind/AppData/Local/Temp/tmpivzy0_8x/src/main/java/com/example/auth/security/JwtRequestFilter.java:[9,49] package org.springframework.security.core.context does not exist
[ERROR] /C:/Users/Govind/AppData/Local/Temp/tmpivzy0_8x/src/main/java/com/example/auth/security/JwtRequestFilter.java:[10,53] package org.springframework.security.core.userdetails does not exist
[ERROR] -> [Help 1]
[ERROR] 
[ERROR] To see the full stack trace of the errors, re-run Maven with the -e switch.
[ERROR] Re-run Maven using the -X switch to enable full debug logging.
[ERROR] 
[ERROR] For more information about the errors and possible solutions, please read the following articles:
[ERROR] [Help 1] http://cwiki.apache.org/confluence/display/MAVEN/MojoFailureException

2025-12-08 07:36:05 | build_agent | [31mERROR[0m | Stderr: 
2025-12-08 07:37:11 | build_agent | [32mINFO[0m | Building multi-file java project with 14 files
2025-12-08 07:37:11 | build_agent | [32mINFO[0m | Creating Maven project in C:\Users\Govind\AppData\Local\Temp\tmpwwb42ghn
2025-12-08 07:37:11 | build_agent | [32mINFO[0m | Created C:\Users\Govind\AppData\Local\Temp\tmpwwb42ghn\src\main\java\com\example\auth\AuthApplication.java
2025-12-08 07:37:11 | build_agent | [32mINFO[0m | Created C:\Users\Govind\AppData\Local\Temp\tmpwwb42ghn\src\main\java\com\example\auth\dto\RegisterRequest.java
2025-12-08 07:37:11 | build_agent | [32mINFO[0m | Created C:\Users\Govind\AppData\Local\Temp\tmpwwb42ghn\src\main\java\com\example\auth\dto\LoginRequest.java
2025-12-08 07:37:11 | build_agent | [32mINFO[0m | Created C:\Users\Govind\AppData\Local\Temp\tmpwwb42ghn\src\main\java\com\example\auth\dto\AuthResponse.java
2025-12-08 07:37:11 | build_agent | [32mINFO[0m | Created C:\Users\Govind\AppData\Local\Temp\tmpwwb42ghn\src\main\java\com\example\auth\entity\User.java
2025-12-08 07:37:11 | build_agent | [32mINFO[0m | Created C:\Users\Govind\AppData\Local\Temp\tmpwwb42ghn\src\main\java\com\example\auth\repository\Main.java
2025-12-08 07:37:11 | build_agent | [32mINFO[0m | Created C:\Users\Govind\AppData\Local\Temp\tmpwwb42ghn\src\main\java\com\example\auth\util\JwtUtil.java
2025-12-08 07:37:11 | build_agent | [32mINFO[0m | Created C:\Users\Govind\AppData\Local\Temp\tmpwwb42ghn\src\main\java\com\example\auth\security\UserDetailsServiceImpl.java
2025-12-08 07:37:11 | build_agent | [32mINFO[0m | Created C:\Users\Govind\AppData\Local\Temp\tmpwwb42ghn\src\main\java\com\example\auth\security\JwtRequestFilter.java
2025-12-08 07:37:11 | build_agent | [32mINFO[0m | Created C:\Users\Govind\AppData\Local\Temp\tmpwwb42ghn\src\main\java\com\example\auth\security\SecurityConfig.java
2025-12-08 07:37:11 | build_agent | [32mINFO[0m | Created C:\Users\Govind\AppData\Local\Temp\tmpwwb42ghn\src\main\java\com\example\auth\service\AuthService.java
2025-12-08 07:37:11 | build_agent | [32mINFO[0m | Created C:\Users\Govind\AppData\Local\Temp\tmpwwb42ghn\src\main\java\com\example\auth\controller\UserController.java
2025-12-08 07:37:11 | build_agent | [32mINFO[0m | Created C:\Users\Govind\AppData\Local\Temp\tmpwwb42ghn\src\main\java\com\example\auth\service\AuthServiceTest.java
2025-12-08 07:37:11 | build_agent | [32mINFO[0m | Created C:\Users\Govind\AppData\Local\Temp\tmpwwb42ghn\src\main\java\com\example\auth\controller\UserControllerTest.java
2025-12-08 07:37:11 | build_agent | [32mINFO[0m | Created pom.xml
2025-12-08 07:37:19 | build_agent | [31mERROR[0m | Maven compilation failed
2025-12-08 07:37:19 | build_agent | [31mERROR[0m | Stdout: [INFO] Scanning for projects...
[INFO] 
[INFO] -----------------< com.agenticcode:generated-project >------------------
[INFO] Building generated-project 1.0-SNAPSHOT
[INFO]   from pom.xml
[INFO] --------------------------------[ jar ]---------------------------------
Downloading from central: https://repo.maven.apache.org/maven2/io/jsonwebtoken/jjwt-api/0.11.5/jjwt-api-0.11.5.pom
Progress (1): 847 B
Progress (1): 1.8 kB
                    
Downloaded from central: https://repo.maven.apache.org/maven2/io/jsonwebtoken/jjwt-api/0.11.5/jjwt-api-0.11.5.pom (1.8 kB at 1.0 kB/s)
Downloading from central: https://repo.maven.apache.org/maven2/io/jsonwebtoken/jjwt-root/0.11.5/jjwt-root-0.11.5.pom
Progress (1): 758 B
Progress (1): 2.0 kB
Progress (1): 4.5 kB
Progress (1): 6.9 kB
Progress (1): 10 kB 
Progress (1): 11 kB
Progress (1): 14 kB
Progress (1): 18 kB
Progress (1): 20 kB
Progress (1): 25 kB
Progress (1): 29 kB
                   
Downloaded from central: https://repo.maven.apache.org/maven2/io/jsonwebtoken/jjwt-root/0.11.5/jjwt-root-0.11.5.pom (29 kB at 483 kB/s)
Downloading from central: https://repo.maven.apache.org/maven2/io/jsonwebtoken/jjwt-api/0.11.5/jjwt-api-0.11.5.jar
Progress (1): 0.9/77 kB
Progress (1): 2.3/77 kB
Progress (1): 3.6/77 kB
Progress (1): 5.0/77 kB
Progress (1): 6.4/77 kB
Progress (1): 7.7/77 kB
Progress (1): 9.1/77 kB
Progress (1): 10/77 kB 
Progress (1): 12/77 kB
Progress (1): 13/77 kB
Progress (1): 15/77 kB
Progress (1): 16/77 kB
Progress (1): 17/77 kB
Progress (1): 19/77 kB
Progress (1): 20/77 kB
Progress (1): 20/77 kB
Progress (1): 22/77 kB
Progress (1): 23/77 kB
Progress (1): 25/77 kB
Progress (1): 26/77 kB
Progress (1): 27/77 kB
Progress (1): 29/77 kB
Progress (1): 30/77 kB
Progress (1): 31/77 kB
Progress (1): 33/77 kB
Progress (1): 34/77 kB
Progress (1): 35/77 kB
Progress (1): 37/77 kB
Progress (1): 38/77 kB
Progress (1): 40/77 kB
Progress (1): 41/77 kB
Progress (1): 42/77 kB
Progress (1): 47/77 kB
Progress (1): 51/77 kB
Progress (1): 55/77 kB
Progress (1): 59/77 kB
Progress (1): 63/77 kB
Progress (1): 68/77 kB
Progress (1): 72/77 kB
Progress (1): 76/77 kB
Progress (1): 77 kB   
                   
Downloaded from central: https://repo.maven.apache.org/maven2/io/jsonwebtoken/jjwt-api/0.11.5/jjwt-api-0.11.5.jar (77 kB at 698 kB/s)
[INFO] 
[INFO] --- clean:3.2.0:clean (default-clean) @ generated-project ---
[INFO] 
[INFO] --- resources:3.3.1:resources (default-resources) @ generated-project ---
[INFO] skip non existing resourceDirectory C:\Users\Govind\AppData\Local\Temp\tmpwwb42ghn\src\main\resources
[INFO] 
[INFO] --- compiler:3.11.0:compile (default-compile) @ generated-project ---
[INFO] Changes detected - recompiling the module! :dependency
[INFO] Compiling 14 source files with javac [debug target 11] to target\classes
[INFO] -------------------------------------------------------------
[WARNING] COMPILATION WARNING : 
[INFO] -------------------------------------------------------------
[WARNING] system modules path not set in conjunction with -source 11
[INFO] 1 warning
[INFO] -------------------------------------------------------------
[INFO] -------------------------------------------------------------
[ERROR] COMPILATION ERROR : 
[INFO] -------------------------------------------------------------
[ERROR] /C:/Users/Govind/AppData/Local/Temp/tmpwwb42ghn/src/main/java/com/example/auth/repository/Main.java:[10,8] interface UserRepository is public, should be declared in a file named UserRepository.java
[ERROR] /C:/Users/Govind/AppData/Local/Temp/tmpwwb42ghn/src/main/java/com/example/auth/AuthApplication.java:[3,32] package org.springframework.boot does not exist
[ERROR] /C:/Users/Govind/AppData/Local/Temp/tmpwwb42ghn/src/main/java/com/example/auth/AuthApplication.java:[4,46] package org.springframework.boot.autoconfigure does not exist
[ERROR] /C:/Users/Govind/AppData/Local/Temp/tmpwwb42ghn/src/main/java/com/example/auth/AuthApplication.java:[6,2] cannot find symbol
  symbol: class SpringBootApplication
[ERROR] /C:/Users/Govind/AppData/Local/Temp/tmpwwb42ghn/src/main/java/com/example/auth/service/AuthServiceTest.java:[9,29] package org.junit.jupiter.api does not exist
[ERROR] /C:/Users/Govind/AppData/Local/Temp/tmpwwb42ghn/src/main/java/com/example/auth/service/AuthServiceTest.java:[10,29] package org.junit.jupiter.api does not exist
[ERROR] /C:/Users/Govind/AppData/Local/Temp/tmpwwb42ghn/src/main/java/com/example/auth/service/AuthServiceTest.java:[11,39] package org.junit.jupiter.api.extension does not exist
[ERROR] /C:/Users/Govind/AppData/Local/Temp/tmpwwb42ghn/src/main/java/com/example/auth/service/AuthServiceTest.java:[12,19] package org.mockito does not exist
[ERROR] /C:/Users/Govind/AppData/Local/Temp/tmpwwb42ghn/src/main/java/com/example/auth/service/AuthServiceTest.java:[13,19] package org.mockito does not exist
[ERROR] /C:/Users/Govind/AppData/Local/Temp/tmpwwb42ghn/src/main/java/com/example/auth/service/AuthServiceTest.java:[14,33] package org.mockito.junit.jupiter does not exist
[ERROR] /C:/Users/Govind/AppData/Local/Temp/tmpwwb42ghn/src/main/java/com/example/auth/service/AuthServiceTest.java:[15,51] package org.springframework.security.authentication does not exist
[ERROR] /C:/Users/Govind/AppData/Local/Temp/tmpwwb42ghn/src/main/java/com/example/auth/service/AuthServiceTest.java:[16,51] package org.springframework.security.authentication does not exist
[ERROR] /C:/Users/Govind/AppData/Local/Temp/tmpwwb42ghn/src/main/java/com/example/auth/service/AuthServiceTest.java:[17,51] package org.springframework.security.authentication does not exist
[ERROR] /C:/Users/Govind/AppData/Local/Temp/tmpwwb42ghn/src/main/java/com/example/auth/service/AuthServiceTest.java:[18,53] package org.springframework.security.core.userdetails does not exist
[ERROR] /C:/Users/Govind/AppData/Local/Temp/tmpwwb42ghn/src/main/java/com/example/auth/service/AuthServiceTest.java:[19,52] package org.springframework.security.crypto.password does not exist
[ERROR] /C:/Users/Govind/AppData/Local/Temp/tmpwwb42ghn/src/main/java/com/example/auth/service/AuthServiceTest.java:[23,36] package org.junit.jupiter.api does not exist
[ERROR] /C:/Users/Govind/AppData/Local/Temp/tmpwwb42ghn/src/main/java/com/example/auth/service/AuthServiceTest.java:[24,26] package org.mockito does not exist
[ERROR] /C:/Users/Govind/AppData/Local/Temp/tmpwwb42ghn/src/main/java/com/example/auth/service/AuthServiceTest.java:[24,1] static import only from classes and interfaces
[ERROR] /C:/Users/Govind/AppData/Local/Temp/tmpwwb42ghn/src/main/java/com/example/auth/service/AuthServiceTest.java:[25,26] package org.mockito does not exist
[ERROR] /C:/Users/Govind/AppData/Local/Temp/tmpwwb42ghn/src/main/java/com/example/auth/service/AuthServiceTest.java:[27,2] cannot find symbol
  symbol: class ExtendWith
[ERROR] /C:/Users/Govind/AppData/Local/Temp/tmpwwb42ghn/src/main/java/com/example/auth/repository/Main.java:[4,47] package org.springframework.data.jpa.repository does not exist
[ERROR] /C:/Users/Govind/AppData/Local/Temp/tmpwwb42ghn/src/main/java/com/example/auth/repository/Main.java:[5,38] package org.springframework.stereotype does not exist
[ERROR] /C:/Users/Govind/AppData/Local/Temp/tmpwwb42ghn/src/main/java/com/example/auth/repository/Main.java:[10,41] cannot find symbol
  symbol: class JpaRepository
[ERROR] /C:/Users/Govind/AppData/Local/Temp/tmpwwb42ghn/src/main/java/com/example/auth/repository/Main.java:[9,2] cannot find symbol
  symbol: class Repository
[ERROR] /C:/Users/Govind/AppData/Local/Temp/tmpwwb42ghn/src/main/java/com/example/auth/entity/User.java:[4,14] package lombok does not exist
[ERROR] /C:/Users/Govind/AppData/Local/Temp/tmpwwb42ghn/src/main/java/com/example/auth/entity/User.java:[5,14] package lombok does not exist
[ERROR] /C:/Users/Govind/AppData/Local/Temp/tmpwwb42ghn/src/main/java/com/example/auth/entity/User.java:[7,2] cannot find symbol
  symbol: class Entity
[ERROR] /C:/Users/Govind/AppData/Local/Temp/tmpwwb42ghn/src/main/java/com/example/auth/entity/User.java:[8,2] cannot find symbol
  symbol: class Table
[ERROR] /C:/Users/Govind/AppData/Local/Temp/tmpwwb42ghn/src/main/java/com/example/auth/entity/User.java:[9,2] cannot find symbol
  symbol: class Data
[ERROR] /C:/Users/Govind/AppData/Local/Temp/tmpwwb42ghn/src/main/java/com/example/auth/entity/User.java:[10,2] cannot find symbol
  symbol: class NoArgsConstructor
[ERROR] /C:/Users/Govind/AppData/Local/Temp/tmpwwb42ghn/src/main/java/com/example/auth/service/AuthServiceTest.java:[34,13] cannot find symbol
  symbol:   class PasswordEncoder
  location: class com.example.auth.service.AuthServiceTest
[ERROR] /C:/Users/Govind/AppData/Local/Temp/tmpwwb42ghn/src/main/java/com/example/auth/service/AuthServiceTest.java:[37,13] cannot find symbol
  symbol:   class AuthenticationManager
  location: class com.example.auth.service.AuthServiceTest
[ERROR] /C:/Users/Govind/AppData/Local/Temp/tmpwwb42ghn/src/main/java/com/example/auth/security/UserDetailsServiceImpl.java:[4,53] package org.springframework.security.core.userdetails does not exist
[ERROR] /C:/Users/Govind/AppData/Local/Temp/tmpwwb42ghn/src/main/java/com/example/auth/security/UserDetailsServiceImpl.java:[5,53] package org.springframework.security.core.userdetails does not exist
[ERROR] /C:/Users/Govind/AppData/Local/Temp/tmpwwb42ghn/src/main/java/com/example/auth/security/UserDetailsServiceImpl.java:[6,53] package org.springframework.security.core.userdetails does not exist
[ERROR] /C:/Users/Govind/AppData/Local/Temp/tmpwwb42ghn/src/main/java/com/example/auth/security/UserDetailsServiceImpl.java:[7,38] package org.springframework.stereotype does not exist
[ERROR] /C:/Users/Govind/AppData/Local/Temp/tmpwwb42ghn/src/main/java/com/example/auth/security/UserDetailsServiceImpl.java:[12,48] cannot find symbol
  symbol: class UserDetailsService
[ERROR] /C:/Users/Govind/AppData/Local/Temp/tmpwwb42ghn/src/main/java/com/example/auth/security/UserDetailsServiceImpl.java:[11,2] cannot find symbol
  symbol: class Service
[ERROR] /C:/Users/Govind/AppData/Local/Temp/tmpwwb42ghn/src/main/java/com/example/auth/util/JwtUtil.java:[8,17] package org.slf4j does not exist
[ERROR] /C:/Users/Govind/AppData/Local/Temp/tmpwwb42ghn/src/main/java/com/example/auth/util/JwtUtil.java:[9,17] package org.slf4j does not exist
[ERROR] /C:/Users/Govind/AppData/Local/Temp/tmpwwb42ghn/src/main/java/com/example/auth/util/JwtUtil.java:[10,52] package org.springframework.beans.factory.annotation does not exist
[ERROR] /C:/Users/Govind/AppData/Local/Temp/tmpwwb42ghn/src/main/java/com/example/auth/util/JwtUtil.java:[11,53] package org.springframework.security.core.userdetails does not exist
[ERROR] /C:/Users/Govind/AppData/Local/Temp/tmpwwb42ghn/src/main/java/com/example/auth/util/JwtUtil.java:[12,38] package org.springframework.stereotype does not exist
[ERROR] /C:/Users/Govind/AppData/Local/Temp/tmpwwb42ghn/src/main/java/com/example/auth/util/JwtUtil.java:[20,2] cannot find symbol
  symbol: class Component
[ERROR] /C:/Users/Govind/AppData/Local/Temp/tmpwwb42ghn/src/main/java/com/example/auth/service/AuthService.java:[10,51] package org.springframework.security.authentication does not exist
[ERROR] /C:/Users/Govind/AppData/Local/Temp/tmpwwb42ghn/src/main/java/com/example/auth/service/AuthService.java:[11,51] package org.springframework.security.authentication does not exist
[ERROR] /C:/Users/Govind/AppData/Local/Temp/tmpwwb42ghn/src/main/java/com/example/auth/service/AuthService.java:[12,41] package org.springframework.security.core does not exist
[ERROR] /C:/Users/Govind/AppData/Local/Temp/tmpwwb42ghn/src/main/java/com/example/auth/service/AuthService.java:[13,53] package org.springframework.security.core.userdetails does not exist
[ERROR] /C:/Users/Govind/AppData/Local/Temp/tmpwwb42ghn/src/main/java/com/example/auth/service/AuthService.java:[14,52] package org.springframework.security.crypto.password does not exist
[ERROR] /C:/Users/Govind/AppData/Local/Temp/tmpwwb42ghn/src/main/java/com/example/auth/service/AuthService.java:[15,38] package org.springframework.stereotype does not exist
[ERROR] /C:/Users/Govind/AppData/Local/Temp/tmpwwb42ghn/src/main/java/com/example/auth/service/AuthService.java:[16,50] package org.springframework.transaction.annotation does not exist
[ERROR] /C:/Users/Govind/AppData/Local/Temp/tmpwwb42ghn/src/main/java/com/example/auth/service/AuthService.java:[20,2] cannot find symbol
  symbol: class Service
[ERROR] /C:/Users/Govind/AppData/Local/Temp/tmpwwb42ghn/src/main/java/com/example/auth/dto/RegisterRequest.java:[3,38] package jakarta.validation.constraints does not exist
[ERROR] /C:/Users/Govind/AppData/Local/Temp/tmpwwb42ghn/src/main/java/com/example/auth/dto/RegisterRequest.java:[4,38] package jakarta.validation.constraints does not exist
[ERROR] /C:/Users/Govind/AppData/Local/Temp/tmpwwb42ghn/src/main/java/com/example/auth/dto/RegisterRequest.java:[5,38] package jakarta.validation.constraints does not exist
[ERROR] /C:/Users/Govind/AppData/Local/Temp/tmpwwb42ghn/src/main/java/com/example/auth/dto/RegisterRequest.java:[6,14] package lombok does not exist
[ERROR] /C:/Users/Govind/AppData/Local/Temp/tmpwwb42ghn/src/main/java/com/example/auth/dto/RegisterRequest.java:[8,2] cannot find symbol
  symbol: class Data
[ERROR] /C:/Users/Govind/AppData/Local/Temp/tmpwwb42ghn/src/main/java/com/example/auth/dto/LoginRequest.java:[3,38] package jakarta.validation.constraints does not exist
[ERROR] /C:/Users/Govind/AppData/Local/Temp/tmpwwb42ghn/src/main/java/com/example/auth/dto/LoginRequest.java:[4,38] package jakarta.validation.constraints does not exist
[ERROR] /C:/Users/Govind/AppData/Local/Temp/tmpwwb42ghn/src/main/java/com/example/auth/dto/LoginRequest.java:[5,14] package lombok does not exist
[ERROR] /C:/Users/Govind/AppData/Local/Temp/tmpwwb42ghn/src/main/java/com/example/auth/dto/LoginRequest.java:[7,2] cannot find symbol
  symbol: class Data
[ERROR] /C:/Users/Govind/AppData/Local/Temp/tmpwwb42ghn/src/main/java/com/example/auth/service/AuthService.java:[24,19] cannot find symbol
  symbol:   class PasswordEncoder
  location: class com.example.auth.service.AuthService
[ERROR] /C:/Users/Govind/AppData/Local/Temp/tmpwwb42ghn/src/main/java/com/example/auth/service/AuthService.java:[25,19] cannot find symbol
  symbol:   class AuthenticationManager
  location: class com.example.auth.service.AuthService
[ERROR] /C:/Users/Govind/AppData/Local/Temp/tmpwwb42ghn/src/main/java/com/example/auth/service/AuthService.java:[29,55] cannot find symbol
  symbol:   class PasswordEncoder
  location: class com.example.auth.service.AuthService
[ERROR] /C:/Users/Govind/AppData/Local/Temp/tmpwwb42ghn/src/main/java/com/example/auth/service/AuthService.java:[30,24] cannot find symbol
  symbol:   class AuthenticationManager
  location: class com.example.auth.service.AuthService
[ERROR] /C:/Users/Govind/AppData/Local/Temp/tmpwwb42ghn/src/main/java/com/example/auth/dto/AuthResponse.java:[3,14] package lombok does not exist
[ERROR] /C:/Users/Govind/AppData/Local/Temp/tmpwwb42ghn/src/main/java/com/example/auth/dto/AuthResponse.java:[4,14] package lombok does not exist
[ERROR] /C:/Users/Govind/AppData/Local/Temp/tmpwwb42ghn/src/main/java/com/example/auth/dto/AuthResponse.java:[5,14] package lombok does not exist
[ERROR] /C:/Users/Govind/AppData/Local/Temp/tmpwwb42ghn/src/main/java/com/example/auth/dto/AuthResponse.java:[7,2] cannot find symbol
  symbol: class Data
[ERROR] /C:/Users/Govind/AppData/Local/Temp/tmpwwb42ghn/src/main/java/com/example/auth/dto/AuthResponse.java:[8,2] cannot find symbol
  symbol: class AllArgsConstructor
[ERROR] /C:/Users/Govind/AppData/Local/Temp/tmpwwb42ghn/src/main/java/com/example/auth/dto/AuthResponse.java:[9,2] cannot find symbol
  symbol: class NoArgsConstructor
[ERROR] /C:/Users/Govind/AppData/Local/Temp/tmpwwb42ghn/src/main/java/com/example/auth/service/AuthService.java:[59,64] cannot find symbol
  symbol:   class AuthenticationException
  location: class com.example.auth.service.AuthService
[ERROR] /C:/Users/Govind/AppData/Local/Temp/tmpwwb42ghn/src/main/java/com/example/auth/util/JwtUtil.java:[23,26] cannot find symbol
  symbol:   class Logger
  location: class com.example.auth.util.JwtUtil
[ERROR] /C:/Users/Govind/AppData/Local/Temp/tmpwwb42ghn/src/main/java/com/example/auth/util/JwtUtil.java:[72,33] cannot find symbol
  symbol:   class UserDetails
  location: class com.example.auth.util.JwtUtil
[ERROR] /C:/Users/Govind/AppData/Local/Temp/tmpwwb42ghn/src/main/java/com/example/auth/util/JwtUtil.java:[89,48] cannot find symbol
  symbol:   class UserDetails
  location: class com.example.auth.util.JwtUtil
[ERROR] /C:/Users/Govind/AppData/Local/Temp/tmpwwb42ghn/src/main/java/com/example/auth/security/UserDetailsServiceImpl.java:[21,12] cannot find symbol
  symbol:   class UserDetails
  location: class com.example.auth.security.UserDetailsServiceImpl
[ERROR] /C:/Users/Govind/AppData/Local/Temp/tmpwwb42ghn/src/main/java/com/example/auth/security/UserDetailsServiceImpl.java:[21,64] cannot find symbol
  symbol:   class UsernameNotFoundException
  location: class com.example.auth.security.UserDetailsServiceImpl
[ERROR] /C:/Users/Govind/AppData/Local/Temp/tmpwwb42ghn/src/main/java/com/example/auth/entity/User.java:[3,1] package jakarta.persistence does not exist
[ERROR] /C:/Users/Govind/AppData/Local/Temp/tmpwwb42ghn/src/main/java/com/example/auth/security/JwtRequestFilter.java:[4,23] package jakarta.servlet does not exist
[ERROR] /C:/Users/Govind/AppData/Local/Temp/tmpwwb42ghn/src/main/java/com/example/auth/security/JwtRequestFilter.java:[5,23] package jakarta.servlet does not exist
[ERROR] /C:/Users/Govind/AppData/Local/Temp/tmpwwb42ghn/src/main/java/com/example/auth/security/JwtRequestFilter.java:[6,28] package jakarta.servlet.http does not exist
[ERROR] /C:/Users/Govind/AppData/Local/Temp/tmpwwb42ghn/src/main/java/com/example/auth/security/JwtRequestFilter.java:[7,28] package jakarta.servlet.http does not exist
[ERROR] /C:/Users/Govind/AppData/Local/Temp/tmpwwb42ghn/src/main/java/com/example/auth/security/JwtRequestFilter.java:[8,51] package org.springframework.security.authentication does not exist
[ERROR] /C:/Users/Govind/AppData/Local/Temp/tmpwwb42ghn/src/main/java/com/example/auth/security/JwtRequestFilter.java:[9,49] package org.springframework.security.core.context does not exist
[ERROR] /C:/Users/Govind/AppData/Local/Temp/tmpwwb42ghn/src/main/java/com/example/auth/security/JwtRequestFilter.java:[10,53] package org.springframework.security.core.userdetails does not exist
[ERROR] /C:/Users/Govind/AppData/Local/Temp/tmpwwb42ghn/src/main/java/com/example/auth/security/JwtRequestFilter.java:[11,55] package org.springframework.security.web.authentication does not exist
[ERROR] /C:/Users/Govind/AppData/Local/Temp/tmpwwb42ghn/src/main/java/com/example/auth/security/JwtRequestFilter.java:[12,38] package org.springframework.stereotype does not exist
[ERROR] /C:/Users/Govind/AppData/Local/Temp/tmpwwb42ghn/src/main/java/com/example/auth/security/JwtRequestFilter.java:[13,38] package org.springframework.web.filter does not exist
[ERROR] /C:/Users/Govind/AppData/Local/Temp/tmpwwb42ghn/src/main/java/com/example/auth/security/JwtRequestFilter.java:[18,39] cannot find symbol
  symbol: class OncePerRequestFilter
[ERROR] /C:/Users/Govind/AppData/Local/Temp/tmpwwb42ghn/src/main/java/com/example/auth/security/JwtRequestFilter.java:[17,2] cannot find symbol
  symbol: class Component
[ERROR] /C:/Users/Govind/AppData/Local/Temp/tmpwwb42ghn/src/main/java/com/example/auth/security/JwtRequestFilter.java:[29,37] cannot find symbol
  symbol:   class HttpServletRequest
  location: class com.example.auth.security.JwtRequestFilter
[ERROR] /C:/Users/Govind/AppData/Local/Temp/tmpwwb42ghn/src/main/java/com/example/auth/security/JwtRequestFilter.java:[29,65] cannot find symbol
  symbol:   class HttpServletResponse
  location: class com.example.auth.security.JwtRequestFilter
[ERROR] /C:/Users/Govind/AppData/Local/Temp/tmpwwb42ghn/src/main/java/com/example/auth/security/JwtRequestFilter.java:[29,95] cannot find symbol
  symbol:   class FilterChain
  location: class com.example.auth.security.JwtRequestFilter
[ERROR] /C:/Users/Govind/AppData/Local/Temp/tmpwwb42ghn/src/main/java/com/example/auth/security/JwtRequestFilter.java:[30,20] cannot find symbol
  symbol:   class ServletException
  location: class com.example.auth.security.JwtRequestFilter
[ERROR] /C:/Users/Govind/AppData/Local/Temp/tmpwwb42ghn/src/main/java/com/example/auth/controller/UserControllerTest.java:[9,29] package org.junit.jupiter.api does not exist
[ERROR] /C:/Users/Govind/AppData/Local/Temp/tmpwwb42ghn/src/main/java/com/example/auth/controller/UserControllerTest.java:[10,52] package org.springframework.beans.factory.annotation does not exist
[ERROR] /C:/Users/Govind/AppData/Local/Temp/tmpwwb42ghn/src/main/java/com/example/auth/controller/UserControllerTest.java:[11,63] package org.springframework.boot.test.autoconfigure.web.servlet does not exist
[ERROR] /C:/Users/Govind/AppData/Local/Temp/tmpwwb42ghn/src/main/java/com/example/auth/controller/UserControllerTest.java:[12,50] package org.springframework.boot.test.mock.mockito does not exist
[ERROR] /C:/Users/Govind/AppData/Local/Temp/tmpwwb42ghn/src/main/java/com/example/auth/controller/UserControllerTest.java:[13,46] package org.springframework.context.annotation does not exist
[ERROR] /C:/Users/Govind/AppData/Local/Temp/tmpwwb42ghn/src/main/java/com/example/auth/controller/UserControllerTest.java:[14,32] package org.springframework.http does not exist
[INFO] 100 errors 
[INFO] -------------------------------------------------------------
[INFO] ------------------------------------------------------------------------
[INFO] BUILD FAILURE
[INFO] ------------------------------------------------------------------------
[INFO] Total time:  5.338 s
[INFO] Finished at: 2025-12-08T07:37:19Z
[INFO] ------------------------------------------------------------------------
[ERROR] Failed to execute goal org.apache.maven.plugins:maven-compiler-plugin:3.11.0:compile (default-compile) on project generated-project: Compilation failure: Compilation failure: 
[ERROR] /C:/Users/Govind/AppData/Local/Temp/tmpwwb42ghn/src/main/java/com/example/auth/repository/Main.java:[10,8] interface UserRepository is public, should be declared in a file named UserRepository.java
[ERROR] /C:/Users/Govind/AppData/Local/Temp/tmpwwb42ghn/src/main/java/com/example/auth/AuthApplication.java:[3,32] package org.springframework.boot does not exist
[ERROR] /C:/Users/Govind/AppData/Local/Temp/tmpwwb42ghn/src/main/java/com/example/auth/AuthApplication.java:[4,46] package org.springframework.boot.autoconfigure does not exist
[ERROR] /C:/Users/Govind/AppData/Local/Temp/tmpwwb42ghn/src/main/java/com/example/auth/AuthApplication.java:[6,2] cannot find symbol
[ERROR]   symbol: class SpringBootApplication
[ERROR] /C:/Users/Govind/AppData/Local/Temp/tmpwwb42ghn/src/main/java/com/example/auth/service/AuthServiceTest.java:[9,29] package org.junit.jupiter.api does not exist
[ERROR] /C:/Users/Govind/AppData/Local/Temp/tmpwwb42ghn/src/main/java/com/example/auth/service/AuthServiceTest.java:[10,29] package org.junit.jupiter.api does not exist
[ERROR] /C:/Users/Govind/AppData/Local/Temp/tmpwwb42ghn/src/main/java/com/example/auth/service/AuthServiceTest.java:[11,39] package org.junit.jupiter.api.extension does not exist
[ERROR] /C:/Users/Govind/AppData/Local/Temp/tmpwwb42ghn/src/main/java/com/example/auth/service/AuthServiceTest.java:[12,19] package org.mockito does not exist
[ERROR] /C:/Users/Govind/AppData/Local/Temp/tmpwwb42ghn/src/main/java/com/example/auth/service/AuthServiceTest.java:[13,19] package org.mockito does not exist
[ERROR] /C:/Users/Govind/AppData/Local/Temp/tmpwwb42ghn/src/main/java/com/example/auth/service/AuthServiceTest.java:[14,33] package org.mockito.junit.jupiter does not exist
[ERROR] /C:/Users/Govind/AppData/Local/Temp/tmpwwb42ghn/src/main/java/com/example/auth/service/AuthServiceTest.java:[15,51] package org.springframework.security.authentication does not exist
[ERROR] /C:/Users/Govind/AppData/Local/Temp/tmpwwb42ghn/src/main/java/com/example/auth/service/AuthServiceTest.java:[16,51] package org.springframework.security.authentication does not exist
[ERROR] /C:/Users/Govind/AppData/Local/Temp/tmpwwb42ghn/src/main/java/com/example/auth/service/AuthServiceTest.java:[17,51] package org.springframework.security.authentication does not exist
[ERROR] /C:/Users/Govind/AppData/Local/Temp/tmpwwb42ghn/src/main/java/com/example/auth/service/AuthServiceTest.java:[18,53] package org.springframework.security.core.userdetails does not exist
[ERROR] /C:/Users/Govind/AppData/Local/Temp/tmpwwb42ghn/src/main/java/com/example/auth/service/AuthServiceTest.java:[19,52] package org.springframework.security.crypto.password does not exist
[ERROR] /C:/Users/Govind/AppData/Local/Temp/tmpwwb42ghn/src/main/java/com/example/auth/service/AuthServiceTest.java:[23,36] package org.junit.jupiter.api does not exist
[ERROR] /C:/Users/Govind/AppData/Local/Temp/tmpwwb42ghn/src/main/java/com/example/auth/service/AuthServiceTest.java:[24,26] package org.mockito does not exist
[ERROR] /C:/Users/Govind/AppData/Local/Temp/tmpwwb42ghn/src/main/java/com/example/auth/service/AuthServiceTest.java:[24,1] static import only from classes and interfaces
[ERROR] /C:/Users/Govind/AppData/Local/Temp/tmpwwb42ghn/src/main/java/com/example/auth/service/AuthServiceTest.java:[25,26] package org.mockito does not exist
[ERROR] /C:/Users/Govind/AppData/Local/Temp/tmpwwb42ghn/src/main/java/com/example/auth/service/AuthServiceTest.java:[27,2] cannot find symbol
[ERROR]   symbol: class ExtendWith
[ERROR] /C:/Users/Govind/AppData/Local/Temp/tmpwwb42ghn/src/main/java/com/example/auth/repository/Main.java:[4,47] package org.springframework.data.jpa.repository does not exist
[ERROR] /C:/Users/Govind/AppData/Local/Temp/tmpwwb42ghn/src/main/java/com/example/auth/repository/Main.java:[5,38] package org.springframework.stereotype does not exist
[ERROR] /C:/Users/Govind/AppData/Local/Temp/tmpwwb42ghn/src/main/java/com/example/auth/repository/Main.java:[10,41] cannot find symbol
[ERROR]   symbol: class JpaRepository
[ERROR] /C:/Users/Govind/AppData/Local/Temp/tmpwwb42ghn/src/main/java/com/example/auth/repository/Main.java:[9,2] cannot find symbol
[ERROR]   symbol: class Repository
[ERROR] /C:/Users/Govind/AppData/Local/Temp/tmpwwb42ghn/src/main/java/com/example/auth/entity/User.java:[4,14] package lombok does not exist
[ERROR] /C:/Users/Govind/AppData/Local/Temp/tmpwwb42ghn/src/main/java/com/example/auth/entity/User.java:[5,14] package lombok does not exist
[ERROR] /C:/Users/Govind/AppData/Local/Temp/tmpwwb42ghn/src/main/java/com/example/auth/entity/User.java:[7,2] cannot find symbol
[ERROR]   symbol: class Entity
[ERROR] /C:/Users/Govind/AppData/Local/Temp/tmpwwb42ghn/src/main/java/com/example/auth/entity/User.java:[8,2] cannot find symbol
[ERROR]   symbol: class Table
[ERROR] /C:/Users/Govind/AppData/Local/Temp/tmpwwb42ghn/src/main/java/com/example/auth/entity/User.java:[9,2] cannot find symbol
[ERROR]   symbol: class Data
[ERROR] /C:/Users/Govind/AppData/Local/Temp/tmpwwb42ghn/src/main/java/com/example/auth/entity/User.java:[10,2] cannot find symbol
[ERROR]   symbol: class NoArgsConstructor
[ERROR] /C:/Users/Govind/AppData/Local/Temp/tmpwwb42ghn/src/main/java/com/example/auth/service/AuthServiceTest.java:[34,13] cannot find symbol
[ERROR]   symbol:   class PasswordEncoder
[ERROR]   location: class com.example.auth.service.AuthServiceTest
[ERROR] /C:/Users/Govind/AppData/Local/Temp/tmpwwb42ghn/src/main/java/com/example/auth/service/AuthServiceTest.java:[37,13] cannot find symbol
[ERROR]   symbol:   class AuthenticationManager
[ERROR]   location: class com.example.auth.service.AuthServiceTest
[ERROR] /C:/Users/Govind/AppData/Local/Temp/tmpwwb42ghn/src/main/java/com/example/auth/security/UserDetailsServiceImpl.java:[4,53] package org.springframework.security.core.userdetails does not exist
[ERROR] /C:/Users/Govind/AppData/Local/Temp/tmpwwb42ghn/src/main/java/com/example/auth/security/UserDetailsServiceImpl.java:[5,53] package org.springframework.security.core.userdetails does not exist
[ERROR] /C:/Users/Govind/AppData/Local/Temp/tmpwwb42ghn/src/main/java/com/example/auth/security/UserDetailsServiceImpl.java:[6,53] package org.springframework.security.core.userdetails does not exist
[ERROR] /C:/Users/Govind/AppData/Local/Temp/tmpwwb42ghn/src/main/java/com/example/auth/security/UserDetailsServiceImpl.java:[7,38] package org.springframework.stereotype does not exist
[ERROR] /C:/Users/Govind/AppData/Local/Temp/tmpwwb42ghn/src/main/java/com/example/auth/security/UserDetailsServiceImpl.java:[12,48] cannot find symbol
[ERROR]   symbol: class UserDetailsService
[ERROR] /C:/Users/Govind/AppData/Local/Temp/tmpwwb42ghn/src/main/java/com/example/auth/security/UserDetailsServiceImpl.java:[11,2] cannot find symbol
[ERROR]   symbol: class Service
[ERROR] /C:/Users/Govind/AppData/Local/Temp/tmpwwb42ghn/src/main/java/com/example/auth/util/JwtUtil.java:[8,17] package org.slf4j does not exist
[ERROR] /C:/Users/Govind/AppData/Local/Temp/tmpwwb42ghn/src/main/java/com/example/auth/util/JwtUtil.java:[9,17] package org.slf4j does not exist
[ERROR] /C:/Users/Govind/AppData/Local/Temp/tmpwwb42ghn/src/main/java/com/example/auth/util/JwtUtil.java:[10,52] package org.springframework.beans.factory.annotation does not exist
[ERROR] /C:/Users/Govind/AppData/Local/Temp/tmpwwb42ghn/src/main/java/com/example/auth/util/JwtUtil.java:[11,53] package org.springframework.security.core.userdetails does not exist
[ERROR] /C:/Users/Govind/AppData/Local/Temp/tmpwwb42ghn/src/main/java/com/example/auth/util/JwtUtil.java:[12,38] package org.springframework.stereotype does not exist
[ERROR] /C:/Users/Govind/AppData/Local/Temp/tmpwwb42ghn/src/main/java/com/example/auth/util/JwtUtil.java:[20,2] cannot find symbol
[ERROR]   symbol: class Component
[ERROR] /C:/Users/Govind/AppData/Local/Temp/tmpwwb42ghn/src/main/java/com/example/auth/service/AuthService.java:[10,51] package org.springframework.security.authentication does not exist
[ERROR] /C:/Users/Govind/AppData/Local/Temp/tmpwwb42ghn/src/main/java/com/example/auth/service/AuthService.java:[11,51] package org.springframework.security.authentication does not exist
[ERROR] /C:/Users/Govind/AppData/Local/Temp/tmpwwb42ghn/src/main/java/com/example/auth/service/AuthService.java:[12,41] package org.springframework.security.core does not exist
[ERROR] /C:/Users/Govind/AppData/Local/Temp/tmpwwb42ghn/src/main/java/com/example/auth/service/AuthService.java:[13,53] package org.springframework.security.core.userdetails does not exist
[ERROR] /C:/Users/Govind/AppData/Local/Temp/tmpwwb42ghn/src/main/java/com/example/auth/service/AuthService.java:[14,52] package org.springframework.security.crypto.password does not exist
[ERROR] /C:/Users/Govind/AppData/Local/Temp/tmpwwb42ghn/src/main/java/com/example/auth/service/AuthService.java:[15,38] package org.springframework.stereotype does not exist
[ERROR] /C:/Users/Govind/AppData/Local/Temp/tmpwwb42ghn/src/main/java/com/example/auth/service/AuthService.java:[16,50] package org.springframework.transaction.annotation does not exist
[ERROR] /C:/Users/Govind/AppData/Local/Temp/tmpwwb42ghn/src/main/java/com/example/auth/service/AuthService.java:[20,2] cannot find symbol
[ERROR]   symbol: class Service
[ERROR] /C:/Users/Govind/AppData/Local/Temp/tmpwwb42ghn/src/main/java/com/example/auth/dto/RegisterRequest.java:[3,38] package jakarta.validation.constraints does not exist
[ERROR] /C:/Users/Govind/AppData/Local/Temp/tmpwwb42ghn/src/main/java/com/example/auth/dto/RegisterRequest.java:[4,38] package jakarta.validation.constraints does not exist
[ERROR] /C:/Users/Govind/AppData/Local/Temp/tmpwwb42ghn/src/main/java/com/example/auth/dto/RegisterRequest.java:[5,38] package jakarta.validation.constraints does not exist
[ERROR] /C:/Users/Govind/AppData/Local/Temp/tmpwwb42ghn/src/main/java/com/example/auth/dto/RegisterRequest.java:[6,14] package lombok does not exist
[ERROR] /C:/Users/Govind/AppData/Local/Temp/tmpwwb42ghn/src/main/java/com/example/auth/dto/RegisterRequest.java:[8,2] cannot find symbol
[ERROR]   symbol: class Data
[ERROR] /C:/Users/Govind/AppData/Local/Temp/tmpwwb42ghn/src/main/java/com/example/auth/dto/LoginRequest.java:[3,38] package jakarta.validation.constraints does not exist
[ERROR] /C:/Users/Govind/AppData/Local/Temp/tmpwwb42ghn/src/main/java/com/example/auth/dto/LoginRequest.java:[4,38] package jakarta.validation.constraints does not exist
[ERROR] /C:/Users/Govind/AppData/Local/Temp/tmpwwb42ghn/src/main/java/com/example/auth/dto/LoginRequest.java:[5,14] package lombok does not exist
[ERROR] /C:/Users/Govind/AppData/Local/Temp/tmpwwb42ghn/src/main/java/com/example/auth/dto/LoginRequest.java:[7,2] cannot find symbol
[ERROR]   symbol: class Data
[ERROR] /C:/Users/Govind/AppData/Local/Temp/tmpwwb42ghn/src/main/java/com/example/auth/service/AuthService.java:[24,19] cannot find symbol
[ERROR]   symbol:   class PasswordEncoder
[ERROR]   location: class com.example.auth.service.AuthService
[ERROR] /C:/Users/Govind/AppData/Local/Temp/tmpwwb42ghn/src/main/java/com/example/auth/service/AuthService.java:[25,19] cannot find symbol
[ERROR]   symbol:   class AuthenticationManager
[ERROR]   location: class com.example.auth.service.AuthService
[ERROR] /C:/Users/Govind/AppData/Local/Temp/tmpwwb42ghn/src/main/java/com/example/auth/service/AuthService.java:[29,55] cannot find symbol
[ERROR]   symbol:   class PasswordEncoder
[ERROR]   location: class com.example.auth.service.AuthService
[ERROR] /C:/Users/Govind/AppData/Local/Temp/tmpwwb42ghn/src/main/java/com/example/auth/service/AuthService.java:[30,24] cannot find symbol
[ERROR]   symbol:   class AuthenticationManager
[ERROR]   location: class com.example.auth.service.AuthService
[ERROR] /C:/Users/Govind/AppData/Local/Temp/tmpwwb42ghn/src/main/java/com/example/auth/dto/AuthResponse.java:[3,14] package lombok does not exist
[ERROR] /C:/Users/Govind/AppData/Local/Temp/tmpwwb42ghn/src/main/java/com/example/auth/dto/AuthResponse.java:[4,14] package lombok does not exist
[ERROR] /C:/Users/Govind/AppData/Local/Temp/tmpwwb42ghn/src/main/java/com/example/auth/dto/AuthResponse.java:[5,14] package lombok does not exist
[ERROR] /C:/Users/Govind/AppData/Local/Temp/tmpwwb42ghn/src/main/java/com/example/auth/dto/AuthResponse.java:[7,2] cannot find symbol
[ERROR]   symbol: class Data
[ERROR] /C:/Users/Govind/AppData/Local/Temp/tmpwwb42ghn/src/main/java/com/example/auth/dto/AuthResponse.java:[8,2] cannot find symbol
[ERROR]   symbol: class AllArgsConstructor
[ERROR] /C:/Users/Govind/AppData/Local/Temp/tmpwwb42ghn/src/main/java/com/example/auth/dto/AuthResponse.java:[9,2] cannot find symbol
[ERROR]   symbol: class NoArgsConstructor
[ERROR] /C:/Users/Govind/AppData/Local/Temp/tmpwwb42ghn/src/main/java/com/example/auth/service/AuthService.java:[59,64] cannot find symbol
[ERROR]   symbol:   class AuthenticationException
[ERROR]   location: class com.example.auth.service.AuthService
[ERROR] /C:/Users/Govind/AppData/Local/Temp/tmpwwb42ghn/src/main/java/com/example/auth/util/JwtUtil.java:[23,26] cannot find symbol
[ERROR]   symbol:   class Logger
[ERROR]   location: class com.example.auth.util.JwtUtil
[ERROR] /C:/Users/Govind/AppData/Local/Temp/tmpwwb42ghn/src/main/java/com/example/auth/util/JwtUtil.java:[72,33] cannot find symbol
[ERROR]   symbol:   class UserDetails
[ERROR]   location: class com.example.auth.util.JwtUtil
[ERROR] /C:/Users/Govind/AppData/Local/Temp/tmpwwb42ghn/src/main/java/com/example/auth/util/JwtUtil.java:[89,48] cannot find symbol
[ERROR]   symbol:   class UserDetails
[ERROR]   location: class com.example.auth.util.JwtUtil
[ERROR] /C:/Users/Govind/AppData/Local/Temp/tmpwwb42ghn/src/main/java/com/example/auth/security/UserDetailsServiceImpl.java:[21,12] cannot find symbol
[ERROR]   symbol:   class UserDetails
[ERROR]   location: class com.example.auth.security.UserDetailsServiceImpl
[ERROR] /C:/Users/Govind/AppData/Local/Temp/tmpwwb42ghn/src/main/java/com/example/auth/security/UserDetailsServiceImpl.java:[21,64] cannot find symbol
[ERROR]   symbol:   class UsernameNotFoundException
[ERROR]   location: class com.example.auth.security.UserDetailsServiceImpl
[ERROR] /C:/Users/Govind/AppData/Local/Temp/tmpwwb42ghn/src/main/java/com/example/auth/entity/User.java:[3,1] package jakarta.persistence does not exist
[ERROR] /C:/Users/Govind/AppData/Local/Temp/tmpwwb42ghn/src/main/java/com/example/auth/security/JwtRequestFilter.java:[4,23] package jakarta.servlet does not exist
[ERROR] /C:/Users/Govind/AppData/Local/Temp/tmpwwb42ghn/src/main/java/com/example/auth/security/JwtRequestFilter.java:[5,23] package jakarta.servlet does not exist
[ERROR] /C:/Users/Govind/AppData/Local/Temp/tmpwwb42ghn/src/main/java/com/example/auth/security/JwtRequestFilter.java:[6,28] package jakarta.servlet.http does not exist
[ERROR] /C:/Users/Govind/AppData/Local/Temp/tmpwwb42ghn/src/main/java/com/example/auth/security/JwtRequestFilter.java:[7,28] package jakarta.servlet.http does not exist
[ERROR] /C:/Users/Govind/AppData/Local/Temp/tmpwwb42ghn/src/main/java/com/example/auth/security/JwtRequestFilter.java:[8,51] package org.springframework.security.authentication does not exist
[ERROR] /C:/Users/Govind/AppData/Local/Temp/tmpwwb42ghn/src/main/java/com/example/auth/security/JwtRequestFilter.java:[9,49] package org.springframework.security.core.context does not exist
[ERROR] /C:/Users/Govind/AppData/Local/Temp/tmpwwb42ghn/src/main/java/com/example/auth/security/JwtRequestFilter.java:[10,53] package org.springframework.security.core.userdetails does not exist
[ERROR] /C:/Users/Govind/AppData/Local/Temp/tmpwwb42ghn/src/main/java/com/example/auth/security/JwtRequestFilter.java:[11,55] package org.springframework.security.web.authentication does not exist
[ERROR] /C:/Users/Govind/AppData/Local/Temp/tmpwwb42ghn/src/main/java/com/example/auth/security/JwtRequestFilter.java:[12,38] package org.springframework.stereotype does not exist
[ERROR] /C:/Users/Govind/AppData/Local/Temp/tmpwwb42ghn/src/main/java/com/example/auth/security/JwtRequestFilter.java:[13,38] package org.springframework.web.filter does not exist
[ERROR] /C:/Users/Govind/AppData/Local/Temp/tmpwwb42ghn/src/main/java/com/example/auth/security/JwtRequestFilter.java:[18,39] cannot find symbol
[ERROR]   symbol: class OncePerRequestFilter
[ERROR] /C:/Users/Govind/AppData/Local/Temp/tmpwwb42ghn/src/main/java/com/example/auth/security/JwtRequestFilter.java:[17,2] cannot find symbol
[ERROR]   symbol: class Component
[ERROR] /C:/Users/Govind/AppData/Local/Temp/tmpwwb42ghn/src/main/java/com/example/auth/security/JwtRequestFilter.java:[29,37] cannot find symbol
[ERROR]   symbol:   class HttpServletRequest
[ERROR]   location: class com.example.auth.security.JwtRequestFilter
[ERROR] /C:/Users/Govind/AppData/Local/Temp/tmpwwb42ghn/src/main/java/com/example/auth/security/JwtRequestFilter.java:[29,65] cannot find symbol
[ERROR]   symbol:   class HttpServletResponse
[ERROR]   location: class com.example.auth.security.JwtRequestFilter
[ERROR] /C:/Users/Govind/AppData/Local/Temp/tmpwwb42ghn/src/main/java/com/example/auth/security/JwtRequestFilter.java:[29,95] cannot find symbol
[ERROR]   symbol:   class FilterChain
[ERROR]   location: class com.example.auth.security.JwtRequestFilter
[ERROR] /C:/Users/Govind/AppData/Local/Temp/tmpwwb42ghn/src/main/java/com/example/auth/security/JwtRequestFilter.java:[30,20] cannot find symbol
[ERROR]   symbol:   class ServletException
[ERROR]   location: class com.example.auth.security.JwtRequestFilter
[ERROR] /C:/Users/Govind/AppData/Local/Temp/tmpwwb42ghn/src/main/java/com/example/auth/controller/UserControllerTest.java:[9,29] package org.junit.jupiter.api does not exist
[ERROR] /C:/Users/Govind/AppData/Local/Temp/tmpwwb42ghn/src/main/java/com/example/auth/controller/UserControllerTest.java:[10,52] package org.springframework.beans.factory.annotation does not exist
[ERROR] /C:/Users/Govind/AppData/Local/Temp/tmpwwb42ghn/src/main/java/com/example/auth/controller/UserControllerTest.java:[11,63] package org.springframework.boot.test.autoconfigure.web.servlet does not exist
[ERROR] /C:/Users/Govind/AppData/Local/Temp/tmpwwb42ghn/src/main/java/com/example/auth/controller/UserControllerTest.java:[12,50] package org.springframework.boot.test.mock.mockito does not exist
[ERROR] /C:/Users/Govind/AppData/Local/Temp/tmpwwb42ghn/src/main/java/com/example/auth/controller/UserControllerTest.java:[13,46] package org.springframework.context.annotation does not exist
[ERROR] /C:/Users/Govind/AppData/Local/Temp/tmpwwb42ghn/src/main/java/com/example/auth/controller/UserControllerTest.java:[14,32] package org.springframework.http does not exist
[ERROR] -> [Help 1]
[ERROR] 
[ERROR] To see the full stack trace of the errors, re-run Maven with the -e switch.
[ERROR] Re-run Maven using the -X switch to enable full debug logging.
[ERROR] 
[ERROR] For more information about the errors and possible solutions, please read the following articles:
[ERROR] [Help 1] http://cwiki.apache.org/confluence/display/MAVEN/MojoFailureException

2025-12-08 07:37:19 | build_agent | [31mERROR[0m | Stderr: 
2025-12-08 07:38:02 | build_agent | [32mINFO[0m | Building multi-file java project with 1 files
2025-12-08 07:38:02 | build_agent | [32mINFO[0m | Creating Maven project in C:\Users\Govind\AppData\Local\Temp\tmpeqa__9w3
2025-12-08 07:38:02 | build_agent | [32mINFO[0m | Created C:\Users\Govind\AppData\Local\Temp\tmpeqa__9w3\src\main\java\com\example\auth\AuthApplication.java
2025-12-08 07:38:02 | build_agent | [32mINFO[0m | Created pom.xml
2025-12-08 07:38:07 | build_agent | [31mERROR[0m | Maven compilation failed
2025-12-08 07:38:07 | build_agent | [31mERROR[0m | Stdout: [INFO] Scanning for projects...
[INFO] 
[INFO] -----------------< com.agenticcode:generated-project >------------------
[INFO] Building generated-project 1.0-SNAPSHOT
[INFO]   from pom.xml
[INFO] --------------------------------[ jar ]---------------------------------
[INFO] 
[INFO] --- clean:3.2.0:clean (default-clean) @ generated-project ---
[INFO] 
[INFO] --- resources:3.3.1:resources (default-resources) @ generated-project ---
[INFO] skip non existing resourceDirectory C:\Users\Govind\AppData\Local\Temp\tmpeqa__9w3\src\main\resources
[INFO] 
[INFO] --- compiler:3.11.0:compile (default-compile) @ generated-project ---
[INFO] Changes detected - recompiling the module! :source
[INFO] Compiling 1 source file with javac [debug target 11] to target\classes
[INFO] -------------------------------------------------------------
[WARNING] COMPILATION WARNING : 
[INFO] -------------------------------------------------------------
[WARNING] system modules path not set in conjunction with -source 11
[INFO] 1 warning
[INFO] -------------------------------------------------------------
[INFO] -------------------------------------------------------------
[ERROR] COMPILATION ERROR : 
[INFO] -------------------------------------------------------------
[ERROR] /C:/Users/Govind/AppData/Local/Temp/tmpeqa__9w3/src/main/java/com/example/auth/AuthApplication.java:[3,32] package org.springframework.boot does not exist
[ERROR] /C:/Users/Govind/AppData/Local/Temp/tmpeqa__9w3/src/main/java/com/example/auth/AuthApplication.java:[4,46] package org.springframework.boot.autoconfigure does not exist
[ERROR] /C:/Users/Govind/AppData/Local/Temp/tmpeqa__9w3/src/main/java/com/example/auth/AuthApplication.java:[6,2] cannot find symbol
  symbol: class SpringBootApplication
[ERROR] /C:/Users/Govind/AppData/Local/Temp/tmpeqa__9w3/src/main/java/com/example/auth/AuthApplication.java:[10,9] cannot find symbol
  symbol:   variable SpringApplication
  location: class com.example.auth.AuthApplication
[INFO] 4 errors 
[INFO] -------------------------------------------------------------
[INFO] ------------------------------------------------------------------------
[INFO] BUILD FAILURE
[INFO] ------------------------------------------------------------------------
[INFO] Total time:  1.577 s
[INFO] Finished at: 2025-12-08T07:38:06Z
[INFO] ------------------------------------------------------------------------
[ERROR] Failed to execute goal org.apache.maven.plugins:maven-compiler-plugin:3.11.0:compile (default-compile) on project generated-project: Compilation failure: Compilation failure: 
[ERROR] /C:/Users/Govind/AppData/Local/Temp/tmpeqa__9w3/src/main/java/com/example/auth/AuthApplication.java:[3,32] package org.springframework.boot does not exist
[ERROR] /C:/Users/Govind/AppData/Local/Temp/tmpeqa__9w3/src/main/java/com/example/auth/AuthApplication.java:[4,46] package org.springframework.boot.autoconfigure does not exist
[ERROR] /C:/Users/Govind/AppData/Local/Temp/tmpeqa__9w3/src/main/java/com/example/auth/AuthApplication.java:[6,2] cannot find symbol
[ERROR]   symbol: class SpringBootApplication
[ERROR] /C:/Users/Govind/AppData/Local/Temp/tmpeqa__9w3/src/main/java/com/example/auth/AuthApplication.java:[10,9] cannot find symbol
[ERROR]   symbol:   variable SpringApplication
[ERROR]   location: class com.example.auth.AuthApplication
[ERROR] -> [Help 1]
[ERROR] 
[ERROR] To see the full stack trace of the errors, re-run Maven with the -e switch.
[ERROR] Re-run Maven using the -X switch to enable full debug logging.
[ERROR] 
[ERROR] For more information about the errors and possible solutions, please read the following articles:
[ERROR] [Help 1] http://cwiki.apache.org/confluence/display/MAVEN/MojoFailureException

2025-12-08 07:38:07 | build_agent | [31mERROR[0m | Stderr: 
2025-12-08 07:38:07 | build_agent | [32mINFO[0m | Build Agent initialized
2025-12-08 07:39:30 | build_agent | [32mINFO[0m | Building multi-file python project with 1 files
2025-12-08 07:39:30 | build_agent | [32mINFO[0m | Validating 1 Python files
2025-12-08 07:39:30 | build_agent | [32mINFO[0m | ✓ Syntax valid: generated_script_20251208_073930.py
2025-12-08 07:39:30 | build_agent | [32mINFO[0m | Installing project dependencies: ['pandas', 'numpy', 'ml_workflow_package', 'scikit-learn']
2025-12-08 07:40:41 | build_agent | [32mINFO[0m | Building multi-file python project with 1 files
2025-12-08 07:40:41 | build_agent | [32mINFO[0m | Validating 1 Python files
2025-12-08 07:40:41 | build_agent | [32mINFO[0m | ✓ Syntax valid: generated_script_20251208_074041.py
2025-12-08 07:40:41 | build_agent | [32mINFO[0m | Installing project dependencies: ['pandas', 'scikit-learn', 'ml_workflow_package']
2025-12-08 07:42:02 | build_agent | [32mINFO[0m | Building multi-file python project with 1 files
2025-12-08 07:42:02 | build_agent | [32mINFO[0m | Validating 1 Python files
2025-12-08 07:42:02 | build_agent | [32mINFO[0m | ✓ Syntax valid: generated_script_20251208_074202.py
2025-12-08 07:42:02 | build_agent | [32mINFO[0m | Installing project dependencies: ['pandas', 'numpy', 'ml_workflow_package']
2025-12-08 07:43:11 | build_agent | [32mINFO[0m | Build Agent initialized
2025-12-08 07:43:41 | build_agent | [32mINFO[0m | Building multi-file python project with 14 files
2025-12-08 07:43:41 | build_agent | [32mINFO[0m | Validating 14 Python files
2025-12-08 07:43:41 | build_agent | [32mINFO[0m | ✓ Syntax valid: requirements.txt
2025-12-08 07:43:41 | build_agent | [32mINFO[0m | ✓ Syntax valid: app/config.py
2025-12-08 07:43:41 | build_agent | [32mINFO[0m | ✓ Syntax valid: app/database.py
2025-12-08 07:43:41 | build_agent | [32mINFO[0m | ✓ Syntax valid: app/models.py
2025-12-08 07:43:41 | build_agent | [32mINFO[0m | ✓ Syntax valid: app/schemas.py
2025-12-08 07:43:41 | build_agent | [32mINFO[0m | ✓ Syntax valid: app/auth.py
2025-12-08 07:43:41 | build_agent | [32mINFO[0m | ✓ Syntax valid: app/crud.py
2025-12-08 07:43:41 | build_agent | [32mINFO[0m | ✓ Syntax valid: app/routers/auth.py
2025-12-08 07:43:41 | build_agent | [32mINFO[0m | ✓ Syntax valid: app/routers/todos.py
2025-12-08 07:43:41 | build_agent | [32mINFO[0m | ✓ Syntax valid: app/main.py
2025-12-08 07:43:41 | build_agent | [31mERROR[0m | Dockerfile:2 - invalid syntax
2025-12-08 07:43:41 | build_agent | [31mERROR[0m | docker-compose.yml:3 - invalid syntax
2025-12-08 07:43:41 | build_agent | [32mINFO[0m | ✓ Syntax valid: tests/test_todos.py
2025-12-08 07:43:41 | build_agent | [31mERROR[0m | .github/workflows/ci.yml:1 - invalid syntax
2025-12-08 07:47:54 | build_agent | [32mINFO[0m | Building multi-file python project with 1 files
2025-12-08 07:47:54 | build_agent | [32mINFO[0m | Validating 1 Python files
2025-12-08 07:47:54 | build_agent | [32mINFO[0m | ✓ Syntax valid: generated_script_20251208_074754.py
2025-12-08 07:47:54 | build_agent | [32mINFO[0m | Python project build completed successfully
2025-12-08 07:47:54 | build_agent | [32mINFO[0m | Build Agent initialized
2025-12-08 07:48:40 | build_agent | [32mINFO[0m | Building multi-file java project with 1 files
2025-12-08 07:48:40 | build_agent | [32mINFO[0m | Creating Maven project in C:\Users\Govind\AppData\Local\Temp\tmpa27qacie
2025-12-08 07:48:40 | build_agent | [32mINFO[0m | Created C:\Users\Govind\AppData\Local\Temp\tmpa27qacie\src\main\java\com\example\auth\AuthApplication.java
2025-12-08 07:48:40 | build_agent | [32mINFO[0m | Created pom.xml
2025-12-08 07:48:46 | build_agent | [32mINFO[0m | Java project compiled successfully
2025-12-08 07:48:46 | build_agent | [32mINFO[0m | Build Agent initialized
2025-12-08 07:49:59 | build_agent | [32mINFO[0m | Building multi-file python project with 1 files
2025-12-08 07:49:59 | build_agent | [32mINFO[0m | Validating 1 Python files
2025-12-08 07:49:59 | build_agent | [31mERROR[0m | generated_script_20251208_074959.py:3 - invalid syntax
2025-12-08 07:51:10 | build_agent | [32mINFO[0m | Building multi-file python project with 1 files
2025-12-08 07:51:10 | build_agent | [32mINFO[0m | Validating 1 Python files
2025-12-08 07:51:10 | build_agent | [32mINFO[0m | ✓ Syntax valid: generated_script_20251208_075110.py
2025-12-08 07:51:10 | build_agent | [32mINFO[0m | Installing project dependencies: ['setuptools']
2025-12-08 07:51:13 | build_agent | [32mINFO[0m | Python project build completed successfully
