2025-12-05 06:45:20 | testing_agent | [32mINFO[0m | Testing Agent initialized
2025-12-05 06:49:44 | testing_agent | [32mINFO[0m | Testing Agent initialized
2025-12-05 06:49:45 | testing_agent | [32mINFO[0m | Testing Agent initialized
2025-12-05 06:59:21 | testing_agent | [32mINFO[0m | Testing Agent initialized
2025-12-05 07:01:45 | testing_agent | [32mINFO[0m | Testing Agent initialized
2025-12-05 07:01:46 | testing_agent | [32mINFO[0m | Testing Agent initialized
2025-12-05 07:04:54 | testing_agent | [32mINFO[0m | Testing Agent initialized
2025-12-05 07:04:55 | testing_agent | [32mINFO[0m | Testing Agent initialized
2025-12-05 07:05:34 | testing_agent | [32mINFO[0m | Testing python code
2025-12-05 07:05:34 | testing_agent | [32mINFO[0m | Code executed successfully, validating output
2025-12-05 07:36:40 | testing_agent | [32mINFO[0m | Testing Agent initialized
2025-12-05 08:14:41 | testing_agent | [32mINFO[0m | Testing Agent initialized
2025-12-05 08:19:18 | testing_agent | [32mINFO[0m | Testing Agent initialized
2025-12-05 08:58:41 | testing_agent | [32mINFO[0m | Testing Agent initialized
2025-12-05 09:00:01 | testing_agent | [32mINFO[0m | Testing Agent initialized
2025-12-05 09:07:02 | testing_agent | [32mINFO[0m | Testing Agent initialized
2025-12-05 09:43:37 | testing_agent | [32mINFO[0m | Testing Agent initialized
2025-12-05 09:48:12 | testing_agent | [32mINFO[0m | Testing Agent initialized
2025-12-05 09:53:00 | testing_agent | [32mINFO[0m | Testing Agent initialized
2025-12-05 10:02:57 | testing_agent | [32mINFO[0m | Testing Agent initialized
2025-12-05 10:08:21 | testing_agent | [32mINFO[0m | Testing Agent initialized
2025-12-05 10:13:02 | testing_agent | [32mINFO[0m | Testing Agent initialized
2025-12-05 11:35:30 | testing_agent | [32mINFO[0m | Testing Agent initialized
2025-12-05 11:40:42 | testing_agent | [32mINFO[0m | Testing Agent initialized
2025-12-05 11:49:49 | testing_agent | [32mINFO[0m | Testing Agent initialized
2025-12-05 11:52:50 | testing_agent | [32mINFO[0m | Testing Agent initialized
2025-12-05 11:53:23 | testing_agent | [32mINFO[0m | Testing java code
2025-12-05 11:53:23 | testing_agent | [32mINFO[0m | Executing Java class: SimplePrinter
2025-12-05 11:53:23 | testing_agent | [31mERROR[0m | Code execution failed
2025-12-05 11:53:30 | testing_agent | [32mINFO[0m | Testing java code
2025-12-05 11:53:30 | testing_agent | [32mINFO[0m | Executing Java class: SimplePrinter
2025-12-05 11:53:30 | testing_agent | [31mERROR[0m | Code execution failed
2025-12-05 11:53:38 | testing_agent | [32mINFO[0m | Testing java code
2025-12-05 11:53:38 | testing_agent | [32mINFO[0m | Executing Java class: SimplePrinter
2025-12-05 11:53:38 | testing_agent | [31mERROR[0m | Code execution failed
2025-12-05 11:53:53 | testing_agent | [32mINFO[0m | Testing java code
2025-12-05 11:53:53 | testing_agent | [32mINFO[0m | Executing Java class: SimplePrinter
2025-12-05 11:53:53 | testing_agent | [31mERROR[0m | Code execution failed
2025-12-05 11:54:00 | testing_agent | [32mINFO[0m | Testing java code
2025-12-05 11:54:00 | testing_agent | [32mINFO[0m | Executing Java class: CodeConfirmation
2025-12-05 11:54:00 | testing_agent | [31mERROR[0m | Code execution failed
2025-12-05 11:54:07 | testing_agent | [32mINFO[0m | Testing java code
2025-12-05 11:54:07 | testing_agent | [32mINFO[0m | Executing Java class: SimpleTest
2025-12-05 11:54:07 | testing_agent | [31mERROR[0m | Code execution failed
2025-12-05 11:54:17 | testing_agent | [32mINFO[0m | Testing java code
2025-12-05 11:54:17 | testing_agent | [32mINFO[0m | Executing Java class: SimplePrinter
2025-12-05 11:54:17 | testing_agent | [31mERROR[0m | Code execution failed
2025-12-05 11:54:25 | testing_agent | [32mINFO[0m | Testing java code
2025-12-05 11:54:25 | testing_agent | [32mINFO[0m | Executing Java class: SimplePrinter
2025-12-05 11:54:25 | testing_agent | [31mERROR[0m | Code execution failed
2025-12-05 11:56:24 | testing_agent | [32mINFO[0m | Testing Agent initialized
2025-12-05 11:58:18 | testing_agent | [32mINFO[0m | Testing java code
2025-12-05 11:58:18 | testing_agent | [32mINFO[0m | Executing Java class: SimpleTest
2025-12-05 11:58:30 | testing_agent | [32mINFO[0m | Code executed successfully, validating output
2025-12-05 11:58:35 | testing_agent | [31mERROR[0m | LLM validation failed: expected string or bytes-like object, got 'list'
2025-12-05 12:00:14 | testing_agent | [32mINFO[0m | Testing python code
2025-12-05 12:00:15 | testing_agent | [32mINFO[0m | Code executed successfully, validating output
2025-12-05 12:00:19 | testing_agent | [31mERROR[0m | LLM validation failed: expected string or bytes-like object, got 'list'
2025-12-05 12:02:17 | testing_agent | [32mINFO[0m | Testing java code
2025-12-05 12:02:17 | testing_agent | [32mINFO[0m | Executing Java class: BinarySearcher
2025-12-05 12:02:24 | testing_agent | [32mINFO[0m | Code executed successfully, validating output
2025-12-05 12:07:43 | testing_agent | [32mINFO[0m | Testing python code
2025-12-05 12:07:43 | testing_agent | [32mINFO[0m | Code executed successfully, validating output
2025-12-05 12:25:29 | testing_agent | [32mINFO[0m | Testing Agent initialized
2025-12-05 12:26:06 | testing_agent | [32mINFO[0m | Testing python code
2025-12-05 12:26:06 | testing_agent | [32mINFO[0m | Code executed successfully, validating output
2025-12-05 12:27:03 | testing_agent | [32mINFO[0m | Testing python code
2025-12-05 12:27:03 | testing_agent | [32mINFO[0m | Code executed successfully, validating output
2025-12-05 12:27:26 | testing_agent | [31mERROR[0m | LLM validation failed: expected string or bytes-like object, got 'list'
2025-12-05 12:27:45 | testing_agent | [32mINFO[0m | Testing python code
2025-12-05 12:27:46 | testing_agent | [32mINFO[0m | Code executed successfully, validating output
2025-12-05 12:28:08 | testing_agent | [31mERROR[0m | LLM validation failed: expected string or bytes-like object, got 'list'
2025-12-05 12:28:27 | testing_agent | [32mINFO[0m | Testing python code
2025-12-05 12:28:27 | testing_agent | [32mINFO[0m | Code executed successfully, validating output
2025-12-05 12:39:33 | testing_agent | [32mINFO[0m | Testing Agent initialized
2025-12-05 12:39:45 | testing_agent | [32mINFO[0m | Testing python code
2025-12-05 12:39:45 | testing_agent | [32mINFO[0m | Code executed successfully, validating output
2025-12-05 12:40:09 | testing_agent | [31mERROR[0m | LLM validation failed: expected string or bytes-like object, got 'list'
2025-12-05 12:41:30 | testing_agent | [32mINFO[0m | Testing python code
2025-12-05 12:41:30 | testing_agent | [32mINFO[0m | Code executed successfully, validating output
2025-12-05 12:42:53 | testing_agent | [32mINFO[0m | Testing python code
2025-12-05 12:42:53 | testing_agent | [32mINFO[0m | Code executed successfully, validating output
2025-12-05 12:43:17 | testing_agent | [31mERROR[0m | LLM validation failed: expected string or bytes-like object, got 'list'
2025-12-05 12:43:39 | testing_agent | [32mINFO[0m | Testing python code
2025-12-05 12:43:39 | testing_agent | [31mERROR[0m | Code execution failed
2025-12-05 12:43:39 | testing_agent | [31mERROR[0m | Execution result: {'success': False, 'stdout': '', 'stderr': 'Traceback (most recent call last):\n  File "C:\\Users\\Govind\\AppData\\Local\\Temp\\tmpfo0k6agr.py", line 2, in <module>\n    import requests\nModuleNotFoundError: No module named \'requests\'\n', 'returncode': 1}
2025-12-05 12:44:17 | testing_agent | [32mINFO[0m | Testing python code
2025-12-05 12:44:17 | testing_agent | [31mERROR[0m | Code execution failed
2025-12-05 12:44:17 | testing_agent | [31mERROR[0m | Execution result: {'success': False, 'stdout': '', 'stderr': 'Traceback (most recent call last):\n  File "C:\\Users\\Govind\\AppData\\Local\\Temp\\tmpn7rqqq44.py", line 3, in <module>\n    import requests\nModuleNotFoundError: No module named \'requests\'\n', 'returncode': 1}
2025-12-05 12:44:34 | testing_agent | [32mINFO[0m | Testing python code
2025-12-05 12:44:34 | testing_agent | [32mINFO[0m | Code executed successfully, validating output
2025-12-05 12:45:00 | testing_agent | [31mERROR[0m | LLM validation failed: expected string or bytes-like object, got 'list'
2025-12-05 12:45:19 | testing_agent | [32mINFO[0m | Testing python code
2025-12-05 12:45:19 | testing_agent | [31mERROR[0m | Code execution failed
2025-12-05 12:45:19 | testing_agent | [31mERROR[0m | Execution result: {'success': False, 'error': "'charmap' codec can't encode character '\\u03bb' in position 1413: character maps to <undefined>", 'stdout': '', 'stderr': ''}
2025-12-05 12:46:57 | testing_agent | [32mINFO[0m | Testing Agent initialized
2025-12-05 12:49:25 | testing_agent | [32mINFO[0m | Testing python code
2025-12-05 12:49:25 | testing_agent | [32mINFO[0m | Code executed successfully, validating output
2025-12-05 12:49:43 | testing_agent | [31mERROR[0m | LLM validation failed: expected string or bytes-like object, got 'list'
2025-12-05 12:52:26 | testing_agent | [32mINFO[0m | Testing Agent initialized
2025-12-05 12:53:07 | testing_agent | [32mINFO[0m | Testing python code
2025-12-05 12:53:07 | testing_agent | [32mINFO[0m | Code executed successfully, validating output
2025-12-05 12:54:21 | testing_agent | [32mINFO[0m | Testing python code
2025-12-05 12:54:21 | testing_agent | [32mINFO[0m | Code executed successfully, validating output
2025-12-05 12:54:53 | testing_agent | [32mINFO[0m | Testing python code
2025-12-05 12:54:53 | testing_agent | [32mINFO[0m | Code executed successfully, validating output
2025-12-05 12:55:28 | testing_agent | [32mINFO[0m | Testing python code
2025-12-05 12:55:28 | testing_agent | [32mINFO[0m | Code executed successfully, validating output
2025-12-05 12:56:31 | testing_agent | [32mINFO[0m | Testing python code
2025-12-05 12:56:32 | testing_agent | [32mINFO[0m | Code executed successfully, validating output
2025-12-05 12:57:18 | testing_agent | [32mINFO[0m | Testing python code
2025-12-05 12:57:20 | testing_agent | [32mINFO[0m | Code executed successfully, validating output
2025-12-05 12:57:52 | testing_agent | [32mINFO[0m | Testing python code
2025-12-05 12:57:52 | testing_agent | [31mERROR[0m | Code execution failed
2025-12-05 12:57:52 | testing_agent | [31mERROR[0m | Execution result: {'success': False, 'stdout': '', 'stderr': "SyntaxError: Non-UTF-8 code starting with '\\x93' in file C:\\Users\\Govind\\AppData\\Local\\Temp\\tmplaw_iaid.py on line 29, but no encoding declared; see https://peps.python.org/pep-0263/ for details\n", 'returncode': 1}
2025-12-05 13:03:25 | testing_agent | [32mINFO[0m | Testing Agent initialized
2025-12-05 13:03:38 | testing_agent | [32mINFO[0m | Testing python code
2025-12-05 13:03:38 | testing_agent | [32mINFO[0m | Code executed successfully, validating output
2025-12-05 13:04:09 | testing_agent | [32mINFO[0m | Testing python code
2025-12-05 13:04:09 | testing_agent | [32mINFO[0m | Code executed successfully, validating output
2025-12-05 13:04:31 | testing_agent | [32mINFO[0m | Testing python code
2025-12-05 13:04:34 | testing_agent | [32mINFO[0m | Code executed successfully, validating output
2025-12-05 13:04:53 | testing_agent | [32mINFO[0m | Testing python code
2025-12-05 13:04:53 | testing_agent | [32mINFO[0m | Code executed successfully, validating output
2025-12-05 13:09:20 | testing_agent | [32mINFO[0m | Testing Agent initialized
2025-12-05 13:10:44 | testing_agent | [32mINFO[0m | Testing python code
2025-12-05 13:10:44 | testing_agent | [32mINFO[0m | Code executed successfully, validating output
2025-12-05 13:11:25 | testing_agent | [32mINFO[0m | Testing python code
2025-12-05 13:11:26 | testing_agent | [32mINFO[0m | Code executed successfully, validating output
2025-12-05 13:14:27 | testing_agent | [32mINFO[0m | Testing java code
2025-12-05 13:14:27 | testing_agent | [32mINFO[0m | Executing Java class: KnapsackDP
2025-12-05 13:14:35 | testing_agent | [32mINFO[0m | Code executed successfully, validating output
2025-12-05 13:33:05 | testing_agent | [32mINFO[0m | Testing Agent initialized
2025-12-05 13:33:05 | testing_agent | [32mINFO[0m | Testing Agent initialized
2025-12-05 13:33:05 | testing_agent | [32mINFO[0m | Testing Agent initialized
2025-12-05 13:33:59 | testing_agent | [32mINFO[0m | Testing Agent initialized
2025-12-05 13:33:59 | testing_agent | [32mINFO[0m | Testing Agent initialized
2025-12-05 13:33:59 | testing_agent | [32mINFO[0m | Testing Agent initialized
2025-12-05 13:34:31 | testing_agent | [32mINFO[0m | Testing Agent initialized
2025-12-05 13:34:31 | testing_agent | [32mINFO[0m | Testing Agent initialized
2025-12-05 13:34:31 | testing_agent | [32mINFO[0m | Testing Agent initialized
2025-12-05 13:35:04 | testing_agent | [32mINFO[0m | Testing Agent initialized
2025-12-05 13:35:04 | testing_agent | [32mINFO[0m | Testing Agent initialized
2025-12-05 13:35:05 | testing_agent | [32mINFO[0m | Testing Agent initialized
2025-12-05 13:35:50 | testing_agent | [32mINFO[0m | Testing Agent initialized
2025-12-05 13:39:34 | testing_agent | [32mINFO[0m | Testing Agent initialized
2025-12-05 13:41:36 | testing_agent | [32mINFO[0m | Testing python project with 1 files
2025-12-05 13:41:36 | testing_agent | [32mINFO[0m | Wrote generated_script_20251205_134133.py
2025-12-05 13:41:36 | testing_agent | [32mINFO[0m | No test files found, validating imports
2025-12-05 13:41:36 | testing_agent | [32mINFO[0m | Testing Agent initialized
2025-12-05 13:43:41 | testing_agent | [32mINFO[0m | Testing Agent initialized
2025-12-05 13:49:24 | testing_agent | [32mINFO[0m | Testing python project with 1 files
2025-12-05 13:49:24 | testing_agent | [32mINFO[0m | Wrote generated_script_20251205_134613.py
2025-12-05 13:49:24 | testing_agent | [32mINFO[0m | No test files found, validating imports
2025-12-05 13:53:37 | testing_agent | [32mINFO[0m | Testing Agent initialized
2025-12-05 13:56:05 | testing_agent | [32mINFO[0m | Testing Agent initialized
2025-12-05 13:58:26 | testing_agent | [32mINFO[0m | Testing Agent initialized
2025-12-05 13:59:46 | testing_agent | [32mINFO[0m | Testing python project with 1 files
2025-12-05 13:59:46 | testing_agent | [32mINFO[0m | Wrote generated_script_20251205_135943.py
2025-12-05 13:59:46 | testing_agent | [32mINFO[0m | No test files found, validating imports
2025-12-05 14:07:45 | testing_agent | [32mINFO[0m | Testing Agent initialized
2025-12-05 14:09:27 | testing_agent | [32mINFO[0m | Testing Agent initialized
2025-12-08 07:33:26 | testing_agent | [32mINFO[0m | Testing Agent initialized
2025-12-08 07:35:14 | testing_agent | [32mINFO[0m | Testing Agent initialized
2025-12-08 07:38:07 | testing_agent | [32mINFO[0m | Testing Agent initialized
2025-12-08 07:43:11 | testing_agent | [32mINFO[0m | Testing Agent initialized
2025-12-08 07:47:54 | testing_agent | [32mINFO[0m | Testing python project with 1 files
2025-12-08 07:47:54 | testing_agent | [32mINFO[0m | Wrote generated_script_20251208_074754.py
2025-12-08 07:47:54 | testing_agent | [32mINFO[0m | No test files found, validating imports
2025-12-08 07:47:54 | testing_agent | [32mINFO[0m | Testing Agent initialized
2025-12-08 07:48:46 | testing_agent | [32mINFO[0m | Testing java project with 1 files
2025-12-08 07:48:46 | testing_agent | [32mINFO[0m | Testing Agent initialized
2025-12-08 07:51:13 | testing_agent | [32mINFO[0m | Testing python project with 1 files
2025-12-08 07:51:13 | testing_agent | [32mINFO[0m | Wrote generated_script_20251208_075110.py
2025-12-08 07:51:13 | testing_agent | [32mINFO[0m | No test files found, validating imports
2025-12-08 08:00:41 | testing_agent | [32mINFO[0m | Testing Agent initialized
2025-12-08 08:23:12 | testing_agent | [32mINFO[0m | Testing Agent initialized
2025-12-08 08:23:19 | testing_agent | [32mINFO[0m | Testing Agent initialized
2025-12-08 08:23:40 | testing_agent | [32mINFO[0m | Testing Agent initialized
2025-12-08 08:34:13 | testing_agent | [32mINFO[0m | Testing Agent initialized
2025-12-08 08:45:26 | testing_agent | [32mINFO[0m | Testing Agent initialized
2025-12-08 08:58:43 | testing_agent | [32mINFO[0m | Testing Agent initialized
2025-12-08 09:04:15 | testing_agent | [32mINFO[0m | Testing Agent initialized
2025-12-08 09:05:34 | testing_agent | [32mINFO[0m | Testing python project with 9 files
2025-12-08 09:05:34 | testing_agent | [32mINFO[0m | Wrote requirements.txt
2025-12-08 09:05:34 | testing_agent | [32mINFO[0m | Wrote database.py
2025-12-08 09:05:34 | testing_agent | [32mINFO[0m | Wrote models.py
2025-12-08 09:05:34 | testing_agent | [32mINFO[0m | Wrote schemas.py
2025-12-08 09:05:34 | testing_agent | [32mINFO[0m | Wrote auth.py
2025-12-08 09:05:34 | testing_agent | [32mINFO[0m | Wrote todo_crud.py
2025-12-08 09:05:34 | testing_agent | [32mINFO[0m | Wrote main.py
2025-12-08 09:05:34 | testing_agent | [32mINFO[0m | No test files found, validating imports
2025-12-08 09:07:18 | testing_agent | [32mINFO[0m | Testing python project with 11 files
2025-12-08 09:07:18 | testing_agent | [32mINFO[0m | Wrote requirements.txt
2025-12-08 09:07:18 | testing_agent | [32mINFO[0m | Wrote app/config.py
2025-12-08 09:07:19 | testing_agent | [32mINFO[0m | Wrote app/database.py
2025-12-08 09:07:19 | testing_agent | [32mINFO[0m | Wrote app/models.py
2025-12-08 09:07:19 | testing_agent | [32mINFO[0m | Wrote app/schemas.py
2025-12-08 09:07:19 | testing_agent | [32mINFO[0m | Wrote app/auth.py
2025-12-08 09:07:19 | testing_agent | [32mINFO[0m | Wrote app/routers/auth.py
2025-12-08 09:07:19 | testing_agent | [32mINFO[0m | Wrote app/routers/todos.py
2025-12-08 09:07:19 | testing_agent | [32mINFO[0m | Wrote main.py
2025-12-08 09:07:19 | testing_agent | [32mINFO[0m | No test files found, validating imports
2025-12-08 09:07:43 | testing_agent | [32mINFO[0m | Testing python project with 4 files
2025-12-08 09:07:43 | testing_agent | [32mINFO[0m | Wrote requirements.txt
2025-12-08 09:07:43 | testing_agent | [32mINFO[0m | Wrote main.py
2025-12-08 09:07:43 | testing_agent | [32mINFO[0m | No test files found, validating imports
2025-12-08 09:56:28 | testing_agent | [32mINFO[0m | Testing Agent initialized
2025-12-08 09:57:34 | testing_agent | [32mINFO[0m | Testing python project with 8 files
2025-12-08 09:57:34 | testing_agent | [32mINFO[0m | Wrote requirements.txt
2025-12-08 09:57:34 | testing_agent | [32mINFO[0m | Wrote database.py
2025-12-08 09:57:34 | testing_agent | [32mINFO[0m | Wrote models.py
2025-12-08 09:57:34 | testing_agent | [32mINFO[0m | Wrote schemas.py
2025-12-08 09:57:34 | testing_agent | [32mINFO[0m | Wrote auth.py
2025-12-08 09:57:34 | testing_agent | [32mINFO[0m | Wrote main.py
2025-12-08 09:57:34 | testing_agent | [32mINFO[0m | No test files found, validating imports (lenient mode)
2025-12-08 09:57:34 | testing_agent | [33mWARNING[0m | Import validation skipped due to missing dependencies (expected)
2025-12-08 09:57:34 | testing_agent | [32mINFO[0m | Skipped import test due to missing dependencies: Traceback (most recent call last):
  File "<string>", line 1, in <module>
  File "main.py", line 4, in <module>
    from fastapi import FastAPI, Depends, HTTPException, status, APIRouter
ModuleNotFoun
2025-12-08 10:14:53 | testing_agent | [32mINFO[0m | Testing Agent initialized
2025-12-08 10:15:44 | testing_agent | [32mINFO[0m | Testing python code
2025-12-08 10:15:46 | testing_agent | [31mERROR[0m | Code execution failed
2025-12-08 10:15:46 | testing_agent | [31mERROR[0m | Execution result: {'success': False, 'stdout': '', 'stderr': '2025-12-08 10:15:46,058 - INFO - Generating 100 customer records...\n2025-12-08 10:15:46,344 - INFO - Successfully generated data and saved to customer_data.csv\n2025-12-08 10:15:46,469 - ERROR - Database connection failed: connection to server at "localhost" (::1), port 5432 failed: FATAL:  password authentication failed for user "postgres"\n\n2025-12-08 10:15:46,469 - ERROR - Please ensure PostgreSQL is running, the database exists, and connection details are correct.\n2025-12-08 10:15:46,469 - ERROR - A database error occurred: connection to server at "localhost" (::1), port 5432 failed: FATAL:  password authentication failed for user "postgres"\n\n2025-12-08 10:15:46,470 - INFO - Cleaned up temporary file: customer_data.csv\nTraceback (most recent call last):\n  File "C:\\Users\\Govind\\AppData\\Local\\Temp\\tmpw8aivbbw.py", line 183, in main\n    conn = get_db_connection()\n           ^^^^^^^^^^^^^^^^^^^\n  File "C:\\Users\\Govind\\AppData\\Local\\Temp\\tmpw8aivbbw.py", line 69, in get_db_connection\n    conn = psycopg2.connect(\n           ^^^^^^^^^^^^^^^^^\n  File "C:\\Users\\Govind\\Projects\\agentic-code-studio\\.venv\\Lib\\site-packages\\psycopg2\\__init__.py", line 135, in connect\n    conn = _connect(dsn, connection_factory=connection_factory, **kwasync)\n           ^^^^^^^^^^^^^^^^^^^^^^^^^^^^^^^^^^^^^^^^^^^^^^^^^^^^^^^^^^^^^^^\npsycopg2.OperationalError: connection to server at "localhost" (::1), port 5432 failed: FATAL:  password authentication failed for user "postgres"\n\n\nDuring handling of the above exception, another exception occurred:\n\nTraceback (most recent call last):\n  File "C:\\Users\\Govind\\AppData\\Local\\Temp\\tmpw8aivbbw.py", line 231, in <module>\n    main()\n  File "C:\\Users\\Govind\\AppData\\Local\\Temp\\tmpw8aivbbw.py", line 210, in main\n    if e.pgcode == errorcodes.UNDEFINED_DATABASE:\n                   ^^^^^^^^^^^^^^^^^^^^^^^^^^^^^\nAttributeError: module \'psycopg2.errorcodes\' has no attribute \'UNDEFINED_DATABASE\'. Did you mean: \'UNDEFINED_TABLE\'?\n', 'returncode': 1}
2025-12-08 10:16:04 | testing_agent | [32mINFO[0m | Testing python code
2025-12-08 10:16:04 | testing_agent | [32mINFO[0m | Code executed successfully, validating output
2025-12-08 10:33:54 | testing_agent | [32mINFO[0m | Testing Agent initialized
2025-12-08 10:47:31 | testing_agent | [32mINFO[0m | Testing Agent initialized
2025-12-08 10:49:13 | testing_agent | [32mINFO[0m | Testing Agent initialized
2025-12-08 10:49:14 | testing_agent | [32mINFO[0m | Testing Agent initialized
2025-12-08 10:51:39 | testing_agent | [32mINFO[0m | Testing Agent initialized
2025-12-08 10:51:39 | testing_agent | [32mINFO[0m | Testing Agent initialized
